1
 *****************************************************************************************************************************
 *****************************************************************************************************************************
 **************************************************                         **************************************************
 **************************************************          GOSIA          **************************************************
 **************************************************                         **************************************************
 *****************************************************************************************************************************
 *****************************************************************************************************************************





                    ROCHESTER COULOMB EXCITATION DATA ANALYSIS CODE BY T.CZOSNYKA,D.CLINE AND C.Y.WU
                                                  VERSION: 20081208.18






               Coulomb excitation of 196Pt                                                
          ----------------------------------------------------------------------------------------------------

                                        LEVELS

     INDEX     PARITY         SPIN           ENERGY(MEV)
       1           +           0.0            0.0000
       2           +           2.0            0.3557
       3           +           2.0            0.6887
       4           +           4.0            0.8769
       5           +           4.0            1.2933
       6           +           6.0            1.5258
       7           +           6.0            2.0074
       8           +           8.0            2.2527
       9           +           8.0            2.7496
      10           +          10.0            3.0440

                                        MATRIX ELEMENTS


     MULTIPOLARITY=2
    INDEX   NF     NS          ME               LIMITS
       1      1      2        1.17103        1.10000        1.30000
       2      1      3       -0.02567       -1.00000        1.00000
       3      2      2        0.88889       -2.00000        2.00000
       4      2      3        1.33626       -3.00000        3.00000
       5      2      4        1.91072       -4.00000        4.00000
       6      2      5        0.27088       -4.00000        4.00000
       7      3      3       -0.29397       -3.00000        3.00000
       8      3      5        1.32342       -4.00000        4.00000
       9      4      4        1.02414       -3.00000        3.00000
      10      4      5        1.10586       -3.00000        3.00000
      11      4      6        2.69899       -4.00000        4.00000
      12      4      7        0.75845       -2.00000        2.00000
      13      5      5        1.03091       -3.00000        3.00000
      14      5      7        3.06291       -8.00000        8.00000
      15      6      6        0.31326       -3.00000        3.00000
      16      6      8        3.26907       -5.00000        5.00000
      17      7      7       -0.23323       -4.00000        4.00000
      18      7      9        1.29875       -4.00000        4.00000
      19      8      8        0.82646       -4.00000        4.00000
      20      8     10        1.04082       -8.00000        8.00000
      21      9      9        0.00000       -4.00000        4.00000
      22     10     10        0.00000       -4.00000        4.00000
     MULTIPOLARITY=7
    INDEX   NF     NS          ME               LIMITS
      23      2      3       -0.07285     FIXED
      24      4      5        0.03739     FIXED

                                               REPRINT OF EXPERIMENTAL DATA TO BE FITTED





     EXPERIMENT  1
  PROJECTILE ( 50.,112.) 410.300 MEV ---1 GE(LI) DETECTOR(S)  WEIGHT=0.10E+01
                    ** EXPERIMENTAL YIELDS **
    DECAY IS  IF         YIELD+/-ERROR

      12   3   2  0.400300E+04     0.672000E+03
      13   2   1  0.747767E+06     0.243300E+04
      10   4   2  0.141520E+05     0.418000E+03



     EXPERIMENT  2
  PROJECTILE ( 50.,112.) 410.300 MEV ---1 GE(LI) DETECTOR(S)  WEIGHT=0.10E+01
                    ** EXPERIMENTAL YIELDS **
    DECAY IS  IF         YIELD+/-ERROR

      12   3   2  0.815200E+04     0.771000E+03
      13   2   1  0.643731E+06     0.227500E+04
      10   4   2  0.291120E+05     0.561000E+03
       8   5   3  0.345000E+03     0.199000E+03
       6   6   4  0.625000E+03     0.197000E+03



     EXPERIMENT  3
  PROJECTILE ( 50.,112.) 410.300 MEV ---1 GE(LI) DETECTOR(S)  WEIGHT=0.10E+01
                    ** EXPERIMENTAL YIELDS **
    DECAY IS  IF         YIELD+/-ERROR

      12   3   2  0.122510E+05     0.915000E+03
      13   2   1  0.493713E+06     0.198900E+04
      10   4   2  0.362120E+05     0.637000E+03
       8   5   3  0.795000E+03     0.230000E+03
       6   6   4  0.114000E+04     0.263000E+03



     EXPERIMENT  4
  PROJECTILE ( 50.,112.) 410.300 MEV ---1 GE(LI) DETECTOR(S)  WEIGHT=0.10E+01
                    ** EXPERIMENTAL YIELDS **
    DECAY IS  IF         YIELD+/-ERROR

      12   3   2  0.119490E+05     0.888000E+03
      13   2   1  0.355552E+06     0.168000E+04
      10   4   2  0.356610E+05     0.627000E+03
       8   5   3  0.124500E+04     0.199000E+03
       6   6   4  0.208300E+04     0.241000E+03



     EXPERIMENT  5
  PROJECTILE ( 50.,112.) 410.300 MEV ---1 GE(LI) DETECTOR(S)  WEIGHT=0.10E+01
                    ** EXPERIMENTAL YIELDS **
    DECAY IS  IF         YIELD+/-ERROR

      12   3   2  0.395070E+05     0.725000E+03
      13   2   1  0.277459E+06     0.151400E+04
      10   4   2  0.753800E+05     0.931000E+03
       8   5   3  0.819000E+04     0.387000E+03
       6   6   4  0.896700E+04     0.428000E+03
       5   7   5  0.697000E+03     0.291000E+03
       3   8   6  0.453000E+03     0.206000E+03



     EXPERIMENT  6
  PROJECTILE ( 50.,112.) 410.300 MEV ---1 GE(LI) DETECTOR(S)  WEIGHT=0.10E+01
                    ** EXPERIMENTAL YIELDS **
    DECAY IS  IF         YIELD+/-ERROR

      12   3   2  0.401380E+05     0.776000E+03
      13   2   1  0.366814E+06     0.174800E+04
      10   4   2  0.842000E+05     0.950000E+03
       8   5   3  0.686100E+04     0.356000E+03
       6   6   4  0.102500E+05     0.428000E+03
       5   7   5  0.611000E+03     0.243000E+03
       3   8   6  0.741000E+03     0.272000E+03



     EXPERIMENT  7
  PROJECTILE ( 50.,112.) 410.300 MEV ---1 GE(LI) DETECTOR(S)  WEIGHT=0.10E+01
                    ** EXPERIMENTAL YIELDS **
    DECAY IS  IF         YIELD+/-ERROR

      12   3   2  0.313640E+05     0.140000E+04
      13   2   1  0.408245E+06     0.182300E+04
      10   4   2  0.749330E+05     0.884000E+03
       8   5   3  0.467500E+04     0.345000E+03
       6   6   4  0.650100E+04     0.340000E+03
       5   7   5  0.806000E+03     0.187000E+03
       3   8   6  0.260000E+03     0.177000E+03



     EXPERIMENT  8
  PROJECTILE ( 50.,112.) 410.300 MEV ---1 GE(LI) DETECTOR(S)  WEIGHT=0.10E+01
                    ** EXPERIMENTAL YIELDS **
    DECAY IS  IF         YIELD+/-ERROR

      12   3   2  0.203150E+05     0.108500E+04
      13   2   1  0.401263E+06     0.177700E+04
      10   4   2  0.579450E+05     0.769000E+03
       8   5   3  0.293700E+04     0.245000E+03
       6   6   4  0.496100E+04     0.278000E+03



     EXPERIMENT  9
  PROJECTILE ( 50.,112.) 410.300 MEV ---1 GE(LI) DETECTOR(S)  WEIGHT=0.10E+01
                    ** EXPERIMENTAL YIELDS **
    DECAY IS  IF         YIELD+/-ERROR

      12   3   2  0.193140E+05     0.515000E+03
      13   2   1  0.103336E+06     0.942000E+03
      10   4   2  0.324670E+05     0.608000E+03
       8   5   3  0.500000E+04     0.303000E+03
       6   6   4  0.345300E+04     0.252000E+03
       5   7   5  0.467000E+03     0.140000E+03
       3   8   6  0.544000E+03     0.118000E+03


       51 EXPERIMENTAL YIELDS           22 MATRIX ELEMENTS TO BE VARIED






                              LIFETIMES(PSEC)


     LEVEL         LIFETIME     ERROR

        2           49.27        -0.22         0.22
        3           48.80        -1.00         1.00
        4            5.12        -0.07         0.07
        5            3.80        -0.80         0.80
        6            1.41        -0.12         0.12
        7            1.10        -0.30         0.30
        8            0.61        -0.06         0.06

          LIFETIMES ARE TAKEN WITH WEIGHT    0.100000E+01


                    EXPERIMENTAL E2/M1 MIXING RATIOS


          TRANSITION            DELTA          ERROR

           3---  2               -5.2000          -0.5000      0.5000

          E2/M1 MIXING RATIOS ARE TAKEN WITH WEIGHT    0.100000E+01


                              EXPERIMENTAL MATRIX ELEMENT(S)


          TRANSITION          MAT.EL.          ERROR

           2---  2                0.8300          -0.1100      0.1100
           3---  3               -0.5100          -0.2100      0.2100
           4---  4                1.3700          -0.1600      0.1600
           6---  6               -0.3000          -0.4000      0.4000

           MATRIX ELEMENT(S) ARE TAKEN WITH WEIGHT    0.100000E+01



     *****  RESTART-MATRIX ELEMENTS OVERWRITTEN  *****




                                        MATRIX ELEMENTS


     MULTIPOLARITY=2
    INDEX   NF     NS          ME               LIMITS
       1      1      2        1.16868        1.10000        1.30000
       2      1      3       -0.10087       -1.00000        1.00000
       3      2      2        0.95159       -2.00000        2.00000
       4      2      3       -1.33448       -3.00000        3.00000
       5      2      4        1.98313       -4.00000        4.00000
       6      2      5       -0.60887       -4.00000        4.00000
       7      3      3       -0.25584       -3.00000        3.00000
       8      3      5        1.33113       -4.00000        4.00000
       9      4      4       -0.02967       -3.00000        3.00000
      10      4      5       -1.48219       -3.00000        3.00000
      11      4      6        2.40574       -4.00000        4.00000
      12      4      7       -0.20430       -2.00000        2.00000
      13      5      5        0.27491       -3.00000        3.00000
      14      5      7       -2.23901       -8.00000        8.00000
      15      6      6        1.00151       -3.00000        3.00000
      16      6      8       -2.23264       -5.00000        5.00000
      17      7      7       -0.44760       -4.00000        4.00000
      18      7      9        3.11948       -4.00000        4.00000
      19      8      8       -1.00749       -4.00000        4.00000
      20      8     10        0.08668       -8.00000        8.00000
      21      9      9       -2.68594       -4.00000        4.00000
      22     10     10        0.05538       -4.00000        4.00000
     MULTIPOLARITY=7
    INDEX   NF     NS          ME               LIMITS
      23      2      3       -0.28172     FIXED
      24      4      5       -0.06012     FIXED


                                                  CALCULATED YIELDS

     EXPERIMENT  1  DETECTOR  1
     ENERGY    410.300 MEV  THETA  25.450 DEG

     NI     NF     II     IF     YIELD     NORMALIZED YIELD

     10      8   10.0    8.0           0.000000016922966232376257348354387562844314274457246938254684        0.45693E-12
      9      7    8.0    6.0           0.000496895887890938525721651330968597903847694396972656250000        0.13416E-07
      8      6    8.0    6.0           0.010800534868693201229206124480697326362133026123046875000000        0.29162E-06
      7      4    6.0    4.0           0.011198562743652227050028535870751511538401246070861816406250        0.30237E-06
      7      5    6.0    4.0           0.135229690755670955981670999790367204695940017700195312500000        0.36513E-05
      6      4    6.0    4.0           5.020973766861157372431989642791450023651123046875000000000000        0.13557E-03
      5      2    4.0    2.0          25.979678728895436279344721697270870208740234375000000000000000        0.70147E-03
      5      3    4.0    2.0          13.844342265215557219448783143889158964157104492187500000000000        0.37381E-03
      5      4    4.0    4.0           2.884230038514888683209846931276842951774597167968750000000000        0.77876E-04
      4      2    4.0    2.0         713.721475217516854172572493553161621093750000000000000000000000        0.19271E-01
      3      1    2.0    0.0          34.728727277214346713662962429225444793701171875000000000000000        0.93770E-03
      3      2    2.0    2.0         251.651099159305942976061487570405006408691406250000000000000000        0.67947E-02
      2      1    2.0    0.0       37036.249712051248934585601091384887695312500000000000000000000000        0.10000E+01


                                                  CALCULATED YIELDS

     EXPERIMENT  2  DETECTOR  1
     ENERGY    410.300 MEV  THETA  34.280 DEG

     NI     NF     II     IF     YIELD     NORMALIZED YIELD

     10      8   10.0    8.0           0.000000903815934830012690703513172224559113487885042559355497        0.24542E-10
      9      7    8.0    6.0           0.011456018347476748867053153446704527596011757850646972656250        0.31108E-06
      8      6    8.0    6.0           0.198110993724196771115231285875779576599597930908203125000000        0.53795E-05
      7      4    6.0    4.0           0.095516283993813816399764959896856453269720077514648437500000        0.25937E-05
      7      5    6.0    4.0           1.153419217161554932715716859092935919761657714843750000000000        0.31320E-04
      6      4    6.0    4.0          33.503031326843498050038760993629693984985351562500000000000000        0.90974E-03
      5      2    4.0    2.0          86.618357396194610942075087223201990127563476562500000000000000        0.23520E-02
      5      3    4.0    2.0          46.158160665167230263250530697405338287353515625000000000000000        0.12534E-02
      5      4    4.0    4.0           9.609720517691689778416730405297130346298217773437500000000000        0.26094E-03
      4      2    4.0    2.0        1785.696025388830548763507977128028869628906250000000000000000000        0.48489E-01
      3      1    2.0    0.0          69.550428409299726695280696731060743331909179687500000000000000        0.18886E-02
      3      2    2.0    2.0         505.741925352311511687730671837925910949707031250000000000000000        0.13733E-01
      2      1    2.0    0.0       36826.949353039075504057109355926513671875000000000000000000000000        0.10000E+01


                                                  CALCULATED YIELDS

     EXPERIMENT  3  DETECTOR  1
     ENERGY    410.300 MEV  THETA  41.600 DEG

     NI     NF     II     IF     YIELD     NORMALIZED YIELD

     10      8   10.0    8.0           0.000007331031489677257020974154161363500747938815038651227951        0.21742E-09
      9      7    8.0    6.0           0.056692352229314832423590075904940022155642509460449218750000        0.16813E-05
      8      6    8.0    6.0           0.901434703303894413473074109788285568356513977050781250000000        0.26734E-04
      7      4    6.0    4.0           0.284338838763139478693631190253654494881629943847656250000000        0.84326E-05
      7      5    6.0    4.0           3.433570350293340123215557468938641250133514404296875000000000        0.10183E-03
      6      4    6.0    4.0          88.413165775722404760017525404691696166992187500000000000000000        0.26221E-02
      5      2    4.0    2.0         156.454672485170050322267343290150165557861328125000000000000000        0.46400E-02
      5      3    4.0    2.0          83.373319109712170416059962008148431777954101562500000000000000        0.24726E-02
      5      4    4.0    4.0          17.392152049749402209499749005772173404693603515625000000000000        0.51580E-03
      4      2    4.0    2.0        2729.502981285797886812360957264900207519531250000000000000000000        0.80949E-01
      3      1    2.0    0.0         101.980337195041926179328584112226963043212890625000000000000000        0.30244E-02
      3      2    2.0    2.0         744.184404247745192151342052966356277465820312500000000000000000        0.22070E-01
      2      1    2.0    0.0       33718.994283091953548137098550796508789062500000000000000000000000        0.10000E+01


                                                  CALCULATED YIELDS

     EXPERIMENT  4  DETECTOR  1
     ENERGY    410.300 MEV  THETA  47.590 DEG

     NI     NF     II     IF     YIELD     NORMALIZED YIELD

     10      8   10.0    8.0           0.000024659892446684134872589289066979745257413014769554138184        0.81738E-09
      9      7    8.0    6.0           0.139372568601918128683436748360691126435995101928710937500000        0.46197E-05
      8      6    8.0    6.0           2.134692427717793439256865895004011690616607666015625000000000        0.70757E-04
      7      4    6.0    4.0           0.526091854102779477031504029582720249891281127929687500000000        0.17438E-04
      7      5    6.0    4.0           6.352890102580281528332761808997020125389099121093750000000000        0.21057E-03
      6      4    6.0    4.0         151.187343810750746797566534951329231262207031250000000000000000        0.50113E-02
      5      2    4.0    2.0         214.933524514524719961627852171659469604492187500000000000000000        0.71243E-02
      5      3    4.0    2.0         114.536185847105926427502708975225687026977539062500000000000000        0.37965E-02
      5      4    4.0    4.0          23.943063157091515336105658207088708877563476562500000000000000        0.79362E-03
      4      2    4.0    2.0        3332.181979497393513156566768884658813476562500000000000000000000        0.11045E+00
      3      1    2.0    0.0         125.965471861320295943187375087291002273559570312500000000000000        0.41753E-02
      3      2    2.0    2.0         921.140192583813814053428359329700469970703125000000000000000000        0.30532E-01
      2      1    2.0    0.0       30169.264118091756245121359825134277343750000000000000000000000000        0.10000E+01


                                                  CALCULATED YIELDS

     EXPERIMENT  5  DETECTOR  1
     ENERGY    410.300 MEV  THETA  24.941 DEG

     NI     NF     II     IF     YIELD     NORMALIZED YIELD

     10      8   10.0    8.0           0.000482357389555200749640256896455525748024228960275650024414        0.35202E-07
      9      7    8.0    6.0           0.950252372399557732052244318765588104724884033203125000000000        0.69349E-04
      8      6    8.0    6.0          14.486968013286599443745217286050319671630859375000000000000000        0.10572E-02
      7      4    6.0    4.0           2.358796934820010626765451888786628842353820800781250000000000        0.17214E-03
      7      5    6.0    4.0          28.483957625477934527680190512910485267639160156250000000000000        0.20787E-02
      6      4    6.0    4.0         463.317860737290857287007384002208709716796875000000000000000000        0.33813E-01
      5      2    4.0    2.0         442.861281024822517338179750367999076843261718750000000000000000        0.32320E-01
      5      3    4.0    2.0         235.996891973357122651577810756862163543701171875000000000000000        0.17223E-01
      5      4    4.0    4.0          50.865491632941186139760247897356748580932617187500000000000000        0.37121E-02
      4      2    4.0    2.0        3703.138896487672354851383715867996215820312500000000000000000000        0.27025E+00
      3      1    2.0    0.0         205.364341083067330373523873277008533477783203125000000000000000        0.14987E-01
      3      2    2.0    2.0        1488.353546559887263356358744204044342041015625000000000000000000        0.10862E+00
      2      1    2.0    0.0       13702.552743013959116069599986076354980468750000000000000000000000        0.10000E+01


                                                  CALCULATED YIELDS

     EXPERIMENT  6  DETECTOR  1
     ENERGY    410.300 MEV  THETA  34.051 DEG

     NI     NF     II     IF     YIELD     NORMALIZED YIELD

     10      8   10.0    8.0           0.000459044741218728570911200570492383121745660901069641113281        0.21349E-07
      9      7    8.0    6.0           1.091062457176003475112224805343430489301681518554687500000000        0.50743E-04
      8      6    8.0    6.0          16.162692158122684560339621384628117084503173828125000000000000        0.75169E-03
      7      4    6.0    4.0           2.542534479765296229203386246808804571628570556640625000000000        0.11825E-03
      7      5    6.0    4.0          30.702703870162370236585047678090631961822509765625000000000000        0.14279E-02
      6      4    6.0    4.0         546.249459275641584099503234028816223144531250000000000000000000        0.25405E-01
      5      2    4.0    2.0         517.335209698677772394148632884025573730468750000000000000000000        0.24060E-01
      5      3    4.0    2.0         275.683394436545995631604455411434173583984375000000000000000000        0.12821E-01
      5      4    4.0    4.0          58.566510048192640169872902333736419677734375000000000000000000        0.27238E-02
      4      2    4.0    2.0        5062.840487583230242307763546705245971679687500000000000000000000        0.23546E+00
      3      1    2.0    0.0         246.780170487905394338667974807322025299072265625000000000000000        0.11477E-01
