1
 *****************************************************************************************************************************
 *****************************************************************************************************************************
 **************************************************                         **************************************************
 **************************************************          GOSIA          **************************************************
 **************************************************                         **************************************************
 *****************************************************************************************************************************
 *****************************************************************************************************************************





                    ROCHESTER COULOMB EXCITATION DATA ANALYSIS CODE BY T.CZOSNYKA,D.CLINE AND C.Y.WU
                                                  VERSION: 20081208.18






               Coulomb excitation of 112Sn                                                
          ----------------------------------------------------------------------------------------------------

                                        LEVELS

     INDEX     PARITY         SPIN           ENERGY(MEV)
       1           +           0.0            0.0000
       2           +           2.0            1.2567
       3           +           2.0            2.1509
       4           +           4.0            2.2474
       5           -           3.0            2.3542
       6           +           6.0            2.5492
       7           +           4.0            2.9131
       8           +           4.0            2.5207

                                        MATRIX ELEMENTS


     MULTIPOLARITY=1
    INDEX   NF     NS          ME               LIMITS
       1      2      5        0.03558       -1.00000        1.00000
     MULTIPOLARITY=2
    INDEX   NF     NS          ME               LIMITS
       2      1      2        0.48884       -1.00000        1.00000
       3      1      3        0.12018       -1.00000        1.00000
       4      2      2        0.06806       -2.00000        2.00000
       5      2      3        0.81708       -2.00000        2.00000
       6      2      4        0.48016       -2.00000        2.00000
       7      2      7        0.48016       -2.00000        2.00000
       8      2      8        0.10000       -2.00000        2.00000
       9      3      3       -0.13657       -2.00000        2.00000
      10      4      4        0.45959       -2.00000        2.00000
      11      4      6        0.10000       -8.00000        8.00000
      12      5      5        1.49656       -8.00000        8.00000
      13      6      6        0.50010       -8.00000        8.00000
      14      7      7        0.10000       -4.00000        4.00000
      15      8      8        0.10000       -4.00000        4.00000
     MULTIPOLARITY=7
    INDEX   NF     NS          ME               LIMITS
      16      2      3        0.56635       -4.00000        4.00000
      17      4      7        0.10000       -4.00000        4.00000

                                               REPRINT OF EXPERIMENTAL DATA TO BE FITTED





     EXPERIMENT  1
  PROJECTILE ( 50.,112.) 410.300 MEV ---1 GE(LI) DETECTOR(S)  WEIGHT=0.10E+01
                    ** EXPERIMENTAL YIELDS **
    DECAY IS  IF         YIELD+/-ERROR

       9   2   1  0.268090E+05     0.668000E+03



     EXPERIMENT  2
  PROJECTILE ( 50.,112.) 410.300 MEV ---1 GE(LI) DETECTOR(S)  WEIGHT=0.10E+01
                    ** EXPERIMENTAL YIELDS **
    DECAY IS  IF         YIELD+/-ERROR

       9   2   1  0.386540E+05     0.926000E+03



     EXPERIMENT  3
  PROJECTILE ( 50.,112.) 410.300 MEV ---1 GE(LI) DETECTOR(S)  WEIGHT=0.10E+01
                    ** EXPERIMENTAL YIELDS **
    DECAY IS  IF         YIELD+/-ERROR

       9   2   1  0.358190E+05     0.831000E+03



     EXPERIMENT  4
  PROJECTILE ( 50.,112.) 410.300 MEV ---1 GE(LI) DETECTOR(S)  WEIGHT=0.10E+01
                    ** EXPERIMENTAL YIELDS **
    DECAY IS  IF         YIELD+/-ERROR

       9   2   1  0.286960E+05     0.700000E+03



     EXPERIMENT  5
  PROJECTILE ( 50.,112.) 410.300 MEV ---1 GE(LI) DETECTOR(S)  WEIGHT=0.10E+01
                    ** EXPERIMENTAL YIELDS **
    DECAY IS  IF         YIELD+/-ERROR

       9   2   1  0.284920E+05     0.159000E+04
       6   4   2  0.233000E+03     0.125000E+03



     EXPERIMENT  6
  PROJECTILE ( 50.,112.) 410.300 MEV ---1 GE(LI) DETECTOR(S)  WEIGHT=0.10E+01
                    ** EXPERIMENTAL YIELDS **
    DECAY IS  IF         YIELD+/-ERROR

       9   2   1  0.375920E+05     0.164800E+04
       6   4   2  0.152000E+03     0.120000E+03



     EXPERIMENT  7
  PROJECTILE ( 50.,112.) 410.300 MEV ---1 GE(LI) DETECTOR(S)  WEIGHT=0.10E+01
                    ** EXPERIMENTAL YIELDS **
    DECAY IS  IF         YIELD+/-ERROR

       9   2   1  0.381650E+05     0.135000E+04
       6   4   2  0.300000E+03     0.840000E+02



     EXPERIMENT  8
  PROJECTILE ( 50.,112.) 410.300 MEV ---1 GE(LI) DETECTOR(S)  WEIGHT=0.10E+01
                    ** EXPERIMENTAL YIELDS **
    DECAY IS  IF         YIELD+/-ERROR

       9   2   1  0.350950E+05     0.123300E+04
       6   4   2  0.433000E+03     0.191000E+03



     EXPERIMENT  9
  PROJECTILE ( 50.,112.) 410.300 MEV ---1 GE(LI) DETECTOR(S)  WEIGHT=0.10E+01
                    ** EXPERIMENTAL YIELDS **
    DECAY IS  IF         YIELD+/-ERROR

       9   2   1  0.112520E+05     0.430000E+03
       6   4   2  0.400000E+03     0.910000E+02


       14 EXPERIMENTAL YIELDS           17 MATRIX ELEMENTS TO BE VARIED






     *****  RESTART-MATRIX ELEMENTS OVERWRITTEN  *****




                                        MATRIX ELEMENTS


     MULTIPOLARITY=1
    INDEX   NF     NS          ME               LIMITS
       1      2      5       -0.62414       -1.00000        1.00000
     MULTIPOLARITY=2
    INDEX   NF     NS          ME               LIMITS
       2      1      2       -0.54138       -1.00000        1.00000
       3      1      3        0.27410       -1.00000        1.00000
       4      2      2       -1.54958       -2.00000        2.00000
       5      2      3        0.26566       -2.00000        2.00000
       6      2      4        0.30880       -2.00000        2.00000
       7      2      7       -0.55921       -2.00000        2.00000
       8      2      8        1.22142       -2.00000        2.00000
       9      3      3       -0.68348       -2.00000        2.00000
      10      4      4        0.29695       -2.00000        2.00000
      11      4      6       -0.97218       -8.00000        8.00000
      12      5      5        1.45392       -8.00000        8.00000
      13      6      6        2.09502       -8.00000        8.00000
      14      7      7        1.76186       -4.00000        4.00000
      15      8      8        0.54595       -4.00000        4.00000
     MULTIPOLARITY=7
    INDEX   NF     NS          ME               LIMITS
      16      2      3       -0.07673       -4.00000        4.00000
      17      4      7       -0.68834       -4.00000        4.00000


                                                  CALCULATED YIELDS

     EXPERIMENT  1  DETECTOR  1
     ENERGY    410.300 MEV  THETA  25.450 DEG

     NI     NF     II     IF     YIELD     NORMALIZED YIELD

      7      2    4.0    2.0           0.126558364748230817165008943447901401668787002563476562500000        0.92201E-04
      7      4    4.0    4.0           0.006482036270143154421674580589751712977886199951171875000000        0.47223E-05
      6      4    6.0    4.0           0.004449863203785904899878467233520495938137173652648925781250        0.32418E-05
      8      2    4.0    2.0           2.529423938588307496644347338587976992130279541015625000000000        0.18427E-02
      5      2    3.0    2.0          18.992596676718299875119555508717894554138183593750000000000000        0.13837E-01
      4      2    4.0    2.0           0.460335221745099443246829196141334250569343566894531250000000        0.33537E-03
      3      1    2.0    0.0           6.644553613543902947924379986943677067756652832031250000000000        0.48407E-02
      3      2    2.0    2.0           0.099051930003290086790279644901602296158671379089355468750000        0.72162E-04
      2      1    2.0    0.0        1372.639283191100957992603071033954620361328125000000000000000000        0.10000E+01


                                                  CALCULATED YIELDS

     EXPERIMENT  2  DETECTOR  1
     ENERGY    410.300 MEV  THETA  34.280 DEG

     NI     NF     II     IF     YIELD     NORMALIZED YIELD

      7      2    4.0    2.0           1.013344637668227798954490026517305523157119750976562500000000        0.46858E-03
      7      4    4.0    4.0           0.051908488395413669713729376553601468913257122039794921875000        0.24003E-04
      6      4    6.0    4.0           0.048149600710686808746618936538652633316814899444580078125000        0.22265E-04
      8      2    4.0    2.0          14.162828202055004922499392705503851175308227539062500000000000        0.65490E-02
      5      2    3.0    2.0          83.713193206681822289283445570617914199829101562500000000000000        0.38709E-01
      4      2    4.0    2.0           2.158710346183023709443205007119104266166687011718750000000000        0.99820E-03
      3      1    2.0    0.0          18.406143354381228505189938005059957504272460937500000000000000        0.85111E-02
      3      2    2.0    2.0           0.274668865109695625736918600523495115339756011962890625000000        0.12701E-03
      2      1    2.0    0.0        2162.606953992528360686264932155609130859375000000000000000000000        0.10000E+01


                                                  CALCULATED YIELDS

     EXPERIMENT  3  DETECTOR  1
     ENERGY    410.300 MEV  THETA  41.600 DEG

     NI     NF     II     IF     YIELD     NORMALIZED YIELD

      7      2    4.0    2.0           2.360144304652231461716382909798994660377502441406250000000000        0.10019E-02
      7      4    4.0    4.0           0.120884662233658443653006031581753632053732872009277343750000        0.51318E-04
      6      4    6.0    4.0           0.147508272528850598037664099138055462390184402465820312500000        0.62620E-04
      8      2    4.0    2.0          27.369216962971318451991464826278388500213623046875000000000000        0.11619E-01
      5      2    3.0    2.0         145.460547763140567667505820281803607940673828125000000000000000        0.61751E-01
      4      2    4.0    2.0           3.906064154720468195591820403933525085449218750000000000000000        0.16582E-02
      3      1    2.0    0.0          24.337600960723865028967338730581104755401611328125000000000000        0.10332E-01
      3      2    2.0    2.0           0.366179509085318100058970003374270163476467132568359375000000        0.15545E-03
      2      1    2.0    0.0        2355.593432231486531236441805958747863769531250000000000000000000        0.10000E+01


                                                  CALCULATED YIELDS

     EXPERIMENT  4  DETECTOR  1
     ENERGY    410.300 MEV  THETA  47.590 DEG

     NI     NF     II     IF     YIELD     NORMALIZED YIELD

      7      2    4.0    2.0           3.388740087878308937519022947526536881923675537109375000000000        0.14828E-02
      7      4    4.0    4.0           0.173529063350257667375231562800763640552759170532226562500000        0.75933E-04
      6      4    6.0    4.0           0.264064860981632787417794361317646689713001251220703125000000        0.11555E-03
      8      2    4.0    2.0          35.052668173443130683608615072444081306457519531250000000000000        0.15338E-01
      5      2    3.0    2.0         172.261198319914853982481872662901878356933593750000000000000000        0.75378E-01
      4      2    4.0    2.0           4.888858595860003930511084035970270633697509765625000000000000        0.21393E-02
      3      1    2.0    0.0          25.013424286672925944685630383901298046112060546875000000000000        0.10945E-01
      3      2    2.0    2.0           0.380395042094757662720638791142846457660198211669921875000000        0.16645E-03
      2      1    2.0    0.0        2285.297485352547028014669194817543029785156250000000000000000000        0.10000E+01


                                                  CALCULATED YIELDS

     EXPERIMENT  5  DETECTOR  1
     ENERGY    410.300 MEV  THETA  24.883 DEG

     NI     NF     II     IF     YIELD     NORMALIZED YIELD

      7      2    4.0    2.0           2.538610902974588245939457920030690729618072509765625000000000        0.18911E-02
      7      4    4.0    4.0           0.128716939862065504751598155053216032683849334716796875000000        0.95884E-04
      6      4    6.0    4.0           0.676909833151892459390808198804734274744987487792968750000000        0.50425E-03
      8      2    4.0    2.0          15.244579685464524132498809194657951593399047851562500000000000        0.11356E-01
      5      2    3.0    2.0          84.245394894384872941373032517731189727783203125000000000000000        0.62756E-01
      4      2    4.0    2.0           2.872893471578004565003539028111845254898071289062500000000000        0.21401E-02
      3      1    2.0    0.0           7.781029148672910622508425149135291576385498046875000000000000        0.57963E-02
      3      2    2.0    2.0           0.125137541822202991159684870581259019672870635986328125000000        0.93218E-04
      2      1    2.0    0.0        1342.417198369619654840789735317230224609375000000000000000000000        0.10000E+01


                                                  CALCULATED YIELDS

     EXPERIMENT  6  DETECTOR  1
     ENERGY    410.300 MEV  THETA  33.984 DEG

     NI     NF     II     IF     YIELD     NORMALIZED YIELD

      7      2    4.0    2.0           4.592228211196095699619945662561804056167602539062500000000000        0.23359E-02
      7      4    4.0    4.0           0.234119596711466815275315411781775765120983123779296875000000        0.11909E-03
      6      4    6.0    4.0           0.882003194728592787576815226202597841620445251464843750000000        0.44864E-03
      8      2    4.0    2.0          32.552880894457800309282902162522077560424804687500000000000000        0.16558E-01
      5      2    3.0    2.0         151.746482359569682785149780102074146270751953125000000000000000        0.77187E-01
      4      2    4.0    2.0           5.124914122835622087848150840727612376213073730468750000000000        0.26068E-02
      3      1    2.0    0.0          15.616901447986080597729596775025129318237304687500000000000000        0.79436E-02
      3      2    2.0    2.0           0.249041452454317552289708714852167759090662002563476562500000        0.12668E-03
      2      1    2.0    0.0        1965.961317768188791887951083481311798095703125000000000000000000        0.10000E+01


                                                  CALCULATED YIELDS

     EXPERIMENT  7  DETECTOR  1
     ENERGY    410.300 MEV  THETA  41.424 DEG

     NI     NF     II     IF     YIELD     NORMALIZED YIELD

      7      2    4.0    2.0           5.969703621005492344409049110254272818565368652343750000000000        0.23734E-02
      7      4    4.0    4.0           0.305142065836495501862657420133473351597785949707031250000000        0.12132E-03
      6      4    6.0    4.0           0.836201444830806717156690410774899646639823913574218750000000        0.33245E-03
      8      2    4.0    2.0          48.238452405756937935166206443682312965393066406250000000000000        0.19178E-01
      5      2    3.0    2.0         216.033368594864839451474836096167564392089843750000000000000000        0.85888E-01
      4      2    4.0    2.0           6.962456229654780948123971029417589306831359863281250000000000        0.27681E-02
      3      1    2.0    0.0          24.381565871275491019787295954301953315734863281250000000000000        0.96934E-02
      3      2    2.0    2.0           0.383286775357048137280457922315690666437149047851562500000000        0.15238E-03
      2      1    2.0    0.0        2515.285554721438529668375849723815917968750000000000000000000000        0.10000E+01


                                                  CALCULATED YIELDS

     EXPERIMENT  8  DETECTOR  1
     ENERGY    410.300 MEV  THETA  47.456 DEG

     NI     NF     II     IF     YIELD     NORMALIZED YIELD

      7      2    4.0    2.0           6.062508558353851384481458808295428752899169921875000000000000        0.20685E-02
      7      4    4.0    4.0           0.310252044665484061347626720817061141133308410644531250000000        0.10586E-03
      6      4    6.0    4.0           0.640635800665133814391083433292806148529052734375000000000000        0.21859E-03
      8      2    4.0    2.0          54.843973757403674085253442171961069107055664062500000000000000        0.18713E-01
      5      2    3.0    2.0         254.460624838389833257679129019379615783691406250000000000000000        0.86823E-01
      4      2    4.0    2.0           7.653588393980504278601983969565480947494506835937500000000000        0.26114E-02
      3      1    2.0    0.0          31.416757057332322489173748181201517581939697265625000000000000        0.10719E-01
      3      2    2.0    2.0           0.486063523325685031828413684706902131438255310058593750000000        0.16585E-03
      2      1    2.0    0.0        2930.806434946163335553137585520744323730468750000000000000000000        0.10000E+01


                                                  CALCULATED YIELDS

     EXPERIMENT  9  DETECTOR  1
     ENERGY    410.300 MEV  THETA 146.370 DEG

     NI     NF     II     IF     YIELD     NORMALIZED YIELD

      7      2    4.0    2.0           0.096875541691986366554800724770757369697093963623046875000000        0.10555E-02
      7      4    4.0    4.0           0.004826565011886385647699171386193484067916870117187500000000        0.52590E-04
      6      4    6.0    4.0           0.038226458406441003734510530875922995619475841522216796875000        0.41651E-03
      8      2    4.0    2.0           0.410348798362499822545146344054955989122390747070312500000000        0.44711E-02
      5      2    3.0    2.0           4.462038185769660714186102268286049365997314453125000000000000        0.48618E-01
      4      2    4.0    2.0           0.127176767202994478456190563520067371428012847900390625000000        0.13857E-02
      3      1    2.0    0.0           0.310296107968824563805299021623795852065086364746093750000000        0.33809E-02
      3      2    2.0    2.0           0.004946251169610673195653482991929195122793316841125488281250        0.53894E-04
      2      1    2.0    0.0          91.777889430573551976522139739245176315307617187500000000000000        0.10000E+01


                    CALCULATED LIFETIMES

     LEVEL     LIFETIME(PSEC)     EXP        ERROR

        2       0.4439E+00
        3       0.1120E+00
        4       0.8061E+01
        5       0.8548E-04
        6       0.4331E+03
        7       0.1790E+00
        8       0.1525E+00
               ********* END OF EXECUTION **********
