1
 *****************************************************************************************************************************
 *****************************************************************************************************************************
 **************************************************                         **************************************************
 **************************************************          GOSIA2         **************************************************
 **************************************************                         **************************************************
 *****************************************************************************************************************************
 *****************************************************************************************************************************





                    ROCHESTER COULOMB EXCITATION DATA ANALYSIS CODE BY T.CZOSNYKA,D.CLINE AND C.Y.WU
                                                  VERSION: 20081208.25






               Coulomb excitation of 196Pt                                                
          ----------------------------------------------------------------------------------------------------

                                        LEVELS

     INDEX     PARITY         SPIN           ENERGY(MEV)
       1           +           0.0            0.0000
       2           +           2.0            0.3557
       3           +           2.0            0.6887
       4           +           4.0            0.8769
       5           +           4.0            1.2933
       6           +           6.0            1.5258
       7           +           6.0            2.0074
       8           +           8.0            2.2527
       9           +           8.0            2.7496
      10           +          10.0            3.0440

                                        MATRIX ELEMENTS


     MULTIPOLARITY=2
    INDEX   NF     NS          ME               LIMITS
       1      1      2        1.20620        1.10000        1.30000
       2      1      3        0.00050       -1.00000        1.00000
       3      2      2        0.81800       -2.00000        2.00000
       4      2      3        1.30000       -2.00000        2.00000
       5      2      4        1.93000       -2.00000        2.00000
       6      2      5        0.18460       -2.00000        2.00000
       7      3      3       -0.51460       -2.00000        2.00000
       8      3      5        1.32860       -2.00000        2.00000
       9      4      4        1.36590       -2.00000        2.00000
      10      4      5        1.01720       -2.00000        2.00000
      11      4      6        2.55010       -3.00000        3.00000
      12      4      7        0.20630       -3.00000        3.00000
      13      5      5        0.00000       -2.00000        2.00000
      14      5      7        2.07986       -3.00000        3.00000
      15      6      6       -0.25820       -2.00000        2.00000
      16      6      8        3.00290       -4.00000        4.00000
      17      7      7        0.10000       -4.00000        4.00000
      18      7      9        0.10000       -3.00000        3.00000
      19      8      8        0.10000       -3.00000        3.00000
      20      8     10        0.10000       -3.00000        3.00000
     MULTIPOLARITY=7
    INDEX   NF     NS          ME               LIMITS
      21      2      3       -0.06950       -1.00000        1.00000
      22      4      5       -0.35000       -1.00000        1.00000


       47 EXPERIMENTAL YIELDS           22 MATRIX ELEMENTS TO BE VARIED






                              LIFETIMES(PSEC)


     LEVEL         LIFETIME     ERROR

        2           49.27        -0.22         0.22
        3           48.76        -1.00         1.00
        4            5.12        -0.07         0.07
        5            3.75        -0.79         0.79
        6            1.41        -0.12         0.12
        7            1.11        -0.27         0.27
        8            0.61        -0.06         0.06

          LIFETIMES ARE TAKEN WITH WEIGHT    0.100000E+01


                    EXPERIMENTAL E2/M1 MIXING RATIOS


          TRANSITION            DELTA          ERROR

           3---  2               -5.2000          -0.5000      0.5000

          E2/M1 MIXING RATIOS ARE TAKEN WITH WEIGHT    0.100000E+01


                              EXPERIMENTAL MATRIX ELEMENT(S)


          TRANSITION          MAT.EL.          ERROR

           2---  2                0.8200          -0.1100      0.1100
           3---  3               -0.5100          -0.2100      0.2100
           4---  4                1.3700          -0.1600      0.1600
           6---  6               -0.3000          -0.4000      0.4000

           MATRIX ELEMENT(S) ARE TAKEN WITH WEIGHT    0.100000E+01



     *****  RESTART-MATRIX ELEMENTS OVERWRITTEN  *****




                                        MATRIX ELEMENTS


     MULTIPOLARITY=2
    INDEX   NF     NS          ME               LIMITS
       1      1      2        1.17113        1.10000        1.30000
       2      1      3       -0.00245       -1.00000        1.00000
       3      2      2        0.89625       -2.00000        2.00000
       4      2      3        1.35351       -2.00000        2.00000
       5      2      4       -1.90058       -2.00000        2.00000
       6      2      5       -0.25411       -2.00000        2.00000
       7      3      3       -0.47925       -2.00000        2.00000
       8      3      5       -1.58657       -2.00000        2.00000
       9      4      4        1.10577       -2.00000        2.00000
      10      4      5        0.48928       -2.00000        2.00000
      11      4      6       -2.60316       -3.00000        3.00000
      12      4      7        0.17378       -3.00000        3.00000
      13      5      5        1.99935       -2.00000        2.00000
      14      5      7        2.24301       -3.00000        3.00000
      15      6      6       -0.09577       -2.00000        2.00000
      16      6      8        3.34315       -4.00000        4.00000
      17      7      7        3.99976       -4.00000        4.00000
      18      7      9       -2.99765       -3.00000        3.00000
      19      8      8       -0.97781       -3.00000        3.00000
      20      8     10        1.65023       -3.00000        3.00000
     MULTIPOLARITY=7
    INDEX   NF     NS          ME               LIMITS
      21      2      3       -0.07193       -1.00000        1.00000
      22      4      5        0.00219       -1.00000        1.00000





     INTEGRATED RUTHERFORD CROSS SECTION=.3526E+05  FOR EXP. 1





                                                  INTEGRATED YIELDS

     EXPERIMENT  1  DETECTOR  1
     ENERGY RANGE  400.200--- 442.000 MEV   SCATTERING ANGLE RANGE  20.270--- 30.800 DEG

     NI     NF     II     IF     YIELD     NORMALIZED YIELD

     10      8   10.0    8.0   0.18570E-04   0.18562E-08
      9      7    8.0    6.0   0.28563E-03   0.28551E-07
      8      6    8.0    6.0   0.18519E-01   0.18511E-05
      7      4    6.0    4.0   0.28332E-02   0.28320E-06
      7      5    6.0    4.0   0.47457E-01   0.47436E-05
      6      4    6.0    4.0   0.23724E+01   0.23714E-03
      5      2    4.0    2.0   0.64440E+00   0.64412E-04
      5      3    4.0    2.0   0.28008E+01   0.27996E-03
      5      4    4.0    4.0   0.44540E-01   0.44521E-05
      4      2    4.0    2.0   0.21237E+03   0.21228E-01
      3      1    2.0    0.0   0.73125E-02   0.73093E-06
      3      2    2.0    2.0   0.63177E+02   0.63150E-02
      2      1    2.0    0.0   0.10004E+05   0.10000E+01





     INTEGRATED RUTHERFORD CROSS SECTION=.1154E+05  FOR EXP. 2





                                                  INTEGRATED YIELDS

     EXPERIMENT  2  DETECTOR  1
     ENERGY RANGE  400.200--- 442.000 MEV   SCATTERING ANGLE RANGE  29.960--- 38.750 DEG

     NI     NF     II     IF     YIELD     NORMALIZED YIELD

     10      8   10.0    8.0   0.40210E-03   0.48737E-07
      9      7    8.0    6.0   0.36676E-02   0.44454E-06
      8      6    8.0    6.0   0.18268E+00   0.22142E-04
      7      4    6.0    4.0   0.18203E-01   0.22063E-05
      7      5    6.0    4.0   0.30490E+00   0.36956E-04
      6      4    6.0    4.0   0.10672E+02   0.12935E-02
      5      2    4.0    2.0   0.20600E+01   0.24969E-03
      5      3    4.0    2.0   0.89535E+01   0.10852E-02
      5      4    4.0    4.0   0.14165E+00   0.17168E-04
      4      2    4.0    2.0   0.41863E+03   0.50741E-01
      3      1    2.0    0.0   0.15670E-01   0.18993E-05
      3      2    2.0    2.0   0.13437E+03   0.16287E-01
      2      1    2.0    0.0   0.82504E+04   0.10000E+01





     INTEGRATED RUTHERFORD CROSS SECTION=.5187E+04  FOR EXP. 3





                                                  INTEGRATED YIELDS

     EXPERIMENT  3  DETECTOR  1
     ENERGY RANGE  400.200--- 442.000 MEV   SCATTERING ANGLE RANGE  38.080--- 45.260 DEG

     NI     NF     II     IF     YIELD     NORMALIZED YIELD

     10      8   10.0    8.0   0.21291E-02   0.34745E-06
      9      7    8.0    6.0   0.14069E-01   0.22959E-05
      8      6    8.0    6.0   0.59316E+00   0.96798E-04
      7      4    6.0    4.0   0.46576E-01   0.76008E-05
      7      5    6.0    4.0   0.78016E+00   0.12732E-03
      6      4    6.0    4.0   0.21492E+02   0.35073E-02
      5      2    4.0    2.0   0.35473E+01   0.57888E-03
      5      3    4.0    2.0   0.15418E+02   0.25160E-02
      5      4    4.0    4.0   0.24303E+00   0.39660E-04
      4      2    4.0    2.0   0.51521E+03   0.84077E-01
      3      1    2.0    0.0   0.20577E-01   0.33580E-05
      3      2    2.0    2.0   0.17590E+03   0.28705E-01
      2      1    2.0    0.0   0.61278E+04   0.10000E+01





     INTEGRATED RUTHERFORD CROSS SECTION=.2787E+04  FOR EXP. 4





                                                  INTEGRATED YIELDS

     EXPERIMENT  4  DETECTOR  1
     ENERGY RANGE  400.200--- 442.000 MEV   SCATTERING ANGLE RANGE  44.730--- 50.560 DEG

     NI     NF     II     IF     YIELD     NORMALIZED YIELD

     10      8   10.0    8.0   0.53190E-02   0.12012E-05
      9      7    8.0    6.0   0.28560E-01   0.64497E-05
      8      6    8.0    6.0   0.10761E+01   0.24302E-03
      7      4    6.0    4.0   0.74407E-01   0.16803E-04
      7      5    6.0    4.0   0.12463E+01   0.28146E-03
      6      4    6.0    4.0   0.28881E+02   0.65221E-02
      5      2    4.0    2.0   0.44636E+01   0.10080E-02
      5      3    4.0    2.0   0.19400E+02   0.43811E-02
      5      4    4.0    4.0   0.30516E+00   0.68914E-04
      4      2    4.0    2.0   0.50922E+03   0.11500E+00
      3      1    2.0    0.0   0.21450E-01   0.48440E-05
      3      2    2.0    2.0   0.18316E+03   0.41363E-01
      2      1    2.0    0.0   0.44282E+04   0.10000E+01





     INTEGRATED RUTHERFORD CROSS SECTION=.1102E+04  FOR EXP. 5





                                                  INTEGRATED YIELDS

     EXPERIMENT  5  DETECTOR  1
     ENERGY RANGE  400.200--- 442.000 MEV   SCATTERING ANGLE RANGE  20.270--- 30.800 DEG

     NI     NF     II     IF     YIELD     NORMALIZED YIELD

     10      8   10.0    8.0   0.14327E+00   0.39235E-04
      9      7    8.0    6.0   0.45817E+00   0.12547E-03
      8      6    8.0    6.0   0.10799E+02   0.29574E-02
      7      4    6.0    4.0   0.89721E+00   0.24571E-03
      7      5    6.0    4.0   0.15029E+02   0.41157E-02
      6      4    6.0    4.0   0.14183E+03   0.38840E-01
      5      2    4.0    2.0   0.28709E+02   0.78621E-02
      5      3    4.0    2.0   0.12478E+03   0.34171E-01
      5      4    4.0    4.0   0.20079E+01   0.54987E-03
      4      2    4.0    2.0   0.10811E+04   0.29607E+00
      3      1    2.0    0.0   0.62380E-01   0.17083E-04
      3      2    2.0    2.0   0.53417E+03   0.14629E+00
      2      1    2.0    0.0   0.36516E+04   0.10000E+01





     INTEGRATED RUTHERFORD CROSS SECTION=.1574E+04  FOR EXP. 6





                                                  INTEGRATED YIELDS

     EXPERIMENT  6  DETECTOR  1
     ENERGY RANGE  400.200--- 442.000 MEV   SCATTERING ANGLE RANGE  29.960--- 38.750 DEG

     NI     NF     II     IF     YIELD     NORMALIZED YIELD

     10      8   10.0    8.0   0.11431E+00   0.24250E-04
      9      7    8.0    6.0   0.38076E+00   0.80778E-04
      8      6    8.0    6.0   0.10002E+02   0.21219E-02
      7      4    6.0    4.0   0.67965E+00   0.14419E-03
      7      5    6.0    4.0   0.11384E+02   0.24152E-02
      6      4    6.0    4.0   0.13773E+03   0.29218E-01
      5      2    4.0    2.0   0.23636E+02   0.50143E-02
      5      3    4.0    2.0   0.10273E+03   0.21794E-01
      5      4    4.0    4.0   0.16317E+01   0.34616E-03
      4      2    4.0    2.0   0.11765E+04   0.24960E+00
      3      1    2.0    0.0   0.62467E-01   0.13252E-04
      3      2    2.0    2.0   0.53453E+03   0.11340E+00
      2      1    2.0    0.0   0.47137E+04   0.10000E+01





     INTEGRATED RUTHERFORD CROSS SECTION=.2048E+04  FOR EXP. 7





                                                  INTEGRATED YIELDS

     EXPERIMENT  7  DETECTOR  1
     ENERGY RANGE  400.200--- 442.000 MEV   SCATTERING ANGLE RANGE  38.080--- 45.260 DEG

     NI     NF     II     IF     YIELD     NORMALIZED YIELD

     10      8   10.0    8.0   0.57783E-01   0.11050E-04
      9      7    8.0    6.0   0.21501E+00   0.41116E-04
      8      6    8.0    6.0   0.63497E+01   0.12143E-02
      7      4    6.0    4.0   0.39786E+00   0.76083E-04
      7      5    6.0    4.0   0.66643E+01   0.12744E-02
      6      4    6.0    4.0   0.10180E+03   0.19467E-01
      5      2    4.0    2.0   0.15872E+02   0.30352E-02
      5      3    4.0    2.0   0.68984E+02   0.13192E-01
      5      4    4.0    4.0   0.10879E+01   0.20804E-03
      4      2    4.0    2.0   0.10487E+04   0.20055E+00
      3      1    2.0    0.0   0.51122E-01   0.97760E-05
      3      2    2.0    2.0   0.43700E+03   0.83568E-01
      2      1    2.0    0.0   0.52293E+04   0.10000E+01





     INTEGRATED RUTHERFORD CROSS SECTION=.2526E+04  FOR EXP. 8





                                                  INTEGRATED YIELDS

     EXPERIMENT  8  DETECTOR  1
     ENERGY RANGE  400.200--- 442.000 MEV   SCATTERING ANGLE RANGE  44.730--- 50.560 DEG

     NI     NF     II     IF     YIELD     NORMALIZED YIELD

     10      8   10.0    8.0   0.21871E-01   0.41659E-05
      9      7    8.0    6.0   0.95079E-01   0.18110E-04
      8      6    8.0    6.0   0.31524E+01   0.60046E-03
      7      4    6.0    4.0   0.19969E+00   0.38035E-04
      7      5    6.0    4.0   0.33449E+01   0.63710E-03
      6      4    6.0    4.0   0.62886E+02   0.11978E-01
      5      2    4.0    2.0   0.94974E+01   0.18090E-02
      5      3    4.0    2.0   0.41279E+02   0.78625E-02
      5      4    4.0    4.0   0.64927E+00   0.12367E-03
      4      2    4.0    2.0   0.81973E+03   0.15614E+00
      3      1    2.0    0.0   0.37048E-01   0.70567E-05
      3      2    2.0    2.0   0.31644E+03   0.60273E-01
      2      1    2.0    0.0   0.52501E+04   0.10000E+01





     INTEGRATED RUTHERFORD CROSS SECTION=.1838E+03  FOR EXP. 9





                                                  INTEGRATED YIELDS

     EXPERIMENT  9  DETECTOR  1
     ENERGY RANGE  400.200--- 442.000 MEV   SCATTERING ANGLE RANGE 131.320---160.940 DEG

     NI     NF     II     IF     YIELD     NORMALIZED YIELD

     10      8   10.0    8.0   0.23931E-01   0.37084E-04
      9      7    8.0    6.0   0.89424E-01   0.13857E-03
      8      6    8.0    6.0   0.18720E+01   0.29009E-02
      7      4    6.0    4.0   0.26868E+00   0.41635E-03
      7      5    6.0    4.0   0.45005E+01   0.69740E-02
      6      4    6.0    4.0   0.29793E+02   0.46167E-01
      5      2    4.0    2.0   0.83784E+01   0.12983E-01
      5      3    4.0    2.0   0.36415E+02   0.56429E-01
      5      4    4.0    4.0   0.60115E+00   0.93155E-03
      4      2    4.0    2.0   0.22304E+03   0.34563E+00
      3      1    2.0    0.0   0.14100E-01   0.21850E-04
      3      2    2.0    2.0   0.12077E+03   0.18714E+00
      2      1    2.0    0.0   0.64533E+03   0.10000E+01



          EXPERIMENT  1        DETECTOR  1

         NI     NF     YEXP        YCOR        COR.F

        4        2   .806E+04    .296E+05    .368E+01
        3        2   .218E+04    .792E+04    .364E+01
        2        1   .384E+06    .149E+07    .388E+01



          EXPERIMENT  2        DETECTOR  1

         NI     NF     YEXP        YCOR        COR.F

        6        4   .559E+03    .238E+04    .426E+01
        5        3   .377E+03    .165E+04    .437E+01
        4        2   .169E+05    .770E+05    .455E+01
        3        2   .514E+04    .233E+05    .454E+01
        2        1   .328E+06    .151E+07    .461E+01



          EXPERIMENT  3        DETECTOR  1

         NI     NF     YEXP        YCOR        COR.F

        6        4   .954E+03    .515E+04    .540E+01
        5        3   .586E+03    .319E+04    .545E+01
        4        2   .210E+05    .117E+06    .559E+01
        3        2   .656E+04    .366E+05    .558E+01
        2        1   .246E+06    .138E+07    .562E+01



          EXPERIMENT  4        DETECTOR  1

         NI     NF     YEXP        YCOR        COR.F

        6        4   .120E+04    .801E+04    .670E+01
        5        3   .868E+03    .585E+04    .673E+01
        4        2   .198E+05    .136E+06    .687E+01
        3        2   .709E+04    .487E+05    .687E+01
        2        1   .179E+06    .123E+07    .690E+01



          EXPERIMENT  5        DETECTOR  1

         NI     NF     YEXP        YCOR        COR.F

        8        6   .390E+03    .141E+04    .363E+01
        7        5   .526E+03    .195E+04    .371E+01
        6        4   .537E+04    .202E+05    .376E+01
        5        3   .459E+04    .176E+05    .382E+01
        4        2   .398E+05    .151E+06    .380E+01
        3        2   .194E+05    .743E+05    .383E+01
        2        1   .137E+06    .513E+06    .374E+01



          EXPERIMENT  6        DETECTOR  1

         NI     NF     YEXP        YCOR        COR.F

        8        6   .361E+03    .159E+04    .441E+01
        7        5   .484E+03    .215E+04    .445E+01
        6        4   .505E+04    .230E+05    .456E+01
        5        3   .398E+04    .182E+05    .458E+01
        4        2   .448E+05    .206E+06    .461E+01
        3        2   .207E+05    .955E+05    .462E+01
        2        1   .180E+06    .819E+06    .455E+01



          EXPERIMENT  7        DETECTOR  1

         NI     NF     YEXP        YCOR        COR.F

        6        4   .396E+04    .220E+05    .555E+01
        5        3   .262E+04    .146E+05    .556E+01
        4        2   .413E+05    .233E+06    .564E+01
        3        2   .172E+05    .969E+05    .564E+01
        2        1   .200E+06    .112E+07    .560E+01



          EXPERIMENT  8        DETECTOR  1

         NI     NF     YEXP        YCOR        COR.F

        6        4   .263E+04    .178E+05    .678E+01
        5        3   .177E+04    .120E+05    .679E+01
        4        2   .310E+05    .214E+06    .691E+01
        3        2   .122E+05    .842E+05    .691E+01
        2        1   .203E+06    .140E+07    .689E+01



          EXPERIMENT  9        DETECTOR  1

         NI     NF     YEXP        YCOR        COR.F

        6        4   .116E+04    .138E+04    .119E+01
        5        3   .128E+04    .155E+04    .121E+01
        4        2   .796E+04    .969E+04    .122E+01
        3        2   .463E+04    .565E+04    .122E+01
        2        1   .234E+05    .283E+05    .121E+01
               ********* END OF EXECUTION **********
