1
 *****************************************************************************************************************************
 *****************************************************************************************************************************
 **************************************************                         **************************************************
 **************************************************          GOSIA          **************************************************
 **************************************************                         **************************************************
 *****************************************************************************************************************************
 *****************************************************************************************************************************





                    ROCHESTER COULOMB EXCITATION DATA ANALYSIS CODE BY T.CZOSNYKA,D.CLINE AND C.Y.WU
                                                  VERSION: 20081208.18






               Coulomb excitation of 196Pt                                                
          ----------------------------------------------------------------------------------------------------

                                        LEVELS

     INDEX     PARITY         SPIN           ENERGY(MEV)
       1           +           0.0            0.0000
       2           +           2.0            0.3557
       3           +           2.0            0.6887
       4           +           4.0            0.8769
       5           +           4.0            1.2933
       6           +           6.0            1.5258
       7           +           6.0            2.0074
       8           +           8.0            2.2527
       9           +           8.0            2.7496
      10           +          10.0            3.0440

                                        MATRIX ELEMENTS


     MULTIPOLARITY=2
    INDEX   NF     NS          ME               LIMITS
       1      1      2        1.17177     FIXED
       2      1      3        0.01912     FIXED
       3      2      2        1.19517     FIXED
       4      2      3        1.34961     FIXED
       5      2      4        1.90501     FIXED
       6      2      5        0.16816     FIXED
       7      3      3       -0.48189     FIXED
       8      3      5        1.26852     FIXED
       9      4      4        0.52127     FIXED
      10      4      5        0.95041     FIXED
      11      4      6        2.48170     FIXED
      12      4      7        0.33729     FIXED
      13      5      5        1.44242     FIXED
      14      5      7        2.77532     FIXED
      15      6      6       -0.06218     FIXED
      16      6      8        3.38770     FIXED
      17      7      7       -1.75761     FIXED
      18      7      9       -3.24462     FIXED
      19      8      8       -3.86791     FIXED
      20      8     10       -4.00146     FIXED
      21      9      9        0.00000       -4.00000        4.00000
      22     10     10        0.00000       -4.00000        4.00000
     MULTIPOLARITY=7
    INDEX   NF     NS          ME               LIMITS
      23      2      3       -0.07236     FIXED
      24      4      5        0.30964     FIXED

                                               REPRINT OF EXPERIMENTAL DATA TO BE FITTED





     EXPERIMENT  1
  PROJECTILE ( 50.,116.) 421.100 MEV ---1 GE(LI) DETECTOR(S)  WEIGHT=0.10E+01
                    ** EXPERIMENTAL YIELDS **
    DECAY IS  IF         YIELD+/-ERROR

      12   3   2  0.217700E+04     0.543000E+03
      13   2   1  0.384290E+06     0.175500E+04
      10   4   2  0.806000E+04     0.304000E+03



     EXPERIMENT  2
  PROJECTILE ( 50.,116.) 421.100 MEV ---1 GE(LI) DETECTOR(S)  WEIGHT=0.10E+01
                    ** EXPERIMENTAL YIELDS **
    DECAY IS  IF         YIELD+/-ERROR

      12   3   2  0.514400E+04     0.703000E+03
      13   2   1  0.328216E+06     0.162700E+04
      10   4   2  0.169180E+05     0.437000E+03
       8   5   3  0.377000E+03     0.157000E+03
       6   6   4  0.559000E+03     0.164000E+03



     EXPERIMENT  3
  PROJECTILE ( 50.,116.) 421.100 MEV ---1 GE(LI) DETECTOR(S)  WEIGHT=0.10E+01
                    ** EXPERIMENTAL YIELDS **
    DECAY IS  IF         YIELD+/-ERROR

      12   3   2  0.655800E+04     0.676000E+03
      13   2   1  0.245557E+06     0.140100E+04
      10   4   2  0.209760E+05     0.475000E+03
       8   5   3  0.586000E+03     0.157000E+03
       6   6   4  0.954000E+03     0.164000E+03



     EXPERIMENT  4
  PROJECTILE ( 50.,116.) 421.100 MEV ---1 GE(LI) DETECTOR(S)  WEIGHT=0.10E+01
                    ** EXPERIMENTAL YIELDS **
    DECAY IS  IF         YIELD+/-ERROR

      12   3   2  0.709000E+04     0.695000E+03
      13   2   1  0.178891E+06     0.119800E+04
      10   4   2  0.197790E+05     0.475000E+03
       8   5   3  0.868000E+03     0.167000E+03
       6   6   4  0.119500E+04     0.186000E+03



     EXPERIMENT  5
  PROJECTILE ( 50.,116.) 421.100 MEV ---1 GE(LI) DETECTOR(S)  WEIGHT=0.10E+01
                    ** EXPERIMENTAL YIELDS **
    DECAY IS  IF         YIELD+/-ERROR

      12   3   2  0.194020E+05     0.529000E+03
      13   2   1  0.137038E+06     0.108500E+04
      10   4   2  0.398050E+05     0.694000E+03
       8   5   3  0.459200E+04     0.303000E+03
       6   6   4  0.537100E+04     0.296000E+03
       5   7   5  0.526000E+03     0.140000E+03
       3   8   6  0.390000E+03     0.166000E+03



     EXPERIMENT  6
  PROJECTILE ( 50.,116.) 421.100 MEV ---1 GE(LI) DETECTOR(S)  WEIGHT=0.10E+01
                    ** EXPERIMENTAL YIELDS **
    DECAY IS  IF         YIELD+/-ERROR

      12   3   2  0.206560E+05     0.558000E+03
      13   2   1  0.179946E+06     0.122800E+04
      10   4   2  0.448130E+05     0.703000E+03
       8   5   3  0.397500E+04     0.293000E+03
       6   6   4  0.505400E+04     0.307000E+03
       5   7   5  0.484000E+03     0.220000E+03
       3   8   6  0.361000E+03     0.185000E+03



     EXPERIMENT  7
  PROJECTILE ( 50.,116.) 421.100 MEV ---1 GE(LI) DETECTOR(S)  WEIGHT=0.10E+01
                    ** EXPERIMENTAL YIELDS **
    DECAY IS  IF         YIELD+/-ERROR

      12   3   2  0.171750E+05     0.580000E+03
      13   2   1  0.200465E+06     0.128100E+04
      10   4   2  0.412680E+05     0.694000E+03
       8   5   3  0.262500E+04     0.209000E+03
       6   6   4  0.395700E+04     0.252000E+03



     EXPERIMENT  8
  PROJECTILE ( 50.,116.) 421.100 MEV ---1 GE(LI) DETECTOR(S)  WEIGHT=0.10E+01
                    ** EXPERIMENTAL YIELDS **
    DECAY IS  IF         YIELD+/-ERROR

      12   3   2  0.121830E+05     0.963000E+03
      13   2   1  0.202929E+06     0.128100E+04
      10   4   2  0.310220E+05     0.570000E+03
       8   5   3  0.176800E+04     0.220000E+03
       6   6   4  0.263100E+04     0.252000E+03



     EXPERIMENT  9
  PROJECTILE ( 50.,116.) 421.100 MEV ---1 GE(LI) DETECTOR(S)  WEIGHT=0.10E+01
                    ** EXPERIMENTAL YIELDS **
    DECAY IS  IF         YIELD+/-ERROR

      12   3   2  0.462700E+04     0.283000E+03
      13   2   1  0.234500E+05     0.452000E+03
      10   4   2  0.795500E+04     0.304000E+03
       8   5   3  0.127600E+04     0.146000E+03
       6   6   4  0.116200E+04     0.143000E+03


       47 EXPERIMENTAL YIELDS            2 MATRIX ELEMENTS TO BE VARIED






                              LIFETIMES(PSEC)


     LEVEL         LIFETIME     ERROR

        2           49.27        -0.22         0.22
        3           48.80        -1.00         1.00
        4            5.12        -0.07         0.07
        5            3.80        -0.80         0.80
        6            1.41        -0.12         0.12
        7            1.10        -0.30         0.30
        8            0.61        -0.06         0.06

          LIFETIMES ARE TAKEN WITH WEIGHT    0.100000E+01


                    EXPERIMENTAL E2/M1 MIXING RATIOS


          TRANSITION            DELTA          ERROR

           3---  2               -5.2000          -0.5000      0.5000

          E2/M1 MIXING RATIOS ARE TAKEN WITH WEIGHT    0.100000E+01


                              EXPERIMENTAL MATRIX ELEMENT(S)


          TRANSITION          MAT.EL.          ERROR

           2---  2                0.8300          -0.1100      0.1100
           3---  3               -0.5100          -0.2100      0.2100
           4---  4                1.3700          -0.1600      0.1600
           6---  6               -0.3000          -0.4000      0.4000

           MATRIX ELEMENT(S) ARE TAKEN WITH WEIGHT    0.100000E+01



     *****  RESTART-MATRIX ELEMENTS OVERWRITTEN  *****




                                        MATRIX ELEMENTS


     MULTIPOLARITY=2
    INDEX   NF     NS          ME               LIMITS
       1      1      2        1.26165     FIXED
       2      1      3       -0.78082     FIXED
       3      2      2       -1.97724     FIXED
       4      2      3        1.97980     FIXED
       5      2      4       -0.54454     FIXED
       6      2      5       -0.08150     FIXED
       7      3      3        0.16914     FIXED
       8      3      5        0.22571     FIXED
       9      4      4        1.51209     FIXED
      10      4      5        1.64269     FIXED
      11      4      6        2.12789     FIXED
      12      4      7       -0.72069     FIXED
      13      5      5       -1.30174     FIXED
      14      5      7        2.04602     FIXED
      15      6      6       -1.41976     FIXED
      16      6      8       -0.99265     FIXED
      17      7      7       -2.70114     FIXED
      18      7      9       -1.29529     FIXED
      19      8      8       -0.02744     FIXED
      20      8     10       -1.99566     FIXED
      21      9      9       -0.27752       -4.00000        4.00000
      22     10     10        0.56190       -4.00000        4.00000
     MULTIPOLARITY=7
    INDEX   NF     NS          ME               LIMITS
      23      2      3        0.97570     FIXED
      24      4      5       -0.88100     FIXED


                                                  CALCULATED YIELDS

     EXPERIMENT  1  DETECTOR  1
     ENERGY    421.100 MEV  THETA  25.540 DEG

     NI     NF     II     IF     YIELD     NORMALIZED YIELD

     10      8   10.0    8.0           0.000000211507351544750809127818595017922476131388975773006678        0.51773E-11
      9      7    8.0    6.0           0.000006469437913694197756473997645842999304477416444569826126        0.15836E-09
      8      6    8.0    6.0           0.000228567651516452789326946937187301500671310350298881530762        0.55949E-08
      7      4    6.0    4.0           0.005640926823004698345553897809168120147660374641418457031250        0.13808E-06
      7      5    6.0    4.0           0.004571134731805739405408051112544853822328150272369384765625        0.11189E-06
      6      4    6.0    4.0           0.425814235953028863423952543598716147243976593017578125000000        0.10423E-04
      5      2    4.0    2.0           0.155246060982081157675338545232079923152923583984375000000000        0.38001E-05
      5      3    4.0    2.0           0.132757357378530893576851212856126949191093444824218750000000        0.32496E-05
      5      4    4.0    4.0           3.796854920545132294762424862710759043693542480468750000000000        0.92939E-04
      4      2    4.0    2.0          73.728516704852992802443623077124357223510742187500000000000000        0.18047E-02
      3      1    2.0    0.0        4894.472129355719516752287745475769042968750000000000000000000000        0.11981E+00
      3      2    2.0    2.0        3458.986101611398225941229611635208129882812500000000000000000000        0.84669E-01
      2      1    2.0    0.0       40853.051386533159529790282249450683593750000000000000000000000000        0.10000E+01


                                                  CALCULATED YIELDS

     EXPERIMENT  2  DETECTOR  1
     ENERGY    421.100 MEV  THETA  34.360 DEG

     NI     NF     II     IF     YIELD     NORMALIZED YIELD

     10      8   10.0    8.0           0.000010363468603837981232601746228727535026337136514484882355        0.29003E-09
      9      7    8.0    6.0           0.000114268228338418889817110213336093238467583432793617248535        0.31978E-08
      8      6    8.0    6.0           0.003924748863368060676493076499582457472570240497589111328125        0.10984E-06
      7      4    6.0    4.0           0.035135126163913878161171311376165249384939670562744140625000        0.98327E-06
      7      5    6.0    4.0           0.028471809561985066822087375726368918549269437789916992187500        0.79679E-06
      6      4    6.0    4.0           2.624574290930006714717137583647854626178741455078125000000000        0.73450E-04
      5      2    4.0    2.0           0.418614220804014447452345848432742059230804443359375000000000        0.11715E-04
      5      3    4.0    2.0           0.357974408239694785738294058319297619163990020751953125000000        0.10018E-04
      5      4    4.0    4.0          10.179403798281587256724378676153719425201416015625000000000000        0.28487E-03
      4      2    4.0    2.0         174.501816829146804366246215067803859710693359375000000000000000        0.48835E-02
      3      1    2.0    0.0        5080.222131489437742857262492179870605468750000000000000000000000        0.14217E+00
      3      2    2.0    2.0        3614.595585512815887341275811195373535156250000000000000000000000        0.10116E+00
      2      1    2.0    0.0       35733.014376851664565037935972213745117187500000000000000000000000        0.10000E+01


                                                  CALCULATED YIELDS

     EXPERIMENT  3  DETECTOR  1
     ENERGY    421.100 MEV  THETA  41.670 DEG

     NI     NF     II     IF     YIELD     NORMALIZED YIELD

     10      8   10.0    8.0           0.000080743259737404418294182129045566398417577147483825683594        0.28617E-08
      9      7    8.0    6.0           0.000463719878493398275642878303415272966958582401275634765625        0.16435E-07
      8      6    8.0    6.0           0.017349368134263600665923021892922406550496816635131835937500        0.61489E-06
      7      4    6.0    4.0           0.079923686677943417411285054186009801924228668212890625000000        0.28326E-05
      7      5    6.0    4.0           0.064766296072122434002160673571779625490307807922363281250000        0.22954E-05
      6      4    6.0    4.0           6.571223568473603116046888317214325070381164550781250000000000        0.23289E-03
      5      2    4.0    2.0           0.626834760956092806871708944527199491858482360839843750000000        0.22216E-04
      5      3    4.0    2.0           0.536032442837676481595110544731141999363899230957031250000000        0.18998E-04
      5      4    4.0    4.0          15.247828517841480078232052619569003582000732421875000000000000        0.54041E-03
      4      2    4.0    2.0         257.986802343341366849926998838782310485839843750000000000000000        0.91434E-02
      3      1    2.0    0.0        4395.811993082566004886757582426071166992187500000000000000000000        0.15579E+00
      3      2    2.0    2.0        3134.489057070622948231175541877746582031250000000000000000000000        0.11109E+00
      2      1    2.0    0.0       28215.488275094394339248538017272949218750000000000000000000000000        0.10000E+01


                                                  CALCULATED YIELDS

     EXPERIMENT  4  DETECTOR  1
     ENERGY    421.100 MEV  THETA  47.650 DEG

     NI     NF     II     IF     YIELD     NORMALIZED YIELD

     10      8   10.0    8.0           0.000266879382869502084114909923329150842619128525257110595703        0.12237E-07
      9      7    8.0    6.0           0.000979672280385078444314705947704169375356286764144897460938        0.44921E-07
      8      6    8.0    6.0           0.040652709308894037498749440828760270960628986358642578125000        0.18641E-05
      7      4    6.0    4.0           0.118041121879347815637473217975639272481203079223632812500000        0.54126E-05
      7      5    6.0    4.0           0.095654825029794776636293818228296004235744476318359375000000        0.43861E-05
      6      4    6.0    4.0          10.819295860256508134966679790522903203964233398437500000000000        0.49610E-03
      5      2    4.0    2.0           0.734427131687304224350043568847468122839927673339843750000000        0.33676E-04
      5      3    4.0    2.0           0.628039154270366273280501445697154849767684936523437500000000        0.28798E-04
      5      4    4.0    4.0          17.909163943010710795533668715506792068481445312500000000000000        0.82119E-03
      4      2    4.0    2.0         309.545844194647486347093945369124412536621093750000000000000000        0.14194E-01
      3      1    2.0    0.0        3629.177689559835926047526299953460693359375000000000000000000000        0.16641E+00
      3      2    2.0    2.0        2582.175417177669714874355122447013854980468750000000000000000000        0.11840E+00
      2      1    2.0    0.0       21808.749667399897589348256587982177734375000000000000000000000000        0.10000E+01


                                                  CALCULATED YIELDS

     EXPERIMENT  5  DETECTOR  1
     ENERGY    421.100 MEV  THETA  25.146 DEG

     NI     NF     II     IF     YIELD     NORMALIZED YIELD

     10      8   10.0    8.0           0.005690608884796733053790251943837574799545109272003173828125        0.22936E-05
      9      7    8.0    6.0           0.003273811934239256871137513371650129556655883789062500000000        0.13195E-05
      8      6    8.0    6.0           0.328794171531576639999627786892233416438102722167968750000000        0.13252E-03
      7      4    6.0    4.0           0.132716045178897262823980440771265421062707901000976562500000        0.53491E-04
      7      5    6.0    4.0           0.107546677799797124608360832098696846514940261840820312500000        0.43346E-04
      6      4    6.0    4.0          27.046322189351563736181560670956969261169433593750000000000000        0.10901E-01
      5      2    4.0    2.0           0.494689443224561542500339328398695215582847595214843750000000        0.19938E-03
      5      3    4.0    2.0           0.423029516156512186420002308295806869864463806152343750000000        0.17050E-03
      5      4    4.0    4.0          12.372279390175263458218068990390747785568237304687500000000000        0.49866E-02
      4      2    4.0    2.0         357.224082930286499504290986806154251098632812500000000000000000        0.14398E+00
      3      1    2.0    0.0         690.938265858897011639783158898353576660156250000000000000000000        0.27848E+00
      3      2    2.0    2.0         442.811428200167370050621684640645980834960937500000000000000000        0.17847E+00
      2      1    2.0    0.0        2481.098622479001278406940400600433349609375000000000000000000000        0.10000E+01


                                                  CALCULATED YIELDS

     EXPERIMENT  6  DETECTOR  1
     ENERGY    421.100 MEV  THETA  34.186 DEG

     NI     NF     II     IF     YIELD     NORMALIZED YIELD

     10      8   10.0    8.0           0.004811458527639250228047362867300762445665895938873291015625        0.73906E-06
      9      7    8.0    6.0           0.004300906801531521883585895693613565526902675628662109375000        0.66064E-06
      8      6    8.0    6.0           0.320305468673090953934945446235360577702522277832031250000000        0.49200E-04
      7      4    6.0    4.0           0.206126473210466093499704243185988161712884902954101562500000        0.31662E-04
      7      5    6.0    4.0           0.167034944262669293735257269872818142175674438476562500000000        0.25657E-04
      6      4    6.0    4.0          33.273291395454862140468321740627288818359375000000000000000000        0.51109E-02
      5      2    4.0    2.0           0.831559792860738999920044989266898483037948608398437500000000        0.12773E-03
      5      3    4.0    2.0           0.711101359022051848768342097173444926738739013671875000000000        0.10923E-03
      5      4    4.0    4.0          20.652490269766730079936678521335124969482421875000000000000000        0.31723E-02
      4      2    4.0    2.0         478.331278293692037095752311870455741882324218750000000000000000        0.73474E-01
      3      1    2.0    0.0        1544.109686269491476195980794727802276611328125000000000000000000        0.23718E+00
      3      2    2.0    2.0        1027.260662141954526305198669433593750000000000000000000000000000        0.15779E+00
      2      1    2.0    0.0        6510.219324838417378487065434455871582031250000000000000000000000        0.10000E+01


                                                  CALCULATED YIELDS

     EXPERIMENT  7  DETECTOR  1
     ENERGY    421.100 MEV  THETA  41.596 DEG

     NI     NF     II     IF     YIELD     NORMALIZED YIELD

     10      8   10.0    8.0           0.002684141505682604428306703425732848700135946273803710937500        0.20663E-06
      9      7    8.0    6.0           0.003821571395993450005745817321667345822788774967193603515625        0.29419E-06
      8      6    8.0    6.0           0.223486517177829552283085945418861228972673416137695312500000        0.17204E-04
      7      4    6.0    4.0           0.237632236218554837581251604206045158207416534423828125000000        0.18293E-04
      7      5    6.0    4.0           0.192565691860683008140853189615882001817226409912109375000000        0.14824E-04
