1
 *****************************************************************************************************************************
 *****************************************************************************************************************************
 **************************************************                         **************************************************
 **************************************************          GOSIA          **************************************************
 **************************************************                         **************************************************
 *****************************************************************************************************************************
 *****************************************************************************************************************************





                    ROCHESTER COULOMB EXCITATION DATA ANALYSIS CODE BY T.CZOSNYKA,D.CLINE AND C.Y.WU
                                                  VERSION: 20081208.18






               Coulomb excitation of 116Sn                                                
          ----------------------------------------------------------------------------------------------------

                                        LEVELS

     INDEX     PARITY         SPIN           ENERGY(MEV)
       1           +           0.0            0.0000
       2           +           2.0            1.2936
       3           +           0.0            2.0275
       4           +           2.0            2.1123
       5           +           4.0            2.3909
       6           +           4.0            2.5292

                                        MATRIX ELEMENTS


     MULTIPOLARITY=2
    INDEX   NF     NS          ME               LIMITS
       1      1      2        0.10000     FIXED
       2      1      4        0.10000       -4.00000        4.00000
       3      2      2        0.10000     FIXED
       4      2      3        0.10000       -4.00000        4.00000
       5      2      4        0.10000       -4.00000        4.00000
       6      2      5        0.10000     FIXED
       7      3      3        0.10000       -4.00000        4.00000
       8      4      4        0.10000       -4.00000        4.00000
       9      4      6        0.10000       -4.00000        4.00000
      10      5      5        0.10000     FIXED
      11      6      6        0.10000       -4.00000        4.00000
     MULTIPOLARITY=7
    INDEX   NF     NS          ME               LIMITS
      12      2      4        0.10000       -4.00000        4.00000
      13      5      6        0.10000       -4.00000        4.00000

                                               REPRINT OF EXPERIMENTAL DATA TO BE FITTED





     EXPERIMENT  1
  PROJECTILE ( 50.,116.) 421.100 MEV ---1 GE(LI) DETECTOR(S)  WEIGHT=0.10E+01
                    ** EXPERIMENTAL YIELDS **
    DECAY IS  IF         YIELD+/-ERROR

       7   2   1  0.112780E+05     0.429000E+03



     EXPERIMENT  2
  PROJECTILE ( 50.,116.) 421.100 MEV ---1 GE(LI) DETECTOR(S)  WEIGHT=0.10E+01
                    ** EXPERIMENTAL YIELDS **
    DECAY IS  IF         YIELD+/-ERROR

       7   2   1  0.149700E+05     0.525000E+03



     EXPERIMENT  3
  PROJECTILE ( 50.,116.) 421.100 MEV ---1 GE(LI) DETECTOR(S)  WEIGHT=0.10E+01
                    ** EXPERIMENTAL YIELDS **
    DECAY IS  IF         YIELD+/-ERROR

       7   2   1  0.143320E+05     0.496000E+03



     EXPERIMENT  4
  PROJECTILE ( 50.,116.) 421.100 MEV ---1 GE(LI) DETECTOR(S)  WEIGHT=0.10E+01
                    ** EXPERIMENTAL YIELDS **
    DECAY IS  IF         YIELD+/-ERROR

       7   2   1  0.123090E+05     0.448000E+03



     EXPERIMENT  5
  PROJECTILE ( 50.,116.) 421.100 MEV ---1 GE(LI) DETECTOR(S)  WEIGHT=0.10E+01
                    ** EXPERIMENTAL YIELDS **
    DECAY IS  IF         YIELD+/-ERROR

       3   5   2  0.332000E+03     0.213000E+03
       7   2   1  0.121370E+05     0.105700E+04



     EXPERIMENT  6
  PROJECTILE ( 50.,116.) 421.100 MEV ---1 GE(LI) DETECTOR(S)  WEIGHT=0.10E+01
                    ** EXPERIMENTAL YIELDS **
    DECAY IS  IF         YIELD+/-ERROR

       3   5   2  0.655000E+03     0.890000E+02
       7   2   1  0.157820E+05     0.105700E+04



     EXPERIMENT  7
  PROJECTILE ( 50.,116.) 421.100 MEV ---1 GE(LI) DETECTOR(S)  WEIGHT=0.10E+01
                    ** EXPERIMENTAL YIELDS **
    DECAY IS  IF         YIELD+/-ERROR

       3   5   2  0.506000E+03     0.990000E+02
       7   2   1  0.160900E+05     0.912000E+03



     EXPERIMENT  8
  PROJECTILE ( 50.,116.) 421.100 MEV ---1 GE(LI) DETECTOR(S)  WEIGHT=0.10E+01
                    ** EXPERIMENTAL YIELDS **
    DECAY IS  IF         YIELD+/-ERROR

       3   5   2  0.368000E+03     0.106000E+03
       7   2   1  0.152960E+05     0.901000E+03



     EXPERIMENT  9
  PROJECTILE ( 50.,116.) 421.100 MEV ---1 GE(LI) DETECTOR(S)  WEIGHT=0.10E+01
                    ** EXPERIMENTAL YIELDS **
    DECAY IS  IF         YIELD+/-ERROR

       3   5   2  0.920000E+02     0.530000E+02
       7   2   1  0.241500E+04     0.200000E+03


       14 EXPERIMENTAL YIELDS            9 MATRIX ELEMENTS TO BE VARIED





                    EXPERIMENTAL E2/M1 MIXING RATIOS


          TRANSITION            DELTA          ERROR

           4---  2               -1.8000          -0.2000      0.2000

          E2/M1 MIXING RATIOS ARE TAKEN WITH WEIGHT    0.100000E+01



     *****  RESTART-MATRIX ELEMENTS OVERWRITTEN  *****




                                        MATRIX ELEMENTS


     MULTIPOLARITY=2
    INDEX   NF     NS          ME               LIMITS
       1      1      2        0.61711     FIXED
       2      1      4        0.72328       -4.00000        4.00000
       3      2      2       -0.23486     FIXED
       4      2      3       -0.42946       -4.00000        4.00000
       5      2      4        1.89922       -4.00000        4.00000
       6      2      5        1.78795     FIXED
       7      3      3        0.38223       -4.00000        4.00000
       8      4      4        0.78848       -4.00000        4.00000
       9      4      6       -1.79522       -4.00000        4.00000
      10      5      5       -1.97075     FIXED
      11      6      6        1.40327       -4.00000        4.00000
     MULTIPOLARITY=7
    INDEX   NF     NS          ME               LIMITS
      12      2      4        0.64859       -4.00000        4.00000
      13      5      6        0.15204       -4.00000        4.00000


                                                  CALCULATED YIELDS

     EXPERIMENT  1  DETECTOR  1
     ENERGY    421.100 MEV  THETA  25.540 DEG

     NI     NF     II     IF     YIELD     NORMALIZED YIELD

      6      4    4.0    2.0          14.955975720516342164501111255958676338195800781250000000000000        0.58482E-02
      6      5    4.0    4.0           0.032355386017898377093438000429159728810191154479980468750000        0.12652E-04
      5      2    4.0    2.0          16.180886452390005558754637604579329490661621093750000000000000        0.63272E-02
      4      1    2.0    0.0         121.533796522807591600212617777287960052490234375000000000000000        0.47523E-01
      4      2    2.0    2.0           9.245159496671131904577123350463807582855224609375000000000000        0.36151E-02
      3      2    0.0    2.0           0.162188097354943550065797808201750740408897399902343750000000        0.63420E-04
      2      1    2.0    0.0        2557.354627805850668664788827300071716308593750000000000000000000        0.10000E+01


                                                  CALCULATED YIELDS

     EXPERIMENT  2  DETECTOR  1
     ENERGY    421.100 MEV  THETA  34.360 DEG

     NI     NF     II     IF     YIELD     NORMALIZED YIELD

      6      4    4.0    2.0          99.959511788548113031538377981632947921752929687500000000000000        0.20577E-01
      6      5    4.0    4.0           0.216259216178656316076356347366527188569307327270507812500000        0.44518E-04
      5      2    4.0    2.0          81.831196820449719098178320564329624176025390625000000000000000        0.16845E-01
      4      1    2.0    0.0         429.951643820169010723475366830825805664062500000000000000000000        0.88508E-01
      4      2    2.0    2.0          32.701027899607758797628775937482714653015136718750000000000000        0.67317E-02
      3      2    0.0    2.0           1.631953528028513122904996635043062269687652587890625000000000        0.33595E-03
      2      1    2.0    0.0        4857.773436594586200953926891088485717773437500000000000000000000        0.10000E+01


                                                  CALCULATED YIELDS

     EXPERIMENT  3  DETECTOR  1
     ENERGY    421.100 MEV  THETA  41.670 DEG

     NI     NF     II     IF     YIELD     NORMALIZED YIELD

      6      4    4.0    2.0         226.580271142403717021807096898555755615234375000000000000000000        0.37508E-01
      6      5    4.0    4.0           0.490203767461431350049849697825266048312187194824218750000000        0.81147E-04
      5      2    4.0    2.0         149.968127556082094997691456228494644165039062500000000000000000        0.24825E-01
      4      1    2.0    0.0         722.897241089554768223024439066648483276367187500000000000000000        0.11967E+00
      4      2    2.0    2.0          55.125333034083460859164915746077895164489746093750000000000000        0.91253E-02
      3      2    0.0    2.0           5.009477188896551247410116047831252217292785644531250000000000        0.82926E-03
      2      1    2.0    0.0        6040.932044343979214318096637725830078125000000000000000000000000        0.10000E+01


                                                  CALCULATED YIELDS

     EXPERIMENT  4  DETECTOR  1
     ENERGY    421.100 MEV  THETA  47.650 DEG

     NI     NF     II     IF     YIELD     NORMALIZED YIELD

      6      4    4.0    2.0         329.665720613695725660363677889108657836914062500000000000000000        0.51726E-01
      6      5    4.0    4.0           0.713228135173879063124502408754779025912284851074218750000000        0.11191E-03
      5      2    4.0    2.0         182.944518573982350062578916549682617187500000000000000000000000        0.28705E-01
      4      1    2.0    0.0         908.997563293409825746493879705667495727539062500000000000000000        0.14262E+00
      4      2    2.0    2.0          69.560736459883983684449049178510904312133789062500000000000000        0.10914E-01
      3      2    0.0    2.0           9.156430695050945089974447910208255052566528320312500000000000        0.14367E-02
      2      1    2.0    0.0        6373.345836521149067266378551721572875976562500000000000000000000        0.10000E+01


                                                  CALCULATED YIELDS

     EXPERIMENT  5  DETECTOR  1
     ENERGY    421.100 MEV  THETA  25.085 DEG

     NI     NF     II     IF     YIELD     NORMALIZED YIELD

      6      4    4.0    2.0         318.108688848179156138940015807747840881347656250000000000000000        0.71803E-01
      6      5    4.0    4.0           0.687001509162283530152137700497405603528022766113281250000000        0.15507E-03
      5      2    4.0    2.0          38.025820347352293993026250973343849182128906250000000000000000        0.85831E-02
      4      1    2.0    0.0        1058.076989838376903207972645759582519531250000000000000000000000        0.23883E+00
      4      2    2.0    2.0          79.881388028305195803113747388124465942382812500000000000000000        0.18031E-01
      3      2    0.0    2.0          39.357482332238078015507198870182037353515625000000000000000000        0.88837E-02
      2      1    2.0    0.0        4430.326502868305396987125277519226074218750000000000000000000000        0.10000E+01


                                                  CALCULATED YIELDS

     EXPERIMENT  6  DETECTOR  1
     ENERGY    421.100 MEV  THETA  34.115 DEG

     NI     NF     II     IF     YIELD     NORMALIZED YIELD

      6      4    4.0    2.0         527.713876449525514544802717864513397216796875000000000000000000        0.81999E-01
      6      5    4.0    4.0           1.141153707208100831493879923073109239339828491210937500000000        0.17732E-03
      5      2    4.0    2.0         113.925160810527529520186362788081169128417968750000000000000000        0.17702E-01
      4      1    2.0    0.0        1413.721390144399720156798139214515686035156250000000000000000000        0.21967E+00
      4      2    2.0    2.0         108.892224524190069701035099569708108901977539062500000000000000        0.16920E-01
      3      2    0.0    2.0          39.352458945369235721045697573572397232055664062500000000000000        0.61148E-02
      2      1    2.0    0.0        6435.592510351902092224918305873870849609375000000000000000000000        0.10000E+01


                                                  CALCULATED YIELDS

     EXPERIMENT  7  DETECTOR  1
     ENERGY    421.100 MEV  THETA  41.518 DEG

     NI     NF     II     IF     YIELD     NORMALIZED YIELD

      6      4    4.0    2.0         631.624477338018209593428764492273330688476562500000000000000000        0.78993E-01
      6      5    4.0    4.0           1.366356806071420182391307207581121474504470825195312500000000        0.17088E-03
      5      2    4.0    2.0         205.660478911936053236786392517387866973876953125000000000000000        0.25721E-01
      4      1    2.0    0.0        1556.458240010952977172564715147018432617187500000000000000000000        0.19466E+00
      4      2    2.0    2.0         120.198924566629074206502991728484630584716796875000000000000000        0.15032E-01
      3      2    0.0    2.0          31.683703499210615461834095185622572898864746093750000000000000        0.39625E-02
      2      1    2.0    0.0        7995.948346638813745812512934207916259765625000000000000000000000        0.10000E+01


                                                  CALCULATED YIELDS

     EXPERIMENT  8  DETECTOR  1
     ENERGY    421.100 MEV  THETA  47.523 DEG

     NI     NF     II     IF     YIELD     NORMALIZED YIELD

      6      4    4.0    2.0         597.112117229074897295504342764616012573242187500000000000000000        0.67679E-01
      6      5    4.0    4.0           1.291817372744373138004903012188151478767395019531250000000000        0.14642E-03
      5      2    4.0    2.0         260.052581315468955835967790335416793823242187500000000000000000        0.29475E-01
      4      1    2.0    0.0        1494.029019386975051020272076129913330078125000000000000000000000        0.16934E+00
      4      2    2.0    2.0         114.927261267137623690359760075807571411132812500000000000000000        0.13026E-01
      3      2    0.0    2.0          22.004241120623234451159078162163496017456054687500000000000000        0.24941E-02
      2      1    2.0    0.0        8822.693488810782582731917500495910644531250000000000000000000000        0.10000E+01


                                                  CALCULATED YIELDS

     EXPERIMENT  9  DETECTOR  1
     ENERGY    421.100 MEV  THETA 146.130 DEG

     NI     NF     II     IF     YIELD     NORMALIZED YIELD

      6      4    4.0    2.0          12.255187219035942547407103120349347591400146484375000000000000        0.44518E-01
      6      5    4.0    4.0           0.026253867852967845836209548338047170545905828475952148437500        0.95369E-04
      5      2    4.0    2.0           0.405030317252389138182877559302141889929771423339843750000000        0.14713E-02
      4      1    2.0    0.0          67.898945835029806517013639677315950393676757812500000000000000        0.24665E+00
      4      2    2.0    2.0           4.781569844978470484875288093462586402893066406250000000000000        0.17369E-01
      3      2    0.0    2.0           3.486934876413125383720625904970802366733551025390625000000000        0.12666E-01
      2      1    2.0    0.0         275.288274637773440645105438306927680969238281250000000000000000        0.10000E+01


          E2/M1 MIXING RATIOS
          TRANSITION          EXP.DELTA          CALC.DELTA          SIGMA

           4---  2               -1.80               2.00             19.01


                    CALCULATED LIFETIMES

     LEVEL     LIFETIME(PSEC)     EXP        ERROR

        2       0.2957E+00
        3       0.2073E+01
        4       0.1691E-01
        5       0.1443E+00
        6       0.1783E+02
               ********* END OF EXECUTION **********
