1
 *****************************************************************************************************************************
 *****************************************************************************************************************************
 **************************************************                         **************************************************
 **************************************************          GOSIA          **************************************************
 **************************************************                         **************************************************
 *****************************************************************************************************************************
 *****************************************************************************************************************************





                    ROCHESTER COULOMB EXCITATION DATA ANALYSIS CODE BY T.CZOSNYKA,D.CLINE AND C.Y.WU
                                                  VERSION: 20081208.18






               Coulomb excitation of 196Pt                                                
          ----------------------------------------------------------------------------------------------------

                                        LEVELS

     INDEX     PARITY         SPIN           ENERGY(MEV)
       1           +           0.0            0.0000
       2           +           2.0            0.3557
       3           +           2.0            0.6887
       4           +           4.0            0.8769
       5           +           4.0            1.2933
       6           +           6.0            1.5258
       7           +           6.0            2.0074
       8           +           8.0            2.2527
       9           +           8.0            2.7496
      10           +          10.0            3.0440

                                        MATRIX ELEMENTS


     MULTIPOLARITY=2
    INDEX   NF     NS          ME               LIMITS
       1      1      2        1.17103        1.10000        1.30000
       2      1      3       -0.02567       -1.00000        1.00000
       3      2      2        0.88889       -2.00000        2.00000
       4      2      3        1.33626       -3.00000        3.00000
       5      2      4        1.91072       -4.00000        4.00000
       6      2      5        0.27088       -4.00000        4.00000
       7      3      3       -0.29397       -3.00000        3.00000
       8      3      5        1.32342       -4.00000        4.00000
       9      4      4        1.02414       -3.00000        3.00000
      10      4      5        1.10586       -3.00000        3.00000
      11      4      6        2.69899       -4.00000        4.00000
      12      4      7        0.75845       -2.00000        2.00000
      13      5      5        1.03091       -3.00000        3.00000
      14      5      7        3.06291       -8.00000        8.00000
      15      6      6        0.31326       -3.00000        3.00000
      16      6      8        3.26907       -5.00000        5.00000
      17      7      7       -0.23323       -4.00000        4.00000
      18      7      9        1.29875       -4.00000        4.00000
      19      8      8        0.82646       -4.00000        4.00000
      20      8     10        1.04082       -8.00000        8.00000
      21      9      9        0.00000       -4.00000        4.00000
      22     10     10        0.00000       -4.00000        4.00000
     MULTIPOLARITY=7
    INDEX   NF     NS          ME               LIMITS
      23      2      3       -0.07285     FIXED
      24      4      5        0.03739     FIXED

                                               REPRINT OF EXPERIMENTAL DATA TO BE FITTED





     EXPERIMENT  1
  PROJECTILE ( 50.,112.) 410.300 MEV ---1 GE(LI) DETECTOR(S)  WEIGHT=0.10E+01
                    ** EXPERIMENTAL YIELDS **
    DECAY IS  IF         YIELD+/-ERROR

      12   3   2  0.400300E+04     0.672000E+03
      13   2   1  0.747767E+06     0.243300E+04
      10   4   2  0.141520E+05     0.418000E+03



     EXPERIMENT  2
  PROJECTILE ( 50.,112.) 410.300 MEV ---1 GE(LI) DETECTOR(S)  WEIGHT=0.10E+01
                    ** EXPERIMENTAL YIELDS **
    DECAY IS  IF         YIELD+/-ERROR

      12   3   2  0.815200E+04     0.771000E+03
      13   2   1  0.643731E+06     0.227500E+04
      10   4   2  0.291120E+05     0.561000E+03
       8   5   3  0.345000E+03     0.199000E+03
       6   6   4  0.625000E+03     0.197000E+03



     EXPERIMENT  3
  PROJECTILE ( 50.,112.) 410.300 MEV ---1 GE(LI) DETECTOR(S)  WEIGHT=0.10E+01
                    ** EXPERIMENTAL YIELDS **
    DECAY IS  IF         YIELD+/-ERROR

      12   3   2  0.122510E+05     0.915000E+03
      13   2   1  0.493713E+06     0.198900E+04
      10   4   2  0.362120E+05     0.637000E+03
       8   5   3  0.795000E+03     0.230000E+03
       6   6   4  0.114000E+04     0.263000E+03



     EXPERIMENT  4
  PROJECTILE ( 50.,112.) 410.300 MEV ---1 GE(LI) DETECTOR(S)  WEIGHT=0.10E+01
                    ** EXPERIMENTAL YIELDS **
    DECAY IS  IF         YIELD+/-ERROR

      12   3   2  0.119490E+05     0.888000E+03
      13   2   1  0.355552E+06     0.168000E+04
      10   4   2  0.356610E+05     0.627000E+03
       8   5   3  0.124500E+04     0.199000E+03
       6   6   4  0.208300E+04     0.241000E+03



     EXPERIMENT  5
  PROJECTILE ( 50.,112.) 410.300 MEV ---1 GE(LI) DETECTOR(S)  WEIGHT=0.10E+01
                    ** EXPERIMENTAL YIELDS **
    DECAY IS  IF         YIELD+/-ERROR

      12   3   2  0.395070E+05     0.725000E+03
      13   2   1  0.277459E+06     0.151400E+04
      10   4   2  0.753800E+05     0.931000E+03
       8   5   3  0.819000E+04     0.387000E+03
       6   6   4  0.896700E+04     0.428000E+03
       5   7   5  0.697000E+03     0.291000E+03
       3   8   6  0.453000E+03     0.206000E+03



     EXPERIMENT  6
  PROJECTILE ( 50.,112.) 410.300 MEV ---1 GE(LI) DETECTOR(S)  WEIGHT=0.10E+01
                    ** EXPERIMENTAL YIELDS **
    DECAY IS  IF         YIELD+/-ERROR

      12   3   2  0.401380E+05     0.776000E+03
      13   2   1  0.366814E+06     0.174800E+04
      10   4   2  0.842000E+05     0.950000E+03
       8   5   3  0.686100E+04     0.356000E+03
       6   6   4  0.102500E+05     0.428000E+03
       5   7   5  0.611000E+03     0.243000E+03
       3   8   6  0.741000E+03     0.272000E+03



     EXPERIMENT  7
  PROJECTILE ( 50.,112.) 410.300 MEV ---1 GE(LI) DETECTOR(S)  WEIGHT=0.10E+01
                    ** EXPERIMENTAL YIELDS **
    DECAY IS  IF         YIELD+/-ERROR

      12   3   2  0.313640E+05     0.140000E+04
      13   2   1  0.408245E+06     0.182300E+04
      10   4   2  0.749330E+05     0.884000E+03
       8   5   3  0.467500E+04     0.345000E+03
       6   6   4  0.650100E+04     0.340000E+03
       5   7   5  0.806000E+03     0.187000E+03
       3   8   6  0.260000E+03     0.177000E+03



     EXPERIMENT  8
  PROJECTILE ( 50.,112.) 410.300 MEV ---1 GE(LI) DETECTOR(S)  WEIGHT=0.10E+01
                    ** EXPERIMENTAL YIELDS **
    DECAY IS  IF         YIELD+/-ERROR

      12   3   2  0.203150E+05     0.108500E+04
      13   2   1  0.401263E+06     0.177700E+04
      10   4   2  0.579450E+05     0.769000E+03
       8   5   3  0.293700E+04     0.245000E+03
       6   6   4  0.496100E+04     0.278000E+03



     EXPERIMENT  9
  PROJECTILE ( 50.,112.) 410.300 MEV ---1 GE(LI) DETECTOR(S)  WEIGHT=0.10E+01
                    ** EXPERIMENTAL YIELDS **
    DECAY IS  IF         YIELD+/-ERROR

      12   3   2  0.193140E+05     0.515000E+03
      13   2   1  0.103336E+06     0.942000E+03
      10   4   2  0.324670E+05     0.608000E+03
       8   5   3  0.500000E+04     0.303000E+03
       6   6   4  0.345300E+04     0.252000E+03
       5   7   5  0.467000E+03     0.140000E+03
       3   8   6  0.544000E+03     0.118000E+03


       51 EXPERIMENTAL YIELDS           22 MATRIX ELEMENTS TO BE VARIED






                              LIFETIMES(PSEC)


     LEVEL         LIFETIME     ERROR

        2           49.27        -0.22         0.22
        3           48.80        -1.00         1.00
        4            5.12        -0.07         0.07
        5            3.80        -0.80         0.80
        6            1.41        -0.12         0.12
        7            1.10        -0.30         0.30
        8            0.61        -0.06         0.06

          LIFETIMES ARE TAKEN WITH WEIGHT    0.100000E+01


                    EXPERIMENTAL E2/M1 MIXING RATIOS


          TRANSITION            DELTA          ERROR

           3---  2               -5.2000          -0.5000      0.5000

          E2/M1 MIXING RATIOS ARE TAKEN WITH WEIGHT    0.100000E+01


                              EXPERIMENTAL MATRIX ELEMENT(S)


          TRANSITION          MAT.EL.          ERROR

           2---  2                0.8300          -0.1100      0.1100
           3---  3               -0.5100          -0.2100      0.2100
           4---  4                1.3700          -0.1600      0.1600
           6---  6               -0.3000          -0.4000      0.4000

           MATRIX ELEMENT(S) ARE TAKEN WITH WEIGHT    0.100000E+01



     *****  RESTART-MATRIX ELEMENTS OVERWRITTEN  *****




                                        MATRIX ELEMENTS


     MULTIPOLARITY=2
    INDEX   NF     NS          ME               LIMITS
       1      1      2        1.16591        1.10000        1.30000
       2      1      3        0.01060       -1.00000        1.00000
       3      2      2       -1.29207       -2.00000        2.00000
       4      2      3       -1.70467       -3.00000        3.00000
       5      2      4       -0.33924       -4.00000        4.00000
       6      2      5       -0.52764       -4.00000        4.00000
       7      3      3       -0.21784       -3.00000        3.00000
       8      3      5       -0.32702       -4.00000        4.00000
       9      4      4        0.57857       -3.00000        3.00000
      10      4      5       -0.40899       -3.00000        3.00000
      11      4      6       -0.88975       -4.00000        4.00000
      12      4      7       -1.30567       -2.00000        2.00000
      13      5      5       -0.75579       -3.00000        3.00000
      14      5      7        1.47940       -8.00000        8.00000
      15      6      6        0.07143       -3.00000        3.00000
      16      6      8       -1.59735       -5.00000        5.00000
      17      7      7       -1.24962       -4.00000        4.00000
      18      7      9       -1.25776       -4.00000        4.00000
      19      8      8        0.29453       -4.00000        4.00000
      20      8     10       -1.95621       -8.00000        8.00000
      21      9      9       -3.61543       -4.00000        4.00000
      22     10     10        1.05848       -4.00000        4.00000
     MULTIPOLARITY=7
    INDEX   NF     NS          ME               LIMITS
      23      2      3        0.12209     FIXED
      24      4      5       -0.74156     FIXED


                                                  CALCULATED YIELDS

     EXPERIMENT  1  DETECTOR  1
     ENERGY    410.300 MEV  THETA  25.450 DEG

     NI     NF     II     IF     YIELD     NORMALIZED YIELD

     10      8   10.0    8.0           0.000000017228116513219053819991522956064922134089556493563578        0.50036E-12
      9      7    8.0    6.0           0.000010200841627986685956354893922704007991342223249375820160        0.29627E-09
      8      6    8.0    6.0           0.000022314049161072490847163365956795644251542398706078529358        0.64807E-09
      7      4    6.0    4.0           0.018426670561635043188442040218433248810470104217529296875000        0.53517E-06
      7      5    6.0    4.0           0.002378511679823360619456806830385175999253988265991210937500        0.69080E-07
      6      4    6.0    4.0           0.019309596504248630749467352529791241977363824844360351562500        0.56081E-06
      5      2    4.0    2.0          13.893177635200482100685803743544965982437133789062500000000000        0.40350E-03
      5      3    4.0    2.0           0.595023126734499530066102579439757391810417175292968750000000        0.17281E-04
      5      4    4.0    4.0           4.039341456533118268623638869030401110649108886718750000000000        0.11732E-03
      4      2    4.0    2.0          24.250514664197062586481479229405522346496582031250000000000000        0.70431E-03
      3      1    2.0    0.0           0.389924864208601062998127417813520878553390502929687500000000        0.11325E-04
      3      2    2.0    2.0         298.821626072367052984191104769706726074218750000000000000000000        0.86787E-02
      2      1    2.0    0.0       34431.431666615426365751773118972778320312500000000000000000000000        0.10000E+01


                                                  CALCULATED YIELDS

     EXPERIMENT  2  DETECTOR  1
     ENERGY    410.300 MEV  THETA  34.280 DEG

     NI     NF     II     IF     YIELD     NORMALIZED YIELD

     10      8   10.0    8.0           0.000000927789528779294088039781163851360545891111542005091906        0.27969E-10
      9      7    8.0    6.0           0.000231218470078605104790769875222622431465424597263336181641        0.69703E-08
      8      6    8.0    6.0           0.000414396819448435899981009189474434606381691992282867431641        0.12492E-07
      7      4    6.0    4.0           0.147912373098704752472087875503348186612129211425781250000000        0.44589E-05
      7      5    6.0    4.0           0.019092505267376057992434468246756296139210462570190429687500        0.57556E-06
      6      4    6.0    4.0           0.128422929032706523155837885497021488845348358154296875000000        0.38714E-05
      5      2    4.0    2.0          40.489172938370913357175595592707395553588867187500000000000000        0.12206E-02
      5      3    4.0    2.0           1.734088095153333286546626368362922221422195434570312500000000        0.52276E-04
      5      4    4.0    4.0          11.795786852484306805877167789731174707412719726562500000000000        0.35559E-03
      4      2    4.0    2.0          61.657092937015455902383109787479043006896972656250000000000000        0.18587E-02
      3      1    2.0    0.0           1.066235467129046821099791486631147563457489013671875000000000        0.32143E-04
      3      2    2.0    2.0         809.829013337582750864385161548852920532226562500000000000000000        0.24413E-01
      2      1    2.0    0.0       33172.043863163184141740202903747558593750000000000000000000000000        0.10000E+01


                                                  CALCULATED YIELDS

     EXPERIMENT  3  DETECTOR  1
     ENERGY    410.300 MEV  THETA  41.600 DEG

     NI     NF     II     IF     YIELD     NORMALIZED YIELD

     10      8   10.0    8.0           0.000007663146821713055908617540090688180498545989394187927246        0.26099E-09
      9      7    8.0    6.0           0.001135273957190680244391800535197489807615056633949279785156        0.38665E-07
      8      6    8.0    6.0           0.001931761557388816680919108037528530985582619905471801757812        0.65792E-07
      7      4    6.0    4.0           0.416810072973428924480998603030457161366939544677734375000000        0.14196E-04
      7      5    6.0    4.0           0.053801777033766026714367569638852728530764579772949218750000        0.18324E-05
      6      4    6.0    4.0           0.342070154974494167188225901554687879979610443115234375000000        0.11650E-04
      5      2    4.0    2.0          64.601699930547766825839062221348285675048828125000000000000000        0.22002E-02
      5      3    4.0    2.0           2.766790010769429208892233873484656214714050292968750000000000        0.94232E-04
      5      4    4.0    4.0          18.832387845350634592023197910748422145843505859375000000000000        0.64140E-03
      4      2    4.0    2.0          95.024462809610014346617390401661396026611328125000000000000000        0.32364E-02
      3      1    2.0    0.0           1.743985381415435353957832376181613653898239135742187500000000        0.59397E-04
      3      2    2.0    2.0        1319.761488597275729262037202715873718261718750000000000000000000        0.44949E-01
      2      1    2.0    0.0       29361.569652476697228848934173583984375000000000000000000000000000        0.10000E+01


                                                  CALCULATED YIELDS

     EXPERIMENT  4  DETECTOR  1
     ENERGY    410.300 MEV  THETA  47.590 DEG

     NI     NF     II     IF     YIELD     NORMALIZED YIELD

     10      8   10.0    8.0           0.000026382337989451143584786196871760921567329205572605133057        0.10364E-08
      9      7    8.0    6.0           0.002790633121568522004990464679963224625680595636367797851562        0.10963E-06
      8      6    8.0    6.0           0.004715598872221440571173012301642302190884947776794433593750        0.18525E-06
      7      4    6.0    4.0           0.736828735471625750896862427907763049006462097167968750000000        0.28947E-04
      7      5    6.0    4.0           0.095109734763477324359648434892733348533511161804199218750000        0.37364E-05
      6      4    6.0    4.0           0.593863210229186533339884590532165020704269409179687500000000        0.23330E-04
      5      2    4.0    2.0          79.886277966159127572609577327966690063476562500000000000000000        0.31384E-02
      5      3    4.0    2.0           3.421404674003567958351368361036293208599090576171875000000000        0.13441E-03
      5      4    4.0    4.0          23.285195694371388697163638425990939140319824218750000000000000        0.91477E-03
      4      2    4.0    2.0         116.871750922617579249163100030273199081420898437500000000000000        0.45913E-02
      3      1    2.0    0.0           2.252632023276812223144816016429103910923004150390625000000000        0.88495E-04
      3      2    2.0    2.0        1702.595552528779762724298052489757537841796875000000000000000000        0.66887E-01
      2      1    2.0    0.0       25454.801048153618467040359973907470703125000000000000000000000000        0.10000E+01


                                                  CALCULATED YIELDS

     EXPERIMENT  5  DETECTOR  1
     ENERGY    410.300 MEV  THETA  24.941 DEG

     NI     NF     II     IF     YIELD     NORMALIZED YIELD

     10      8   10.0    8.0           0.000729864037173499186593461640626401276676915585994720458984        0.80445E-07
      9      7    8.0    6.0           0.023091989483437217606232039202041050884872674942016601562500        0.25452E-05
      8      6    8.0    6.0           0.049797031745107987743548250136882415972650051116943359375000        0.54886E-05
      7      4    6.0    4.0           2.792330627737682924305318010738119482994079589843750000000000        0.30777E-03
      7      5    6.0    4.0           0.360433601868048847371994725108379498124122619628906250000000        0.39727E-04
      6      4    6.0    4.0           2.251120575789557598511692049214616417884826660156250000000000        0.24812E-03
      5      2    4.0    2.0          93.272527529095683007653860840946435928344726562500000000000000        0.10280E-01
      5      3    4.0    2.0           3.994717074488927099906732109957374632358551025390625000000000        0.44030E-03
      5      4    4.0    4.0          26.778905421417096732739082654006779193878173828125000000000000        0.29516E-02
      4      2    4.0    2.0         136.743879297466065736443852074444293975830078125000000000000000        0.15072E-01
      3      1    2.0    0.0           3.918914113060898873897031080559827387332916259765625000000000        0.43194E-03
      3      2    2.0    2.0        2970.686134604600738384760916233062744140625000000000000000000000        0.32743E+00
      2      1    2.0    0.0        9072.803942195461786468513309955596923828125000000000000000000000        0.10000E+01


                                                  CALCULATED YIELDS

     EXPERIMENT  6  DETECTOR  1
     ENERGY    410.300 MEV  THETA  34.051 DEG

     NI     NF     II     IF     YIELD     NORMALIZED YIELD

     10      8   10.0    8.0           0.000602402520391107088038040728861233219504356384277343750000        0.39244E-07
      9      7    8.0    6.0           0.024004227257017937691152553725260077044367790222167968750000        0.15638E-05
      8      6    8.0    6.0           0.046394605795042308249431783906402415595948696136474609375000        0.30224E-05
      7      4    6.0    4.0           3.035209368743898572517991851782426238059997558593750000000000        0.19773E-03
      7      5    6.0    4.0           0.391784349167350831599776483926689252257347106933593750000000        0.25523E-04
      6      4    6.0    4.0           2.452292081930048439630809298250824213027954101562500000000000        0.15976E-03
      5      2    4.0    2.0         123.425420386653570403723279014229774475097656250000000000000000        0.80406E-02
      5      3    4.0    2.0           5.286118494735076112078786536585539579391479492187500000000000        0.34437E-03
      5      4    4.0    4.0          35.679888544647738513049262110143899917602539062500000000000000        0.23244E-02
      4      2    4.0    2.0         185.650753666281616460764780640602111816406250000000000000000000        0.12094E-01
      3      1    2.0    0.0           4.647353610474297624932660255581140518188476562500000000000000        0.30275E-03
      3      2    2.0    2.0        3519.123427855663067020941525697708129882812500000000000000000000        0.22925E+00
      2      1    2.0    0.0       15350.322226768936161533929407596588134765625000000000000000000000        0.10000E+01


                                                  CALCULATED YIELDS

     EXPERIMENT  7  DETECTOR  1
     ENERGY    410.300 MEV  THETA  41.498 DEG

     NI     NF     II     IF     YIELD     NORMALIZED YIELD

     10      8   10.0    8.0           0.000326776483790141441827109547446639226109255105257034301758        0.14693E-07
      9      7    8.0    6.0           0.017266792962128175298319732178242702502757310867309570312500        0.77639E-06
      8      6    8.0    6.0           0.031068105790670614424486828397675708401948213577270507812500        0.13970E-05
      7      4    6.0    4.0           2.566969500499861833731074511888436973094940185546875000000000        0.11542E-03
      7      5    6.0    4.0           0.331344016870675606156737558194436132907867431640625000000000        0.14899E-04
      6      4    6.0    4.0           2.063305376193718121413667176966555416584014892578125000000000        0.92775E-04
      5      2    4.0    2.0         136.942319647243209601583657786250114440917968750000000000000000        0.61575E-02
      5      3    4.0    2.0           5.865026154845707218044026376446709036827087402343750000000000        0.26372E-03
      5      4    4.0    4.0          39.769625864113585578252241248264908790588378906250000000000000        0.17882E-02
      4      2    4.0    2.0         204.662554302972097275414853356778621673583984375000000000000000        0.92025E-02
      3      1    2.0    0.0           4.603228936761707856817338324617594480514526367187500000000000        0.20698E-03
      3      2    2.0    2.0        3481.622487357087265991140156984329223632812500000000000000000000        0.15655E+00
      2      1    2.0    0.0       22239.919148473327368265017867088317871093750000000000000000000000        0.10000E+01


                                                  CALCULATED YIELDS

     EXPERIMENT  8  DETECTOR  1
     ENERGY    410.300 MEV  THETA  47.537 DEG

     NI     NF     II     IF     YIELD     NORMALIZED YIELD

     10      8   10.0    8.0           0.000137834602509764501086786392392014022334478795528411865234        0.47866E-08
      9      7    8.0    6.0           0.009849018500888026550477150067308684810996055603027343750000        0.34203E-06
      8      6    8.0    6.0           0.016989632163410789411628343259508255869150161743164062500000        0.59000E-06
      7      4    6.0    4.0           1.841091083780579840123436952126212418079376220703125000000000        0.63936E-04
      7      5    6.0    4.0           0.237647743321530713345168805972207337617874145507812500000000        0.82528E-05
      6      4    6.0    4.0           1.474925286018192727155451393628027290105819702148437500000000        0.51220E-04
      5      2    4.0    2.0         133.185161239587813497564638964831829071044921875000000000000000        0.46251E-02
      5      3    4.0    2.0           5.704112814254957086745889682788401842117309570312500000000000        0.19809E-03
      5      4    4.0    4.0          38.773574142752096349795465357601642608642578125000000000000000        0.13465E-02
      4      2    4.0    2.0         196.474052074452799843129469081759452819824218750000000000000000        0.68230E-02
      3      1    2.0    0.0           4.079677864753989524615462869405746459960937500000000000000000        0.14168E-03
      3      2    2.0    2.0        3083.194853263564709777710959315299987792968750000000000000000000        0.10707E+00
      2      1    2.0    0.0       28795.904846884764992864802479743957519531250000000000000000000000        0.10000E+01


                                                  CALCULATED YIELDS

     EXPERIMENT  9  DETECTOR  1
     ENERGY    410.300 MEV  THETA 146.370 DEG

     NI     NF     II     IF     YIELD     NORMALIZED YIELD

     10      8   10.0    8.0           0.000057134229595542182381182755301907150169427040964365005493        0.11107E-06
      9      7    8.0    6.0           0.001546974140354186177948037084206589497625827789306640625000        0.30073E-05
      8      6    8.0    6.0           0.004232975805456829637707372171462338883429765701293945312500        0.82289E-05
      7      4    6.0    4.0           0.233605249785771212911456018446187954396009445190429687500000        0.45413E-03
      7      5    6.0    4.0           0.030153729101482961566516038942609156947582960128784179687500        0.58619E-04
      6      4    6.0    4.0           0.183044906996657624764779370707401540130376815795898437500000        0.35584E-03
      5      2    4.0    2.0           7.121635994960547222376590070780366659164428710937500000000000        0.13844E-01
      5      3    4.0    2.0           0.305008574672724186438443894076044671237468719482421875000000        0.59294E-03
      5      4    4.0    4.0           2.024863595996281517841453023720532655715942382812500000000000        0.39363E-02
      4      2    4.0    2.0           9.242188216898975738899935095105320215225219726562500000000000        0.17967E-01
      3      1    2.0    0.0           0.322417163025242148322035973251331597566604614257812500000000        0.62678E-03
      3      2    2.0    2.0         244.626210955331401919465861283242702484130859375000000000000000        0.47555E+00
      2      1    2.0    0.0         514.404258415697768214158713817596435546875000000000000000000000        0.10000E+01


          E2/M1 MIXING RATIOS
          TRANSITION          EXP.DELTA          CALC.DELTA          SIGMA

           3---  2               -5.20              -3.88              2.64


                    CALCULATED LIFETIMES

     LEVEL     LIFETIME(PSEC)     EXP        ERROR

        2       0.4974E+02     0.4927E+02    -.2200E+00    0.2200E+00
        3       0.2967E+02     0.4880E+02    -.1000E+01    0.1000E+01
        4       0.1624E+03     0.5120E+01    -.7000E-01    0.7000E-01
        5       0.2641E+01     0.3800E+01    -.8000E+00    0.8000E+00
        6       0.1149E+02     0.1410E+01    -.1200E+00    0.1200E+00
        7       0.2965E+00     0.1100E+01    -.3000E+00    0.3000E+00
        8       0.2652E+01     0.6100E+00    -.6000E-01    0.6000E-01
        9       0.3856E+01
       10       0.1431E+01


CALCULATED AND EXPERIMENTAL MATRIX ELEMENTS


     NI NF  EXP. ME   CURRENT ME   SIGMA
      2   2    0.8300   -1.2921  -19.2916
      3   3   -0.5100   -0.2178    1.3913
      4   4    1.3700    0.5786   -4.9464
      6   6   -0.3000    0.0714    0.9286
               ********* END OF EXECUTION **********
