1
 *****************************************************************************************************************************
 *****************************************************************************************************************************
 **************************************************                         **************************************************
 **************************************************          GOSIA          **************************************************
 **************************************************                         **************************************************
 *****************************************************************************************************************************
 *****************************************************************************************************************************





                    ROCHESTER COULOMB EXCITATION DATA ANALYSIS CODE BY T.CZOSNYKA,D.CLINE AND C.Y.WU
                                                  VERSION: 20081208.18






               Coulomb excitation of 112Sn                                                
          ----------------------------------------------------------------------------------------------------

                                        LEVELS

     INDEX     PARITY         SPIN           ENERGY(MEV)
       1           +           0.0            0.0000
       2           +           2.0            1.2567
       3           +           2.0            2.1509
       4           +           4.0            2.2474
       5           -           3.0            2.3542
       6           +           6.0            2.5492
       7           +           4.0            2.9131
       8           +           4.0            2.5207

                                        MATRIX ELEMENTS


     MULTIPOLARITY=1
    INDEX   NF     NS          ME               LIMITS
       1      2      5        0.03558       -1.00000        1.00000
     MULTIPOLARITY=2
    INDEX   NF     NS          ME               LIMITS
       2      1      2        0.48884       -1.00000        1.00000
       3      1      3        0.12018       -1.00000        1.00000
       4      2      2        0.06806       -2.00000        2.00000
       5      2      3        0.81708       -2.00000        2.00000
       6      2      4        0.48016       -2.00000        2.00000
       7      2      7        0.48016       -2.00000        2.00000
       8      2      8        0.10000       -2.00000        2.00000
       9      3      3       -0.13657       -2.00000        2.00000
      10      4      4        0.45959       -2.00000        2.00000
      11      4      6        0.10000       -8.00000        8.00000
      12      5      5        1.49656       -8.00000        8.00000
      13      6      6        0.50010       -8.00000        8.00000
      14      7      7        0.10000       -4.00000        4.00000
      15      8      8        0.10000       -4.00000        4.00000
     MULTIPOLARITY=7
    INDEX   NF     NS          ME               LIMITS
      16      2      3        0.56635       -4.00000        4.00000
      17      4      7        0.10000       -4.00000        4.00000

                                               REPRINT OF EXPERIMENTAL DATA TO BE FITTED





     EXPERIMENT  1
  PROJECTILE ( 50.,112.) 410.300 MEV ---1 GE(LI) DETECTOR(S)  WEIGHT=0.10E+01
                    ** EXPERIMENTAL YIELDS **
    DECAY IS  IF         YIELD+/-ERROR

       9   2   1  0.268090E+05     0.668000E+03



     EXPERIMENT  2
  PROJECTILE ( 50.,112.) 410.300 MEV ---1 GE(LI) DETECTOR(S)  WEIGHT=0.10E+01
                    ** EXPERIMENTAL YIELDS **
    DECAY IS  IF         YIELD+/-ERROR

       9   2   1  0.386540E+05     0.926000E+03



     EXPERIMENT  3
  PROJECTILE ( 50.,112.) 410.300 MEV ---1 GE(LI) DETECTOR(S)  WEIGHT=0.10E+01
                    ** EXPERIMENTAL YIELDS **
    DECAY IS  IF         YIELD+/-ERROR

       9   2   1  0.358190E+05     0.831000E+03



     EXPERIMENT  4
  PROJECTILE ( 50.,112.) 410.300 MEV ---1 GE(LI) DETECTOR(S)  WEIGHT=0.10E+01
                    ** EXPERIMENTAL YIELDS **
    DECAY IS  IF         YIELD+/-ERROR

       9   2   1  0.286960E+05     0.700000E+03



     EXPERIMENT  5
  PROJECTILE ( 50.,112.) 410.300 MEV ---1 GE(LI) DETECTOR(S)  WEIGHT=0.10E+01
                    ** EXPERIMENTAL YIELDS **
    DECAY IS  IF         YIELD+/-ERROR

       9   2   1  0.284920E+05     0.159000E+04
       6   4   2  0.233000E+03     0.125000E+03



     EXPERIMENT  6
  PROJECTILE ( 50.,112.) 410.300 MEV ---1 GE(LI) DETECTOR(S)  WEIGHT=0.10E+01
                    ** EXPERIMENTAL YIELDS **
    DECAY IS  IF         YIELD+/-ERROR

       9   2   1  0.375920E+05     0.164800E+04
       6   4   2  0.152000E+03     0.120000E+03



     EXPERIMENT  7
  PROJECTILE ( 50.,112.) 410.300 MEV ---1 GE(LI) DETECTOR(S)  WEIGHT=0.10E+01
                    ** EXPERIMENTAL YIELDS **
    DECAY IS  IF         YIELD+/-ERROR

       9   2   1  0.381650E+05     0.135000E+04
       6   4   2  0.300000E+03     0.840000E+02



     EXPERIMENT  8
  PROJECTILE ( 50.,112.) 410.300 MEV ---1 GE(LI) DETECTOR(S)  WEIGHT=0.10E+01
                    ** EXPERIMENTAL YIELDS **
    DECAY IS  IF         YIELD+/-ERROR

       9   2   1  0.350950E+05     0.123300E+04
       6   4   2  0.433000E+03     0.191000E+03



     EXPERIMENT  9
  PROJECTILE ( 50.,112.) 410.300 MEV ---1 GE(LI) DETECTOR(S)  WEIGHT=0.10E+01
                    ** EXPERIMENTAL YIELDS **
    DECAY IS  IF         YIELD+/-ERROR

       9   2   1  0.112520E+05     0.430000E+03
       6   4   2  0.400000E+03     0.910000E+02


       14 EXPERIMENTAL YIELDS           17 MATRIX ELEMENTS TO BE VARIED






     *****  RESTART-MATRIX ELEMENTS OVERWRITTEN  *****




                                        MATRIX ELEMENTS


     MULTIPOLARITY=1
    INDEX   NF     NS          ME               LIMITS
       1      2      5        0.07258       -1.00000        1.00000
     MULTIPOLARITY=2
    INDEX   NF     NS          ME               LIMITS
       2      1      2        0.57793       -1.00000        1.00000
       3      1      3        0.20989       -1.00000        1.00000
       4      2      2       -0.77182       -2.00000        2.00000
       5      2      3        1.10291       -2.00000        2.00000
       6      2      4       -0.64701       -2.00000        2.00000
       7      2      7        0.23770       -2.00000        2.00000
       8      2      8        1.26421       -2.00000        2.00000
       9      3      3       -1.08555       -2.00000        2.00000
      10      4      4       -2.04885       -2.00000        2.00000
      11      4      6       -2.92776       -8.00000        8.00000
      12      5      5       -0.63975       -8.00000        8.00000
      13      6      6       -1.12811       -8.00000        8.00000
      14      7      7       -0.50981       -4.00000        4.00000
      15      8      8       -1.36789       -4.00000        4.00000
     MULTIPOLARITY=7
    INDEX   NF     NS          ME               LIMITS
      16      2      3       -0.79191       -4.00000        4.00000
      17      4      7        0.11241       -4.00000        4.00000


                                                  CALCULATED YIELDS

     EXPERIMENT  1  DETECTOR  1
     ENERGY    410.300 MEV  THETA  25.450 DEG

     NI     NF     II     IF     YIELD     NORMALIZED YIELD

      7      2    4.0    2.0           0.024509485778989290732932104788233118597418069839477539062500        0.14998E-04
      7      4    4.0    4.0           0.000185094453124715090834920272477859271020861342549324035645        0.11327E-06
      6      4    6.0    4.0           0.175006359991138171761093644818174652755260467529296875000000        0.10709E-03
      8      2    4.0    2.0           3.003211414180278815422298066550865769386291503906250000000000        0.18378E-02
      5      2    3.0    2.0           0.276476605845172529463127375493058934807777404785156250000000        0.16919E-03
      4      2    4.0    2.0           2.212041357215192682872384466463699936866760253906250000000000        0.13536E-02
      3      1    2.0    0.0           3.189859863757719349308672462939284741878509521484375000000000        0.19520E-02
      3      2    2.0    2.0           2.385003737011263780232184217311441898345947265625000000000000        0.14595E-02
      2      1    2.0    0.0        1634.160653967433518118923529982566833496093750000000000000000000        0.10000E+01


                                                  CALCULATED YIELDS

     EXPERIMENT  2  DETECTOR  1
     ENERGY    410.300 MEV  THETA  34.280 DEG

     NI     NF     II     IF     YIELD     NORMALIZED YIELD

      7      2    4.0    2.0           0.196586210510021619501941358976182527840137481689453125000000        0.75366E-04
      7      4    4.0    4.0           0.001489999221958010228866742252762378484476357698440551757812        0.57123E-06
      6      4    6.0    4.0           1.815919976046032280336817166244145482778549194335937500000000        0.69618E-03
      8      2    4.0    2.0          17.555081578182246460073656635358929634094238281250000000000000        0.67302E-02
      5      2    3.0    2.0           1.259067705037505868759240001963917165994644165039062500000000        0.48269E-03
      4      2    4.0    2.0          11.051925429415298651747434632852673530578613281250000000000000        0.42370E-02
      3      1    2.0    0.0          11.257301294855894369106863450724631547927856445312500000000000        0.43158E-02
      3      2    2.0    2.0           8.506161716704639275121735408902168273925781250000000000000000        0.32610E-02
      2      1    2.0    0.0        2608.414240090633029467426240444183349609375000000000000000000000        0.10000E+01


                                                  CALCULATED YIELDS

     EXPERIMENT  3  DETECTOR  1
     ENERGY    410.300 MEV  THETA  41.600 DEG

     NI     NF     II     IF     YIELD     NORMALIZED YIELD

      7      2    4.0    2.0           0.461114815065952865502652002760441973805427551269531250000000        0.16170E-03
      7      4    4.0    4.0           0.003495087252947873604491668686478078598156571388244628906250        0.12256E-05
      6      4    6.0    4.0           5.290889556440549590377031563548371195793151855468750000000000        0.18553E-02
      8      2    4.0    2.0          35.376949118429877216840395703911781311035156250000000000000000        0.12405E-01
      5      2    3.0    2.0           2.271910998062510511630307519226334989070892333984375000000000        0.79667E-03
      4      2    4.0    2.0          21.548133343642927428618349949829280376434326171875000000000000        0.75561E-02
      3      1    2.0    0.0          18.458975746977941412296786438673734664916992187500000000000000        0.64729E-02
      3      2    2.0    2.0          14.121125835704926743119358434341847896575927734375000000000000        0.49518E-02
      2      1    2.0    0.0        2851.743088019087281281827017664909362792968750000000000000000000        0.10000E+01


                                                  CALCULATED YIELDS

     EXPERIMENT  4  DETECTOR  1
     ENERGY    410.300 MEV  THETA  47.590 DEG

     NI     NF     II     IF     YIELD     NORMALIZED YIELD

      7      2    4.0    2.0           0.665634018184674602913730723230401054024696350097656250000000        0.24178E-03
      7      4    4.0    4.0           0.005044309363160305939577376932447805302217602729797363281250        0.18322E-05
      6      4    6.0    4.0           8.976293721598006314366102742496877908706665039062500000000000        0.32605E-02
      8      2    4.0    2.0          46.876058542005850426903634797781705856323242187500000000000000        0.17027E-01
      5      2    3.0    2.0           2.770897499804335417650236195186153054237365722656250000000000        0.10065E-02
      4      2    4.0    2.0          29.077412823719075873896144912578165531158447265625000000000000        0.10562E-01
      3      1    2.0    0.0          22.399739865430863261508420691825449466705322265625000000000000        0.81363E-02
      3      2    2.0    2.0          17.336662492296245119405284640379250049591064453125000000000000        0.62972E-02
      2      1    2.0    0.0        2753.074043294953298754990100860595703125000000000000000000000000        0.10000E+01


                                                  CALCULATED YIELDS

     EXPERIMENT  5  DETECTOR  1
     ENERGY    410.300 MEV  THETA  24.883 DEG

     NI     NF     II     IF     YIELD     NORMALIZED YIELD

      7      2    4.0    2.0           0.451658662378459307973344039055518805980682373046875000000000        0.34663E-03
      7      4    4.0    4.0           0.003388164270344063040696358513059749384410679340362548828125        0.26003E-05
      6      4    6.0    4.0          12.683776905349374075626656122040003538131713867187500000000000        0.97344E-02
      8      2    4.0    2.0          23.452229911300051412581524346023797988891601562500000000000000        0.17999E-01
      5      2    3.0    2.0           1.320162629036270240945327714143786579370498657226562500000000        0.10132E-02
      4      2    4.0    2.0          34.673424117254754150962980929762125015258789062500000000000000        0.26611E-01
      3      1    2.0    0.0          14.221536364248713368851895211264491081237792968750000000000000        0.10915E-01
      3      2    2.0    2.0          11.395846625178293720637157093733549118041992187500000000000000        0.87460E-02
      2      1    2.0    0.0        1302.984806699025966736371628940105438232421875000000000000000000        0.10000E+01


                                                  CALCULATED YIELDS

     EXPERIMENT  6  DETECTOR  1
     ENERGY    410.300 MEV  THETA  33.984 DEG

     NI     NF     II     IF     YIELD     NORMALIZED YIELD

      7      2    4.0    2.0           0.873779582629805151583468614262528717517852783203125000000000        0.41668E-03
      7      4    4.0    4.0           0.006588916297837628908984353159894453710876405239105224609375        0.31421E-05
      6      4    6.0    4.0          20.445833880164968832104932516813278198242187500000000000000000        0.97501E-02
      8      2    4.0    2.0          48.940119866844874252365116262808442115783691406250000000000000        0.23338E-01
      5      2    3.0    2.0           2.584885504092152341826249539735727012157440185546875000000000        0.12327E-02
      4      2    4.0    2.0          49.375752899049302868661470711231231689453125000000000000000000        0.23546E-01
      3      1    2.0    0.0          24.406648608370012709656293736770749092102050781250000000000000        0.11639E-01
      3      2    2.0    2.0          19.626629032527926455031774821691215038299560546875000000000000        0.93595E-02
      2      1    2.0    0.0        2096.979967738435334467794746160507202148437500000000000000000000        0.10000E+01


                                                  CALCULATED YIELDS

     EXPERIMENT  7  DETECTOR  1
     ENERGY    410.300 MEV  THETA  41.424 DEG

     NI     NF     II     IF     YIELD     NORMALIZED YIELD

      7      2    4.0    2.0           1.167340923313579414966056901903357356786727905273437500000000        0.40838E-03
      7      4    4.0    4.0           0.008827473720848509966541151072760840179398655891418457031250        0.30882E-05
      6      4    6.0    4.0          22.894055286592230658015978406183421611785888671875000000000000        0.80092E-02
      8      2    4.0    2.0          70.072728836991146295076759997755289077758789062500000000000000        0.24514E-01
      5      2    3.0    2.0           3.685874793965782547644494115957058966159820556640625000000000        0.12895E-02
      4      2    4.0    2.0          54.923639670549967206625296967104077339172363281250000000000000        0.19214E-01
      3      1    2.0    0.0          32.217587272792691521772212581709027290344238281250000000000000        0.11271E-01
      3      2    2.0    2.0          25.693119683257453544911186327226459980010986328125000000000000        0.89884E-02
      2      1    2.0    0.0        2858.481713084176590200513601303100585937500000000000000000000000        0.10000E+01


                                                  CALCULATED YIELDS

     EXPERIMENT  8  DETECTOR  1
     ENERGY    410.300 MEV  THETA  47.456 DEG

     NI     NF     II     IF     YIELD     NORMALIZED YIELD

      7      2    4.0    2.0           1.193987037312357779583749106677714735269546508789062500000000        0.34551E-03
      7      4    4.0    4.0           0.009041657710231756905905342591722728684544563293457031250000        0.26164E-05
      6      4    6.0    4.0          19.740796569320096409683173988014459609985351562500000000000000        0.57125E-02
      8      2    4.0    2.0          76.728800890047352822875836864113807678222656250000000000000000        0.22203E-01
      5      2    3.0    2.0           4.245838608221172094658868445549160242080688476562500000000000        0.12286E-02
      4      2    4.0    2.0          51.898067023999793434541061287745833396911621093750000000000000        0.15018E-01
      3      1    2.0    0.0          34.855628377603409262519562616944313049316406250000000000000000        0.10086E-01
