1
 *****************************************************************************************************************************
 *****************************************************************************************************************************
 **************************************************                         **************************************************
 **************************************************          GOSIA          **************************************************
 **************************************************                         **************************************************
 *****************************************************************************************************************************
 *****************************************************************************************************************************





                    ROCHESTER COULOMB EXCITATION DATA ANALYSIS CODE BY T.CZOSNYKA,D.CLINE AND C.Y.WU
                                                  VERSION: 20081208.18






               Coulomb excitation of 196Pt                                                
          ----------------------------------------------------------------------------------------------------

                                        LEVELS

     INDEX     PARITY         SPIN           ENERGY(MEV)
       1           +           0.0            0.0000
       2           +           2.0            0.3557
       3           +           2.0            0.6887
       4           +           4.0            0.8769
       5           +           4.0            1.2933
       6           +           6.0            1.5258
       7           +           6.0            2.0074
       8           +           8.0            2.2527
       9           +           8.0            2.7496
      10           +          10.0            3.0440

                                        MATRIX ELEMENTS


     MULTIPOLARITY=2
    INDEX   NF     NS          ME               LIMITS
       1      1      2        1.17103       -3.00000        3.00000
       2      1      3       -0.02567       -1.00000        1.00000
       3      2      2        0.88889       -2.00000        2.00000
       4      2      3        1.33626       -3.00000        3.00000
       5      2      4        1.91072       -4.00000        4.00000
       6      2      5        0.27088       -4.00000        4.00000
       7      3      3       -0.29397       -3.00000        3.00000
       8      3      5        1.32342       -4.00000        4.00000
       9      4      4        1.02414       -3.00000        3.00000
      10      4      5        1.10586       -3.00000        3.00000
      11      4      6        2.69899       -4.00000        4.00000
      12      4      7        0.75845       -2.00000        2.00000
      13      5      5        1.03091       -3.00000        3.00000
      14      5      7        3.06291       -8.00000        8.00000
      15      6      6        0.31326       -3.00000        3.00000
      16      6      8        3.26907       -5.00000        5.00000
      17      7      7       -0.23323       -4.00000        4.00000
      18      7      9        1.29875       -4.00000        4.00000
      19      8      8        0.82646       -4.00000        4.00000
      20      8     10        1.04082       -8.00000        8.00000
      21      9      9        0.00000       -4.00000        4.00000
      22     10     10        0.00000       -4.00000        4.00000
     MULTIPOLARITY=7
    INDEX   NF     NS          ME               LIMITS
      23      2      3       -0.07285     FIXED
      24      4      5        0.03739     FIXED

                                               REPRINT OF EXPERIMENTAL DATA TO BE FITTED





     EXPERIMENT  1
  PROJECTILE ( 50.,112.) 410.300 MEV ---1 GE(LI) DETECTOR(S)  WEIGHT=0.10E+01
                    ** EXPERIMENTAL YIELDS **
    DECAY IS  IF         YIELD+/-ERROR

      12   3   2  0.400300E+04     0.672000E+03
      13   2   1  0.747767E+06     0.243300E+04
      10   4   2  0.141520E+05     0.418000E+03



     EXPERIMENT  2
  PROJECTILE ( 50.,112.) 410.300 MEV ---1 GE(LI) DETECTOR(S)  WEIGHT=0.10E+01
                    ** EXPERIMENTAL YIELDS **
    DECAY IS  IF         YIELD+/-ERROR

      12   3   2  0.815200E+04     0.771000E+03
      13   2   1  0.643731E+06     0.227500E+04
      10   4   2  0.291120E+05     0.561000E+03
       8   5   3  0.345000E+03     0.199000E+03
       6   6   4  0.625000E+03     0.197000E+03



     EXPERIMENT  3
  PROJECTILE ( 50.,112.) 410.300 MEV ---1 GE(LI) DETECTOR(S)  WEIGHT=0.10E+01
                    ** EXPERIMENTAL YIELDS **
    DECAY IS  IF         YIELD+/-ERROR

      12   3   2  0.122510E+05     0.915000E+03
      13   2   1  0.493713E+06     0.198900E+04
      10   4   2  0.362120E+05     0.637000E+03
       8   5   3  0.795000E+03     0.230000E+03
       6   6   4  0.114000E+04     0.263000E+03



     EXPERIMENT  4
  PROJECTILE ( 50.,112.) 410.300 MEV ---1 GE(LI) DETECTOR(S)  WEIGHT=0.10E+01
                    ** EXPERIMENTAL YIELDS **
    DECAY IS  IF         YIELD+/-ERROR

      12   3   2  0.119490E+05     0.888000E+03
      13   2   1  0.355552E+06     0.168000E+04
      10   4   2  0.356610E+05     0.627000E+03
       8   5   3  0.124500E+04     0.199000E+03
       6   6   4  0.208300E+04     0.241000E+03



     EXPERIMENT  5
  PROJECTILE ( 50.,112.) 410.300 MEV ---1 GE(LI) DETECTOR(S)  WEIGHT=0.10E+01
                    ** EXPERIMENTAL YIELDS **
    DECAY IS  IF         YIELD+/-ERROR

      12   3   2  0.395070E+05     0.725000E+03
      13   2   1  0.277459E+06     0.151400E+04
      10   4   2  0.753800E+05     0.931000E+03
       8   5   3  0.819000E+04     0.387000E+03
       6   6   4  0.896700E+04     0.428000E+03
       5   7   5  0.697000E+03     0.291000E+03
       3   8   6  0.453000E+03     0.206000E+03



     EXPERIMENT  6
  PROJECTILE ( 50.,112.) 410.300 MEV ---1 GE(LI) DETECTOR(S)  WEIGHT=0.10E+01
                    ** EXPERIMENTAL YIELDS **
    DECAY IS  IF         YIELD+/-ERROR

      12   3   2  0.401380E+05     0.776000E+03
      13   2   1  0.366814E+06     0.174800E+04
      10   4   2  0.842000E+05     0.950000E+03
       8   5   3  0.686100E+04     0.356000E+03
       6   6   4  0.102500E+05     0.428000E+03
       5   7   5  0.611000E+03     0.243000E+03
       3   8   6  0.741000E+03     0.272000E+03



     EXPERIMENT  7
  PROJECTILE ( 50.,112.) 410.300 MEV ---1 GE(LI) DETECTOR(S)  WEIGHT=0.10E+01
                    ** EXPERIMENTAL YIELDS **
    DECAY IS  IF         YIELD+/-ERROR

      12   3   2  0.313640E+05     0.140000E+04
      13   2   1  0.408245E+06     0.182300E+04
      10   4   2  0.749330E+05     0.884000E+03
       8   5   3  0.467500E+04     0.345000E+03
       6   6   4  0.650100E+04     0.340000E+03
       5   7   5  0.806000E+03     0.187000E+03
       3   8   6  0.260000E+03     0.177000E+03



     EXPERIMENT  8
  PROJECTILE ( 50.,112.) 410.300 MEV ---1 GE(LI) DETECTOR(S)  WEIGHT=0.10E+01
                    ** EXPERIMENTAL YIELDS **
    DECAY IS  IF         YIELD+/-ERROR

      12   3   2  0.203150E+05     0.108500E+04
      13   2   1  0.401263E+06     0.177700E+04
      10   4   2  0.579450E+05     0.769000E+03
       8   5   3  0.293700E+04     0.245000E+03
       6   6   4  0.496100E+04     0.278000E+03



     EXPERIMENT  9
  PROJECTILE ( 50.,112.) 410.300 MEV ---1 GE(LI) DETECTOR(S)  WEIGHT=0.10E+01
                    ** EXPERIMENTAL YIELDS **
    DECAY IS  IF         YIELD+/-ERROR

      12   3   2  0.193140E+05     0.515000E+03
      13   2   1  0.103336E+06     0.942000E+03
      10   4   2  0.324670E+05     0.608000E+03
       8   5   3  0.500000E+04     0.303000E+03
       6   6   4  0.345300E+04     0.252000E+03
       5   7   5  0.467000E+03     0.140000E+03
       3   8   6  0.544000E+03     0.118000E+03


       51 EXPERIMENTAL YIELDS           22 MATRIX ELEMENTS TO BE VARIED






                              LIFETIMES(PSEC)


     LEVEL         LIFETIME     ERROR

        2           49.27        -0.22         0.22
        3           48.80        -1.00         1.00
        4            5.12        -0.07         0.07
        5            3.80        -0.80         0.80
        6            1.41        -0.12         0.12
        7            1.10        -0.30         0.30
        8            0.61        -0.06         0.06

          LIFETIMES ARE TAKEN WITH WEIGHT    0.100000E+01


                    EXPERIMENTAL E2/M1 MIXING RATIOS


          TRANSITION            DELTA          ERROR

           3---  2               -5.2000          -0.5000      0.5000

          E2/M1 MIXING RATIOS ARE TAKEN WITH WEIGHT    0.100000E+01


                              EXPERIMENTAL MATRIX ELEMENT(S)


          TRANSITION          MAT.EL.          ERROR

           2---  2                0.8300          -0.1100      0.1100
           3---  3               -0.5100          -0.2100      0.2100
           4---  4                1.3700          -0.1600      0.1600
           6---  6               -0.3000          -0.4000      0.4000

           MATRIX ELEMENT(S) ARE TAKEN WITH WEIGHT    0.100000E+01



     *****  RESTART-MATRIX ELEMENTS OVERWRITTEN  *****




                                        MATRIX ELEMENTS


     MULTIPOLARITY=2
    INDEX   NF     NS          ME               LIMITS
       1      1      2        1.17115       -3.00000        3.00000
       2      1      3        0.02713       -1.00000        1.00000
       3      2      2        0.90083       -2.00000        2.00000
       4      2      3       -1.33764       -3.00000        3.00000
       5      2      4        1.90975       -4.00000        4.00000
       6      2      5       -0.22386       -4.00000        4.00000
       7      3      3       -0.30242       -3.00000        3.00000
       8      3      5        1.49614       -4.00000        4.00000
       9      4      4        1.03558       -3.00000        3.00000
      10      4      5       -0.90137       -3.00000        3.00000
      11      4      6        2.75910       -4.00000        4.00000
      12      4      7       -0.36026       -2.00000        2.00000
      13      5      5        1.16489       -3.00000        3.00000
      14      5      7        2.16535       -8.00000        8.00000
      15      6      6       -0.27126       -3.00000        3.00000
      16      6      8        3.25635       -5.00000        5.00000
      17      7      7        4.00000       -4.00000        4.00000
      18      7      9        0.12548       -4.00000        4.00000
      19      8      8        0.99290       -4.00000        4.00000
      20      8     10       -0.00406       -8.00000        8.00000
      21      9      9        0.10001       -4.00000        4.00000
      22     10     10        0.09936       -4.00000        4.00000
     MULTIPOLARITY=7
    INDEX   NF     NS          ME               LIMITS
      23      2      3        0.07383     FIXED
      24      4      5        0.05316     FIXED


                                                  CALCULATED YIELDS

     EXPERIMENT  1  DETECTOR  1
     ENERGY    410.300 MEV  THETA  25.450 DEG

     NI     NF     II     IF     YIELD     NORMALIZED YIELD

     10      8   10.0    8.0   0.96420E-10   0.26267E-14
      9      7    8.0    6.0   0.88372E-06   0.24075E-10
      8      6    8.0    6.0   0.28720E-01   0.78240E-06
      7      4    6.0    4.0   0.28189E-01   0.76794E-06
      7      5    6.0    4.0   0.10239E+00   0.27893E-05
      6      4    6.0    4.0   0.59220E+01   0.16133E-03
      5      2    4.0    2.0   0.11460E+01   0.31221E-04
      5      3    4.0    2.0   0.57072E+01   0.15548E-03
      5      4    4.0    4.0   0.36195E+00   0.98603E-05
      4      2    4.0    2.0   0.65889E+03   0.17950E-01
      3      1    2.0    0.0   0.28376E+01   0.77303E-04
      3      2    2.0    2.0   0.19570E+03   0.53313E-02
      2      1    2.0    0.0   0.36707E+05   0.10000E+01


                                                  CALCULATED YIELDS

     EXPERIMENT  2  DETECTOR  1
     ENERGY    410.300 MEV  THETA  34.280 DEG

     NI     NF     II     IF     YIELD     NORMALIZED YIELD

     10      8   10.0    8.0   0.51219E-08   0.14083E-12
      9      7    8.0    6.0   0.23205E-04   0.63803E-09
      8      6    8.0    6.0   0.52680E+00   0.14484E-04
      7      4    6.0    4.0   0.28611E+00   0.78665E-05
      7      5    6.0    4.0   0.10392E+01   0.28573E-04
      6      4    6.0    4.0   0.38894E+02   0.10694E-02
      5      2    4.0    2.0   0.54338E+01   0.14940E-03
      5      3    4.0    2.0   0.27060E+02   0.74403E-03
      5      4    4.0    4.0   0.17045E+01   0.46865E-04
      4      2    4.0    2.0   0.16431E+04   0.45178E-01
      3      1    2.0    0.0   0.75808E+01   0.20843E-03
      3      2    2.0    2.0   0.51948E+03   0.14283E-01
      2      1    2.0    0.0   0.36370E+05   0.10000E+01


                                                  CALCULATED YIELDS

     EXPERIMENT  3  DETECTOR  1
     ENERGY    410.300 MEV  THETA  41.600 DEG

     NI     NF     II     IF     YIELD     NORMALIZED YIELD

     10      8   10.0    8.0   0.41351E-07   0.12446E-11
      9      7    8.0    6.0   0.12667E-03   0.38126E-08
      8      6    8.0    6.0   0.23995E+01   0.72222E-04
      7      4    6.0    4.0   0.95647E+00   0.28789E-04
      7      5    6.0    4.0   0.34741E+01   0.10457E-03
      6      4    6.0    4.0   0.10106E+03   0.30417E-02
      5      2    4.0    2.0   0.12625E+02   0.38001E-03
      5      3    4.0    2.0   0.62875E+02   0.18924E-02
      5      4    4.0    4.0   0.39423E+01   0.11866E-03
      4      2    4.0    2.0   0.25186E+04   0.75806E-01
      3      1    2.0    0.0   0.12414E+02   0.37364E-03
      3      2    2.0    2.0   0.84841E+03   0.25536E-01
      2      1    2.0    0.0   0.33224E+05   0.10000E+01


                                                  CALCULATED YIELDS

     EXPERIMENT  4  DETECTOR  1
     ENERGY    410.300 MEV  THETA  47.590 DEG

     NI     NF     II     IF     YIELD     NORMALIZED YIELD

     10      8   10.0    8.0   0.13860E-06   0.46694E-11
      9      7    8.0    6.0   0.33495E-03   0.11284E-07
      8      6    8.0    6.0   0.56954E+01   0.19188E-03
      7      4    6.0    4.0   0.19140E+01   0.64483E-04
      7      5    6.0    4.0   0.69522E+01   0.23422E-03
      6      4    6.0    4.0   0.17042E+03   0.57413E-02
      5      2    4.0    2.0   0.20654E+02   0.69584E-03
      5      3    4.0    2.0   0.10286E+03   0.34653E-02
      5      4    4.0    4.0   0.64326E+01   0.21671E-03
      4      2    4.0    2.0   0.30936E+04   0.10422E+00
      3      1    2.0    0.0   0.16157E+02   0.54432E-03
      3      2    2.0    2.0   0.11033E+04   0.37169E-01
      2      1    2.0    0.0   0.29683E+05   0.10000E+01


                                                  CALCULATED YIELDS

     EXPERIMENT  5  DETECTOR  1
     ENERGY    410.300 MEV  THETA  24.941 DEG

     NI     NF     II     IF     YIELD     NORMALIZED YIELD

     10      8   10.0    8.0   0.26675E-05   0.19737E-09
      9      7    8.0    6.0   0.35168E-02   0.26022E-06
      8      6    8.0    6.0   0.41529E+02   0.30728E-02
      7      4    6.0    4.0   0.12737E+02   0.94242E-03
      7      5    6.0    4.0   0.46263E+02   0.34231E-02
      6      4    6.0    4.0   0.47955E+03   0.35483E-01
      5      2    4.0    2.0   0.89562E+02   0.66269E-02
      5      3    4.0    2.0   0.44602E+03   0.33002E-01
      5      4    4.0    4.0   0.28503E+02   0.21090E-02
      4      2    4.0    2.0   0.38523E+04   0.28504E+00
      3      1    2.0    0.0   0.29581E+02   0.21888E-02
      3      2    2.0    2.0   0.20249E+04   0.14982E+00
      2      1    2.0    0.0   0.13515E+05   0.10000E+01


                                                  CALCULATED YIELDS

     EXPERIMENT  6  DETECTOR  1
     ENERGY    410.300 MEV  THETA  34.051 DEG

     NI     NF     II     IF     YIELD     NORMALIZED YIELD

     10      8   10.0    8.0   0.25438E-05   0.12037E-09
      9      7    8.0    6.0   0.35530E-02   0.16813E-06
      8      6    8.0    6.0   0.44736E+02   0.21169E-02
      7      4    6.0    4.0   0.12170E+02   0.57588E-03
      7      5    6.0    4.0   0.44203E+02   0.20917E-02
      6      4    6.0    4.0   0.57713E+03   0.27310E-01
      5      2    4.0    2.0   0.87465E+02   0.41389E-02
      5      3    4.0    2.0   0.43557E+03   0.20611E-01
      5      4    4.0    4.0   0.27453E+02   0.12991E-02
      4      2    4.0    2.0   0.50395E+04   0.23847E+00
      3      1    2.0    0.0   0.34866E+02   0.16499E-02
      3      2    2.0    2.0   0.23848E+04   0.11285E+00
      2      1    2.0    0.0   0.21132E+05   0.10000E+01


                                                  CALCULATED YIELDS

     EXPERIMENT  7  DETECTOR  1
     ENERGY    410.300 MEV  THETA  41.498 DEG

     NI     NF     II     IF     YIELD     NORMALIZED YIELD

     10      8   10.0    8.0   0.15234E-05   0.53152E-10
      9      7    8.0    6.0   0.24172E-02   0.84337E-07
      8      6    8.0    6.0   0.33182E+02   0.11577E-02
      7      4    6.0    4.0   0.89481E+01   0.31220E-03
      7      5    6.0    4.0   0.32502E+02   0.11340E-02
      6      4    6.0    4.0   0.52750E+03   0.18404E-01
      5      2    4.0    2.0   0.69833E+02   0.24364E-02
      5      3    4.0    2.0   0.34777E+03   0.12133E-01
      5      4    4.0    4.0   0.21764E+02   0.75933E-03
      4      2    4.0    2.0   0.54607E+04   0.19052E+00
      3      1    2.0    0.0   0.34058E+02   0.11883E-02
      3      2    2.0    2.0   0.23273E+04   0.81199E-01
      2      1    2.0    0.0   0.28662E+05   0.10000E+01


                                                  CALCULATED YIELDS

     EXPERIMENT  8  DETECTOR  1
     ENERGY    410.300 MEV  THETA  47.537 DEG

     NI     NF     II     IF     YIELD     NORMALIZED YIELD

     10      8   10.0    8.0   0.68619E-06   0.19470E-10
      9      7    8.0    6.0   0.12900E-02   0.36602E-07
      8      6    8.0    6.0   0.19434E+02   0.55140E-03
      7      4    6.0    4.0   0.56043E+01   0.15901E-03
      7      5    6.0    4.0   0.20356E+02   0.57757E-03
      6      4    6.0    4.0   0.40125E+03   0.11385E-01
      5      2    4.0    2.0   0.49545E+02   0.14057E-02
      5      3    4.0    2.0   0.24673E+03   0.70006E-02
      5      4    4.0    4.0   0.15410E+02   0.43723E-03
      4      2    4.0    2.0   0.52089E+04   0.14779E+00
      3      1    2.0    0.0   0.29719E+02   0.84324E-03
      3      2    2.0    2.0   0.20295E+04   0.57583E-01
      2      1    2.0    0.0   0.35244E+05   0.10000E+01


                                                  CALCULATED YIELDS

     EXPERIMENT  9  DETECTOR  1
     ENERGY    410.300 MEV  THETA 146.370 DEG

     NI     NF     II     IF     YIELD     NORMALIZED YIELD

     10      8   10.0    8.0   0.15250E-06   0.17848E-09
      9      7    8.0    6.0   0.22549E-03   0.26390E-06
      8      6    8.0    6.0   0.26776E+01   0.31338E-02
      7      4    6.0    4.0   0.11993E+01   0.14036E-02
      7      5    6.0    4.0   0.43563E+01   0.50984E-02
      6      4    6.0    4.0   0.33818E+02   0.39579E-01
      5      2    4.0    2.0   0.90076E+01   0.10542E-01
      5      3    4.0    2.0   0.44858E+02   0.52499E-01
      5      4    4.0    4.0   0.29390E+01   0.34396E-02
      4      2    4.0    2.0   0.28300E+03   0.33121E+00
      3      1    2.0    0.0   0.24169E+01   0.28286E-02
      3      2    2.0    2.0   0.16550E+03   0.19369E+00
      2      1    2.0    0.0   0.85445E+03   0.10000E+01


          E2/M1 MIXING RATIOS
          TRANSITION          EXP.DELTA          CALC.DELTA          SIGMA

           3---  2               -5.20              -5.04              0.33


                    CALCULATED LIFETIMES

     LEVEL     LIFETIME(PSEC)     EXP        ERROR

        2       0.4929E+02     0.4927E+02    -.2200E+00    0.2200E+00
        3       0.4899E+02     0.4880E+02    -.1000E+01    0.1000E+01
        4       0.5123E+01     0.5120E+01    -.7000E-01    0.7000E-01
        5       0.3178E+01     0.3800E+01    -.8000E+00    0.8000E+00
        6       0.1195E+01     0.1410E+01    -.1200E+00    0.1200E+00
        7       0.9463E+00     0.1100E+01    -.3000E+00    0.3000E+00
        8       0.6381E+00     0.6100E+00    -.6000E-01    0.6000E-01
        9       0.3874E+03
       10       0.3327E+06


CALCULATED AND EXPERIMENTAL MATRIX ELEMENTS


     NI NF  EXP. ME   CURRENT ME   SIGMA
      2   2    0.8300    0.9008    0.6439
      3   3   -0.5100   -0.3024    0.9885
      4   4    1.3700    1.0356   -2.0901
      6   6   -0.3000   -0.2713    0.0719
               ********* END OF EXECUTION **********
