1
 *****************************************************************************************************************************
 *****************************************************************************************************************************
 **************************************************                         **************************************************
 **************************************************          GOSIA2         **************************************************
 **************************************************                         **************************************************
 *****************************************************************************************************************************
 *****************************************************************************************************************************





                    ROCHESTER COULOMB EXCITATION DATA ANALYSIS CODE BY T.CZOSNYKA,D.CLINE AND C.Y.WU
                                                  VERSION: 20081208.25






               Coulomb excitation of 196Pt                                                
          ----------------------------------------------------------------------------------------------------

                                        LEVELS

     INDEX     PARITY         SPIN           ENERGY(MEV)
       1           +           0.0            0.0000
       2           +           2.0            0.3557
       3           +           2.0            0.6887
       4           +           4.0            0.8769
       5           +           4.0            1.2933
       6           +           6.0            1.5258
       7           +           6.0            2.0074
       8           +           8.0            2.2527
       9           +           8.0            2.7496
      10           +          10.0            3.0440

                                        MATRIX ELEMENTS


     MULTIPOLARITY=2
    INDEX   NF     NS          ME               LIMITS
       1      1      2        1.20620        1.10000        1.30000
       2      1      3        0.00050       -1.00000        1.00000
       3      2      2        0.81800       -2.00000        2.00000
       4      2      3        1.30000       -2.00000        2.00000
       5      2      4        1.93000       -3.00000        3.00000
       6      2      5        0.18460       -3.00000        3.00000
       7      3      3       -0.51460       -2.00000        2.00000
       8      3      5        1.32860       -2.00000        2.00000
       9      4      4        1.36590       -2.00000        2.00000
      10      4      5        1.01720       -2.00000        2.00000
      11      4      6        2.55010       -3.00000        3.00000
      12      4      7        0.20630       -2.00000        2.00000
      13      5      5        0.00000       -2.00000        2.00000
      14      5      7        2.07986       -3.00000        3.00000
      15      6      6       -0.25820       -2.00000        2.00000
      16      6      8        3.00290       -3.00000        3.00000
      17      7      7        0.10000       -2.00000        2.00000
      18      7      9        0.10000       -5.00000        5.00000
      19      8      8        0.10000       -4.00000        4.00000
      20      8     10        0.10000       -4.00000        4.00000
      21      9      9        0.00000       -4.00000        4.00000
      22     10     10        0.00000       -4.00000        4.00000
     MULTIPOLARITY=7
    INDEX   NF     NS          ME               LIMITS
      23      2      3       -0.06950       -1.00000        1.00000
      24      4      5       -0.35000     FIXED


       51 EXPERIMENTAL YIELDS           23 MATRIX ELEMENTS TO BE VARIED






                              LIFETIMES(PSEC)


     LEVEL         LIFETIME     ERROR

        2           49.27        -0.22         0.22
        3           48.80        -1.00         1.00
        4            5.12        -0.07         0.07
        5            3.80        -0.80         0.80
        6            1.41        -0.12         0.12
        7            1.10        -0.30         0.30
        8            0.61        -0.06         0.06

          LIFETIMES ARE TAKEN WITH WEIGHT    0.100000E+01


                    EXPERIMENTAL E2/M1 MIXING RATIOS


          TRANSITION            DELTA          ERROR

           3---  2               -5.2000          -0.5000      0.5000

          E2/M1 MIXING RATIOS ARE TAKEN WITH WEIGHT    0.100000E+01


                              EXPERIMENTAL MATRIX ELEMENT(S)


          TRANSITION          MAT.EL.          ERROR

           2---  2                0.8300          -0.1100      0.1100
           3---  3               -0.5100          -0.2100      0.2100
           4---  4                1.3700          -0.1600      0.1600
           6---  6               -0.3000          -0.4000      0.4000

           MATRIX ELEMENT(S) ARE TAKEN WITH WEIGHT    0.100000E+01



     *****  RESTART-MATRIX ELEMENTS OVERWRITTEN  *****




                                        MATRIX ELEMENTS


     MULTIPOLARITY=2
    INDEX   NF     NS          ME               LIMITS
       1      1      2        1.17115        1.10000        1.30000
       2      1      3        0.02713       -1.00000        1.00000
       3      2      2        0.90083       -2.00000        2.00000
       4      2      3       -1.33764       -2.00000        2.00000
       5      2      4        1.90975       -3.00000        3.00000
       6      2      5       -0.22386       -3.00000        3.00000
       7      3      3       -0.30242       -2.00000        2.00000
       8      3      5        1.49614       -2.00000        2.00000
       9      4      4        1.03558       -2.00000        2.00000
      10      4      5       -0.90137       -2.00000        2.00000
      11      4      6        2.75910       -3.00000        3.00000
      12      4      7       -0.36026       -2.00000        2.00000
      13      5      5        1.16489       -2.00000        2.00000
      14      5      7        2.16535       -3.00000        3.00000
      15      6      6       -0.27126       -2.00000        2.00000
      16      6      8        3.25635       -3.00000        3.00000
      17      7      7        4.00000       -2.00000        2.00000
      18      7      9        0.12548       -5.00000        5.00000
      19      8      8        0.99290       -4.00000        4.00000
      20      8     10       -0.00406       -4.00000        4.00000
      21      9      9        0.10001       -4.00000        4.00000
      22     10     10        0.09936       -4.00000        4.00000
     MULTIPOLARITY=7
    INDEX   NF     NS          ME               LIMITS
      23      2      3        0.07383       -1.00000        1.00000
      24      4      5        0.05316     FIXED





     INTEGRATED RUTHERFORD CROSS SECTION=.4594E+07  FOR EXP. 1





                                                  INTEGRATED YIELDS

     EXPERIMENT  1  DETECTOR  1
     ENERGY RANGE  389.400--- 431.200 MEV   SCATTERING ANGLE RANGE  19.330--- 31.570 DEG

     NI     NF     II     IF     YIELD     NORMALIZED YIELD

     10      8   10.0    8.0   0.71877E-08   0.63519E-14
      9      7    8.0    6.0   0.50006E-04   0.44191E-10
      8      6    8.0    6.0   0.14573E+01   0.12878E-05
      7      4    6.0    4.0   0.11823E+01   0.10448E-05
      7      5    6.0    4.0   0.42942E+01   0.37949E-05
      6      4    6.0    4.0   0.22385E+03   0.19782E-03
      5      2    4.0    2.0   0.40064E+02   0.35405E-04
      5      3    4.0    2.0   0.19952E+03   0.17632E-03
      5      4    4.0    4.0   0.12515E+02   0.11060E-04
      4      2    4.0    2.0   0.21018E+05   0.18574E-01
      3      1    2.0    0.0   0.91180E+02   0.80578E-04
      3      2    2.0    2.0   0.62651E+04   0.55366E-02
      2      1    2.0    0.0   0.11316E+07   0.10000E+01





     INTEGRATED RUTHERFORD CROSS SECTION=.1492E+07  FOR EXP. 2





                                                  INTEGRATED YIELDS

     EXPERIMENT  2  DETECTOR  1
     ENERGY RANGE  389.400--- 431.200 MEV   SCATTERING ANGLE RANGE  29.160--- 39.390 DEG

     NI     NF     II     IF     YIELD     NORMALIZED YIELD

     10      8   10.0    8.0   0.15968E-06   0.16901E-12
      9      7    8.0    6.0   0.66320E-03   0.70193E-09
      8      6    8.0    6.0   0.14839E+02   0.15705E-04
      7      4    6.0    4.0   0.76732E+01   0.81213E-05
      7      5    6.0    4.0   0.27871E+02   0.29499E-04
      6      4    6.0    4.0   0.10241E+04   0.10839E-02
      5      2    4.0    2.0   0.14184E+03   0.15012E-03
      5      3    4.0    2.0   0.70634E+03   0.74759E-03
      5      4    4.0    4.0   0.44237E+02   0.46820E-04
      4      2    4.0    2.0   0.42193E+05   0.44657E-01
      3      1    2.0    0.0   0.19516E+03   0.20656E-03
      3      2    2.0    2.0   0.13350E+05   0.14130E-01
      2      1    2.0    0.0   0.94482E+06   0.10000E+01





     INTEGRATED RUTHERFORD CROSS SECTION=.6684E+06  FOR EXP. 3





                                                  INTEGRATED YIELDS

     EXPERIMENT  3  DETECTOR  1
     ENERGY RANGE  389.400--- 431.200 MEV   SCATTERING ANGLE RANGE  37.420--- 45.780 DEG

     NI     NF     II     IF     YIELD     NORMALIZED YIELD

     10      8   10.0    8.0   0.87177E-06   0.12301E-11
      9      7    8.0    6.0   0.26025E-02   0.36723E-08
      8      6    8.0    6.0   0.49827E+02   0.70310E-04
      7      4    6.0    4.0   0.19701E+02   0.27799E-04
      7      5    6.0    4.0   0.71558E+02   0.10097E-03
      6      4    6.0    4.0   0.20903E+04   0.29496E-02
      5      2    4.0    2.0   0.26201E+03   0.36972E-03
      5      3    4.0    2.0   0.13048E+04   0.18412E-02
      5      4    4.0    4.0   0.81535E+02   0.11505E-03
      4      2    4.0    2.0   0.52650E+05   0.74293E-01
      3      1    2.0    0.0   0.25961E+03   0.36633E-03
      3      2    2.0    2.0   0.17723E+05   0.25009E-01
      2      1    2.0    0.0   0.70868E+06   0.10000E+01





     INTEGRATED RUTHERFORD CROSS SECTION=.3586E+06  FOR EXP. 4





                                                  INTEGRATED YIELDS

     EXPERIMENT  4  DETECTOR  1
     ENERGY RANGE  389.400--- 431.200 MEV   SCATTERING ANGLE RANGE  44.190--- 50.980 DEG

     NI     NF     II     IF     YIELD     NORMALIZED YIELD

     10      8   10.0    8.0   0.46311E-05   0.43989E-11
      9      7    8.0    6.0   0.11110E-01   0.10553E-07
      8      6    8.0    6.0   0.19140E+03   0.18180E-03
      7      4    6.0    4.0   0.64496E+02   0.61262E-04
      7      5    6.0    4.0   0.23426E+03   0.22252E-03
      6      4    6.0    4.0   0.58050E+04   0.55139E-02
      5      2    4.0    2.0   0.70741E+03   0.67194E-03
      5      3    4.0    2.0   0.35229E+04   0.33463E-02
      5      4    4.0    4.0   0.22030E+03   0.20925E-03
      4      2    4.0    2.0   0.10746E+06   0.10207E+00
      3      1    2.0    0.0   0.56164E+03   0.53348E-03
      3      2    2.0    2.0   0.38347E+05   0.36424E-01
      2      1    2.0    0.0   0.10528E+07   0.10000E+01





     INTEGRATED RUTHERFORD CROSS SECTION=.1377E+06  FOR EXP. 5





                                                  INTEGRATED YIELDS

     EXPERIMENT  5  DETECTOR  1
     ENERGY RANGE  389.400--- 431.200 MEV   SCATTERING ANGLE RANGE  19.330--- 31.570 DEG

     NI     NF     II     IF     YIELD     NORMALIZED YIELD

     10      8   10.0    8.0   0.73361E-04   0.16547E-09
      9      7    8.0    6.0   0.98203E-01   0.22151E-06
      8      6    8.0    6.0   0.11985E+04   0.27034E-02
      7      4    6.0    4.0   0.36678E+03   0.82731E-03
      7      5    6.0    4.0   0.13322E+04   0.30050E-02
      6      4    6.0    4.0   0.14475E+05   0.32651E-01
      5      2    4.0    2.0   0.26613E+04   0.60028E-02
      5      3    4.0    2.0   0.13253E+05   0.29894E-01
      5      4    4.0    4.0   0.84509E+03   0.19062E-02
      4      2    4.0    2.0   0.12099E+06   0.27290E+00
      3      1    2.0    0.0   0.91919E+03   0.20734E-02
      3      2    2.0    2.0   0.62877E+05   0.14183E+00
      2      1    2.0    0.0   0.44334E+06   0.10000E+01





     INTEGRATED RUTHERFORD CROSS SECTION=.1968E+06  FOR EXP. 6





                                                  INTEGRATED YIELDS

     EXPERIMENT  6  DETECTOR  1
     ENERGY RANGE  389.400--- 431.200 MEV   SCATTERING ANGLE RANGE  29.160--- 39.390 DEG

     NI     NF     II     IF     YIELD     NORMALIZED YIELD

     10      8   10.0    8.0   0.57579E-04   0.10181E-09
      9      7    8.0    6.0   0.81605E-01   0.14430E-06
      8      6    8.0    6.0   0.10563E+04   0.18678E-02
      7      4    6.0    4.0   0.29069E+03   0.51401E-03
      7      5    6.0    4.0   0.10558E+04   0.18670E-02
      6      4    6.0    4.0   0.14243E+05   0.25184E-01
      5      2    4.0    2.0   0.21557E+04   0.38118E-02
      5      3    4.0    2.0   0.10735E+05   0.18983E-01
      5      4    4.0    4.0   0.67570E+03   0.11948E-02
      4      2    4.0    2.0   0.12956E+06   0.22910E+00
      3      1    2.0    0.0   0.88968E+03   0.15732E-02
      3      2    2.0    2.0   0.60802E+05   0.10751E+00
      2      1    2.0    0.0   0.56553E+06   0.10000E+01





     INTEGRATED RUTHERFORD CROSS SECTION=.2559E+06  FOR EXP. 7





                                                  INTEGRATED YIELDS

     EXPERIMENT  7  DETECTOR  1
     ENERGY RANGE  389.400--- 431.200 MEV   SCATTERING ANGLE RANGE  37.420--- 45.780 DEG

     NI     NF     II     IF     YIELD     NORMALIZED YIELD

     10      8   10.0    8.0   0.28660E-04   0.46209E-10
      9      7    8.0    6.0   0.45874E-01   0.73962E-07
      8      6    8.0    6.0   0.64376E+03   0.10379E-02
      7      4    6.0    4.0   0.17581E+03   0.28346E-03
      7      5    6.0    4.0   0.63860E+03   0.10296E-02
      6      4    6.0    4.0   0.10612E+05   0.17109E-01
      5      2    4.0    2.0   0.14109E+04   0.22748E-02
      5      3    4.0    2.0   0.70262E+04   0.11328E-01
      5      4    4.0    4.0   0.43921E+03   0.70815E-03
      4      2    4.0    2.0   0.11399E+06   0.18378E+00
      3      1    2.0    0.0   0.70759E+03   0.11409E-02
      3      2    2.0    2.0   0.48309E+05   0.77888E-01
      2      1    2.0    0.0   0.62023E+06   0.10000E+01





     INTEGRATED RUTHERFORD CROSS SECTION=.3151E+06  FOR EXP. 8





                                                  INTEGRATED YIELDS

     EXPERIMENT  8  DETECTOR  1
     ENERGY RANGE  389.400--- 431.200 MEV   SCATTERING ANGLE RANGE  44.190--- 50.980 DEG

     NI     NF     II     IF     YIELD     NORMALIZED YIELD

     10      8   10.0    8.0   0.21715E-04   0.17147E-10
      9      7    8.0    6.0   0.41034E-01   0.32402E-07
      8      6    8.0    6.0   0.63005E+03   0.49752E-03
      7      4    6.0    4.0   0.18370E+03   0.14506E-03
      7      5    6.0    4.0   0.66724E+03   0.52688E-03
      6      4    6.0    4.0   0.13430E+05   0.10605E-01
      5      2    4.0    2.0   0.16671E+04   0.13164E-02
      5      3    4.0    2.0   0.83021E+04   0.65557E-02
      5      4    4.0    4.0   0.51764E+03   0.40875E-03
      4      2    4.0    2.0   0.18061E+06   0.14262E+00
      3      1    2.0    0.0   0.10258E+04   0.81003E-03
      3      2    2.0    2.0   0.69959E+05   0.55243E-01
      2      1    2.0    0.0   0.12664E+07   0.10000E+01





     INTEGRATED RUTHERFORD CROSS SECTION=.2493E+05  FOR EXP. 9





                                                  INTEGRATED YIELDS

     EXPERIMENT  9  DETECTOR  1
     ENERGY RANGE  389.400--- 431.200 MEV   SCATTERING ANGLE RANGE 130.900---161.830 DEG

     NI     NF     II     IF     YIELD     NORMALIZED YIELD

     10      8   10.0    8.0   0.13723E-04   0.15881E-09
      9      7    8.0    6.0   0.20282E-01   0.23471E-06
      8      6    8.0    6.0   0.24716E+03   0.28602E-02
      7      4    6.0    4.0   0.10934E+03   0.12652E-02
      7      5    6.0    4.0   0.39713E+03   0.45956E-02
      6      4    6.0    4.0   0.32102E+04   0.37148E-01
      5      2    4.0    2.0   0.84782E+03   0.98110E-02
      5      3    4.0    2.0   0.42221E+04   0.48858E-01
      5      4    4.0    4.0   0.27640E+03   0.31985E-02
      4      2    4.0    2.0   0.27764E+05   0.32128E+00
      3      1    2.0    0.0   0.23691E+03   0.27415E-02
      3      2    2.0    2.0   0.16218E+05   0.18767E+00
      2      1    2.0    0.0   0.86416E+05   0.10000E+01



          EXPERIMENT  1        DETECTOR  1

         NI     NF     YEXP        YCOR        COR.F

        4        2   .142E+05    .444E+03    .313E-01
        3        2   .400E+04    .125E+03    .312E-01
        2        1   .748E+06    .243E+05    .324E-01



          EXPERIMENT  2        DETECTOR  1

         NI     NF     YEXP        YCOR        COR.F

        6        4   .625E+03    .237E+02    .380E-01
        5        3   .345E+03    .132E+02    .383E-01
        4        2   .291E+05    .113E+04    .389E-01
        3        2   .815E+04    .317E+03    .389E-01
        2        1   .644E+06    .248E+05    .385E-01



          EXPERIMENT  3        DETECTOR  1

         NI     NF     YEXP        YCOR        COR.F

        6        4   .114E+04    .551E+02    .483E-01
        5        3   .795E+03    .383E+02    .482E-01
        4        2   .362E+05    .173E+04    .478E-01
        3        2   .123E+05    .586E+03    .479E-01
        2        1   .494E+06    .231E+05    .469E-01



          EXPERIMENT  4        DETECTOR  1

         NI     NF     YEXP        YCOR        COR.F

        6        4   .208E+04    .612E+02    .294E-01
        5        3   .124E+04    .364E+02    .292E-01
        4        2   .357E+05    .103E+04    .288E-01
        3        2   .119E+05    .344E+03    .288E-01
        2        1   .356E+06    .100E+05    .282E-01



          EXPERIMENT  5        DETECTOR  1

         NI     NF     YEXP        YCOR        COR.F

        8        6   .453E+03    .157E+02    .347E-01
        7        5   .697E+03    .242E+02    .347E-01
        6        4   .897E+04    .297E+03    .331E-01
        5        3   .819E+04    .276E+03    .337E-01
        4        2   .754E+05    .240E+04    .318E-01
        3        2   .395E+05    .127E+04    .322E-01
        2        1   .277E+06    .846E+04    .305E-01



          EXPERIMENT  6        DETECTOR  1

         NI     NF     YEXP        YCOR        COR.F

        8        6   .741E+03    .314E+02    .424E-01
        7        5   .611E+03    .256E+02    .419E-01
        6        4   .102E+05    .415E+03    .405E-01
        5        3   .686E+04    .278E+03    .406E-01
        4        2   .842E+05    .328E+04    .389E-01
        3        2   .401E+05    .157E+04    .392E-01
        2        1   .367E+06    .137E+05    .374E-01



          EXPERIMENT  7        DETECTOR  1

         NI     NF     YEXP        YCOR        COR.F

        8        6   .260E+03    .134E+02    .515E-01
        7        5   .806E+03    .410E+02    .509E-01
        6        4   .650E+04    .323E+03    .497E-01
        5        3   .468E+04    .231E+03    .495E-01
        4        2   .749E+05    .359E+04    .479E-01
        3        2   .314E+05    .151E+04    .482E-01
        2        1   .408E+06    .189E+05    .462E-01



          EXPERIMENT  8        DETECTOR  1

         NI     NF     YEXP        YCOR        COR.F

        6        4   .496E+04    .148E+03    .299E-01
        5        3   .294E+04    .873E+02    .297E-01
        4        2   .579E+05    .167E+04    .288E-01
        3        2   .203E+05    .589E+03    .290E-01
        2        1   .401E+06    .112E+05    .278E-01



          EXPERIMENT  9        DETECTOR  1

         NI     NF     YEXP        YCOR        COR.F

        8        6   .544E+03    .589E+01    .108E-01
        7        5   .467E+03    .512E+01    .110E-01
        6        4   .345E+04    .364E+02    .105E-01
        5        3   .500E+04    .531E+02    .106E-01
        4        2   .325E+05    .331E+03    .102E-01
        3        2   .193E+05    .197E+03    .102E-01
        2        1   .103E+06    .102E+04    .989E-02
               ********* END OF EXECUTION **********
