1
 *****************************************************************************************************************************
 *****************************************************************************************************************************
 **************************************************                         **************************************************
 **************************************************          GOSIA          **************************************************
 **************************************************                         **************************************************
 *****************************************************************************************************************************
 *****************************************************************************************************************************





                    ROCHESTER COULOMB EXCITATION DATA ANALYSIS CODE BY T.CZOSNYKA,D.CLINE AND C.Y.WU
                                                  VERSION: 20081208.18






               Coulomb excitation of 196Pt                                                
          ----------------------------------------------------------------------------------------------------

                                        LEVELS

     INDEX     PARITY         SPIN           ENERGY(MEV)
       1           +           0.0            0.0000
       2           +           2.0            0.3557
       3           +           2.0            0.6887
       4           +           4.0            0.8769
       5           +           4.0            1.2933
       6           +           6.0            1.5258
       7           +           6.0            2.0074
       8           +           8.0            2.2527
       9           +           8.0            2.7496
      10           +          10.0            3.0440

                                        MATRIX ELEMENTS


     MULTIPOLARITY=2
    INDEX   NF     NS          ME               LIMITS
       1      1      2        1.20620       -3.00000        3.00000
       2      1      3        0.00050     FIXED
       3      2      2        0.81800       -2.00000        2.00000
       4      2      3        1.30000       -3.00000        3.00000
       5      2      4        1.93000       -4.00000        4.00000
       6      2      5        0.18460     FIXED
       7      3      3       -0.51460       -3.00000        3.00000
       8      3      5        1.32860     FIXED
       9      4      4        1.36590       -3.00000        3.00000
      10      4      5        1.01720     FIXED
      11      4      6        2.55010     FIXED
      12      4      7        0.20630     FIXED
      13      5      5        0.00000     FIXED
      14      5      7        2.07986     FIXED
      15      6      6       -0.25820     FIXED
      16      6      8        3.00290     FIXED
      17      7      7        0.10000       -4.00000        4.00000
      18      7      9        0.10000       -4.00000        4.00000
      19      8      8        0.10000       -4.00000        4.00000
      20      8     10        0.10000       -4.00000        4.00000
      21      9      9        0.00000     FIXED
      22     10     10        0.00000     FIXED
     MULTIPOLARITY=7
    INDEX   NF     NS          ME               LIMITS
      23      2      3       -0.06950       -3.00000        3.00000
      24      4      5       -0.35000     FIXED


       51 EXPERIMENTAL YIELDS           11 MATRIX ELEMENTS TO BE VARIED






                              LIFETIMES(PSEC)


     LEVEL         LIFETIME     ERROR

        2           49.27        -0.22         0.22
        3           48.80        -1.00         1.00
        4            5.12        -0.07         0.07
        5            3.80        -0.80         0.80
        6            1.41        -0.12         0.12
        7            1.10        -0.30         0.30
        8            0.61        -0.06         0.06

          LIFETIMES ARE TAKEN WITH WEIGHT    0.100000E+01


                    EXPERIMENTAL E2/M1 MIXING RATIOS


          TRANSITION            DELTA          ERROR

           3---  2               -5.2000          -0.5000      0.5000

          E2/M1 MIXING RATIOS ARE TAKEN WITH WEIGHT    0.100000E+01


                              EXPERIMENTAL MATRIX ELEMENT(S)


          TRANSITION          MAT.EL.          ERROR

           2---  2                0.8300          -0.1100      0.1100
           3---  3               -0.5100          -0.2100      0.2100
           4---  4                1.3700          -0.1600      0.1600
           6---  6               -0.3000          -0.4000      0.4000

           MATRIX ELEMENT(S) ARE TAKEN WITH WEIGHT    0.100000E+01



     *****  RESTART-MATRIX ELEMENTS OVERWRITTEN  *****




                                        MATRIX ELEMENTS


     MULTIPOLARITY=2
    INDEX   NF     NS          ME               LIMITS
       1      1      2        1.17115       -3.00000        3.00000
       2      1      3        0.02713     FIXED
       3      2      2        0.90083       -2.00000        2.00000
       4      2      3       -1.33764       -3.00000        3.00000
       5      2      4        1.90975       -4.00000        4.00000
       6      2      5       -0.22386     FIXED
       7      3      3       -0.30242       -3.00000        3.00000
       8      3      5        1.49614     FIXED
       9      4      4        1.03558       -3.00000        3.00000
      10      4      5       -0.90137     FIXED
      11      4      6        2.75910     FIXED
      12      4      7       -0.36026     FIXED
      13      5      5        1.16489     FIXED
      14      5      7        2.16535     FIXED
      15      6      6       -0.27126     FIXED
      16      6      8        3.25635     FIXED
      17      7      7        4.00000       -4.00000        4.00000
      18      7      9        0.12548       -4.00000        4.00000
      19      8      8        0.99290       -4.00000        4.00000
      20      8     10       -0.00406       -4.00000        4.00000
      21      9      9        0.10001     FIXED
      22     10     10        0.09936     FIXED
     MULTIPOLARITY=7
    INDEX   NF     NS          ME               LIMITS
      23      2      3        0.07383       -3.00000        3.00000
      24      4      5        0.05316     FIXED
               ********* END OF EXECUTION **********
