1
 *****************************************************************************************************************************
 *****************************************************************************************************************************
 **************************************************                         **************************************************
 **************************************************          GOSIA2         **************************************************
 **************************************************                         **************************************************
 *****************************************************************************************************************************
 *****************************************************************************************************************************





                    ROCHESTER COULOMB EXCITATION DATA ANALYSIS CODE BY T.CZOSNYKA,D.CLINE AND C.Y.WU
                                                  VERSION: 20081208.25






               Coulomb excitation of sn112                                                
          ----------------------------------------------------------------------------------------------------

                                        LEVELS

     INDEX     PARITY         SPIN           ENERGY(MEV)
       1           +           0.0            0.0000
       2           +           2.0            1.2567
       3           +           2.0            2.1509
       4           +           4.0            2.2474
       5           -           3.0            2.3542
       6           +           6.0            2.5492
       7           +           4.0            2.9131
       8           +           4.0            2.5207

                                        MATRIX ELEMENTS


     MULTIPOLARITY=1
    INDEX   NF     NS          ME               LIMITS
       1      2      5        0.03558       -1.00000        1.00000
     MULTIPOLARITY=2
    INDEX   NF     NS          ME               LIMITS
       2      1      2        0.48884       -1.00000        1.00000
       3      1      3        0.12018       -1.00000        1.00000
       4      2      2        0.06806       -2.00000        2.00000
       5      2      3        0.81708       -2.00000        2.00000
       6      2      4        0.48016       -2.00000        2.00000
       7      2      7        0.48016       -2.00000        2.00000
       8      2      8        0.10000       -2.00000        2.00000
       9      3      3       -0.13657       -3.00000        3.00000
      10      4      4        0.45959       -3.00000        3.00000
      11      4      6        0.10000       -3.00000        3.00000
      12      5      5        1.49656       -3.00000        3.00000
      13      6      6        0.50010       -3.00000        3.00000
      14      7      7        0.10000       -3.00000        3.00000
      15      8      8        0.10000       -3.00000        3.00000
     MULTIPOLARITY=7
    INDEX   NF     NS          ME               LIMITS
      16      2      3        0.56635       -1.00000        1.00000
      17      4      7        0.10000       -1.00000        1.00000


       14 EXPERIMENTAL YIELDS           17 MATRIX ELEMENTS TO BE VARIED






     *****  RESTART-MATRIX ELEMENTS OVERWRITTEN  *****




                                        MATRIX ELEMENTS


     MULTIPOLARITY=1
    INDEX   NF     NS          ME               LIMITS
       1      2      5        0.02672       -1.00000        1.00000
     MULTIPOLARITY=2
    INDEX   NF     NS          ME               LIMITS
       2      1      2        0.50177       -1.00000        1.00000
       3      1      3       -0.03292       -1.00000        1.00000
       4      2      2        0.16177       -2.00000        2.00000
       5      2      3        1.11966       -2.00000        2.00000
       6      2      4        0.18721       -2.00000        2.00000
       7      2      7       -0.00003       -2.00000        2.00000
       8      2      8       -0.00092       -2.00000        2.00000
       9      3      3       -0.58419       -3.00000        3.00000
      10      4      4        3.27263       -3.00000        3.00000
      11      4      6        6.00979       -3.00000        3.00000
      12      5      5       -0.57305       -3.00000        3.00000
      13      6      6        0.00999       -3.00000        3.00000
      14      7      7        0.10170       -3.00000        3.00000
      15      8      8        0.10001       -3.00000        3.00000
     MULTIPOLARITY=7
    INDEX   NF     NS          ME               LIMITS
      16      2      3        0.07667       -1.00000        1.00000
      17      4      7        0.09851       -1.00000        1.00000





     INTEGRATED RUTHERFORD CROSS SECTION=.4596E+07  FOR EXP. 1





                                                  INTEGRATED YIELDS

     EXPERIMENT  1  DETECTOR  1
     ENERGY RANGE  389.400--- 431.200 MEV   SCATTERING ANGLE RANGE  19.330--- 31.570 DEG

     NI     NF     II     IF     YIELD     NORMALIZED YIELD

      7      2    4.0    2.0   0.18738E-09   0.46209E-14
      7      4    4.0    4.0   0.28356E-07   0.69925E-12
      6      4    6.0    4.0   0.24336E+01   0.60012E-04
      8      2    4.0    2.0   0.56426E-04   0.13915E-08
      5      2    3.0    2.0   0.10054E+01   0.24793E-04
      4      2    4.0    2.0   0.10088E+02   0.24877E-03
      3      1    2.0    0.0   0.21181E+01   0.52233E-04
      3      2    2.0    2.0   0.32499E+02   0.80143E-03
      2      1    2.0    0.0   0.40551E+05   0.10000E+01





     INTEGRATED RUTHERFORD CROSS SECTION=.1492E+07  FOR EXP. 2





                                                  INTEGRATED YIELDS

     EXPERIMENT  2  DETECTOR  1
     ENERGY RANGE  389.400--- 431.200 MEV   SCATTERING ANGLE RANGE  29.160--- 39.390 DEG

     NI     NF     II     IF     YIELD     NORMALIZED YIELD

      7      2    4.0    2.0   0.18738E-09   0.33514E-14
      7      4    4.0    4.0   0.14986E-06   0.26802E-11
      6      4    6.0    4.0   0.15502E+02   0.27726E-03
      8      2    4.0    2.0   0.24876E-03   0.44492E-08
      5      2    3.0    2.0   0.34176E+01   0.61125E-04
      4      2    4.0    2.0   0.44152E+02   0.78967E-03
      3      1    2.0    0.0   0.95876E+01   0.17148E-03
      3      2    2.0    2.0   0.14818E+03   0.26503E-02
      2      1    2.0    0.0   0.55912E+05   0.10000E+01





     INTEGRATED RUTHERFORD CROSS SECTION=.6687E+06  FOR EXP. 3





                                                  INTEGRATED YIELDS

     EXPERIMENT  3  DETECTOR  1
     ENERGY RANGE  389.400--- 431.200 MEV   SCATTERING ANGLE RANGE  37.420--- 45.780 DEG

     NI     NF     II     IF     YIELD     NORMALIZED YIELD

      7      2    4.0    2.0   0.18738E-09   0.36167E-14
      7      4    4.0    4.0   0.28412E-06   0.54838E-11
      6      4    6.0    4.0   0.33977E+02   0.65580E-03
      8      2    4.0    2.0   0.44148E-03   0.85209E-08
      5      2    3.0    2.0   0.50208E+01   0.96907E-04
      4      2    4.0    2.0   0.82207E+02   0.15867E-02
      3      1    2.0    0.0   0.17938E+02   0.34623E-03
      3      2    2.0    2.0   0.27932E+03   0.53911E-02
      2      1    2.0    0.0   0.51811E+05   0.10000E+01





     INTEGRATED RUTHERFORD CROSS SECTION=.3587E+06  FOR EXP. 4





                                                  INTEGRATED YIELDS

     EXPERIMENT  4  DETECTOR  1
     ENERGY RANGE  389.400--- 431.200 MEV   SCATTERING ANGLE RANGE  44.190--- 50.980 DEG

     NI     NF     II     IF     YIELD     NORMALIZED YIELD

      7      2    4.0    2.0   0.18738E-09   0.21913E-14
      7      4    4.0    4.0   0.68825E-06   0.80486E-11
      6      4    6.0    4.0   0.91836E+02   0.10739E-02
      8      2    4.0    2.0   0.10657E-02   0.12463E-07
      5      2    3.0    2.0   0.10421E+02   0.12186E-03
      4      2    4.0    2.0   0.21344E+03   0.24960E-02
      3      1    2.0    0.0   0.45679E+02   0.53418E-03
      3      2    2.0    2.0   0.71787E+03   0.83949E-02
      2      1    2.0    0.0   0.85512E+05   0.10000E+01





     INTEGRATED RUTHERFORD CROSS SECTION=.1383E+06  FOR EXP. 5





                                                  INTEGRATED YIELDS

     EXPERIMENT  5  DETECTOR  1
     ENERGY RANGE  389.400--- 431.200 MEV   SCATTERING ANGLE RANGE  19.330--- 31.570 DEG

     NI     NF     II     IF     YIELD     NORMALIZED YIELD

      7      2    4.0    2.0   0.18738E-09   0.41217E-14
      7      4    4.0    4.0   0.47643E-06   0.10480E-10
      6      4    6.0    4.0   0.11944E+03   0.26271E-02
      8      2    4.0    2.0   0.10807E-02   0.23772E-07
      5      2    3.0    2.0   0.61774E+01   0.13588E-03
      4      2    4.0    2.0   0.61645E+03   0.13560E-01
      3      1    2.0    0.0   0.82348E+02   0.18113E-02
      3      2    2.0    2.0   0.13095E+04   0.28805E-01
      2      1    2.0    0.0   0.45462E+05   0.10000E+01





     INTEGRATED RUTHERFORD CROSS SECTION=.1978E+06  FOR EXP. 6





                                                  INTEGRATED YIELDS

     EXPERIMENT  6  DETECTOR  1
     ENERGY RANGE  389.400--- 431.200 MEV   SCATTERING ANGLE RANGE  29.160--- 39.390 DEG

     NI     NF     II     IF     YIELD     NORMALIZED YIELD

      7      2    4.0    2.0   0.18738E-09   0.33724E-14
      7      4    4.0    4.0   0.69715E-06   0.12547E-10
      6      4    6.0    4.0   0.13542E+03   0.24372E-02
      8      2    4.0    2.0   0.13803E-02   0.24843E-07
      5      2    3.0    2.0   0.90894E+01   0.16359E-03
      4      2    4.0    2.0   0.51372E+03   0.92455E-02
      3      1    2.0    0.0   0.83023E+02   0.14942E-02
      3      2    2.0    2.0   0.13294E+04   0.23925E-01
      2      1    2.0    0.0   0.55564E+05   0.10000E+01





     INTEGRATED RUTHERFORD CROSS SECTION=.2575E+06  FOR EXP. 7





                                                  INTEGRATED YIELDS

     EXPERIMENT  7  DETECTOR  1
     ENERGY RANGE  389.400--- 431.200 MEV   SCATTERING ANGLE RANGE  37.420--- 45.780 DEG

     NI     NF     II     IF     YIELD     NORMALIZED YIELD

      7      2    4.0    2.0   0.18738E-09   0.32125E-14
      7      4    4.0    4.0   0.73338E-06   0.12573E-10
      6      4    6.0    4.0   0.12298E+03   0.21084E-02
      8      2    4.0    2.0   0.12933E-02   0.22172E-07
      5      2    3.0    2.0   0.99636E+01   0.17082E-03
      4      2    4.0    2.0   0.35832E+03   0.61431E-02
      3      1    2.0    0.0   0.66576E+02   0.11414E-02
      3      2    2.0    2.0   0.10632E+04   0.18228E-01
      2      1    2.0    0.0   0.58329E+05   0.10000E+01





     INTEGRATED RUTHERFORD CROSS SECTION=.3175E+06  FOR EXP. 8





                                                  INTEGRATED YIELDS

     EXPERIMENT  8  DETECTOR  1
     ENERGY RANGE  389.400--- 431.200 MEV   SCATTERING ANGLE RANGE  44.190--- 50.980 DEG

     NI     NF     II     IF     YIELD     NORMALIZED YIELD

      7      2    4.0    2.0   0.18738E-09   0.16660E-14
      7      4    4.0    4.0   0.12281E-05   0.10919E-10
      6      4    6.0    4.0   0.18448E+03   0.16402E-02
      8      2    4.0    2.0   0.19968E-02   0.17753E-07
      5      2    3.0    2.0   0.17475E+02   0.15537E-03
      4      2    4.0    2.0   0.45673E+03   0.40607E-02
      3      1    2.0    0.0   0.92663E+02   0.82384E-03
      3      2    2.0    2.0   0.14687E+04   0.13058E-01
      2      1    2.0    0.0   0.11248E+06   0.10000E+01





     INTEGRATED RUTHERFORD CROSS SECTION=.2487E+05  FOR EXP. 9





                                                  INTEGRATED YIELDS

     EXPERIMENT  9  DETECTOR  1
     ENERGY RANGE  389.400--- 431.200 MEV   SCATTERING ANGLE RANGE 130.900---161.830 DEG

     NI     NF     II     IF     YIELD     NORMALIZED YIELD

      7      2    4.0    2.0   0.32761E-09   0.34493E-13
      7      4    4.0    4.0   0.54807E-07   0.57706E-11
      6      4    6.0    4.0   0.26598E+02   0.28005E-02
      8      2    4.0    2.0   0.14679E-03   0.15455E-07
      5      2    3.0    2.0   0.67097E+00   0.70645E-04
      4      2    4.0    2.0   0.19815E+03   0.20863E-01
      3      1    2.0    0.0   0.19433E+02   0.20460E-02
      3      2    2.0    2.0   0.30074E+03   0.31665E-01
      2      1    2.0    0.0   0.94977E+04   0.10000E+01



          EXPERIMENT  1        DETECTOR  1

         NI     NF     YEXP        YCOR        COR.F

        2        1   .268E+05    .899E+03    .335E-01



          EXPERIMENT  2        DETECTOR  1

         NI     NF     YEXP        YCOR        COR.F

        2        1   .387E+05    .155E+04    .401E-01



          EXPERIMENT  3        DETECTOR  1

         NI     NF     YEXP        YCOR        COR.F

        2        1   .358E+05    .174E+04    .486E-01



          EXPERIMENT  4        DETECTOR  1

         NI     NF     YEXP        YCOR        COR.F

        2        1   .287E+05    .836E+03    .291E-01



          EXPERIMENT  5        DETECTOR  1

         NI     NF     YEXP        YCOR        COR.F

        4        2   .233E+03    .784E+01    .336E-01
        2        1   .285E+05    .902E+03    .317E-01



          EXPERIMENT  6        DETECTOR  1

         NI     NF     YEXP        YCOR        COR.F

        4        2   .152E+03    .616E+01    .406E-01
        2        1   .376E+05    .145E+04    .386E-01



          EXPERIMENT  7        DETECTOR  1

         NI     NF     YEXP        YCOR        COR.F

        4        2   .300E+03    .149E+02    .497E-01
        2        1   .382E+05    .182E+04    .477E-01



          EXPERIMENT  8        DETECTOR  1

         NI     NF     YEXP        YCOR        COR.F

        4        2   .433E+03    .131E+02    .302E-01
        2        1   .351E+05    .101E+04    .288E-01



          EXPERIMENT  9        DETECTOR  1

         NI     NF     YEXP        YCOR        COR.F

        4        2   .400E+03    .427E+01    .107E-01
        2        1   .113E+05    .117E+03    .104E-01
               ********* END OF EXECUTION **********
