1
 *****************************************************************************************************************************
 *****************************************************************************************************************************
 **************************************************                         **************************************************
 **************************************************          GOSIA          **************************************************
 **************************************************                         **************************************************
 *****************************************************************************************************************************
 *****************************************************************************************************************************





                    ROCHESTER COULOMB EXCITATION DATA ANALYSIS CODE BY T.CZOSNYKA,D.CLINE AND C.Y.WU
                                                  VERSION: 20081208.18






               Coulomb excitation of 112Sn                                                
          ----------------------------------------------------------------------------------------------------

                                        LEVELS

     INDEX     PARITY         SPIN           ENERGY(MEV)
       1           +           0.0            0.0000
       2           +           2.0            1.2567
       3           +           2.0            2.1509
       4           +           4.0            2.2474
       5           -           3.0            2.3542
       6           +           6.0            2.5492
       7           +           4.0            2.9131
       8           +           4.0            2.5207

                                        MATRIX ELEMENTS


     MULTIPOLARITY=1
    INDEX   NF     NS          ME               LIMITS
       1      2      5        0.50000       -4.00000        4.00000
     MULTIPOLARITY=2
    INDEX   NF     NS          ME               LIMITS
       2      1      2        0.49000       -4.00000        4.00000
       3      1      3        0.19329       -4.00000        4.00000
       4      2      2        0.06132       -4.00000        4.00000
       5      2      3        0.50000       -4.00000        4.00000
       6      2      4        1.03517       -4.00000        4.00000
       7      2      7        0.10000       -4.00000        4.00000
       8      2      8        0.10000       -4.00000        4.00000
       9      3      3        0.50000       -4.00000        4.00000
      10      4      4        0.50000       -4.00000        4.00000
      11      4      6        0.50000       -4.00000        4.00000
      12      5      5        0.50000       -4.00000        4.00000
      13      6      6        0.50000       -4.00000        4.00000
      14      7      7        0.50000       -4.00000        4.00000
      15      8      8        0.50000       -4.00000        4.00000
     MULTIPOLARITY=7
    INDEX   NF     NS          ME               LIMITS
      16      2      3        0.00720       -4.00000        4.00000
      17      4      7        0.10000       -4.00000        4.00000


       14 EXPERIMENTAL YIELDS           17 MATRIX ELEMENTS TO BE VARIED






     *****  RESTART-MATRIX ELEMENTS OVERWRITTEN  *****




                                        MATRIX ELEMENTS


     MULTIPOLARITY=1
    INDEX   NF     NS          ME               LIMITS
       1      2      5        0.02672       -4.00000        4.00000
     MULTIPOLARITY=2
    INDEX   NF     NS          ME               LIMITS
       2      1      2        0.50177       -4.00000        4.00000
       3      1      3       -0.03292       -4.00000        4.00000
       4      2      2        0.16177       -4.00000        4.00000
       5      2      3        1.11966       -4.00000        4.00000
       6      2      4        0.18721       -4.00000        4.00000
       7      2      7       -0.00003       -4.00000        4.00000
       8      2      8       -0.00092       -4.00000        4.00000
       9      3      3       -0.58419       -4.00000        4.00000
      10      4      4        3.27263       -4.00000        4.00000
      11      4      6        6.00979       -4.00000        4.00000
      12      5      5       -0.57305       -4.00000        4.00000
      13      6      6        0.00999       -4.00000        4.00000
      14      7      7        0.10170       -4.00000        4.00000
      15      8      8        0.10001       -4.00000        4.00000
     MULTIPOLARITY=7
    INDEX   NF     NS          ME               LIMITS
      16      2      3        0.07667       -4.00000        4.00000
      17      4      7        0.09851       -4.00000        4.00000
               ********* END OF EXECUTION **********
