1
 *****************************************************************************************************************************
 *****************************************************************************************************************************
 **************************************************                         **************************************************
 **************************************************          GOSIA          **************************************************
 **************************************************                         **************************************************
 *****************************************************************************************************************************
 *****************************************************************************************************************************





                    ROCHESTER COULOMB EXCITATION DATA ANALYSIS CODE BY T.CZOSNYKA,D.CLINE AND C.Y.WU
                                                  VERSION: 20081208.18






               Coulomb excitation of 116Sn                                                
          ----------------------------------------------------------------------------------------------------

                                        LEVELS

     INDEX     PARITY         SPIN           ENERGY(MEV)
       1           +           0.0            0.0000
       2           +           2.0            1.2936
       3           +           0.0            2.0275
       4           +           2.0            2.1123
       5           +           4.0            2.3909
       6           +           4.0            2.5292

                                        MATRIX ELEMENTS


     MULTIPOLARITY=2
    INDEX   NF     NS          ME               LIMITS
       1      1      2        0.10000     FIXED
       2      1      4        0.10000       -4.00000        4.00000
       3      2      2        0.10000     FIXED
       4      2      3        0.10000       -4.00000        4.00000
       5      2      4        0.10000       -4.00000        4.00000
       6      2      5        0.10000     FIXED
       7      3      3        0.10000       -4.00000        4.00000
       8      4      4        0.10000       -4.00000        4.00000
       9      4      6        0.10000       -4.00000        4.00000
      10      5      5        0.10000     FIXED
      11      6      6        0.10000       -4.00000        4.00000
     MULTIPOLARITY=7
    INDEX   NF     NS          ME               LIMITS
      12      2      4        0.10000       -4.00000        4.00000
      13      5      6        0.10000       -4.00000        4.00000

                                               REPRINT OF EXPERIMENTAL DATA TO BE FITTED





     EXPERIMENT  1
  PROJECTILE ( 50.,116.) 421.100 MEV ---1 GE(LI) DETECTOR(S)  WEIGHT=0.10E+01
                    ** EXPERIMENTAL YIELDS **
    DECAY IS  IF         YIELD+/-ERROR

       7   2   1  0.112780E+05     0.429000E+03



     EXPERIMENT  2
  PROJECTILE ( 50.,116.) 421.100 MEV ---1 GE(LI) DETECTOR(S)  WEIGHT=0.10E+01
                    ** EXPERIMENTAL YIELDS **
    DECAY IS  IF         YIELD+/-ERROR

       7   2   1  0.149700E+05     0.525000E+03



     EXPERIMENT  3
  PROJECTILE ( 50.,116.) 421.100 MEV ---1 GE(LI) DETECTOR(S)  WEIGHT=0.10E+01
                    ** EXPERIMENTAL YIELDS **
    DECAY IS  IF         YIELD+/-ERROR

       7   2   1  0.143320E+05     0.496000E+03



     EXPERIMENT  4
  PROJECTILE ( 50.,116.) 421.100 MEV ---1 GE(LI) DETECTOR(S)  WEIGHT=0.10E+01
                    ** EXPERIMENTAL YIELDS **
    DECAY IS  IF         YIELD+/-ERROR

       7   2   1  0.123090E+05     0.448000E+03



     EXPERIMENT  5
  PROJECTILE ( 50.,116.) 421.100 MEV ---1 GE(LI) DETECTOR(S)  WEIGHT=0.10E+01
                    ** EXPERIMENTAL YIELDS **
    DECAY IS  IF         YIELD+/-ERROR

       3   5   2  0.332000E+03     0.213000E+03
       7   2   1  0.121370E+05     0.105700E+04



     EXPERIMENT  6
  PROJECTILE ( 50.,116.) 421.100 MEV ---1 GE(LI) DETECTOR(S)  WEIGHT=0.10E+01
                    ** EXPERIMENTAL YIELDS **
    DECAY IS  IF         YIELD+/-ERROR

       3   5   2  0.655000E+03     0.890000E+02
       7   2   1  0.157820E+05     0.105700E+04



     EXPERIMENT  7
  PROJECTILE ( 50.,116.) 421.100 MEV ---1 GE(LI) DETECTOR(S)  WEIGHT=0.10E+01
                    ** EXPERIMENTAL YIELDS **
    DECAY IS  IF         YIELD+/-ERROR

       3   5   2  0.506000E+03     0.990000E+02
       7   2   1  0.160900E+05     0.912000E+03



     EXPERIMENT  8
  PROJECTILE ( 50.,116.) 421.100 MEV ---1 GE(LI) DETECTOR(S)  WEIGHT=0.10E+01
                    ** EXPERIMENTAL YIELDS **
    DECAY IS  IF         YIELD+/-ERROR

       3   5   2  0.368000E+03     0.106000E+03
       7   2   1  0.152960E+05     0.901000E+03



     EXPERIMENT  9
  PROJECTILE ( 50.,116.) 421.100 MEV ---1 GE(LI) DETECTOR(S)  WEIGHT=0.10E+01
                    ** EXPERIMENTAL YIELDS **
    DECAY IS  IF         YIELD+/-ERROR

       3   5   2  0.920000E+02     0.530000E+02
       7   2   1  0.241500E+04     0.200000E+03


       14 EXPERIMENTAL YIELDS            9 MATRIX ELEMENTS TO BE VARIED





                    EXPERIMENTAL E2/M1 MIXING RATIOS


          TRANSITION            DELTA          ERROR

           4---  2               -1.8000          -0.2000      0.2000

          E2/M1 MIXING RATIOS ARE TAKEN WITH WEIGHT    0.100000E+01



     *****  RESTART-MATRIX ELEMENTS OVERWRITTEN  *****




                                        MATRIX ELEMENTS


     MULTIPOLARITY=2
    INDEX   NF     NS          ME               LIMITS
       1      1      2        0.04238     FIXED
       2      1      4        0.43899       -4.00000        4.00000
       3      2      2        0.24063     FIXED
       4      2      3        0.43094       -4.00000        4.00000
       5      2      4       -1.69872       -4.00000        4.00000
       6      2      5        1.23404     FIXED
       7      3      3        0.18494       -4.00000        4.00000
       8      4      4       -0.33333       -4.00000        4.00000
       9      4      6       -0.06058       -4.00000        4.00000
      10      5      5       -1.35173     FIXED
      11      6      6       -0.71428       -4.00000        4.00000
     MULTIPOLARITY=7
    INDEX   NF     NS          ME               LIMITS
      12      2      4       -0.25042       -4.00000        4.00000
      13      5      6       -0.55084       -4.00000        4.00000


                                                  CALCULATED YIELDS

     EXPERIMENT  1  DETECTOR  1
     ENERGY    421.100 MEV  THETA  25.540 DEG

     NI     NF     II     IF     YIELD     NORMALIZED YIELD

      6      4    4.0    2.0           0.000138332147608010466548200678715829781140200793743133544922        0.29407E-04
      6      5    4.0    4.0           0.003464064209519503948625507305791870749089866876602172851562        0.73640E-03
      5      2    4.0    2.0           0.023650824675114867634562187959090806543827056884765625000000        0.50278E-02
      4      1    2.0    0.0          24.514934279995074462021875660866498947143554687500000000000000        0.52114E+01
      4      2    2.0    2.0           3.517107771474100363917614231468178331851959228515625000000000        0.74768E+00
      3      2    0.0    2.0           0.001436021549275890395180876879521747468970715999603271484375        0.30527E-03
      2      1    2.0    0.0           4.704055024295877629469941894058138132095336914062500000000000        0.10000E+01


                                                  CALCULATED YIELDS

     EXPERIMENT  2  DETECTOR  1
     ENERGY    421.100 MEV  THETA  34.360 DEG

     NI     NF     II     IF     YIELD     NORMALIZED YIELD

      6      4    4.0    2.0           0.000812788211925913176882085853236503680818714201450347900391        0.36593E-04
      6      5    4.0    4.0           0.020274804897907044293203782103773846756666898727416992187500        0.91280E-03
      5      2    4.0    2.0           0.252216941957979390309674272430129349231719970703125000000000        0.11355E-01
      4      1    2.0    0.0          62.564966454105430671006615739315748214721679687500000000000000        0.28168E+01
      4      2    2.0    2.0           8.971028345428001316008703724946826696395874023437500000000000        0.40389E+00
      3      2    0.0    2.0           0.030397125207310891209511183319591509643942117691040039062500        0.13685E-02
      2      1    2.0    0.0          22.211662331636134126711112912744283676147460937500000000000000        0.10000E+01


                                                  CALCULATED YIELDS

     EXPERIMENT  3  DETECTOR  1
     ENERGY    421.100 MEV  THETA  41.670 DEG

     NI     NF     II     IF     YIELD     NORMALIZED YIELD

      6      4    4.0    2.0           0.001669918999126764882698359393486953194951638579368591308594        0.32499E-04
      6      5    4.0    4.0           0.041656774051631352551172682296964921988546848297119140625000        0.81070E-03
      5      2    4.0    2.0           0.916663765265734453713264429097762331366539001464843750000000        0.17840E-01
      4      1    2.0    0.0          78.008092209229317859353614039719104766845703125000000000000000        0.15182E+01
      4      2    2.0    2.0          11.198581946481636961721051193308085203170776367187500000000000        0.21794E+00
      3      2    0.0    2.0           0.154257941554174438092417176449089311063289642333984375000000        0.30021E-02
      2      1    2.0    0.0          51.383545362365069308907550293952226638793945312500000000000000        0.10000E+01


                                                  CALCULATED YIELDS

     EXPERIMENT  4  DETECTOR  1
     ENERGY    421.100 MEV  THETA  47.650 DEG

     NI     NF     II     IF     YIELD     NORMALIZED YIELD

      6      4    4.0    2.0           0.002257357272182861519099761338225107465405017137527465820312        0.28211E-04
      6      5    4.0    4.0           0.056311337815088416403064286441804142668843269348144531250000        0.70374E-03
      5      2    4.0    2.0           1.851786284062536980243862672068644315004348754882812500000000        0.23142E-01
      4      1    2.0    0.0          76.050325522955418477977218572050333023071289062500000000000000        0.95042E+00
      4      2    2.0    2.0          10.924034533240206457094245706684887409210205078125000000000000        0.13652E+00
      3      2    0.0    2.0           0.398602807294071270760582592629361897706985473632812500000000        0.49814E-02
      2      1    2.0    0.0          80.017778351277783599471149500459432601928710937500000000000000        0.10000E+01


                                                  CALCULATED YIELDS

     EXPERIMENT  5  DETECTOR  1
     ENERGY    421.100 MEV  THETA  25.085 DEG

     NI     NF     II     IF     YIELD     NORMALIZED YIELD

      6      4    4.0    2.0           0.001346494618547773060301953051975942798890173435211181640625        0.60463E-05
      6      5    4.0    4.0           0.033557995697296338910575741465436294674873352050781250000000        0.15069E-03
      5      2    4.0    2.0           5.931937210452807640592709503835067152976989746093750000000000        0.26637E-01
      4      1    2.0    0.0          11.055346682392499957359177642501890659332275390625000000000000        0.49643E-01
      4      2    2.0    2.0           1.628760606980955261136045919556636363267898559570312500000000        0.73138E-02
      3      2    0.0    2.0           6.768685593010919987477791437413543462753295898437500000000000        0.30394E-01
      2      1    2.0    0.0         222.696758588770961750924470834434032440185546875000000000000000        0.10000E+01


                                                  CALCULATED YIELDS

     EXPERIMENT  6  DETECTOR  1
     ENERGY    421.100 MEV  THETA  34.115 DEG

     NI     NF     II     IF     YIELD     NORMALIZED YIELD

      6      4    4.0    2.0           0.002670793151402732230198511231833435886073857545852661132812        0.11186E-04
      6      5    4.0    4.0           0.066603013120394877200070027356559876352548599243164062500000        0.27896E-03
      5      2    4.0    2.0           7.614655751923728566055160627001896500587463378906250000000000        0.31893E-01
      4      1    2.0    0.0          32.156013842483972098307276610285043716430664062500000000000000        0.13468E+00
      4      2    2.0    2.0           4.630825709965096237397119693923741579055786132812500000000000        0.19396E-01
      3      2    0.0    2.0           4.981922842402045858989367843605577945709228515625000000000000        0.20866E-01
      2      1    2.0    0.0         238.756800433611402922906563617289066314697265625000000000000000        0.10000E+01


                                                  CALCULATED YIELDS

     EXPERIMENT  7  DETECTOR  1
     ENERGY    421.100 MEV  THETA  41.518 DEG

     NI     NF     II     IF     YIELD     NORMALIZED YIELD

      6      4    4.0    2.0           0.003606781466527750768663596048213548783678561449050903320312        0.17039E-04
      6      5    4.0    4.0           0.089965705730090023140022026382212061434984207153320312500000        0.42500E-03
      5      2    4.0    2.0           6.809748666628850699567010451573878526687622070312500000000000        0.32170E-01
      4      1    2.0    0.0          61.536865862036577823346306104212999343872070312500000000000000        0.29070E+00
      4      2    2.0    2.0           8.831446649908796686645473528187721967697143554687500000000000        0.41720E-01
      3      2    0.0    2.0           2.850435774706966185476630926132202148437500000000000000000000        0.13466E-01
      2      1    2.0    0.0         211.683107231618578225607052445411682128906250000000000000000000        0.10000E+01


                                                  CALCULATED YIELDS

     EXPERIMENT  8  DETECTOR  1
     ENERGY    421.100 MEV  THETA  47.523 DEG

     NI     NF     II     IF     YIELD     NORMALIZED YIELD

      6      4    4.0    2.0           0.003743081462656699508889657224131042312365025281906127929688        0.22658E-04
      6      5    4.0    4.0           0.093372625752240548391291952157189371064305305480957031250000        0.56521E-03
      5      2    4.0    2.0           4.752938538985613803333762916736304759979248046875000000000000        0.28771E-01
      4      1    2.0    0.0          88.509453852503028770115633960813283920288085937500000000000000        0.53577E+00
      4      2    2.0    2.0          12.711360755478203543589188484475016593933105468750000000000000        0.76945E-01
      3      2    0.0    2.0           1.401833310900697959766603162279352545738220214843750000000000        0.84857E-02
      2      1    2.0    0.0         165.200377940875057447556173428893089294433593750000000000000000        0.10000E+01


                                                  CALCULATED YIELDS

     EXPERIMENT  9  DETECTOR  1
     ENERGY    421.100 MEV  THETA 146.130 DEG

     NI     NF     II     IF     YIELD     NORMALIZED YIELD

      6      4    4.0    2.0           0.000031369073447870321263639126208033758302917703986167907715        0.16655E-05
      6      5    4.0    4.0           0.000779713878631487031928282149806364031974226236343383789062        0.41398E-04
      5      2    4.0    2.0           0.287915711510779270820847841605427674949169158935546875000000        0.15287E-01
      4      1    2.0    0.0           0.189564607740610818753523858504195231944322586059570312500000        0.10065E-01
      4      2    2.0    2.0           0.027315531323727493262509824489825405180454254150390625000000        0.14503E-02
      3      2    0.0    2.0           0.822882777858083391819832286273594945669174194335937500000000        0.43690E-01
      2      1    2.0    0.0          18.834419743035578420631281915120780467987060546875000000000000        0.10000E+01


          E2/M1 MIXING RATIOS
          TRANSITION          EXP.DELTA          CALC.DELTA          SIGMA

           4---  2               -1.80               4.64             32.18


                    CALCULATED LIFETIMES

     LEVEL     LIFETIME(PSEC)     EXP        ERROR

        2       0.6268E+02
        3       0.2059E+01
        4       0.4345E-01
        5       0.3029E+00
        6       0.4991E+03
               ********* END OF EXECUTION **********
