1
 *****************************************************************************************************************************
 *****************************************************************************************************************************
 **************************************************                         **************************************************
 **************************************************          GOSIA2         **************************************************
 **************************************************                         **************************************************
 *****************************************************************************************************************************
 *****************************************************************************************************************************





                    ROCHESTER COULOMB EXCITATION DATA ANALYSIS CODE BY T.CZOSNYKA,D.CLINE AND C.Y.WU
                                                  VERSION: 20081208.25






               Coulomb excitation of 196Pt                                                
          ----------------------------------------------------------------------------------------------------

                                        LEVELS

     INDEX     PARITY         SPIN           ENERGY(MEV)
       1           +           0.0            0.0000
       2           +           2.0            0.3557
       3           +           2.0            0.6887
       4           +           4.0            0.8769
       5           +           4.0            1.2933
       6           +           6.0            1.5258
       7           +           6.0            2.0074
       8           +           8.0            2.2527
       9           +           8.0            2.7496
      10           +          10.0            3.0440

                                        MATRIX ELEMENTS


     MULTIPOLARITY=2
    INDEX   NF     NS          ME               LIMITS
       1      1      2        1.20620        1.10000        1.30000
       2      1      3        0.00050       -1.00000        1.00000
       3      2      2        0.81800       -2.00000        2.00000
       4      2      3        1.30000       -2.00000        2.00000
       5      2      4        1.93000       -2.00000        2.00000
       6      2      5        0.18460       -2.00000        2.00000
       7      3      3       -0.51460       -2.00000        2.00000
       8      3      5        1.32860       -2.00000        2.00000
       9      4      4        1.36590       -2.00000        2.00000
      10      4      5        1.01720       -2.00000        2.00000
      11      4      6        2.55010       -3.00000        3.00000
      12      4      7        0.20630       -3.00000        3.00000
      13      5      5        0.00000       -2.00000        2.00000
      14      5      7        2.07986       -3.00000        3.00000
      15      6      6       -0.25820       -2.00000        2.00000
      16      6      8        3.00290       -4.00000        4.00000
      17      7      7        0.10000       -7.00000        7.00000
      18      7      9        0.10000       -3.00000        3.00000
      19      8      8        0.10000       -3.00000        3.00000
      20      8     10        0.10000       -3.00000        3.00000
      21      9      9        0.10000       -3.00000        3.00000
      22     10     10        0.10000       -3.00000        3.00000
     MULTIPOLARITY=7
    INDEX   NF     NS          ME               LIMITS
      23      2      3       -0.06950       -1.00000        1.00000
      24      4      5       -0.35000       -1.00000        1.00000


       47 EXPERIMENTAL YIELDS           24 MATRIX ELEMENTS TO BE VARIED






                              LIFETIMES(PSEC)


     LEVEL         LIFETIME     ERROR

        2           49.27        -0.22         0.22
        3           48.76        -1.00         1.00
        4            5.12        -0.07         0.07
        5            3.75        -0.79         0.79
        6            1.41        -0.12         0.12
        7            1.11        -0.27         0.27
        8            0.61        -0.06         0.06

          LIFETIMES ARE TAKEN WITH WEIGHT    0.100000E+01


                    EXPERIMENTAL E2/M1 MIXING RATIOS


          TRANSITION            DELTA          ERROR

           3---  2               -5.2000          -0.5000      0.5000

          E2/M1 MIXING RATIOS ARE TAKEN WITH WEIGHT    0.100000E+01


                              EXPERIMENTAL MATRIX ELEMENT(S)


          TRANSITION          MAT.EL.          ERROR

           2---  2                0.8200          -0.1100      0.1100
           3---  3               -0.5100          -0.2100      0.2100
           4---  4                1.3700          -0.1600      0.1600
           6---  6               -0.3000          -0.4000      0.4000

           MATRIX ELEMENT(S) ARE TAKEN WITH WEIGHT    0.100000E+01



     *****  RESTART-MATRIX ELEMENTS OVERWRITTEN  *****




                                        MATRIX ELEMENTS


     MULTIPOLARITY=2
    INDEX   NF     NS          ME               LIMITS
       1      1      2        1.17111        1.10000        1.30000
       2      1      3       -0.00083       -1.00000        1.00000
       3      2      2        0.89481       -2.00000        2.00000
       4      2      3        1.35586       -2.00000        2.00000
       5      2      4        1.90079       -2.00000        2.00000
       6      2      5        0.29837       -2.00000        2.00000
       7      3      3       -0.43020       -2.00000        2.00000
       8      3      5        1.47814       -2.00000        2.00000
       9      4      4        1.11286       -2.00000        2.00000
      10      4      5        0.45131       -2.00000        2.00000
      11      4      6        2.60674       -3.00000        3.00000
      12      4      7        0.01003       -3.00000        3.00000
      13      5      5        3.19323       -2.00000        2.00000
      14      5      7        2.21560       -3.00000        3.00000
      15      6      6       -0.13013       -2.00000        2.00000
      16      6      8        3.34051       -4.00000        4.00000
      17      7      7        6.42860       -7.00000        7.00000
      18      7      9        0.50019       -3.00000        3.00000
      19      8      8       -0.84037       -3.00000        3.00000
      20      8     10        0.49988       -3.00000        3.00000
      21      9      9        0.00048       -3.00000        3.00000
      22     10     10       -0.00019       -3.00000        3.00000
     MULTIPOLARITY=7
    INDEX   NF     NS          ME               LIMITS
      23      2      3       -0.07209       -1.00000        1.00000
      24      4      5        0.23651       -1.00000        1.00000





     INTEGRATED RUTHERFORD CROSS SECTION=.3526E+05  FOR EXP. 1





                                                  INTEGRATED YIELDS

     EXPERIMENT  1  DETECTOR  1
     ENERGY RANGE  400.200--- 442.000 MEV   SCATTERING ANGLE RANGE  20.270--- 30.800 DEG

     NI     NF     II     IF     YIELD     NORMALIZED YIELD

     10      8   10.0    8.0   0.17426E-05   0.17418E-09
      9      7    8.0    6.0   0.50683E-05   0.50660E-09
      8      6    8.0    6.0   0.18600E-01   0.18591E-05
      7      4    6.0    4.0   0.72695E-05   0.72662E-09
      7      5    6.0    4.0   0.35747E-01   0.35731E-05
      6      4    6.0    4.0   0.23783E+01   0.23772E-03
      5      2    4.0    2.0   0.11285E+01   0.11280E-03
      5      3    4.0    2.0   0.30880E+01   0.30866E-03
      5      4    4.0    4.0   0.14448E+00   0.14441E-04
      4      2    4.0    2.0   0.21260E+03   0.21250E-01
      3      1    2.0    0.0   0.85450E-03   0.85412E-07
      3      2    2.0    2.0   0.63831E+02   0.63802E-02
      2      1    2.0    0.0   0.10005E+05   0.10000E+01





     INTEGRATED RUTHERFORD CROSS SECTION=.1154E+05  FOR EXP. 2





                                                  INTEGRATED YIELDS

     EXPERIMENT  2  DETECTOR  1
     ENERGY RANGE  400.200--- 442.000 MEV   SCATTERING ANGLE RANGE  29.960--- 38.750 DEG

     NI     NF     II     IF     YIELD     NORMALIZED YIELD

     10      8   10.0    8.0   0.38084E-04   0.46160E-08
      9      7    8.0    6.0   0.68061E-04   0.82494E-08
      8      6    8.0    6.0   0.18366E+00   0.22261E-04
      7      4    6.0    4.0   0.48373E-04   0.58631E-08
      7      5    6.0    4.0   0.23661E+00   0.28679E-04
      6      4    6.0    4.0   0.10698E+02   0.12967E-02
      5      2    4.0    2.0   0.34322E+01   0.41600E-03
      5      3    4.0    2.0   0.93917E+01   0.11383E-02
      5      4    4.0    4.0   0.43972E+00   0.53296E-04
      4      2    4.0    2.0   0.41924E+03   0.50815E-01
      3      1    2.0    0.0   0.18315E-02   0.22198E-06
      3      2    2.0    2.0   0.13578E+03   0.16458E-01
      2      1    2.0    0.0   0.82504E+04   0.10000E+01





     INTEGRATED RUTHERFORD CROSS SECTION=.5187E+04  FOR EXP. 3





                                                  INTEGRATED YIELDS

     EXPERIMENT  3  DETECTOR  1
     ENERGY RANGE  400.200--- 442.000 MEV   SCATTERING ANGLE RANGE  38.080--- 45.260 DEG

     NI     NF     II     IF     YIELD     NORMALIZED YIELD

     10      8   10.0    8.0   0.20129E-03   0.32850E-07
      9      7    8.0    6.0   0.27020E-03   0.44096E-07
      8      6    8.0    6.0   0.59693E+00   0.97418E-04
      7      4    6.0    4.0   0.12787E-03   0.20869E-07
      7      5    6.0    4.0   0.62748E+00   0.10240E-03
      6      4    6.0    4.0   0.21542E+02   0.35156E-02
      5      2    4.0    2.0   0.57127E+01   0.93229E-03
      5      3    4.0    2.0   0.15632E+02   0.25511E-02
      5      4    4.0    4.0   0.73231E+00   0.11951E-03
      4      2    4.0    2.0   0.51614E+03   0.84232E-01
      3      1    2.0    0.0   0.24035E-02   0.39224E-06
      3      2    2.0    2.0   0.17763E+03   0.28988E-01
      2      1    2.0    0.0   0.61276E+04   0.10000E+01





     INTEGRATED RUTHERFORD CROSS SECTION=.2787E+04  FOR EXP. 4





                                                  INTEGRATED YIELDS

     EXPERIMENT  4  DETECTOR  1
     ENERGY RANGE  400.200--- 442.000 MEV   SCATTERING ANGLE RANGE  44.730--- 50.560 DEG

     NI     NF     II     IF     YIELD     NORMALIZED YIELD

     10      8   10.0    8.0   0.50421E-03   0.11387E-06
      9      7    8.0    6.0   0.56726E-03   0.12811E-06
      8      6    8.0    6.0   0.10837E+01   0.24476E-03
      7      4    6.0    4.0   0.21142E-03   0.47749E-07
      7      5    6.0    4.0   0.10375E+01   0.23431E-03
      6      4    6.0    4.0   0.28944E+02   0.65368E-02
      5      2    4.0    2.0   0.70418E+01   0.15904E-02
      5      3    4.0    2.0   0.19269E+02   0.43519E-02
      5      4    4.0    4.0   0.90310E+00   0.20396E-03
      4      2    4.0    2.0   0.51028E+03   0.11524E+00
      3      1    2.0    0.0   0.25031E-02   0.56531E-06
      3      2    2.0    2.0   0.18479E+03   0.41734E-01
      2      1    2.0    0.0   0.44278E+04   0.10000E+01





     INTEGRATED RUTHERFORD CROSS SECTION=.1102E+04  FOR EXP. 5





                                                  INTEGRATED YIELDS

     EXPERIMENT  5  DETECTOR  1
     ENERGY RANGE  400.200--- 442.000 MEV   SCATTERING ANGLE RANGE  20.270--- 30.800 DEG

     NI     NF     II     IF     YIELD     NORMALIZED YIELD

     10      8   10.0    8.0   0.13918E-01   0.38121E-05
      9      7    8.0    6.0   0.11331E-01   0.31036E-05
      8      6    8.0    6.0   0.10789E+02   0.29550E-02
      7      4    6.0    4.0   0.32470E-02   0.88935E-06
      7      5    6.0    4.0   0.15933E+02   0.43641E-02
      6      4    6.0    4.0   0.14214E+03   0.38932E-01
      5      2    4.0    2.0   0.44470E+02   0.12180E-01
      5      3    4.0    2.0   0.12169E+03   0.33330E-01
      5      4    4.0    4.0   0.56816E+01   0.15562E-02
      4      2    4.0    2.0   0.10838E+04   0.29686E+00
      3      1    2.0    0.0   0.71705E-02   0.19640E-05
      3      2    2.0    2.0   0.53084E+03   0.14540E+00
      2      1    2.0    0.0   0.36510E+04   0.10000E+01





     INTEGRATED RUTHERFORD CROSS SECTION=.1574E+04  FOR EXP. 6





                                                  INTEGRATED YIELDS

     EXPERIMENT  6  DETECTOR  1
     ENERGY RANGE  400.200--- 442.000 MEV   SCATTERING ANGLE RANGE  29.960--- 38.750 DEG

     NI     NF     II     IF     YIELD     NORMALIZED YIELD

     10      8   10.0    8.0   0.11017E-01   0.23378E-05
      9      7    8.0    6.0   0.88678E-02   0.18817E-05
      8      6    8.0    6.0   0.10050E+02   0.21325E-02
      7      4    6.0    4.0   0.22882E-02   0.48555E-06
      7      5    6.0    4.0   0.11228E+02   0.23826E-02
      6      4    6.0    4.0   0.13797E+03   0.29278E-01
      5      2    4.0    2.0   0.36319E+02   0.77068E-02
      5      3    4.0    2.0   0.99382E+02   0.21089E-01
      5      4    4.0    4.0   0.46529E+01   0.98735E-03
      4      2    4.0    2.0   0.11798E+04   0.25036E+00
      3      1    2.0    0.0   0.72276E-02   0.15337E-05
      3      2    2.0    2.0   0.53470E+03   0.11346E+00
      2      1    2.0    0.0   0.47125E+04   0.10000E+01





     INTEGRATED RUTHERFORD CROSS SECTION=.2048E+04  FOR EXP. 7





                                                  INTEGRATED YIELDS

     EXPERIMENT  7  DETECTOR  1
     ENERGY RANGE  400.200--- 442.000 MEV   SCATTERING ANGLE RANGE  38.080--- 45.260 DEG

     NI     NF     II     IF     YIELD     NORMALIZED YIELD

     10      8   10.0    8.0   0.55296E-02   0.10577E-05
      9      7    8.0    6.0   0.47188E-02   0.90258E-06
      8      6    8.0    6.0   0.63952E+01   0.12232E-02
      7      4    6.0    4.0   0.12547E-02   0.24000E-06
      7      5    6.0    4.0   0.61571E+01   0.11777E-02
      6      4    6.0    4.0   0.10198E+03   0.19506E-01
      5      2    4.0    2.0   0.24395E+02   0.46662E-02
      5      3    4.0    2.0   0.66756E+02   0.12768E-01
      5      4    4.0    4.0   0.31288E+01   0.59845E-03
      4      2    4.0    2.0   0.10516E+04   0.20114E+00
      3      1    2.0    0.0   0.59403E-02   0.11362E-05
      3      2    2.0    2.0   0.43903E+03   0.83973E-01
      2      1    2.0    0.0   0.52282E+04   0.10000E+01





     INTEGRATED RUTHERFORD CROSS SECTION=.2526E+04  FOR EXP. 8





                                                  INTEGRATED YIELDS

     EXPERIMENT  8  DETECTOR  1
     ENERGY RANGE  400.200--- 442.000 MEV   SCATTERING ANGLE RANGE  44.730--- 50.560 DEG

     NI     NF     II     IF     YIELD     NORMALIZED YIELD

     10      8   10.0    8.0   0.20812E-02   0.39646E-06
      9      7    8.0    6.0   0.19804E-02   0.37726E-06
      8      6    8.0    6.0   0.31764E+01   0.60510E-03
      7      4    6.0    4.0   0.59624E-03   0.11358E-06
      7      5    6.0    4.0   0.29258E+01   0.55736E-03
      6      4    6.0    4.0   0.63010E+02   0.12004E-01
      5      2    4.0    2.0   0.14726E+02   0.28053E-02
      5      3    4.0    2.0   0.40296E+02   0.76764E-02
      5      4    4.0    4.0   0.18889E+01   0.35983E-03
      4      2    4.0    2.0   0.82172E+03   0.15654E+00
      3      1    2.0    0.0   0.43161E-02   0.82221E-06
      3      2    2.0    2.0   0.31872E+03   0.60716E-01
      2      1    2.0    0.0   0.52493E+04   0.10000E+01





     INTEGRATED RUTHERFORD CROSS SECTION=.1838E+03  FOR EXP. 9





                                                  INTEGRATED YIELDS

     EXPERIMENT  9  DETECTOR  1
     ENERGY RANGE  400.200--- 442.000 MEV   SCATTERING ANGLE RANGE 131.320---160.940 DEG

     NI     NF     II     IF     YIELD     NORMALIZED YIELD

     10      8   10.0    8.0   0.23501E-02   0.36406E-05
      9      7    8.0    6.0   0.23906E-02   0.37034E-05
      8      6    8.0    6.0   0.18392E+01   0.28491E-02
      7      4    6.0    4.0   0.10796E-02   0.16724E-05
      7      5    6.0    4.0   0.52977E+01   0.82067E-02
      6      4    6.0    4.0   0.29903E+02   0.46323E-01
      5      2    4.0    2.0   0.13219E+02   0.20477E-01
      5      3    4.0    2.0   0.36172E+02   0.56034E-01
      5      4    4.0    4.0   0.16774E+01   0.25985E-02
      4      2    4.0    2.0   0.22333E+03   0.34596E+00
      3      1    2.0    0.0   0.16009E-02   0.24800E-05
      3      2    2.0    2.0   0.11853E+03   0.18362E+00
      2      1    2.0    0.0   0.64553E+03   0.10000E+01



          EXPERIMENT  1        DETECTOR  1

         NI     NF     YEXP        YCOR        COR.F

        4        2   .806E+04    .296E+05    .368E+01
        3        2   .218E+04    .792E+04    .364E+01
        2        1   .384E+06    .149E+07    .388E+01



          EXPERIMENT  2        DETECTOR  1

         NI     NF     YEXP        YCOR        COR.F

        6        4   .559E+03    .238E+04    .426E+01
        5        3   .377E+03    .166E+04    .439E+01
        4        2   .169E+05    .770E+05    .455E+01
        3        2   .514E+04    .233E+05    .454E+01
        2        1   .328E+06    .151E+07    .461E+01



          EXPERIMENT  3        DETECTOR  1

         NI     NF     YEXP        YCOR        COR.F

        6        4   .954E+03    .515E+04    .540E+01
        5        3   .586E+03    .320E+04    .546E+01
        4        2   .210E+05    .117E+06    .559E+01
        3        2   .656E+04    .366E+05    .558E+01
        2        1   .246E+06    .138E+07    .562E+01



          EXPERIMENT  4        DETECTOR  1

         NI     NF     YEXP        YCOR        COR.F

        6        4   .120E+04    .801E+04    .670E+01
        5        3   .868E+03    .586E+04    .675E+01
        4        2   .198E+05    .136E+06    .687E+01
        3        2   .709E+04    .487E+05    .687E+01
        2        1   .179E+06    .123E+07    .690E+01



          EXPERIMENT  5        DETECTOR  1

         NI     NF     YEXP        YCOR        COR.F

        8        6   .390E+03    .141E+04    .363E+01
        7        5   .526E+03    .195E+04    .372E+01
        6        4   .537E+04    .202E+05    .376E+01
        5        3   .459E+04    .176E+05    .383E+01
        4        2   .398E+05    .151E+06    .380E+01
        3        2   .194E+05    .743E+05    .383E+01
        2        1   .137E+06    .513E+06    .374E+01



          EXPERIMENT  6        DETECTOR  1

         NI     NF     YEXP        YCOR        COR.F

        8        6   .361E+03    .159E+04    .441E+01
        7        5   .484E+03    .215E+04    .445E+01
        6        4   .505E+04    .230E+05    .456E+01
        5        3   .398E+04    .182E+05    .458E+01
        4        2   .448E+05    .206E+06    .461E+01
        3        2   .207E+05    .956E+05    .463E+01
        2        1   .180E+06    .819E+06    .455E+01



          EXPERIMENT  7        DETECTOR  1

         NI     NF     YEXP        YCOR        COR.F

        6        4   .396E+04    .220E+05    .555E+01
        5        3   .262E+04    .146E+05    .557E+01
        4        2   .413E+05    .233E+06    .564E+01
        3        2   .172E+05    .970E+05    .565E+01
        2        1   .200E+06    .112E+07    .560E+01



          EXPERIMENT  8        DETECTOR  1

         NI     NF     YEXP        YCOR        COR.F

        6        4   .263E+04    .178E+05    .678E+01
        5        3   .177E+04    .120E+05    .680E+01
        4        2   .310E+05    .214E+06    .691E+01
        3        2   .122E+05    .842E+05    .691E+01
        2        1   .203E+06    .140E+07    .689E+01



          EXPERIMENT  9        DETECTOR  1

         NI     NF     YEXP        YCOR        COR.F

        6        4   .116E+04    .138E+04    .119E+01
        5        3   .128E+04    .155E+04    .121E+01
        4        2   .796E+04    .969E+04    .122E+01
        3        2   .463E+04    .565E+04    .122E+01
        2        1   .234E+05    .283E+05    .121E+01
               ********* END OF EXECUTION **********
