1
 *****************************************************************************************************************************
 *****************************************************************************************************************************
 **************************************************                         **************************************************
 **************************************************          GOSIA          **************************************************
 **************************************************                         **************************************************
 *****************************************************************************************************************************
 *****************************************************************************************************************************





                    ROCHESTER COULOMB EXCITATION DATA ANALYSIS CODE BY T.CZOSNYKA,D.CLINE AND C.Y.WU
                                                  VERSION: 20081208.18






               Coulomb excitation of 196Pt                                                
          ----------------------------------------------------------------------------------------------------

                                        LEVELS

     INDEX     PARITY         SPIN           ENERGY(MEV)
       1           +           0.0            0.0000
       2           +           2.0            0.3557
       3           +           2.0            0.6887
       4           +           4.0            0.8769
       5           +           4.0            1.2933
       6           +           6.0            1.5258
       7           +           6.0            2.0074
       8           +           8.0            2.2527
       9           +           8.0            2.7496
      10           +          10.0            3.0440

                                        MATRIX ELEMENTS


     MULTIPOLARITY=2
    INDEX   NF     NS          ME               LIMITS
       1      1      2        1.17177     FIXED
       2      1      3        0.01912     FIXED
       3      2      2        1.19517     FIXED
       4      2      3        1.34961     FIXED
       5      2      4        1.90501     FIXED
       6      2      5        0.16816     FIXED
       7      3      3       -0.48189     FIXED
       8      3      5        1.26852     FIXED
       9      4      4        0.52127     FIXED
      10      4      5        0.95041     FIXED
      11      4      6        2.48170     FIXED
      12      4      7        0.33729     FIXED
      13      5      5        1.44242     FIXED
      14      5      7        2.77532     FIXED
      15      6      6       -0.06218     FIXED
      16      6      8        3.38770     FIXED
      17      7      7       -1.75761     FIXED
      18      7      9       -3.24462     FIXED
      19      8      8       -3.86791     FIXED
      20      8     10       -4.00146     FIXED
      21      9      9        0.00000       -4.00000        4.00000
      22     10     10        0.00000       -4.00000        4.00000
     MULTIPOLARITY=7
    INDEX   NF     NS          ME               LIMITS
      23      2      3       -0.07236     FIXED
      24      4      5        0.30964     FIXED

                                               REPRINT OF EXPERIMENTAL DATA TO BE FITTED





     EXPERIMENT  1
  PROJECTILE ( 50.,116.) 421.100 MEV ---1 GE(LI) DETECTOR(S)  WEIGHT=0.10E+01
                    ** EXPERIMENTAL YIELDS **
    DECAY IS  IF         YIELD+/-ERROR

      12   3   2  0.217700E+04     0.543000E+03
      13   2   1  0.384290E+06     0.175500E+04
      10   4   2  0.806000E+04     0.304000E+03



     EXPERIMENT  2
  PROJECTILE ( 50.,116.) 421.100 MEV ---1 GE(LI) DETECTOR(S)  WEIGHT=0.10E+01
                    ** EXPERIMENTAL YIELDS **
    DECAY IS  IF         YIELD+/-ERROR

      12   3   2  0.514400E+04     0.703000E+03
      13   2   1  0.328216E+06     0.162700E+04
      10   4   2  0.169180E+05     0.437000E+03
       8   5   3  0.377000E+03     0.157000E+03
       6   6   4  0.559000E+03     0.164000E+03



     EXPERIMENT  3
  PROJECTILE ( 50.,116.) 421.100 MEV ---1 GE(LI) DETECTOR(S)  WEIGHT=0.10E+01
                    ** EXPERIMENTAL YIELDS **
    DECAY IS  IF         YIELD+/-ERROR

      12   3   2  0.655800E+04     0.676000E+03
      13   2   1  0.245557E+06     0.140100E+04
      10   4   2  0.209760E+05     0.475000E+03
       8   5   3  0.586000E+03     0.157000E+03
       6   6   4  0.954000E+03     0.164000E+03



     EXPERIMENT  4
  PROJECTILE ( 50.,116.) 421.100 MEV ---1 GE(LI) DETECTOR(S)  WEIGHT=0.10E+01
                    ** EXPERIMENTAL YIELDS **
    DECAY IS  IF         YIELD+/-ERROR

      12   3   2  0.709000E+04     0.695000E+03
      13   2   1  0.178891E+06     0.119800E+04
      10   4   2  0.197790E+05     0.475000E+03
       8   5   3  0.868000E+03     0.167000E+03
       6   6   4  0.119500E+04     0.186000E+03



     EXPERIMENT  5
  PROJECTILE ( 50.,116.) 421.100 MEV ---1 GE(LI) DETECTOR(S)  WEIGHT=0.10E+01
                    ** EXPERIMENTAL YIELDS **
    DECAY IS  IF         YIELD+/-ERROR

      12   3   2  0.194020E+05     0.529000E+03
      13   2   1  0.137038E+06     0.108500E+04
      10   4   2  0.398050E+05     0.694000E+03
       8   5   3  0.459200E+04     0.303000E+03
       6   6   4  0.537100E+04     0.296000E+03
       5   7   5  0.526000E+03     0.140000E+03
       3   8   6  0.390000E+03     0.166000E+03



     EXPERIMENT  6
  PROJECTILE ( 50.,116.) 421.100 MEV ---1 GE(LI) DETECTOR(S)  WEIGHT=0.10E+01
                    ** EXPERIMENTAL YIELDS **
    DECAY IS  IF         YIELD+/-ERROR

      12   3   2  0.206560E+05     0.558000E+03
      13   2   1  0.179946E+06     0.122800E+04
      10   4   2  0.448130E+05     0.703000E+03
       8   5   3  0.397500E+04     0.293000E+03
       6   6   4  0.505400E+04     0.307000E+03
       5   7   5  0.484000E+03     0.220000E+03
       3   8   6  0.361000E+03     0.185000E+03



     EXPERIMENT  7
  PROJECTILE ( 50.,116.) 421.100 MEV ---1 GE(LI) DETECTOR(S)  WEIGHT=0.10E+01
                    ** EXPERIMENTAL YIELDS **
    DECAY IS  IF         YIELD+/-ERROR

      12   3   2  0.171750E+05     0.580000E+03
      13   2   1  0.200465E+06     0.128100E+04
      10   4   2  0.412680E+05     0.694000E+03
       8   5   3  0.262500E+04     0.209000E+03
       6   6   4  0.395700E+04     0.252000E+03



     EXPERIMENT  8
  PROJECTILE ( 50.,116.) 421.100 MEV ---1 GE(LI) DETECTOR(S)  WEIGHT=0.10E+01
                    ** EXPERIMENTAL YIELDS **
    DECAY IS  IF         YIELD+/-ERROR

      12   3   2  0.121830E+05     0.963000E+03
      13   2   1  0.202929E+06     0.128100E+04
      10   4   2  0.310220E+05     0.570000E+03
       8   5   3  0.176800E+04     0.220000E+03
       6   6   4  0.263100E+04     0.252000E+03



     EXPERIMENT  9
  PROJECTILE ( 50.,116.) 421.100 MEV ---1 GE(LI) DETECTOR(S)  WEIGHT=0.10E+01
                    ** EXPERIMENTAL YIELDS **
    DECAY IS  IF         YIELD+/-ERROR

      12   3   2  0.462700E+04     0.283000E+03
      13   2   1  0.234500E+05     0.452000E+03
      10   4   2  0.795500E+04     0.304000E+03
       8   5   3  0.127600E+04     0.146000E+03
       6   6   4  0.116200E+04     0.143000E+03


       47 EXPERIMENTAL YIELDS            2 MATRIX ELEMENTS TO BE VARIED






                              LIFETIMES(PSEC)


     LEVEL         LIFETIME     ERROR

        2           49.27        -0.22         0.22
        3           48.80        -1.00         1.00
        4            5.12        -0.07         0.07
        5            3.80        -0.80         0.80
        6            1.41        -0.12         0.12
        7            1.10        -0.30         0.30
        8            0.61        -0.06         0.06

          LIFETIMES ARE TAKEN WITH WEIGHT    0.100000E+01


                    EXPERIMENTAL E2/M1 MIXING RATIOS


          TRANSITION            DELTA          ERROR

           3---  2               -5.2000          -0.5000      0.5000

          E2/M1 MIXING RATIOS ARE TAKEN WITH WEIGHT    0.100000E+01


                              EXPERIMENTAL MATRIX ELEMENT(S)


          TRANSITION          MAT.EL.          ERROR

           2---  2                0.8300          -0.1100      0.1100
           3---  3               -0.5100          -0.2100      0.2100
           4---  4                1.3700          -0.1600      0.1600
           6---  6               -0.3000          -0.4000      0.4000

           MATRIX ELEMENT(S) ARE TAKEN WITH WEIGHT    0.100000E+01



     *****  RESTART-MATRIX ELEMENTS OVERWRITTEN  *****




                                        MATRIX ELEMENTS


     MULTIPOLARITY=2
    INDEX   NF     NS          ME               LIMITS
       1      1      2        1.17111     FIXED
       2      1      3       -0.00083     FIXED
       3      2      2        0.89481     FIXED
       4      2      3        1.35586     FIXED
       5      2      4        1.90079     FIXED
       6      2      5        0.29837     FIXED
       7      3      3       -0.43020     FIXED
       8      3      5        1.47814     FIXED
       9      4      4        1.11286     FIXED
      10      4      5        0.45131     FIXED
      11      4      6        2.60674     FIXED
      12      4      7        0.01003     FIXED
      13      5      5        3.19323     FIXED
      14      5      7        2.21560     FIXED
      15      6      6       -0.13013     FIXED
      16      6      8        3.34051     FIXED
      17      7      7        6.42860     FIXED
      18      7      9        0.50019     FIXED
      19      8      8       -0.84037     FIXED
      20      8     10        0.49988     FIXED
      21      9      9        0.00048       -4.00000        4.00000
      22     10     10       -0.00019       -4.00000        4.00000
     MULTIPOLARITY=7
    INDEX   NF     NS          ME               LIMITS
      23      2      3       -0.07209     FIXED
      24      4      5        0.23651     FIXED


                                                  CALCULATED YIELDS

     EXPERIMENT  1  DETECTOR  1
     ENERGY    421.100 MEV  THETA  25.540 DEG

     NI     NF     II     IF     YIELD     NORMALIZED YIELD

     10      8   10.0    8.0   0.24108E-05   0.62169E-10
      9      7    8.0    6.0   0.91983E-05   0.23720E-09
      8      6    8.0    6.0   0.40375E-01   0.10412E-05
      7      4    6.0    4.0   0.18981E-04   0.48947E-09
      7      5    6.0    4.0   0.93208E-01   0.24036E-05
      6      4    6.0    4.0   0.71842E+01   0.18526E-03
      5      2    4.0    2.0   0.38106E+01   0.98264E-04
      5      3    4.0    2.0   0.10427E+02   0.26889E-03
      5      4    4.0    4.0   0.48762E+00   0.12574E-04
      4      2    4.0    2.0   0.78137E+03   0.20149E-01
      3      1    2.0    0.0   0.31025E-02   0.80005E-07
      3      2    2.0    2.0   0.23230E+03   0.59904E-02
      2      1    2.0    0.0   0.38779E+05   0.10000E+01


                                                  CALCULATED YIELDS

     EXPERIMENT  2  DETECTOR  1
     ENERGY    421.100 MEV  THETA  34.360 DEG

     NI     NF     II     IF     YIELD     NORMALIZED YIELD

     10      8   10.0    8.0   0.11852E-03   0.31158E-08
      9      7    8.0    6.0   0.23553E-03   0.61918E-08
      8      6    8.0    6.0   0.69224E+00   0.18198E-04
      7      4    6.0    4.0   0.19269E-03   0.50656E-08
      7      5    6.0    4.0   0.94552E+00   0.24857E-04
      6      4    6.0    4.0   0.45589E+02   0.11985E-02
      5      2    4.0    2.0   0.15067E+02   0.39610E-03
      5      3    4.0    2.0   0.41230E+02   0.10839E-02
      5      4    4.0    4.0   0.19293E+01   0.50719E-04
      4      2    4.0    2.0   0.19074E+04   0.50144E-01
      3      1    2.0    0.0   0.82955E-02   0.21808E-06
      3      2    2.0    2.0   0.61596E+03   0.16193E-01
      2      1    2.0    0.0   0.38039E+05   0.10000E+01


                                                  CALCULATED YIELDS

     EXPERIMENT  3  DETECTOR  1
     ENERGY    421.100 MEV  THETA  41.670 DEG

     NI     NF     II     IF     YIELD     NORMALIZED YIELD

     10      8   10.0    8.0   0.91737E-03   0.26629E-07
      9      7    8.0    6.0   0.12917E-02   0.37495E-07
      8      6    8.0    6.0   0.30169E+01   0.87572E-04
      7      4    6.0    4.0   0.66312E-03   0.19249E-07
      7      5    6.0    4.0   0.32539E+01   0.94453E-04
      6      4    6.0    4.0   0.11633E+03   0.33767E-02
      5      2    4.0    2.0   0.31217E+02   0.90615E-03
      5      3    4.0    2.0   0.85422E+02   0.24796E-02
      5      4    4.0    4.0   0.39992E+01   0.11609E-03
      4      2    4.0    2.0   0.28836E+04   0.83705E-01
      3      1    2.0    0.0   0.13400E-01   0.38897E-06
      3      2    2.0    2.0   0.99171E+03   0.28787E-01
      2      1    2.0    0.0   0.34450E+05   0.10000E+01


                                                  CALCULATED YIELDS

     EXPERIMENT  4  DETECTOR  1
     ENERGY    421.100 MEV  THETA  47.650 DEG

     NI     NF     II     IF     YIELD     NORMALIZED YIELD

     10      8   10.0    8.0   0.29816E-02   0.97624E-07
      9      7    8.0    6.0   0.34560E-02   0.11316E-06
      8      6    8.0    6.0   0.69150E+01   0.22641E-03
      7      4    6.0    4.0   0.13719E-02   0.44918E-07
      7      5    6.0    4.0   0.67318E+01   0.22041E-03
      6      4    6.0    4.0   0.19391E+03   0.63488E-02
      5      2    4.0    2.0   0.47523E+02   0.15560E-02
      5      3    4.0    2.0   0.13004E+03   0.42578E-02
      5      4    4.0    4.0   0.60908E+01   0.19942E-03
      4      2    4.0    2.0   0.35040E+04   0.11473E+00
      3      1    2.0    0.0   0.17171E-01   0.56221E-06
      3      2    2.0    2.0   0.12694E+04   0.41563E-01
      2      1    2.0    0.0   0.30542E+05   0.10000E+01


                                                  CALCULATED YIELDS

     EXPERIMENT  5  DETECTOR  1
     ENERGY    421.100 MEV  THETA  25.146 DEG

     NI     NF     II     IF     YIELD     NORMALIZED YIELD

     10      8   10.0    8.0   0.47589E-01   0.34851E-05
      9      7    8.0    6.0   0.39460E-01   0.28897E-05
      8      6    8.0    6.0   0.39130E+02   0.28656E-02
      7      4    6.0    4.0   0.12067E-01   0.88369E-06
      7      5    6.0    4.0   0.59213E+02   0.43363E-02
      6      4    6.0    4.0   0.53487E+03   0.39170E-01
      5      2    4.0    2.0   0.17032E+03   0.12473E-01
      5      3    4.0    2.0   0.46606E+03   0.34131E-01
      5      4    4.0    4.0   0.21754E+02   0.15931E-02
      4      2    4.0    2.0   0.41226E+04   0.30191E+00
      3      1    2.0    0.0   0.27465E-01   0.20114E-05
      3      2    2.0    2.0   0.20337E+04   0.14893E+00
      2      1    2.0    0.0   0.13655E+05   0.10000E+01


                                                  CALCULATED YIELDS

     EXPERIMENT  6  DETECTOR  1
     ENERGY    421.100 MEV  THETA  34.186 DEG

     NI     NF     II     IF     YIELD     NORMALIZED YIELD

     10      8   10.0    8.0   0.45784E-01   0.21351E-05
      9      7    8.0    6.0   0.37407E-01   0.17444E-05
      8      6    8.0    6.0   0.44347E+02   0.20681E-02
      7      4    6.0    4.0   0.10171E-01   0.47432E-06
      7      5    6.0    4.0   0.49910E+02   0.23275E-02
      6      4    6.0    4.0   0.62912E+03   0.29339E-01
      5      2    4.0    2.0   0.16644E+03   0.77619E-02
      5      3    4.0    2.0   0.45545E+03   0.21240E-01
      5      4    4.0    4.0   0.21320E+02   0.99424E-03
      4      2    4.0    2.0   0.54354E+04   0.25347E+00
      3      1    2.0    0.0   0.33423E-01   0.15586E-05
      3      2    2.0    2.0   0.24736E+04   0.11535E+00
      2      1    2.0    0.0   0.21443E+05   0.10000E+01


                                                  CALCULATED YIELDS

     EXPERIMENT  7  DETECTOR  1
     ENERGY    421.100 MEV  THETA  41.596 DEG

     NI     NF     II     IF     YIELD     NORMALIZED YIELD

     10      8   10.0    8.0   0.27683E-01   0.94632E-06
      9      7    8.0    6.0   0.24081E-01   0.82317E-06
      8      6    8.0    6.0   0.34205E+02   0.11692E-02
      7      4    6.0    4.0   0.67559E-02   0.23094E-06
      7      5    6.0    4.0   0.33151E+02   0.11332E-02
      6      4    6.0    4.0   0.56647E+03   0.19364E-01
      5      2    4.0    2.0   0.13583E+03   0.46432E-02
      5      3    4.0    2.0   0.37169E+03   0.12706E-01
      5      4    4.0    4.0   0.17416E+02   0.59534E-03
      4      2    4.0    2.0   0.59265E+04   0.20259E+00
      3      1    2.0    0.0   0.33514E-01   0.11456E-05
      3      2    2.0    2.0   0.24785E+04   0.84724E-01
      2      1    2.0    0.0   0.29254E+05   0.10000E+01


                                                  CALCULATED YIELDS

     EXPERIMENT  8  DETECTOR  1
     ENERGY    421.100 MEV  THETA  47.608 DEG

     NI     NF     II     IF     YIELD     NORMALIZED YIELD

     10      8   10.0    8.0   0.12576E-01   0.34793E-06
      9      7    8.0    6.0   0.12265E-01   0.33934E-06
      8      6    8.0    6.0   0.20609E+02   0.57018E-03
      7      4    6.0    4.0   0.39116E-02   0.10822E-06
      7      5    6.0    4.0   0.19194E+02   0.53103E-03
      6      4    6.0    4.0   0.42699E+03   0.11813E-01
      5      2    4.0    2.0   0.10018E+03   0.27716E-02
      5      3    4.0    2.0   0.27413E+03   0.75842E-02
      5      4    4.0    4.0   0.12845E+02   0.35536E-03
      4      2    4.0    2.0   0.56748E+04   0.15700E+00
      3      1    2.0    0.0   0.29797E-01   0.82438E-06
      3      2    2.0    2.0   0.22025E+04   0.60934E-01
      2      1    2.0    0.0   0.36145E+05   0.10000E+01


                                                  CALCULATED YIELDS

     EXPERIMENT  9  DETECTOR  1
     ENERGY    421.100 MEV  THETA 146.130 DEG

     NI     NF     II     IF     YIELD     NORMALIZED YIELD

     10      8   10.0    8.0   0.23900E-02   0.30660E-05
      9      7    8.0    6.0   0.25305E-02   0.32463E-05
      8      6    8.0    6.0   0.20627E+01   0.26461E-02
      7      4    6.0    4.0   0.12539E-02   0.16086E-05
      7      5    6.0    4.0   0.61531E+01   0.78934E-02
      6      4    6.0    4.0   0.35529E+02   0.45578E-01
      5      2    4.0    2.0   0.16055E+02   0.20596E-01
      5      3    4.0    2.0   0.43933E+02   0.56359E-01
      5      4    4.0    4.0   0.20367E+01   0.26127E-02
      4      2    4.0    2.0   0.27203E+03   0.34898E+00
      3      1    2.0    0.0   0.19552E-02   0.25082E-05
      3      2    2.0    2.0   0.14478E+03   0.18573E+00
      2      1    2.0    0.0   0.77952E+03   0.10000E+01


          E2/M1 MIXING RATIOS
          TRANSITION          EXP.DELTA          CALC.DELTA          SIGMA

           3---  2               -5.20              -5.23             -0.06


                    CALCULATED LIFETIMES

     LEVEL     LIFETIME(PSEC)     EXP        ERROR

        2       0.4930E+02     0.4927E+02    -.2200E+00    0.2200E+00
        3       0.4850E+02     0.4880E+02    -.1000E+01    0.1000E+01
        4       0.5171E+01     0.5120E+01    -.7000E-01    0.7000E-01
        5       0.2899E+01     0.3800E+01    -.8000E+00    0.8000E+00
        6       0.1339E+01     0.1410E+01    -.1200E+00    0.1200E+00
        7       0.1151E+01     0.1100E+01    -.3000E+00    0.3000E+00
        8       0.6063E+00     0.6100E+00    -.6000E-01    0.6000E-01
        9       0.2438E+02
       10       0.2192E+02


CALCULATED AND EXPERIMENTAL MATRIX ELEMENTS


     NI NF  EXP. ME   CURRENT ME   SIGMA
      2   2    0.8300    0.8948    0.5892
      3   3   -0.5100   -0.4302    0.3800
      4   4    1.3700    1.1129   -1.6071
      6   6   -0.3000   -0.1301    0.4247
               ********* END OF EXECUTION **********
