1
 *****************************************************************************************************************************
 *****************************************************************************************************************************
 **************************************************                         **************************************************
 **************************************************          GOSIA          **************************************************
 **************************************************                         **************************************************
 *****************************************************************************************************************************
 *****************************************************************************************************************************





                    ROCHESTER COULOMB EXCITATION DATA ANALYSIS CODE BY T.CZOSNYKA,D.CLINE AND C.Y.WU
                                                  VERSION: 20081208.18






               Coulomb excitation of 196Pt                                                
          ----------------------------------------------------------------------------------------------------

                                        LEVELS

     INDEX     PARITY         SPIN           ENERGY(MEV)
       1           +           0.0            0.0000
       2           +           2.0            0.3557
       3           +           2.0            0.6887
       4           +           4.0            0.8769
       5           +           4.0            1.2933
       6           +           6.0            1.5258
       7           +           6.0            2.0074
       8           +           8.0            2.2527
       9           +           8.0            2.7496
      10           +          10.0            3.0440

                                        MATRIX ELEMENTS


     MULTIPOLARITY=2
    INDEX   NF     NS          ME               LIMITS
       1      1      2        1.20620       -3.00000        3.00000
       2      1      3        0.00050       -1.00000        1.00000
       3      2      2        0.81800       -2.00000        2.00000
       4      2      3        1.30000       -3.00000        3.00000
       5      2      4        1.93000       -4.00000        4.00000
       6      2      5        0.18460       -4.00000        4.00000
       7      3      3       -0.51460       -3.00000        3.00000
       8      3      5        1.32860       -4.00000        4.00000
       9      4      4        1.36590       -3.00000        3.00000
      10      4      5        1.01720       -3.00000        3.00000
      11      4      6        2.55010       -4.00000        4.00000
      12      4      7        0.20630       -2.00000        2.00000
      13      5      5        0.00000       -3.00000        3.00000
      14      5      7        2.07986       -4.00000        4.00000
      15      6      6       -0.25820       -3.00000        3.00000
      16      6      8        3.00290       -5.00000        5.00000
      17      7      7        0.10000       -4.00000        4.00000
      18      7      9        0.10000       -4.00000        4.00000
      19      8      8        0.10000       -4.00000        4.00000
      20      8     10        0.10000       -4.00000        4.00000
      21      9      9        0.10000       -4.00000        4.00000
      22     10     10        0.10000       -4.00000        4.00000
     MULTIPOLARITY=7
    INDEX   NF     NS          ME               LIMITS
      23      2      3       -0.06950       -3.00000        3.00000
      24      4      5       -0.35000       -2.00000        2.00000


       47 EXPERIMENTAL YIELDS           24 MATRIX ELEMENTS TO BE VARIED






                              LIFETIMES(PSEC)


     LEVEL         LIFETIME     ERROR

        2           49.27        -0.22         0.22
        3           48.76        -1.00         1.00
        4            5.12        -0.07         0.07
        5            3.75        -0.79         0.79
        6            1.41        -0.12         0.12
        7            1.11        -0.27         0.27
        8            0.61        -0.06         0.06

          LIFETIMES ARE TAKEN WITH WEIGHT    0.100000E+01


                    EXPERIMENTAL E2/M1 MIXING RATIOS


          TRANSITION            DELTA          ERROR

           3---  2               -5.2000          -0.5000      0.5000

          E2/M1 MIXING RATIOS ARE TAKEN WITH WEIGHT    0.100000E+01


                              EXPERIMENTAL MATRIX ELEMENT(S)


          TRANSITION          MAT.EL.          ERROR

           2---  2                0.8200          -0.1100      0.1100
           3---  3               -0.5100          -0.2100      0.2100
           4---  4                1.3700          -0.1600      0.1600
           6---  6               -0.3000          -0.4000      0.4000

           MATRIX ELEMENT(S) ARE TAKEN WITH WEIGHT    0.100000E+01



     *****  RESTART-MATRIX ELEMENTS OVERWRITTEN  *****




                                        MATRIX ELEMENTS


     MULTIPOLARITY=2
    INDEX   NF     NS          ME               LIMITS
       1      1      2        1.17111       -3.00000        3.00000
       2      1      3       -0.00083       -1.00000        1.00000
       3      2      2        0.89481       -2.00000        2.00000
       4      2      3        1.35586       -3.00000        3.00000
       5      2      4        1.90079       -4.00000        4.00000
       6      2      5        0.29837       -4.00000        4.00000
       7      3      3       -0.43020       -3.00000        3.00000
       8      3      5        1.47814       -4.00000        4.00000
       9      4      4        1.11286       -3.00000        3.00000
      10      4      5        0.45131       -3.00000        3.00000
      11      4      6        2.60674       -4.00000        4.00000
      12      4      7        0.01003       -2.00000        2.00000
      13      5      5        3.19323       -3.00000        3.00000
      14      5      7        2.21560       -4.00000        4.00000
      15      6      6       -0.13013       -3.00000        3.00000
      16      6      8        3.34051       -5.00000        5.00000
      17      7      7        6.42860       -4.00000        4.00000
      18      7      9        0.50019       -4.00000        4.00000
      19      8      8       -0.84037       -4.00000        4.00000
      20      8     10        0.49988       -4.00000        4.00000
      21      9      9        0.00048       -4.00000        4.00000
      22     10     10       -0.00019       -4.00000        4.00000
     MULTIPOLARITY=7
    INDEX   NF     NS          ME               LIMITS
      23      2      3       -0.07209       -3.00000        3.00000
      24      4      5        0.23651       -2.00000        2.00000
               ********* END OF EXECUTION **********
