1
 *****************************************************************************************************************************
 *****************************************************************************************************************************
 **************************************************                         **************************************************
 **************************************************          GOSIA          **************************************************
 **************************************************                         **************************************************
 *****************************************************************************************************************************
 *****************************************************************************************************************************





                    ROCHESTER COULOMB EXCITATION DATA ANALYSIS CODE BY T.CZOSNYKA,D.CLINE AND C.Y.WU
                                                  VERSION: 20081208.18






               Coulomb excitation of 116Sn                                                
          ----------------------------------------------------------------------------------------------------

                                        LEVELS

     INDEX     PARITY         SPIN           ENERGY(MEV)
       1           +           0.0            0.0000
       2           +           2.0            1.2936
       3           +           0.0            2.0275
       4           +           2.0            2.1123
       5           +           4.0            2.3909
       6           +           4.0            2.5292

                                        MATRIX ELEMENTS


     MULTIPOLARITY=2
    INDEX   NF     NS          ME               LIMITS
       1      1      2        0.10000       -4.00000        4.00000
       2      1      4        0.10000       -4.00000        4.00000
       3      2      2        0.10000       -4.00000        4.00000
       4      2      3        0.10000       -4.00000        4.00000
       5      2      4        0.10000       -4.00000        4.00000
       6      2      5        0.10000       -4.00000        4.00000
       7      3      3        0.10000       -4.00000        4.00000
       8      4      4        0.10000       -4.00000        4.00000
       9      4      6        0.10000       -4.00000        4.00000
      10      5      5        0.10000       -4.00000        4.00000
      11      6      6        0.10000       -4.00000        4.00000
     MULTIPOLARITY=7
    INDEX   NF     NS          ME               LIMITS
      12      2      4        0.10000       -4.00000        4.00000
      13      5      6        0.10000       -4.00000        4.00000


       14 EXPERIMENTAL YIELDS           13 MATRIX ELEMENTS TO BE VARIED






     *****  RESTART-MATRIX ELEMENTS OVERWRITTEN  *****




                                        MATRIX ELEMENTS


     MULTIPOLARITY=2
    INDEX   NF     NS          ME               LIMITS
       1      1      2        0.44184       -4.00000        4.00000
       2      1      4        0.00846       -4.00000        4.00000
       3      2      2        0.28045       -4.00000        4.00000
       4      2      3        0.15120       -4.00000        4.00000
       5      2      4       -0.46296       -4.00000        4.00000
       6      2      5        0.77226       -4.00000        4.00000
       7      3      3        0.60621       -4.00000        4.00000
       8      4      4       -0.35538       -4.00000        4.00000
       9      4      6       -0.13241       -4.00000        4.00000
      10      5      5        0.85567       -4.00000        4.00000
      11      6      6       -0.09398       -4.00000        4.00000
     MULTIPOLARITY=7
    INDEX   NF     NS          ME               LIMITS
      12      2      4        0.17632       -4.00000        4.00000
      13      5      6        0.10385       -4.00000        4.00000
               ********* END OF EXECUTION **********
