1
 *****************************************************************************************************************************
 *****************************************************************************************************************************
 **************************************************                         **************************************************
 **************************************************          GOSIA          **************************************************
 **************************************************                         **************************************************
 *****************************************************************************************************************************
 *****************************************************************************************************************************





                    ROCHESTER COULOMB EXCITATION DATA ANALYSIS CODE BY T.CZOSNYKA,D.CLINE AND C.Y.WU
                                                  VERSION: 20081208.18






               Coulomb excitation of 116Sn                                                
          ----------------------------------------------------------------------------------------------------

                                        LEVELS

     INDEX     PARITY         SPIN           ENERGY(MEV)
       1           +           0.0            0.0000
       2           +           2.0            1.2936
       3           +           0.0            2.0275
       4           +           2.0            2.1123
       5           +           4.0            2.3909
       6           +           4.0            2.5292

                                        MATRIX ELEMENTS


     MULTIPOLARITY=2
    INDEX   NF     NS          ME               LIMITS
       1      1      2        0.10000     FIXED
       2      1      4        0.10000       -4.00000        4.00000
       3      2      2        0.10000     FIXED
       4      2      3        0.10000       -4.00000        4.00000
       5      2      4        0.10000       -4.00000        4.00000
       6      2      5        0.10000     FIXED
       7      3      3        0.10000       -4.00000        4.00000
       8      4      4        0.10000       -4.00000        4.00000
       9      4      6        0.10000       -4.00000        4.00000
      10      5      5        0.10000     FIXED
      11      6      6        0.10000       -4.00000        4.00000
     MULTIPOLARITY=7
    INDEX   NF     NS          ME               LIMITS
      12      2      4        0.10000       -4.00000        4.00000
      13      5      6        0.10000       -4.00000        4.00000

                                               REPRINT OF EXPERIMENTAL DATA TO BE FITTED





     EXPERIMENT  1
  PROJECTILE ( 50.,116.) 421.100 MEV ---1 GE(LI) DETECTOR(S)  WEIGHT=0.10E+01
                    ** EXPERIMENTAL YIELDS **
    DECAY IS  IF         YIELD+/-ERROR

       7   2   1  0.112780E+05     0.429000E+03



     EXPERIMENT  2
  PROJECTILE ( 50.,116.) 421.100 MEV ---1 GE(LI) DETECTOR(S)  WEIGHT=0.10E+01
                    ** EXPERIMENTAL YIELDS **
    DECAY IS  IF         YIELD+/-ERROR

       7   2   1  0.149700E+05     0.525000E+03



     EXPERIMENT  3
  PROJECTILE ( 50.,116.) 421.100 MEV ---1 GE(LI) DETECTOR(S)  WEIGHT=0.10E+01
                    ** EXPERIMENTAL YIELDS **
    DECAY IS  IF         YIELD+/-ERROR

       7   2   1  0.143320E+05     0.496000E+03



     EXPERIMENT  4
  PROJECTILE ( 50.,116.) 421.100 MEV ---1 GE(LI) DETECTOR(S)  WEIGHT=0.10E+01
                    ** EXPERIMENTAL YIELDS **
    DECAY IS  IF         YIELD+/-ERROR

       7   2   1  0.123090E+05     0.448000E+03



     EXPERIMENT  5
  PROJECTILE ( 50.,116.) 421.100 MEV ---1 GE(LI) DETECTOR(S)  WEIGHT=0.10E+01
                    ** EXPERIMENTAL YIELDS **
    DECAY IS  IF         YIELD+/-ERROR

       3   5   2  0.332000E+03     0.213000E+03
       7   2   1  0.121370E+05     0.105700E+04



     EXPERIMENT  6
  PROJECTILE ( 50.,116.) 421.100 MEV ---1 GE(LI) DETECTOR(S)  WEIGHT=0.10E+01
                    ** EXPERIMENTAL YIELDS **
    DECAY IS  IF         YIELD+/-ERROR

       3   5   2  0.655000E+03     0.890000E+02
       7   2   1  0.157820E+05     0.105700E+04



     EXPERIMENT  7
  PROJECTILE ( 50.,116.) 421.100 MEV ---1 GE(LI) DETECTOR(S)  WEIGHT=0.10E+01
                    ** EXPERIMENTAL YIELDS **
    DECAY IS  IF         YIELD+/-ERROR

       3   5   2  0.506000E+03     0.990000E+02
       7   2   1  0.160900E+05     0.912000E+03



     EXPERIMENT  8
  PROJECTILE ( 50.,116.) 421.100 MEV ---1 GE(LI) DETECTOR(S)  WEIGHT=0.10E+01
                    ** EXPERIMENTAL YIELDS **
    DECAY IS  IF         YIELD+/-ERROR

       3   5   2  0.368000E+03     0.106000E+03
       7   2   1  0.152960E+05     0.901000E+03



     EXPERIMENT  9
  PROJECTILE ( 50.,116.) 421.100 MEV ---1 GE(LI) DETECTOR(S)  WEIGHT=0.10E+01
                    ** EXPERIMENTAL YIELDS **
    DECAY IS  IF         YIELD+/-ERROR

       3   5   2  0.920000E+02     0.530000E+02
       7   2   1  0.241500E+04     0.200000E+03


       14 EXPERIMENTAL YIELDS            9 MATRIX ELEMENTS TO BE VARIED





                    EXPERIMENTAL E2/M1 MIXING RATIOS


          TRANSITION            DELTA          ERROR

           4---  2               -1.8000          -0.2000      0.2000

          E2/M1 MIXING RATIOS ARE TAKEN WITH WEIGHT    0.100000E+01



     *****  RESTART-MATRIX ELEMENTS OVERWRITTEN  *****




                                        MATRIX ELEMENTS


     MULTIPOLARITY=2
    INDEX   NF     NS          ME               LIMITS
       1      1      2        0.44184     FIXED
       2      1      4        0.00846       -4.00000        4.00000
       3      2      2        0.28045     FIXED
       4      2      3        0.15120       -4.00000        4.00000
       5      2      4       -0.46296       -4.00000        4.00000
       6      2      5        0.77226     FIXED
       7      3      3        0.60621       -4.00000        4.00000
       8      4      4       -0.35538       -4.00000        4.00000
       9      4      6       -0.13241       -4.00000        4.00000
      10      5      5        0.85567     FIXED
      11      6      6       -0.09398       -4.00000        4.00000
     MULTIPOLARITY=7
    INDEX   NF     NS          ME               LIMITS
      12      2      4        0.17632       -4.00000        4.00000
      13      5      6        0.10385       -4.00000        4.00000


                                                  CALCULATED YIELDS

     EXPERIMENT  1  DETECTOR  1
     ENERGY    421.100 MEV  THETA  25.540 DEG

     NI     NF     II     IF     YIELD     NORMALIZED YIELD

      6      4    4.0    2.0   0.44219E-04   0.41163E-07
      6      5    4.0    4.0   0.82070E-05   0.76399E-08
      5      2    4.0    2.0   0.19501E+01   0.18154E-02
      4      1    2.0    0.0   0.54652E-02   0.50876E-05
      4      2    2.0    2.0   0.20241E+00   0.18842E-03
      3      2    0.0    2.0   0.94692E-02   0.88149E-05
      2      1    2.0    0.0   0.10742E+04   0.10000E+01


                                                  CALCULATED YIELDS

     EXPERIMENT  2  DETECTOR  1
     ENERGY    421.100 MEV  THETA  34.360 DEG

     NI     NF     II     IF     YIELD     NORMALIZED YIELD

      6      4    4.0    2.0   0.64178E-03   0.35920E-06
      6      5    4.0    4.0   0.11865E-03   0.66407E-07
      5      2    4.0    2.0   0.11328E+02   0.63404E-02
      4      1    2.0    0.0   0.35313E-01   0.19764E-04
      4      2    2.0    2.0   0.13082E+01   0.73221E-03
      3      2    0.0    2.0   0.99639E-01   0.55768E-04
      2      1    2.0    0.0   0.17867E+04   0.10000E+01


                                                  CALCULATED YIELDS

     EXPERIMENT  3  DETECTOR  1
     ENERGY    421.100 MEV  THETA  41.670 DEG

     NI     NF     II     IF     YIELD     NORMALIZED YIELD

      6      4    4.0    2.0   0.23997E-02   0.11848E-05
      6      5    4.0    4.0   0.44541E-03   0.21992E-06
      5      2    4.0    2.0   0.24437E+02   0.12066E-01
      4      1    2.0    0.0   0.82793E-01   0.40879E-04
      4      2    2.0    2.0   0.30783E+01   0.15199E-02
      3      2    0.0    2.0   0.32803E+00   0.16196E-03
      2      1    2.0    0.0   0.20253E+04   0.10000E+01


                                                  CALCULATED YIELDS

     EXPERIMENT  4  DETECTOR  1
     ENERGY    421.100 MEV  THETA  47.650 DEG

     NI     NF     II     IF     YIELD     NORMALIZED YIELD

      6      4    4.0    2.0   0.49380E-02   0.24502E-05
      6      5    4.0    4.0   0.91658E-03   0.45480E-06
      5      2    4.0    2.0   0.35262E+02   0.17497E-01
      4      1    2.0    0.0   0.12714E+00   0.63083E-04
      4      2    2.0    2.0   0.47532E+01   0.23585E-02
      3      2    0.0    2.0   0.64536E+00   0.32022E-03
      2      1    2.0    0.0   0.20154E+04   0.10000E+01


                                                  CALCULATED YIELDS

     EXPERIMENT  5  DETECTOR  1
     ENERGY    421.100 MEV  THETA  25.085 DEG

     NI     NF     II     IF     YIELD     NORMALIZED YIELD

      6      4    4.0    2.0   0.26575E-01   0.21072E-04
      6      5    4.0    4.0   0.49302E-02   0.39092E-05
      5      2    4.0    2.0   0.49035E+02   0.38881E-01
      4      1    2.0    0.0   0.28030E+00   0.22226E-03
      4      2    2.0    2.0   0.11218E+02   0.88952E-02
      3      2    0.0    2.0   0.48532E+01   0.38482E-02
      2      1    2.0    0.0   0.12612E+04   0.10000E+01


                                                  CALCULATED YIELDS

     EXPERIMENT  6  DETECTOR  1
     ENERGY    421.100 MEV  THETA  34.115 DEG

     NI     NF     II     IF     YIELD     NORMALIZED YIELD

      6      4    4.0    2.0   0.26961E-01   0.14771E-04
      6      5    4.0    4.0   0.50043E-02   0.27417E-05
      5      2    4.0    2.0   0.68462E+02   0.37508E-01
      4      1    2.0    0.0   0.32826E+00   0.17984E-03
      4      2    2.0    2.0   0.12840E+02   0.70346E-02
      3      2    0.0    2.0   0.41132E+01   0.22535E-02
      2      1    2.0    0.0   0.18253E+04   0.10000E+01


                                                  CALCULATED YIELDS

     EXPERIMENT  7  DETECTOR  1
     ENERGY    421.100 MEV  THETA  41.518 DEG

     NI     NF     II     IF     YIELD     NORMALIZED YIELD

      6      4    4.0    2.0   0.20747E-01   0.89793E-05
      6      5    4.0    4.0   0.38511E-02   0.16668E-05
      5      2    4.0    2.0   0.73298E+02   0.31724E-01
      4      1    2.0    0.0   0.31145E+00   0.13480E-03
      4      2    2.0    2.0   0.11940E+02   0.51676E-02
      3      2    0.0    2.0   0.28349E+01   0.12270E-02
      2      1    2.0    0.0   0.23105E+04   0.10000E+01


                                                  CALCULATED YIELDS

     EXPERIMENT  8  DETECTOR  1
     ENERGY    421.100 MEV  THETA  47.523 DEG

     NI     NF     II     IF     YIELD     NORMALIZED YIELD

      6      4    4.0    2.0   0.13285E-01   0.50273E-05
      6      5    4.0    4.0   0.24660E-02   0.93318E-06
      5      2    4.0    2.0   0.65302E+02   0.24712E-01
      4      1    2.0    0.0   0.25436E+00   0.96254E-04
      4      2    2.0    2.0   0.96095E+01   0.36364E-02
      3      2    0.0    2.0   0.17311E+01   0.65510E-03
      2      1    2.0    0.0   0.26426E+04   0.10000E+01


                                                  CALCULATED YIELDS

     EXPERIMENT  9  DETECTOR  1
     ENERGY    421.100 MEV  THETA 146.130 DEG

     NI     NF     II     IF     YIELD     NORMALIZED YIELD

      6      4    4.0    2.0   0.20834E-02   0.25622E-04
      6      5    4.0    4.0   0.38548E-03   0.47407E-05
      5      2    4.0    2.0   0.25778E+01   0.31701E-01
      4      1    2.0    0.0   0.20998E-01   0.25824E-03
      4      2    2.0    2.0   0.86103E+00   0.10589E-01
      3      2    0.0    2.0   0.52475E+00   0.64534E-02
      2      1    2.0    0.0   0.81314E+02   0.10000E+01


          E2/M1 MIXING RATIOS
          TRANSITION          EXP.DELTA          CALC.DELTA          SIGMA

           4---  2               -1.80              -1.79              0.03


                    CALCULATED LIFETIMES

     LEVEL     LIFETIME(PSEC)     EXP        ERROR

        2       0.5767E+00
        3       0.1672E+02
        4       0.3827E+01
        5       0.7734E+00
        6       0.2679E+04
               ********* END OF EXECUTION **********
