1
 *****************************************************************************************************************************
 *****************************************************************************************************************************
 **************************************************                         **************************************************
 **************************************************          GOSIA2         **************************************************
 **************************************************                         **************************************************
 *****************************************************************************************************************************
 *****************************************************************************************************************************





                    ROCHESTER COULOMB EXCITATION DATA ANALYSIS CODE BY T.CZOSNYKA,D.CLINE AND C.Y.WU
                                                  VERSION: 20081208.25






               Coulomb excitation of 116Sn                                                
          ----------------------------------------------------------------------------------------------------

                                        LEVELS

     INDEX     PARITY         SPIN           ENERGY(MEV)
       1           +           0.0            0.0000
       2           +           2.0            1.2936
       3           +           0.0            2.0275
       4           +           2.0            2.1123
       5           +           4.0            2.3909
       6           +           4.0            2.5292

                                        MATRIX ELEMENTS


     MULTIPOLARITY=2
    INDEX   NF     NS          ME               LIMITS
       1      1      2        0.10000       -1.00000        1.00000
       2      1      4        0.10000       -1.00000        1.00000
       3      2      2        0.10000       -1.00000        1.00000
       4      2      3        0.10000       -2.00000        2.00000
       5      2      4        0.10000       -2.00000        2.00000
       6      2      5        0.10000       -2.00000        2.00000
       7      3      3        0.10000       -1.00000        1.00000
       8      4      4        0.10000       -1.00000        1.00000
       9      4      6        0.10000       -2.00000        2.00000
      10      5      5        0.10000       -2.00000        2.00000
      11      6      6        0.10000       -2.00000        2.00000
     MULTIPOLARITY=7
    INDEX   NF     NS          ME               LIMITS
      12      2      4        0.10000       -1.00000        1.00000
      13      5      6        0.10000       -1.00000        1.00000


       14 EXPERIMENTAL YIELDS           13 MATRIX ELEMENTS TO BE VARIED






     *****  RESTART-MATRIX ELEMENTS OVERWRITTEN  *****




                                        MATRIX ELEMENTS


     MULTIPOLARITY=2
    INDEX   NF     NS          ME               LIMITS
       1      1      2        0.44184       -1.00000        1.00000
       2      1      4        0.00846       -1.00000        1.00000
       3      2      2        0.28045       -1.00000        1.00000
       4      2      3        0.15120       -2.00000        2.00000
       5      2      4       -0.46296       -2.00000        2.00000
       6      2      5        0.77226       -2.00000        2.00000
       7      3      3        0.60621       -1.00000        1.00000
       8      4      4       -0.35538       -1.00000        1.00000
       9      4      6       -0.13241       -2.00000        2.00000
      10      5      5        0.85567       -2.00000        2.00000
      11      6      6       -0.09398       -2.00000        2.00000
     MULTIPOLARITY=7
    INDEX   NF     NS          ME               LIMITS
      12      2      4        0.17632       -1.00000        1.00000
      13      5      6        0.10385       -1.00000        1.00000





     INTEGRATED RUTHERFORD CROSS SECTION=.3527E+05  FOR EXP. 1





                                                  INTEGRATED YIELDS

     EXPERIMENT  1  DETECTOR  1
     ENERGY RANGE  400.200--- 442.000 MEV   SCATTERING ANGLE RANGE  20.270--- 30.800 DEG

     NI     NF     II     IF     YIELD     NORMALIZED YIELD

      6      4    4.0    2.0   0.20445E-04   0.72151E-07
      6      5    4.0    4.0   0.37945E-05   0.13391E-07
      5      2    4.0    2.0   0.67332E+00   0.23762E-02
      4      1    2.0    0.0   0.19338E-02   0.68246E-05
      4      2    2.0    2.0   0.71443E-01   0.25213E-03
      3      2    0.0    2.0   0.38412E-02   0.13556E-04
      2      1    2.0    0.0   0.28336E+03   0.10000E+01





     INTEGRATED RUTHERFORD CROSS SECTION=.1155E+05  FOR EXP. 2





                                                  INTEGRATED YIELDS

     EXPERIMENT  2  DETECTOR  1
     ENERGY RANGE  400.200--- 442.000 MEV   SCATTERING ANGLE RANGE  29.960--- 38.750 DEG

     NI     NF     II     IF     YIELD     NORMALIZED YIELD

      6      4    4.0    2.0   0.17139E-03   0.43827E-06
      6      5    4.0    4.0   0.31949E-04   0.81702E-07
      5      2    4.0    2.0   0.27099E+01   0.69299E-02
      4      1    2.0    0.0   0.85211E-02   0.21790E-04
      4      2    2.0    2.0   0.31473E+00   0.80484E-03
      3      2    0.0    2.0   0.25490E-01   0.65184E-04
      2      1    2.0    0.0   0.39105E+03   0.10000E+01





     INTEGRATED RUTHERFORD CROSS SECTION=.5189E+04  FOR EXP. 3





                                                  INTEGRATED YIELDS

     EXPERIMENT  3  DETECTOR  1
     ENERGY RANGE  400.200--- 442.000 MEV   SCATTERING ANGLE RANGE  38.080--- 45.260 DEG

     NI     NF     II     IF     YIELD     NORMALIZED YIELD

      6      4    4.0    2.0   0.48177E-03   0.13243E-05
      6      5    4.0    4.0   0.89418E-04   0.24580E-06
      5      2    4.0    2.0   0.46326E+01   0.12734E-01
      4      1    2.0    0.0   0.15738E-01   0.43262E-04
      4      2    2.0    2.0   0.58287E+00   0.16022E-02
      3      2    0.0    2.0   0.64113E-01   0.17624E-03
      2      1    2.0    0.0   0.36379E+03   0.10000E+01





     INTEGRATED RUTHERFORD CROSS SECTION=.2788E+04  FOR EXP. 4





                                                  INTEGRATED YIELDS

     EXPERIMENT  4  DETECTOR  1
     ENERGY RANGE  400.200--- 442.000 MEV   SCATTERING ANGLE RANGE  44.730--- 50.560 DEG

     NI     NF     II     IF     YIELD     NORMALIZED YIELD

      6      4    4.0    2.0   0.78783E-03   0.26688E-05
      6      5    4.0    4.0   0.14623E-03   0.49537E-06
      5      2    4.0    2.0   0.54030E+01   0.18303E-01
      4      1    2.0    0.0   0.19479E-01   0.65986E-04
      4      2    2.0    2.0   0.72488E+00   0.24555E-02
      3      2    0.0    2.0   0.10049E+00   0.34043E-03
      2      1    2.0    0.0   0.29520E+03   0.10000E+01





     INTEGRATED RUTHERFORD CROSS SECTION=.1107E+04  FOR EXP. 5





                                                  INTEGRATED YIELDS

     EXPERIMENT  5  DETECTOR  1
     ENERGY RANGE  400.200--- 442.000 MEV   SCATTERING ANGLE RANGE  20.270--- 30.800 DEG

     NI     NF     II     IF     YIELD     NORMALIZED YIELD

      6      4    4.0    2.0   0.74511E-02   0.21997E-04
      6      5    4.0    4.0   0.13824E-02   0.40811E-05
      5      2    4.0    2.0   0.13698E+02   0.40439E-01
      4      1    2.0    0.0   0.76308E-01   0.22528E-03
      4      2    2.0    2.0   0.30455E+01   0.89910E-02
      3      2    0.0    2.0   0.12944E+01   0.38215E-02
      2      1    2.0    0.0   0.33872E+03   0.10000E+01





     INTEGRATED RUTHERFORD CROSS SECTION=.1583E+04  FOR EXP. 6





                                                  INTEGRATED YIELDS

     EXPERIMENT  6  DETECTOR  1
     ENERGY RANGE  400.200--- 442.000 MEV   SCATTERING ANGLE RANGE  29.960--- 38.750 DEG

     NI     NF     II     IF     YIELD     NORMALIZED YIELD

      6      4    4.0    2.0   0.62479E-02   0.15449E-04
      6      5    4.0    4.0   0.11596E-02   0.28675E-05
      5      2    4.0    2.0   0.15618E+02   0.38619E-01
      4      1    2.0    0.0   0.73991E-01   0.18296E-03
      4      2    2.0    2.0   0.28850E+01   0.71339E-02
      3      2    0.0    2.0   0.92097E+00   0.22773E-02
      2      1    2.0    0.0   0.40441E+03   0.10000E+01





     INTEGRATED RUTHERFORD CROSS SECTION=.2062E+04  FOR EXP. 7





                                                  INTEGRATED YIELDS

     EXPERIMENT  7  DETECTOR  1
     ENERGY RANGE  400.200--- 442.000 MEV   SCATTERING ANGLE RANGE  38.080--- 45.260 DEG

     NI     NF     II     IF     YIELD     NORMALIZED YIELD

      6      4    4.0    2.0   0.39463E-02   0.94635E-05
      6      5    4.0    4.0   0.73251E-03   0.17566E-05
      5      2    4.0    2.0   0.13617E+02   0.32655E-01
      4      1    2.0    0.0   0.57515E-01   0.13793E-03
      4      2    2.0    2.0   0.21959E+01   0.52661E-02
      3      2    0.0    2.0   0.52462E+00   0.12581E-02
      2      1    2.0    0.0   0.41700E+03   0.10000E+01





     INTEGRATED RUTHERFORD CROSS SECTION=.2546E+04  FOR EXP. 8





                                                  INTEGRATED YIELDS

     EXPERIMENT  8  DETECTOR  1
     ENERGY RANGE  400.200--- 442.000 MEV   SCATTERING ANGLE RANGE  44.730--- 50.560 DEG

     NI     NF     II     IF     YIELD     NORMALIZED YIELD

      6      4    4.0    2.0   0.20698E-02   0.53367E-05
      6      5    4.0    4.0   0.38419E-03   0.99058E-06
      5      2    4.0    2.0   0.98908E+01   0.25502E-01
      4      1    2.0    0.0   0.38401E-01   0.99012E-04
      4      2    2.0    2.0   0.14434E+01   0.37216E-02
      3      2    0.0    2.0   0.26308E+00   0.67831E-03
      2      1    2.0    0.0   0.38784E+03   0.10000E+01





     INTEGRATED RUTHERFORD CROSS SECTION=.1833E+03  FOR EXP. 9





                                                  INTEGRATED YIELDS

     EXPERIMENT  9  DETECTOR  1
     ENERGY RANGE  400.200--- 442.000 MEV   SCATTERING ANGLE RANGE 131.320---160.940 DEG

     NI     NF     II     IF     YIELD     NORMALIZED YIELD

      6      4    4.0    2.0   0.18617E-02   0.27577E-04
      6      5    4.0    4.0   0.34454E-03   0.51035E-05
      5      2    4.0    2.0   0.22649E+01   0.33548E-01
      4      1    2.0    0.0   0.17863E-01   0.26460E-03
      4      2    2.0    2.0   0.73215E+00   0.10845E-01
      3      2    0.0    2.0   0.44212E+00   0.65488E-02
      2      1    2.0    0.0   0.67511E+02   0.10000E+01



          EXPERIMENT  1        DETECTOR  1

         NI     NF     YEXP        YCOR        COR.F

        2        1   .113E+05    .428E+05    .379E+01



          EXPERIMENT  2        DETECTOR  1

         NI     NF     YEXP        YCOR        COR.F

        2        1   .150E+05    .684E+05    .457E+01



          EXPERIMENT  3        DETECTOR  1

         NI     NF     YEXP        YCOR        COR.F

        2        1   .143E+05    .798E+05    .557E+01



          EXPERIMENT  4        DETECTOR  1

         NI     NF     YEXP        YCOR        COR.F

        2        1   .123E+05    .840E+05    .683E+01



          EXPERIMENT  5        DETECTOR  1

         NI     NF     YEXP        YCOR        COR.F

        5        2   .332E+03    .119E+04    .358E+01
        2        1   .121E+05    .452E+05    .372E+01



          EXPERIMENT  6        DETECTOR  1

         NI     NF     YEXP        YCOR        COR.F

        5        2   .655E+03    .287E+04    .438E+01
        2        1   .158E+05    .712E+05    .451E+01



          EXPERIMENT  7        DETECTOR  1

         NI     NF     YEXP        YCOR        COR.F

        5        2   .506E+03    .272E+04    .538E+01
        2        1   .161E+05    .892E+05    .554E+01



          EXPERIMENT  8        DETECTOR  1

         NI     NF     YEXP        YCOR        COR.F

        5        2   .368E+03    .243E+04    .660E+01
        2        1   .153E+05    .104E+06    .681E+01



          EXPERIMENT  9        DETECTOR  1

         NI     NF     YEXP        YCOR        COR.F

        5        2   .920E+02    .105E+03    .114E+01
        2        1   .242E+04    .291E+04    .120E+01
               ********* END OF EXECUTION **********
