1
 *****************************************************************************************************************************
 *****************************************************************************************************************************
 **************************************************                         **************************************************
 **************************************************          GOSIA          **************************************************
 **************************************************                         **************************************************
 *****************************************************************************************************************************
 *****************************************************************************************************************************





                    ROCHESTER COULOMB EXCITATION DATA ANALYSIS CODE BY T.CZOSNYKA,D.CLINE AND C.Y.WU
                                                  VERSION: 20081208.18






               Coulomb excitation of 116Sn                                                
          ----------------------------------------------------------------------------------------------------

                                        LEVELS

     INDEX     PARITY         SPIN           ENERGY(MEV)
       1           +           0.0            0.0000
       2           +           2.0            1.2936
       3           +           0.0            2.0275
       4           +           2.0            2.1123
       5           +           4.0            2.3909
       6           +           4.0            2.5292

                                        MATRIX ELEMENTS


     MULTIPOLARITY=2
    INDEX   NF     NS          ME               LIMITS
       1      1      2        0.10000     FIXED
       2      1      4        0.10000       -4.00000        4.00000
       3      2      2        0.10000     FIXED
       4      2      3        0.10000       -4.00000        4.00000
       5      2      4        0.10000       -4.00000        4.00000
       6      2      5        0.10000     FIXED
       7      3      3        0.10000       -4.00000        4.00000
       8      4      4        0.10000       -4.00000        4.00000
       9      4      6        0.10000       -4.00000        4.00000
      10      5      5        0.10000     FIXED
      11      6      6        0.10000       -4.00000        4.00000
     MULTIPOLARITY=7
    INDEX   NF     NS          ME               LIMITS
      12      2      4        0.10000       -4.00000        4.00000
      13      5      6        0.10000       -4.00000        4.00000

                                               REPRINT OF EXPERIMENTAL DATA TO BE FITTED





     EXPERIMENT  1
  PROJECTILE ( 50.,116.) 421.100 MEV ---1 GE(LI) DETECTOR(S)  WEIGHT=0.10E+01
                    ** EXPERIMENTAL YIELDS **
    DECAY IS  IF         YIELD+/-ERROR

       7   2   1  0.112780E+05     0.429000E+03



     EXPERIMENT  2
  PROJECTILE ( 50.,116.) 421.100 MEV ---1 GE(LI) DETECTOR(S)  WEIGHT=0.10E+01
                    ** EXPERIMENTAL YIELDS **
    DECAY IS  IF         YIELD+/-ERROR

       7   2   1  0.149700E+05     0.525000E+03



     EXPERIMENT  3
  PROJECTILE ( 50.,116.) 421.100 MEV ---1 GE(LI) DETECTOR(S)  WEIGHT=0.10E+01
                    ** EXPERIMENTAL YIELDS **
    DECAY IS  IF         YIELD+/-ERROR

       7   2   1  0.143320E+05     0.496000E+03



     EXPERIMENT  4
  PROJECTILE ( 50.,116.) 421.100 MEV ---1 GE(LI) DETECTOR(S)  WEIGHT=0.10E+01
                    ** EXPERIMENTAL YIELDS **
    DECAY IS  IF         YIELD+/-ERROR

       7   2   1  0.123090E+05     0.448000E+03



     EXPERIMENT  5
  PROJECTILE ( 50.,116.) 421.100 MEV ---1 GE(LI) DETECTOR(S)  WEIGHT=0.10E+01
                    ** EXPERIMENTAL YIELDS **
    DECAY IS  IF         YIELD+/-ERROR

       3   5   2  0.332000E+03     0.213000E+03
       7   2   1  0.121370E+05     0.105700E+04



     EXPERIMENT  6
  PROJECTILE ( 50.,116.) 421.100 MEV ---1 GE(LI) DETECTOR(S)  WEIGHT=0.10E+01
                    ** EXPERIMENTAL YIELDS **
    DECAY IS  IF         YIELD+/-ERROR

       3   5   2  0.655000E+03     0.890000E+02
       7   2   1  0.157820E+05     0.105700E+04



     EXPERIMENT  7
  PROJECTILE ( 50.,116.) 421.100 MEV ---1 GE(LI) DETECTOR(S)  WEIGHT=0.10E+01
                    ** EXPERIMENTAL YIELDS **
    DECAY IS  IF         YIELD+/-ERROR

       3   5   2  0.506000E+03     0.990000E+02
       7   2   1  0.160900E+05     0.912000E+03



     EXPERIMENT  8
  PROJECTILE ( 50.,116.) 421.100 MEV ---1 GE(LI) DETECTOR(S)  WEIGHT=0.10E+01
                    ** EXPERIMENTAL YIELDS **
    DECAY IS  IF         YIELD+/-ERROR

       3   5   2  0.368000E+03     0.106000E+03
       7   2   1  0.152960E+05     0.901000E+03



     EXPERIMENT  9
  PROJECTILE ( 50.,116.) 421.100 MEV ---1 GE(LI) DETECTOR(S)  WEIGHT=0.10E+01
                    ** EXPERIMENTAL YIELDS **
    DECAY IS  IF         YIELD+/-ERROR

       3   5   2  0.920000E+02     0.530000E+02
       7   2   1  0.241500E+04     0.200000E+03


       14 EXPERIMENTAL YIELDS            9 MATRIX ELEMENTS TO BE VARIED





                    EXPERIMENTAL E2/M1 MIXING RATIOS


          TRANSITION            DELTA          ERROR

           4---  2               -1.8000          -0.2000      0.2000

          E2/M1 MIXING RATIOS ARE TAKEN WITH WEIGHT    0.100000E+01



     *****  RESTART-MATRIX ELEMENTS OVERWRITTEN  *****




                                        MATRIX ELEMENTS


     MULTIPOLARITY=2
    INDEX   NF     NS          ME               LIMITS
       1      1      2       -0.94521     FIXED
       2      1      4        0.06065       -4.00000        4.00000
       3      2      2       -0.12824     FIXED
       4      2      3       -1.95656       -4.00000        4.00000
       5      2      4       -1.13470       -4.00000        4.00000
       6      2      5       -1.82409     FIXED
       7      3      3       -0.70071       -4.00000        4.00000
       8      4      4       -0.37209       -4.00000        4.00000
       9      4      6       -1.19234       -4.00000        4.00000
      10      5      5        1.04366     FIXED
      11      6      6        0.08106       -4.00000        4.00000
     MULTIPOLARITY=7
    INDEX   NF     NS          ME               LIMITS
      12      2      4        0.42478       -4.00000        4.00000
      13      5      6        0.18814       -4.00000        4.00000


                                                  CALCULATED YIELDS

     EXPERIMENT  1  DETECTOR  1
     ENERGY    421.100 MEV  THETA  25.540 DEG

     NI     NF     II     IF     YIELD     NORMALIZED YIELD

      6      4    4.0    2.0           0.174529963963811179938900863817252684384584426879882812500000        0.34987E-04
      6      5    4.0    4.0           0.001310884819176470804727441255010944587411358952522277832031        0.26278E-06
      5      2    4.0    2.0          46.885504381631697867760522058233618736267089843750000000000000        0.93988E-02
      4      1    2.0    0.0           1.167963046039828700628504520864225924015045166015625000000000        0.23413E-03
      4      2    2.0    2.0           5.320361809785830509156312473351135849952697753906250000000000        0.10665E-02
      3      2    0.0    2.0           5.678421020327571788754994486225768923759460449218750000000000        0.11383E-02
      2      1    2.0    0.0        4988.482698942929346230812370777130126953125000000000000000000000        0.10000E+01


                                                  CALCULATED YIELDS

     EXPERIMENT  2  DETECTOR  1
     ENERGY    421.100 MEV  THETA  34.360 DEG

     NI     NF     II     IF     YIELD     NORMALIZED YIELD

      6      4    4.0    2.0           1.830679277421771944389661257446277886629104614257812500000000        0.20427E-03
      6      5    4.0    4.0           0.013751537826259851646226728405508765717968344688415527343750        0.15344E-05
      5      2    4.0    2.0         247.405193589760330041826819069683551788330078125000000000000000        0.27606E-01
      4      1    2.0    0.0           5.932256103425680215934789885068312287330627441406250000000000        0.66194E-03
      4      2    2.0    2.0          26.921149831541228536480048205703496932983398437500000000000000        0.30040E-02
      3      2    0.0    2.0          43.230978340137610871352080721408128738403320312500000000000000        0.48239E-02
      2      1    2.0    0.0        8961.916638607826826046220958232879638671875000000000000000000000        0.10000E+01


                                                  CALCULATED YIELDS

     EXPERIMENT  3  DETECTOR  1
     ENERGY    421.100 MEV  THETA  41.670 DEG

     NI     NF     II     IF     YIELD     NORMALIZED YIELD

      6      4    4.0    2.0           5.282067838649536994921618315856903791427612304687500000000000        0.47840E-03
      6      5    4.0    4.0           0.039679247757920352301930222438386408612132072448730468750000        0.35938E-05
      5      2    4.0    2.0         471.860643613556703712674789130687713623046875000000000000000000        0.42737E-01
      4      1    2.0    0.0          11.207726781485419564887706656008958816528320312500000000000000        0.10151E-02
      4      2    2.0    2.0          50.600427939913537045413249870762228965759277343750000000000000        0.45829E-02
      3      2    0.0    2.0          99.989876296599177862844953779131174087524414062500000000000000        0.90562E-02
      2      1    2.0    0.0       11041.060936603656955412589013576507568359375000000000000000000000        0.10000E+01


                                                  CALCULATED YIELDS

     EXPERIMENT  4  DETECTOR  1
     ENERGY    421.100 MEV  THETA  47.650 DEG

     NI     NF     II     IF     YIELD     NORMALIZED YIELD

      6      4    4.0    2.0           8.666774039437335375168913742527365684509277343750000000000000        0.73665E-03
      6      5    4.0    4.0           0.065105259194144463053000038144091377034783363342285156250000        0.55337E-05
      5      2    4.0    2.0         599.100602880590713539277203381061553955078125000000000000000000        0.50922E-01
      4      1    2.0    0.0          14.266466199054468333429213089402765035629272460937500000000000        0.12126E-02
      4      2    2.0    2.0          63.922788913801326771135791204869747161865234375000000000000000        0.54332E-02
      3      2    0.0    2.0         144.182918432782514628343051299452781677246093750000000000000000        0.12255E-01
      2      1    2.0    0.0       11765.153211742644998594187200069427490234375000000000000000000000        0.10000E+01


                                                  CALCULATED YIELDS

     EXPERIMENT  5  DETECTOR  1
     ENERGY    421.100 MEV  THETA  25.085 DEG

     NI     NF     II     IF     YIELD     NORMALIZED YIELD

      6      4    4.0    2.0           5.022318957684629658899666537763550877571105957031250000000000        0.53563E-03
      6      5    4.0    4.0           0.037644510694508984127715223166887881234288215637207031250000        0.40148E-05
      5      2    4.0    2.0         227.120474375252882737186155281960964202880859375000000000000000        0.24223E-01
      4      1    2.0    0.0           9.508070585537014451915638346690684556961059570312500000000000        0.10140E-02
      4      2    2.0    2.0          44.532782034858918507325142854824662208557128906250000000000000        0.47495E-02
      3      2    0.0    2.0         395.369243668248373069218359887599945068359375000000000000000000        0.42166E-01
      2      1    2.0    0.0        9376.401829622009245213121175765991210937500000000000000000000000        0.10000E+01


                                                  CALCULATED YIELDS

     EXPERIMENT  6  DETECTOR  1
     ENERGY    421.100 MEV  THETA  34.115 DEG

     NI     NF     II     IF     YIELD     NORMALIZED YIELD

      6      4    4.0    2.0          12.415886435941684950989838398527354001998901367187500000000000        0.95990E-03
      6      5    4.0    4.0           0.093174970381772692640254263096721842885017395019531250000000        0.72036E-05
      5      2    4.0    2.0         514.855234992860005149850621819496154785156250000000000000000000        0.39805E-01
      4      1    2.0    0.0          15.632202389469275871647369058337062597274780273437500000000000        0.12086E-02
      4      2    2.0    2.0          69.788701349326714762355550192296504974365234375000000000000000        0.53955E-02
      3      2    0.0    2.0         372.522928032223546779277967289090156555175781250000000000000000        0.28801E-01
      2      1    2.0    0.0       12934.572826324314519297331571578979492187500000000000000000000000        0.10000E+01


                                                  CALCULATED YIELDS

     EXPERIMENT  7  DETECTOR  1
     ENERGY    421.100 MEV  THETA  41.518 DEG

     NI     NF     II     IF     YIELD     NORMALIZED YIELD

      6      4    4.0    2.0          17.387176343656665977732700412161648273468017578125000000000000        0.11199E-02
      6      5    4.0    4.0           0.130566037889413760764156791083223652094602584838867187500000        0.84099E-05
      5      2    4.0    2.0         790.781994507107128811185248196125030517578125000000000000000000        0.50935E-01
      4      1    2.0    0.0          20.625839374901275391493982169777154922485351562500000000000000        0.13285E-02
      4      2    2.0    2.0          90.560702172555465949699282646179199218750000000000000000000000        0.58331E-02
      3      2    0.0    2.0         317.611666436896257437183521687984466552734375000000000000000000        0.20458E-01
      2      1    2.0    0.0       15525.326669243995638680644333362579345703125000000000000000000000        0.10000E+01


                                                  CALCULATED YIELDS

     EXPERIMENT  8  DETECTOR  1
     ENERGY    421.100 MEV  THETA  47.523 DEG

     NI     NF     II     IF     YIELD     NORMALIZED YIELD

      6      4    4.0    2.0          16.804824342022001815166731830686330795288085937500000000000000        0.10084E-02
      6      5    4.0    4.0           0.126227120588374264187336848408449441194534301757812500000000        0.75743E-05
      5      2    4.0    2.0         909.307107132145574723836034536361694335937500000000000000000000        0.54563E-01
      4      1    2.0    0.0          22.203941696311900955151941161602735519409179687500000000000000        0.13324E-02
      4      2    2.0    2.0          98.236558411363262166560161858797073364257812500000000000000000        0.58947E-02
      3      2    0.0    2.0         265.162724776649611158063635230064392089843750000000000000000000        0.15911E-01
      2      1    2.0    0.0       16665.194124854799156310036778450012207031250000000000000000000000        0.10000E+01


                                                  CALCULATED YIELDS

     EXPERIMENT  9  DETECTOR  1
     ENERGY    421.100 MEV  THETA 146.130 DEG

     NI     NF     II     IF     YIELD     NORMALIZED YIELD

      6      4    4.0    2.0           0.028305971963453586959236218945079599507153034210205078125000        0.43247E-04
      6      5    4.0    4.0           0.000211449483965182112761571620040967900422401726245880126953        0.32306E-06
      5      2    4.0    2.0           5.046950518618030123718654067488387227058410644531250000000000        0.77110E-02
      4      1    2.0    0.0           0.512981030703503093626238751312484964728355407714843750000000        0.78376E-03
      4      2    2.0    2.0           2.456234238496902477777439344208687543869018554687500000000000        0.37528E-02
      3      2    0.0    2.0          39.227864630515725252735137473791837692260742187500000000000000        0.59934E-01
      2      1    2.0    0.0         654.513972212920748461328912526369094848632812500000000000000000        0.10000E+01


          E2/M1 MIXING RATIOS
          TRANSITION          EXP.DELTA          CALC.DELTA          SIGMA

           4---  2               -1.80              -1.83             -0.13


                    CALCULATED LIFETIMES

     LEVEL     LIFETIME(PSEC)     EXP        ERROR

        2       0.1260E+00
        3       0.9987E-01
        4       0.5264E+00
        5       0.1386E+00
        6       0.4016E+02
               ********* END OF EXECUTION **********
