1
 *****************************************************************************************************************************
 *****************************************************************************************************************************
 **************************************************                         **************************************************
 **************************************************          GOSIA          **************************************************
 **************************************************                         **************************************************
 *****************************************************************************************************************************
 *****************************************************************************************************************************





                    ROCHESTER COULOMB EXCITATION DATA ANALYSIS CODE BY T.CZOSNYKA,D.CLINE AND C.Y.WU
                                                  VERSION: 20081208.18






               Coulomb excitation of 196Pt                                                
          ----------------------------------------------------------------------------------------------------

                                        LEVELS

     INDEX     PARITY         SPIN           ENERGY(MEV)
       1           +           0.0            0.0000
       2           +           2.0            0.3557
       3           +           2.0            0.6887
       4           +           4.0            0.8769
       5           +           4.0            1.2933
       6           +           6.0            1.5258
       7           +           6.0            2.0074
       8           +           8.0            2.2527
       9           +           8.0            2.7496
      10           +          10.0            3.0440

                                        MATRIX ELEMENTS


     MULTIPOLARITY=2
    INDEX   NF     NS          ME               LIMITS
       1      1      2        1.17103        1.10000        1.30000
       2      1      3       -0.02567       -1.00000        1.00000
       3      2      2        0.88889       -2.00000        2.00000
       4      2      3        1.33626       -3.00000        3.00000
       5      2      4        1.91072       -4.00000        4.00000
       6      2      5        0.27088       -4.00000        4.00000
       7      3      3       -0.29397       -3.00000        3.00000
       8      3      5        1.32342       -4.00000        4.00000
       9      4      4        1.02414       -3.00000        3.00000
      10      4      5        1.10586       -3.00000        3.00000
      11      4      6        2.69899       -4.00000        4.00000
      12      4      7        0.75845       -2.00000        2.00000
      13      5      5        1.03091       -3.00000        3.00000
      14      5      7        3.06291       -8.00000        8.00000
      15      6      6        0.31326       -3.00000        3.00000
      16      6      8        3.26907       -5.00000        5.00000
      17      7      7       -0.23323       -4.00000        4.00000
      18      7      9        1.29875       -4.00000        4.00000
      19      8      8        0.82646       -4.00000        4.00000
      20      8     10        1.04082       -8.00000        8.00000
      21      9      9        0.00000       -4.00000        4.00000
      22     10     10        0.00000       -4.00000        4.00000
     MULTIPOLARITY=7
    INDEX   NF     NS          ME               LIMITS
      23      2      3       -0.07285     FIXED
      24      4      5        0.03739     FIXED

                                               REPRINT OF EXPERIMENTAL DATA TO BE FITTED





     EXPERIMENT  1
  PROJECTILE ( 50.,112.) 410.300 MEV ---1 GE(LI) DETECTOR(S)  WEIGHT=0.10E+01
                    ** EXPERIMENTAL YIELDS **
    DECAY IS  IF         YIELD+/-ERROR

      12   3   2  0.400300E+04     0.672000E+03
      13   2   1  0.747767E+06     0.243300E+04
      10   4   2  0.141520E+05     0.418000E+03



     EXPERIMENT  2
  PROJECTILE ( 50.,112.) 410.300 MEV ---1 GE(LI) DETECTOR(S)  WEIGHT=0.10E+01
                    ** EXPERIMENTAL YIELDS **
    DECAY IS  IF         YIELD+/-ERROR

      12   3   2  0.815200E+04     0.771000E+03
      13   2   1  0.643731E+06     0.227500E+04
      10   4   2  0.291120E+05     0.561000E+03
       8   5   3  0.345000E+03     0.199000E+03
       6   6   4  0.625000E+03     0.197000E+03



     EXPERIMENT  3
  PROJECTILE ( 50.,112.) 410.300 MEV ---1 GE(LI) DETECTOR(S)  WEIGHT=0.10E+01
                    ** EXPERIMENTAL YIELDS **
    DECAY IS  IF         YIELD+/-ERROR

      12   3   2  0.122510E+05     0.915000E+03
      13   2   1  0.493713E+06     0.198900E+04
      10   4   2  0.362120E+05     0.637000E+03
       8   5   3  0.795000E+03     0.230000E+03
       6   6   4  0.114000E+04     0.263000E+03



     EXPERIMENT  4
  PROJECTILE ( 50.,112.) 410.300 MEV ---1 GE(LI) DETECTOR(S)  WEIGHT=0.10E+01
                    ** EXPERIMENTAL YIELDS **
    DECAY IS  IF         YIELD+/-ERROR

      12   3   2  0.119490E+05     0.888000E+03
      13   2   1  0.355552E+06     0.168000E+04
      10   4   2  0.356610E+05     0.627000E+03
       8   5   3  0.124500E+04     0.199000E+03
       6   6   4  0.208300E+04     0.241000E+03



     EXPERIMENT  5
  PROJECTILE ( 50.,112.) 410.300 MEV ---1 GE(LI) DETECTOR(S)  WEIGHT=0.10E+01
                    ** EXPERIMENTAL YIELDS **
    DECAY IS  IF         YIELD+/-ERROR

      12   3   2  0.395070E+05     0.725000E+03
      13   2   1  0.277459E+06     0.151400E+04
      10   4   2  0.753800E+05     0.931000E+03
       8   5   3  0.819000E+04     0.387000E+03
       6   6   4  0.896700E+04     0.428000E+03
       5   7   5  0.697000E+03     0.291000E+03
       3   8   6  0.453000E+03     0.206000E+03



     EXPERIMENT  6
  PROJECTILE ( 50.,112.) 410.300 MEV ---1 GE(LI) DETECTOR(S)  WEIGHT=0.10E+01
                    ** EXPERIMENTAL YIELDS **
    DECAY IS  IF         YIELD+/-ERROR

      12   3   2  0.401380E+05     0.776000E+03
      13   2   1  0.366814E+06     0.174800E+04
      10   4   2  0.842000E+05     0.950000E+03
       8   5   3  0.686100E+04     0.356000E+03
       6   6   4  0.102500E+05     0.428000E+03
       5   7   5  0.611000E+03     0.243000E+03
       3   8   6  0.741000E+03     0.272000E+03



     EXPERIMENT  7
  PROJECTILE ( 50.,112.) 410.300 MEV ---1 GE(LI) DETECTOR(S)  WEIGHT=0.10E+01
                    ** EXPERIMENTAL YIELDS **
    DECAY IS  IF         YIELD+/-ERROR

      12   3   2  0.313640E+05     0.140000E+04
      13   2   1  0.408245E+06     0.182300E+04
      10   4   2  0.749330E+05     0.884000E+03
       8   5   3  0.467500E+04     0.345000E+03
       6   6   4  0.650100E+04     0.340000E+03
       5   7   5  0.806000E+03     0.187000E+03
       3   8   6  0.260000E+03     0.177000E+03



     EXPERIMENT  8
  PROJECTILE ( 50.,112.) 410.300 MEV ---1 GE(LI) DETECTOR(S)  WEIGHT=0.10E+01
                    ** EXPERIMENTAL YIELDS **
    DECAY IS  IF         YIELD+/-ERROR

      12   3   2  0.203150E+05     0.108500E+04
      13   2   1  0.401263E+06     0.177700E+04
      10   4   2  0.579450E+05     0.769000E+03
       8   5   3  0.293700E+04     0.245000E+03
       6   6   4  0.496100E+04     0.278000E+03



     EXPERIMENT  9
  PROJECTILE ( 50.,112.) 410.300 MEV ---1 GE(LI) DETECTOR(S)  WEIGHT=0.10E+01
                    ** EXPERIMENTAL YIELDS **
    DECAY IS  IF         YIELD+/-ERROR

      12   3   2  0.193140E+05     0.515000E+03
      13   2   1  0.103336E+06     0.942000E+03
      10   4   2  0.324670E+05     0.608000E+03
       8   5   3  0.500000E+04     0.303000E+03
       6   6   4  0.345300E+04     0.252000E+03
       5   7   5  0.467000E+03     0.140000E+03
       3   8   6  0.544000E+03     0.118000E+03


       51 EXPERIMENTAL YIELDS           22 MATRIX ELEMENTS TO BE VARIED






                              LIFETIMES(PSEC)


     LEVEL         LIFETIME     ERROR

        2           49.27        -0.22         0.22
        3           48.80        -1.00         1.00
        4            5.12        -0.07         0.07
        5            3.80        -0.80         0.80
        6            1.41        -0.12         0.12
        7            1.10        -0.30         0.30
        8            0.61        -0.06         0.06

          LIFETIMES ARE TAKEN WITH WEIGHT    0.100000E+01


                    EXPERIMENTAL E2/M1 MIXING RATIOS


          TRANSITION            DELTA          ERROR

           3---  2               -5.2000          -0.5000      0.5000

          E2/M1 MIXING RATIOS ARE TAKEN WITH WEIGHT    0.100000E+01


                              EXPERIMENTAL MATRIX ELEMENT(S)


          TRANSITION          MAT.EL.          ERROR

           2---  2                0.8300          -0.1100      0.1100
           3---  3               -0.5100          -0.2100      0.2100
           4---  4                1.3700          -0.1600      0.1600
           6---  6               -0.3000          -0.4000      0.4000

           MATRIX ELEMENT(S) ARE TAKEN WITH WEIGHT    0.100000E+01



     *****  RESTART-MATRIX ELEMENTS OVERWRITTEN  *****




                                        MATRIX ELEMENTS


     MULTIPOLARITY=2
    INDEX   NF     NS          ME               LIMITS
       1      1      2        1.17171        1.10000        1.30000
       2      1      3        0.15481       -1.00000        1.00000
       3      2      2       -0.84113       -2.00000        2.00000
       4      2      3       -1.25021       -3.00000        3.00000
       5      2      4       -0.55883       -4.00000        4.00000
       6      2      5       -0.80965       -4.00000        4.00000
       7      3      3        0.84890       -3.00000        3.00000
       8      3      5       -0.29203       -4.00000        4.00000
       9      4      4        0.32031       -3.00000        3.00000
      10      4      5        0.30044       -3.00000        3.00000
      11      4      6       -2.18159       -4.00000        4.00000
      12      4      7        0.05464       -2.00000        2.00000
      13      5      5       -1.19852       -3.00000        3.00000
      14      5      7        0.39789       -8.00000        8.00000
      15      6      6       -1.61536       -3.00000        3.00000
      16      6      8       -2.29854       -5.00000        5.00000
      17      7      7       -1.22153       -4.00000        4.00000
      18      7      9       -1.73224       -4.00000        4.00000
      19      8      8       -0.65241       -4.00000        4.00000
      20      8     10       -1.80043       -8.00000        8.00000
      21      9      9       -3.36264       -4.00000        4.00000
      22     10     10        0.14670       -4.00000        4.00000
     MULTIPOLARITY=7
    INDEX   NF     NS          ME               LIMITS
      23      2      3        0.38166     FIXED
      24      4      5       -0.67991     FIXED


                                                  CALCULATED YIELDS

     EXPERIMENT  1  DETECTOR  1
     ENERGY    410.300 MEV  THETA  25.450 DEG

     NI     NF     II     IF     YIELD     NORMALIZED YIELD

     10      8   10.0    8.0           0.000000489477119010233790287825190318260482058576599229127169        0.13954E-10
      9      7    8.0    6.0           0.000013575968983799116239778899395407307792993378825485706329        0.38701E-09
      8      6    8.0    6.0           0.000746186622948356013430848410195039832615293562412261962891        0.21272E-07
      7      4    6.0    4.0           0.001747601984192740862122938949596573365852236747741699218750        0.49819E-07
      7      5    6.0    4.0           0.009316473338653990729496534584086475661024451255798339843750        0.26559E-06
      6      4    6.0    4.0           0.309806667198600449442125182031304575502872467041015625000000        0.88317E-05
      5      2    4.0    2.0          43.449485153279198357267887331545352935791015625000000000000000        0.12386E-02
      5      3    4.0    2.0           0.630207151001785370603158753510797396302223205566406250000000        0.17965E-04
      5      4    4.0    4.0           4.537840523663208891491649410454556345939636230468750000000000        0.12936E-03
      4      2    4.0    2.0          61.225207505208672387198021169751882553100585937500000000000000        0.17454E-02
      3      1    2.0    0.0          91.929669831689679426744987722486257553100585937500000000000000        0.26207E-02
      3      2    2.0    2.0         356.630193763364843562158057466149330139160156250000000000000000        0.10167E-01
      2      1    2.0    0.0       35078.765618309771525673568248748779296875000000000000000000000000        0.10000E+01


                                                  CALCULATED YIELDS

     EXPERIMENT  2  DETECTOR  1
     ENERGY    410.300 MEV  THETA  34.280 DEG

     NI     NF     II     IF     YIELD     NORMALIZED YIELD

     10      8   10.0    8.0           0.000026195845994237404447254821682200542909413343295454978943        0.77430E-09
      9      7    8.0    6.0           0.000309003886905656469704511968288329626375343650579452514648        0.91336E-08
      8      6    8.0    6.0           0.013736380314109892034069027033638121793046593666076660156250        0.40602E-06
      7      4    6.0    4.0           0.014327106989906116321642493005583673948422074317932128906250        0.42348E-06
      7      5    6.0    4.0           0.076377865013765908197562737314001424238085746765136718750000        0.22576E-05
      6      4    6.0    4.0           2.047498709746538025910922442562878131866455078125000000000000        0.60520E-04
      5      2    4.0    2.0         127.412791443617990694292529951781034469604492187500000000000000        0.37661E-02
      5      3    4.0    2.0           1.848041495407941381401428770914208143949508666992187500000000        0.54625E-04
      5      4    4.0    4.0          13.304641890311442509187145333271473646163940429687500000000000        0.39326E-03
      4      2    4.0    2.0         156.132896129867134504820569418370723724365234375000000000000000        0.46150E-02
      3      1    2.0    0.0         146.934990460314281790488166734576225280761718750000000000000000        0.43431E-02
      3      2    2.0    2.0         572.790113508281706344860140234231948852539062500000000000000000        0.16931E-01
      2      1    2.0    0.0       33831.570628593770379666239023208618164062500000000000000000000000        0.10000E+01


                                                  CALCULATED YIELDS

     EXPERIMENT  3  DETECTOR  1
     ENERGY    410.300 MEV  THETA  41.600 DEG

     NI     NF     II     IF     YIELD     NORMALIZED YIELD

     10      8   10.0    8.0           0.000214663440209392322776185690891281865333439782261848449707        0.71669E-08
      9      7    8.0    6.0           0.001498689862165001381727469365046090388204902410507202148438        0.50036E-07
      8      6    8.0    6.0           0.063252842288897270783820658834883943200111389160156250000000        0.21118E-05
      7      4    6.0    4.0           0.040387725625895778969187688289821380749344825744628906250000        0.13484E-05
      7      5    6.0    4.0           0.215307126642803631222378157872299198061227798461914062500000        0.71883E-05
      6      4    6.0    4.0           5.391864518412908147126927360659465193748474121093750000000000        0.18002E-03
      5      2    4.0    2.0         203.427418010549473592618596740067005157470703125000000000000000        0.67917E-02
      5      3    4.0    2.0           2.950585326907548822106264196918345987796783447265625000000000        0.98510E-04
      5      4    4.0    4.0          21.260413878391034359083278104662895202636718750000000000000000        0.70981E-03
      4      2    4.0    2.0         244.271450358623582133077434264123439788818359375000000000000000        0.81554E-02
      3      1    2.0    0.0         191.445173694202622982629691250622272491455078125000000000000000        0.63917E-02
      3      2    2.0    2.0         750.728928150189290136040654033422470092773437500000000000000000        0.25064E-01
      2      1    2.0    0.0       29952.232019111401314148679375648498535156250000000000000000000000        0.10000E+01


                                                  CALCULATED YIELDS

     EXPERIMENT  4  DETECTOR  1
     ENERGY    410.300 MEV  THETA  47.590 DEG

     NI     NF     II     IF     YIELD     NORMALIZED YIELD

     10      8   10.0    8.0           0.000731279772676453137213170574426612802199088037014007568359        0.28185E-07
      9      7    8.0    6.0           0.003616015367726696082967263734531115915160626173019409179688        0.13937E-06
      8      6    8.0    6.0           0.152259528808974281544053042125597130507230758666992187500000        0.58683E-05
      7      4    6.0    4.0           0.070755403601696659210418260954611469060182571411132812500000        0.27270E-05
      7      5    6.0    4.0           0.377197338505961654586684517198591493070125579833984375000000        0.14538E-04
      6      4    6.0    4.0           9.237520463290904260134084324818104505538940429687500000000000        0.35603E-03
      5      2    4.0    2.0         250.689769201721531999282888136804103851318359375000000000000000        0.96620E-02
      5      3    4.0    2.0           3.636095723653818279075267128064297139644622802734375000000000        0.14014E-03
      5      4    4.0    4.0          26.227498453856942006723329541273415088653564453125000000000000        0.10108E-02
      4      2    4.0    2.0         306.050394989857977634528651833534240722656250000000000000000000        0.11796E-01
      3      1    2.0    0.0         222.882929697809544222764088772237300872802734375000000000000000        0.85902E-02
      3      2    2.0    2.0         877.856844557376462034881114959716796875000000000000000000000000        0.33834E-01
      2      1    2.0    0.0       25946.056579651743959402665495872497558593750000000000000000000000        0.10000E+01


                                                  CALCULATED YIELDS

     EXPERIMENT  5  DETECTOR  1
     ENERGY    410.300 MEV  THETA  24.941 DEG

     NI     NF     II     IF     YIELD     NORMALIZED YIELD

     10      8   10.0    8.0           0.017497373306502431167253064359101699665188789367675781250000        0.20107E-05
      9      7    8.0    6.0           0.023466792274506015347768084211566019803285598754882812500000        0.26966E-05
      8      6    8.0    6.0           1.349870549713784395606808175216428935527801513671875000000000        0.15512E-03
      7      4    6.0    4.0           0.219278756833049814911618113910662941634654998779296875000000        0.25198E-04
      7      5    6.0    4.0           1.168975937666578035489806097757536917924880981445312500000000        0.13433E-03
      6      4    6.0    4.0          30.681292824756930315288627753034234046936035156250000000000000        0.35257E-02
      5      2    4.0    2.0         245.966739633645886442536721006035804748535156250000000000000000        0.28265E-01
      5      3    4.0    2.0           3.567591408957020426839790161466225981712341308593750000000000        0.40996E-03
      5      4    4.0    4.0          25.732383108149718964341445825994014739990234375000000000000000        0.29570E-02
      4      2    4.0    2.0         457.518777014473926101345568895339965820312500000000000000000000        0.52575E-01
      3      1    2.0    0.0         363.832272441022212206007679924368858337402343750000000000000000        0.41809E-01
      3      2    2.0    2.0        1452.272924251208451096317730844020843505859375000000000000000000        0.16688E+00
      2      1    2.0    0.0        8702.284369395083558629266917705535888671875000000000000000000000        0.10000E+01


                                                  CALCULATED YIELDS

     EXPERIMENT  6  DETECTOR  1
     ENERGY    410.300 MEV  THETA  34.051 DEG

     NI     NF     II     IF     YIELD     NORMALIZED YIELD

     10      8   10.0    8.0           0.015300541441561217245737047676357178715988993644714355468750        0.10063E-05
      9      7    8.0    6.0           0.026697128312499186775230697321603656746447086334228515625000        0.17559E-05
      8      6    8.0    6.0           1.346709449058613339289536270371172577142715454101562500000000        0.88574E-04
      7      4    6.0    4.0           0.259260320172070568567335158149944618344306945800781250000000        0.17052E-04
      7      5    6.0    4.0           1.382117806398239112652959192928392440080642700195312500000000        0.90903E-04
      6      4    6.0    4.0          34.905871901967309156589180929586291313171386718750000000000000        0.22958E-02
      5      2    4.0    2.0         355.625678351299939095042645931243896484375000000000000000000000        0.23390E-01
      5      3    4.0    2.0           5.158124689637400450692439335398375988006591796875000000000000        0.33925E-03
      5      4    4.0    4.0          37.291346912692880266604333883151412010192871093750000000000000        0.24527E-02
      4      2    4.0    2.0         564.776455633303839931613765656948089599609375000000000000000000        0.37146E-01
      3      1    2.0    0.0         417.767955886608149285166291519999504089355468750000000000000000        0.27477E-01
      3      2    2.0    2.0        1664.858396885173988266615197062492370605468750000000000000000000        0.10950E+00
      2      1    2.0    0.0       15204.367972392004958237521350383758544921875000000000000000000000        0.10000E+01


                                                  CALCULATED YIELDS

     EXPERIMENT  7  DETECTOR  1
     ENERGY    410.300 MEV  THETA  41.498 DEG

     NI     NF     II     IF     YIELD     NORMALIZED YIELD

     10      8   10.0    8.0           0.008629916564420608837693293935444671660661697387695312500000        0.38514E-06
      9      7    8.0    6.0           0.020550415520724771289984289523999905213713645935058593750000        0.91714E-06
      8      6    8.0    6.0           0.945948362536134457201342229382134974002838134765625000000000        0.42216E-04
      7      4    6.0    4.0           0.232098864341955757328861409405362792313098907470703125000000        0.10358E-04
      7      5    6.0    4.0           1.237319972277856283682240245980210602283477783203125000000000        0.55220E-04
      6      4    6.0    4.0          30.466371331334876515484211267903447151184082031250000000000000        0.13597E-02
      5      2    4.0    2.0         414.211491318220851098885759711265563964843750000000000000000000        0.18486E-01
      5      3    4.0    2.0           6.007874615578457699882619635900482535362243652343750000000000        0.26812E-03
      5      4    4.0    4.0          43.443592046769502701408782741054892539978027343750000000000000        0.19388E-02
      4      2    4.0    2.0         581.286231771252914768410846590995788574218750000000000000000000        0.25942E-01
      3      1    2.0    0.0         411.499573041359155922691570594906806945800781250000000000000000        0.18365E-01
      3      2    2.0    2.0        1635.199379672502118410193361341953277587890625000000000000000000        0.72977E-01
      2      1    2.0    0.0       22407.177437344780628336593508720397949218750000000000000000000000        0.10000E+01


                                                  CALCULATED YIELDS

     EXPERIMENT  8  DETECTOR  1
     ENERGY    410.300 MEV  THETA  47.537 DEG

     NI     NF     II     IF     YIELD     NORMALIZED YIELD

     10      8   10.0    8.0           0.003735645781187120310906646380999518441967666149139404296875        0.12775E-06
      9      7    8.0    6.0           0.012288759315025510679419973314452363410964608192443847656250        0.42024E-06
      8      6    8.0    6.0           0.534336937973467485107903485186398029327392578125000000000000        0.18273E-04
      7      4    6.0    4.0           0.172498530628847901446931700775166973471641540527343750000000        0.58990E-05
      7      5    6.0    4.0           0.919590353844792041115852043731138110160827636718750000000000        0.31447E-04
      6      4    6.0    4.0          22.394229723963857026092227897606790065765380859375000000000000        0.76582E-03
      5      2    4.0    2.0         412.616425384978811052860692143440246582031250000000000000000000        0.14110E-01
      5      3    4.0    2.0           5.984739068331563771607761736959218978881835937500000000000000        0.20466E-03
      5      4    4.0    4.0          43.234991528324016485385072883218526840209960937500000000000000        0.14785E-02
      4      2    4.0    2.0         533.229861233083624938444700092077255249023437500000000000000000        0.18235E-01
      3      1    2.0    0.0         374.051041673403062759462045505642890930175781250000000000000000        0.12791E-01
      3      2    2.0    2.0        1480.890307867785395501414313912391662597656250000000000000000000        0.50642E-01
      2      1    2.0    0.0       29242.234377301880158483982086181640625000000000000000000000000000        0.10000E+01


                                                  CALCULATED YIELDS

     EXPERIMENT  9  DETECTOR  1
     ENERGY    410.300 MEV  THETA 146.370 DEG

     NI     NF     II     IF     YIELD     NORMALIZED YIELD

     10      8   10.0    8.0           0.001199600695680464942927123672689049271866679191589355468750        0.26026E-05
      9      7    8.0    6.0           0.001347175916598991737491153308781122177606448531150817871094        0.29228E-05
      8      6    8.0    6.0           0.100024902522253225645165741752862231805920600891113281250000        0.21701E-03
      7      4    6.0    4.0           0.015806416114210176254717410415651102084666490554809570312500        0.34293E-04
      7      5    6.0    4.0           0.084264068762054708527919899552216520532965660095214843750000        0.18282E-03
      6      4    6.0    4.0           2.349186194068289879055555502418428659439086914062500000000000        0.50967E-02
      5      2    4.0    2.0          15.748909653158557730989741685334593057632446289062500000000000        0.34168E-01
      5      3    4.0    2.0           0.228427932697379321158592802021303214132785797119140625000000        0.49559E-03
      5      4    4.0    4.0           1.638237865667311776718406690633855760097503662109375000000000        0.35543E-02
      4      2    4.0    2.0          35.790481016978759498670115135610103607177734375000000000000000        0.77650E-01
      3      1    2.0    0.0          31.847739763359001585740770678967237472534179687500000000000000        0.69096E-01
      3      2    2.0    2.0         127.207525228752075463489745743572711944580078125000000000000000        0.27599E+00
      2      1    2.0    0.0         460.919946465823727521637920290231704711914062500000000000000000        0.10000E+01


          E2/M1 MIXING RATIOS
          TRANSITION          EXP.DELTA          CALC.DELTA          SIGMA

           3---  2               -5.20              -0.91              8.58


                    CALCULATED LIFETIMES

     LEVEL     LIFETIME(PSEC)     EXP        ERROR

        2       0.4925E+02     0.4927E+02    -.2200E+00    0.2200E+00
        3       0.2028E+02     0.4880E+02    -.1000E+01    0.1000E+01
        4       0.5983E+02     0.5120E+01    -.7000E-01    0.7000E-01
        5       0.1360E+01     0.3800E+01    -.8000E+00    0.8000E+00
        6       0.1911E+01     0.1410E+01    -.1200E+00    0.1200E+00
        7       0.3009E+02     0.1100E+01    -.3000E+00    0.3000E+00
        8       0.1281E+01     0.6100E+00    -.6000E-01    0.6000E-01
        9       0.2033E+01
       10       0.1689E+01


CALCULATED AND EXPERIMENTAL MATRIX ELEMENTS


     NI NF  EXP. ME   CURRENT ME   SIGMA
      2   2    0.8300   -0.8411  -15.1921
      3   3   -0.5100    0.8489    6.4710
      4   4    1.3700    0.3203   -6.5606
      6   6   -0.3000   -1.6154   -3.2884
               ********* END OF EXECUTION **********
