1
 *****************************************************************************************************************************
 *****************************************************************************************************************************
 **************************************************                         **************************************************
 **************************************************          GOSIA          **************************************************
 **************************************************                         **************************************************
 *****************************************************************************************************************************
 *****************************************************************************************************************************





                    ROCHESTER COULOMB EXCITATION DATA ANALYSIS CODE BY T.CZOSNYKA,D.CLINE AND C.Y.WU
                                                  VERSION: 20081208.18






               Coulomb excitation of 112Sn                                                
          ----------------------------------------------------------------------------------------------------

                                        LEVELS

     INDEX     PARITY         SPIN           ENERGY(MEV)
       1           +           0.0            0.0000
       2           +           2.0            1.2567
       3           +           2.0            2.1509
       4           +           4.0            2.2474
       5           -           3.0            2.3542
       6           +           6.0            2.5492
       7           +           4.0            2.9131
       8           +           4.0            2.5207

                                        MATRIX ELEMENTS


     MULTIPOLARITY=1
    INDEX   NF     NS          ME               LIMITS
       1      2      5        0.03558       -1.00000        1.00000
     MULTIPOLARITY=2
    INDEX   NF     NS          ME               LIMITS
       2      1      2        0.48884       -1.00000        1.00000
       3      1      3        0.12018       -1.00000        1.00000
       4      2      2        0.06806       -2.00000        2.00000
       5      2      3        0.81708       -2.00000        2.00000
       6      2      4        0.48016       -2.00000        2.00000
       7      2      7        0.48016       -2.00000        2.00000
       8      2      8        0.10000       -2.00000        2.00000
       9      3      3       -0.13657       -2.00000        2.00000
      10      4      4        0.45959       -2.00000        2.00000
      11      4      6        0.10000       -8.00000        8.00000
      12      5      5        1.49656       -8.00000        8.00000
      13      6      6        0.50010       -8.00000        8.00000
      14      7      7        0.10000       -4.00000        4.00000
      15      8      8        0.10000       -4.00000        4.00000
     MULTIPOLARITY=7
    INDEX   NF     NS          ME               LIMITS
      16      2      3        0.56635       -4.00000        4.00000
      17      4      7        0.10000       -4.00000        4.00000

                                               REPRINT OF EXPERIMENTAL DATA TO BE FITTED





     EXPERIMENT  1
  PROJECTILE ( 50.,112.) 410.300 MEV ---1 GE(LI) DETECTOR(S)  WEIGHT=0.10E+01
                    ** EXPERIMENTAL YIELDS **
    DECAY IS  IF         YIELD+/-ERROR

       9   2   1  0.268090E+05     0.668000E+03



     EXPERIMENT  2
  PROJECTILE ( 50.,112.) 410.300 MEV ---1 GE(LI) DETECTOR(S)  WEIGHT=0.10E+01
                    ** EXPERIMENTAL YIELDS **
    DECAY IS  IF         YIELD+/-ERROR

       9   2   1  0.386540E+05     0.926000E+03



     EXPERIMENT  3
  PROJECTILE ( 50.,112.) 410.300 MEV ---1 GE(LI) DETECTOR(S)  WEIGHT=0.10E+01
                    ** EXPERIMENTAL YIELDS **
    DECAY IS  IF         YIELD+/-ERROR

       9   2   1  0.358190E+05     0.831000E+03



     EXPERIMENT  4
  PROJECTILE ( 50.,112.) 410.300 MEV ---1 GE(LI) DETECTOR(S)  WEIGHT=0.10E+01
                    ** EXPERIMENTAL YIELDS **
    DECAY IS  IF         YIELD+/-ERROR

       9   2   1  0.286960E+05     0.700000E+03



     EXPERIMENT  5
  PROJECTILE ( 50.,112.) 410.300 MEV ---1 GE(LI) DETECTOR(S)  WEIGHT=0.10E+01
                    ** EXPERIMENTAL YIELDS **
    DECAY IS  IF         YIELD+/-ERROR

       9   2   1  0.284920E+05     0.159000E+04
       6   4   2  0.233000E+03     0.125000E+03



     EXPERIMENT  6
  PROJECTILE ( 50.,112.) 410.300 MEV ---1 GE(LI) DETECTOR(S)  WEIGHT=0.10E+01
                    ** EXPERIMENTAL YIELDS **
    DECAY IS  IF         YIELD+/-ERROR

       9   2   1  0.375920E+05     0.164800E+04
       6   4   2  0.152000E+03     0.120000E+03



     EXPERIMENT  7
  PROJECTILE ( 50.,112.) 410.300 MEV ---1 GE(LI) DETECTOR(S)  WEIGHT=0.10E+01
                    ** EXPERIMENTAL YIELDS **
    DECAY IS  IF         YIELD+/-ERROR

       9   2   1  0.381650E+05     0.135000E+04
       6   4   2  0.300000E+03     0.840000E+02



     EXPERIMENT  8
  PROJECTILE ( 50.,112.) 410.300 MEV ---1 GE(LI) DETECTOR(S)  WEIGHT=0.10E+01
                    ** EXPERIMENTAL YIELDS **
    DECAY IS  IF         YIELD+/-ERROR

       9   2   1  0.350950E+05     0.123300E+04
       6   4   2  0.433000E+03     0.191000E+03



     EXPERIMENT  9
  PROJECTILE ( 50.,112.) 410.300 MEV ---1 GE(LI) DETECTOR(S)  WEIGHT=0.10E+01
                    ** EXPERIMENTAL YIELDS **
    DECAY IS  IF         YIELD+/-ERROR

       9   2   1  0.112520E+05     0.430000E+03
       6   4   2  0.400000E+03     0.910000E+02


       14 EXPERIMENTAL YIELDS           17 MATRIX ELEMENTS TO BE VARIED






     *****  RESTART-MATRIX ELEMENTS OVERWRITTEN  *****




                                        MATRIX ELEMENTS


     MULTIPOLARITY=1
    INDEX   NF     NS          ME               LIMITS
       1      2      5        0.07759       -1.00000        1.00000
     MULTIPOLARITY=2
    INDEX   NF     NS          ME               LIMITS
       2      1      2        0.68427       -1.00000        1.00000
       3      1      3        0.48998       -1.00000        1.00000
       4      2      2       -1.72930       -2.00000        2.00000
       5      2      3        1.47084       -2.00000        2.00000
       6      2      4       -1.02289       -2.00000        2.00000
       7      2      7        0.62167       -2.00000        2.00000
       8      2      8        0.87536       -2.00000        2.00000
       9      3      3        0.38693       -2.00000        2.00000
      10      4      4       -2.00728       -2.00000        2.00000
      11      4      6       -0.18022       -8.00000        8.00000
      12      5      5       -0.01926       -8.00000        8.00000
      13      6      6       -1.28120       -8.00000        8.00000
      14      7      7       -0.06687       -4.00000        4.00000
      15      8      8       -0.98661       -4.00000        4.00000
     MULTIPOLARITY=7
    INDEX   NF     NS          ME               LIMITS
      16      2      3        0.48207       -4.00000        4.00000
      17      4      7        0.11014       -4.00000        4.00000


                                                  CALCULATED YIELDS

     EXPERIMENT  1  DETECTOR  1
     ENERGY    410.300 MEV  THETA  25.450 DEG

     NI     NF     II     IF     YIELD     NORMALIZED YIELD

      7      2    4.0    2.0           0.248910697516611989499324408825486898422241210937500000000000        0.11892E-03
      7      4    4.0    4.0           0.000263498942049493511171481818777806438447441905736923217773        0.12589E-06
      6      4    6.0    4.0           0.002348661653197062128967109728705509041901677846908569335938        0.11221E-05
      8      2    4.0    2.0           2.098477330911317384476433289819397032260894775390625000000000        0.10026E-02
      5      2    3.0    2.0           0.489490731188918559713130207455833442509174346923828125000000        0.23386E-03
      4      2    4.0    2.0           7.169430619372746171791277447482571005821228027343750000000000        0.34252E-02
      3      1    2.0    0.0          31.154051195346671221386714023537933826446533203125000000000000        0.14884E-01
      3      2    2.0    2.0           4.231028278952351229236228391528129577636718750000000000000000        0.20214E-02
      2      1    2.0    0.0        2093.131094258136272401316091418266296386718750000000000000000000        0.10000E+01


                                                  CALCULATED YIELDS

     EXPERIMENT  2  DETECTOR  1
     ENERGY    410.300 MEV  THETA  34.280 DEG

     NI     NF     II     IF     YIELD     NORMALIZED YIELD

      7      2    4.0    2.0           2.010045317156138988679003887227736413478851318359375000000000        0.61810E-03
      7      4    4.0    4.0           0.002135510884862416164375886751258803997188806533813476562500        0.65669E-06
      6      4    6.0    4.0           0.024859700764793282723452705340605461969971656799316406250000        0.76445E-05
      8      2    4.0    2.0          12.265881853950331148439545358996838331222534179687500000000000        0.37719E-02
      5      2    3.0    2.0           2.290714202049188408238933334359899163246154785156250000000000        0.70441E-03
      4      2    4.0    2.0          33.534482442320808104341267608106136322021484375000000000000000        0.10312E-01
      3      1    2.0    0.0         114.983646749604133674438344314694404602050781250000000000000000        0.35358E-01
      3      2    2.0    2.0          15.627728857866152623046218650415539741516113281250000000000000        0.48056E-02
      2      1    2.0    0.0        3251.952097660070648998953402042388916015625000000000000000000000        0.10000E+01


                                                  CALCULATED YIELDS

     EXPERIMENT  3  DETECTOR  1
     ENERGY    410.300 MEV  THETA  41.600 DEG

     NI     NF     II     IF     YIELD     NORMALIZED YIELD

      7      2    4.0    2.0           4.686194307675458858852834964636713266372680664062500000000000        0.13530E-02
      7      4    4.0    4.0           0.004978653272350867971252075250276902806945145130157470703125        0.14374E-05
      6      4    6.0    4.0           0.074040161607485041606047104778554057702422142028808593750000        0.21377E-04
      8      2    4.0    2.0          24.481130381720081601315541774965822696685791015625000000000000        0.70682E-02
      5      2    3.0    2.0           4.164522856233435099682083091465756297111511230468750000000000        0.12024E-02
      4      2    4.0    2.0          59.933165509772180712388944812119007110595703125000000000000000        0.17304E-01
      3      1    2.0    0.0         193.623920270097102047657244838774204254150390625000000000000000        0.55903E-01
      3      2    2.0    2.0          26.406885326080335119058872805908322334289550781250000000000000        0.76242E-02
      2      1    2.0    0.0        3463.543043345798196241958066821098327636718750000000000000000000        0.10000E+01


                                                  CALCULATED YIELDS

     EXPERIMENT  4  DETECTOR  1
     ENERGY    410.300 MEV  THETA  47.590 DEG

     NI     NF     II     IF     YIELD     NORMALIZED YIELD

      7      2    4.0    2.0           6.678263938849492653559991595102474093437194824218750000000000        0.20457E-02
      7      4    4.0    4.0           0.007092625480092584581981451918863967875950038433074951171875        0.21726E-05
      6      4    6.0    4.0           0.127979627033679627112761068019608501344919204711914062500000        0.39202E-04
      8      2    4.0    2.0          31.968660920848407158700865693390369415283203125000000000000000        0.97926E-02
      5      2    3.0    2.0           5.085292894449814582458202494308352470397949218750000000000000        0.15577E-02
      4      2    4.0    2.0          73.247953770545493057397834490984678268432617187500000000000000        0.22437E-01
      3      1    2.0    0.0         239.663351863513497619351255707442760467529296875000000000000000        0.73413E-01
      3      2    2.0    2.0          32.838778499917580688816087786108255386352539062500000000000000        0.10059E-01
      2      1    2.0    0.0        3264.585340585550511605106294155120849609375000000000000000000000        0.10000E+01


                                                  CALCULATED YIELDS

     EXPERIMENT  5  DETECTOR  1
     ENERGY    410.300 MEV  THETA  24.883 DEG

     NI     NF     II     IF     YIELD     NORMALIZED YIELD

      7      2    4.0    2.0           3.411601840104404814724148309323936700820922851562500000000000        0.27732E-02
      7      4    4.0    4.0           0.003574078247596075216807598451396188465878367424011230468750        0.29052E-05
      6      4    6.0    4.0           0.171443422298494324573781000253802631050348281860351562500000        0.13936E-03
      8      2    4.0    2.0          12.036859178674919945706278667785227298736572265625000000000000        0.97843E-02
      5      2    3.0    2.0           2.073066214941316154352080047829076647758483886718750000000000        0.16851E-02
