1
 *****************************************************************************************************************************
 *****************************************************************************************************************************
 **************************************************                         **************************************************
 **************************************************          GOSIA          **************************************************
 **************************************************                         **************************************************
 *****************************************************************************************************************************
 *****************************************************************************************************************************





                    ROCHESTER COULOMB EXCITATION DATA ANALYSIS CODE BY T.CZOSNYKA,D.CLINE AND C.Y.WU
                                                  VERSION: 20081208.18






               Coulomb excitation of 196Pt                                                
          ----------------------------------------------------------------------------------------------------

                                        LEVELS

     INDEX     PARITY         SPIN           ENERGY(MEV)
       1           +           0.0            0.0000
       2           +           2.0            0.3557
       3           +           2.0            0.6887
       4           +           4.0            0.8769
       5           +           4.0            1.2933
       6           +           6.0            1.5258
       7           +           6.0            2.0074
       8           +           8.0            2.2527
       9           +           8.0            2.7496
      10           +          10.0            3.0440

                                        MATRIX ELEMENTS


     MULTIPOLARITY=2
    INDEX   NF     NS          ME               LIMITS
       1      1      2        1.17103        1.10000        1.30000
       2      1      3       -0.02567       -1.00000        1.00000
       3      2      2        0.88889       -2.00000        2.00000
       4      2      3        1.33626       -3.00000        3.00000
       5      2      4        1.91072       -4.00000        4.00000
       6      2      5        0.27088       -4.00000        4.00000
       7      3      3       -0.29397       -3.00000        3.00000
       8      3      5        1.32342       -4.00000        4.00000
       9      4      4        1.02414       -3.00000        3.00000
      10      4      5        1.10586       -3.00000        3.00000
      11      4      6        2.69899       -4.00000        4.00000
      12      4      7        0.75845       -2.00000        2.00000
      13      5      5        1.03091       -3.00000        3.00000
      14      5      7        3.06291       -8.00000        8.00000
      15      6      6        0.31326       -3.00000        3.00000
      16      6      8        3.26907       -5.00000        5.00000
      17      7      7       -0.23323       -4.00000        4.00000
      18      7      9        1.29875       -4.00000        4.00000
      19      8      8        0.82646       -4.00000        4.00000
      20      8     10        1.04082       -8.00000        8.00000
      21      9      9        0.00000       -4.00000        4.00000
      22     10     10        0.00000       -4.00000        4.00000
     MULTIPOLARITY=7
    INDEX   NF     NS          ME               LIMITS
      23      2      3       -0.07285     FIXED
      24      4      5        0.03739     FIXED

                                               REPRINT OF EXPERIMENTAL DATA TO BE FITTED





     EXPERIMENT  1
  PROJECTILE ( 50.,112.) 410.300 MEV ---1 GE(LI) DETECTOR(S)  WEIGHT=0.10E+01
                    ** EXPERIMENTAL YIELDS **
    DECAY IS  IF         YIELD+/-ERROR

      12   3   2  0.400300E+04     0.672000E+03
      13   2   1  0.747767E+06     0.243300E+04
      10   4   2  0.141520E+05     0.418000E+03



     EXPERIMENT  2
  PROJECTILE ( 50.,112.) 410.300 MEV ---1 GE(LI) DETECTOR(S)  WEIGHT=0.10E+01
                    ** EXPERIMENTAL YIELDS **
    DECAY IS  IF         YIELD+/-ERROR

      12   3   2  0.815200E+04     0.771000E+03
      13   2   1  0.643731E+06     0.227500E+04
      10   4   2  0.291120E+05     0.561000E+03
       8   5   3  0.345000E+03     0.199000E+03
       6   6   4  0.625000E+03     0.197000E+03



     EXPERIMENT  3
  PROJECTILE ( 50.,112.) 410.300 MEV ---1 GE(LI) DETECTOR(S)  WEIGHT=0.10E+01
                    ** EXPERIMENTAL YIELDS **
    DECAY IS  IF         YIELD+/-ERROR

      12   3   2  0.122510E+05     0.915000E+03
      13   2   1  0.493713E+06     0.198900E+04
      10   4   2  0.362120E+05     0.637000E+03
       8   5   3  0.795000E+03     0.230000E+03
       6   6   4  0.114000E+04     0.263000E+03



     EXPERIMENT  4
  PROJECTILE ( 50.,112.) 410.300 MEV ---1 GE(LI) DETECTOR(S)  WEIGHT=0.10E+01
                    ** EXPERIMENTAL YIELDS **
    DECAY IS  IF         YIELD+/-ERROR

      12   3   2  0.119490E+05     0.888000E+03
      13   2   1  0.355552E+06     0.168000E+04
      10   4   2  0.356610E+05     0.627000E+03
       8   5   3  0.124500E+04     0.199000E+03
       6   6   4  0.208300E+04     0.241000E+03



     EXPERIMENT  5
  PROJECTILE ( 50.,112.) 410.300 MEV ---1 GE(LI) DETECTOR(S)  WEIGHT=0.10E+01
                    ** EXPERIMENTAL YIELDS **
    DECAY IS  IF         YIELD+/-ERROR

      12   3   2  0.395070E+05     0.725000E+03
      13   2   1  0.277459E+06     0.151400E+04
      10   4   2  0.753800E+05     0.931000E+03
       8   5   3  0.819000E+04     0.387000E+03
       6   6   4  0.896700E+04     0.428000E+03
       5   7   5  0.697000E+03     0.291000E+03
       3   8   6  0.453000E+03     0.206000E+03



     EXPERIMENT  6
  PROJECTILE ( 50.,112.) 410.300 MEV ---1 GE(LI) DETECTOR(S)  WEIGHT=0.10E+01
                    ** EXPERIMENTAL YIELDS **
    DECAY IS  IF         YIELD+/-ERROR

      12   3   2  0.401380E+05     0.776000E+03
      13   2   1  0.366814E+06     0.174800E+04
      10   4   2  0.842000E+05     0.950000E+03
       8   5   3  0.686100E+04     0.356000E+03
       6   6   4  0.102500E+05     0.428000E+03
       5   7   5  0.611000E+03     0.243000E+03
       3   8   6  0.741000E+03     0.272000E+03



     EXPERIMENT  7
  PROJECTILE ( 50.,112.) 410.300 MEV ---1 GE(LI) DETECTOR(S)  WEIGHT=0.10E+01
                    ** EXPERIMENTAL YIELDS **
    DECAY IS  IF         YIELD+/-ERROR

      12   3   2  0.313640E+05     0.140000E+04
      13   2   1  0.408245E+06     0.182300E+04
      10   4   2  0.749330E+05     0.884000E+03
       8   5   3  0.467500E+04     0.345000E+03
       6   6   4  0.650100E+04     0.340000E+03
       5   7   5  0.806000E+03     0.187000E+03
       3   8   6  0.260000E+03     0.177000E+03



     EXPERIMENT  8
  PROJECTILE ( 50.,112.) 410.300 MEV ---1 GE(LI) DETECTOR(S)  WEIGHT=0.10E+01
                    ** EXPERIMENTAL YIELDS **
    DECAY IS  IF         YIELD+/-ERROR

      12   3   2  0.203150E+05     0.108500E+04
      13   2   1  0.401263E+06     0.177700E+04
      10   4   2  0.579450E+05     0.769000E+03
       8   5   3  0.293700E+04     0.245000E+03
       6   6   4  0.496100E+04     0.278000E+03



     EXPERIMENT  9
  PROJECTILE ( 50.,112.) 410.300 MEV ---1 GE(LI) DETECTOR(S)  WEIGHT=0.10E+01
                    ** EXPERIMENTAL YIELDS **
    DECAY IS  IF         YIELD+/-ERROR

      12   3   2  0.193140E+05     0.515000E+03
      13   2   1  0.103336E+06     0.942000E+03
      10   4   2  0.324670E+05     0.608000E+03
       8   5   3  0.500000E+04     0.303000E+03
       6   6   4  0.345300E+04     0.252000E+03
       5   7   5  0.467000E+03     0.140000E+03
       3   8   6  0.544000E+03     0.118000E+03


       51 EXPERIMENTAL YIELDS           22 MATRIX ELEMENTS TO BE VARIED






                              LIFETIMES(PSEC)


     LEVEL         LIFETIME     ERROR

        2           49.27        -0.22         0.22
        3           48.80        -1.00         1.00
        4            5.12        -0.07         0.07
        5            3.80        -0.80         0.80
        6            1.41        -0.12         0.12
        7            1.10        -0.30         0.30
        8            0.61        -0.06         0.06

          LIFETIMES ARE TAKEN WITH WEIGHT    0.100000E+01


                    EXPERIMENTAL E2/M1 MIXING RATIOS


          TRANSITION            DELTA          ERROR

           3---  2               -5.2000          -0.5000      0.5000

          E2/M1 MIXING RATIOS ARE TAKEN WITH WEIGHT    0.100000E+01


                              EXPERIMENTAL MATRIX ELEMENT(S)


          TRANSITION          MAT.EL.          ERROR

           2---  2                0.8300          -0.1100      0.1100
           3---  3               -0.5100          -0.2100      0.2100
           4---  4                1.3700          -0.1600      0.1600
           6---  6               -0.3000          -0.4000      0.4000

           MATRIX ELEMENT(S) ARE TAKEN WITH WEIGHT    0.100000E+01



     *****  RESTART-MATRIX ELEMENTS OVERWRITTEN  *****




                                        MATRIX ELEMENTS


     MULTIPOLARITY=2
    INDEX   NF     NS          ME               LIMITS
       1      1      2        1.15818        1.10000        1.30000
       2      1      3        0.07704       -1.00000        1.00000
       3      2      2        1.49895       -2.00000        2.00000
       4      2      3       -1.35405       -3.00000        3.00000
       5      2      4        1.98987       -4.00000        4.00000
       6      2      5        0.20349       -4.00000        4.00000
       7      3      3       -0.06874       -3.00000        3.00000
       8      3      5        1.45518       -4.00000        4.00000
       9      4      4        0.36325       -3.00000        3.00000
      10      4      5       -1.30814       -3.00000        3.00000
      11      4      6        0.80996       -4.00000        4.00000
      12      4      7        1.23708       -2.00000        2.00000
      13      5      5       -0.10250       -3.00000        3.00000
      14      5      7        0.62554       -8.00000        8.00000
      15      6      6       -1.44240       -3.00000        3.00000
      16      6      8       -1.68766       -5.00000        5.00000
      17      7      7        0.84966       -4.00000        4.00000
      18      7      9        2.21322       -4.00000        4.00000
      19      8      8        1.13663       -4.00000        4.00000
      20      8     10        2.28530       -8.00000        8.00000
      21      9      9        2.03796       -4.00000        4.00000
      22     10     10        2.49920       -4.00000        4.00000
     MULTIPOLARITY=7
    INDEX   NF     NS          ME               LIMITS
      23      2      3        0.10129     FIXED
      24      4      5        0.46734     FIXED


                                                  CALCULATED YIELDS

     EXPERIMENT  1  DETECTOR  1
     ENERGY    410.300 MEV  THETA  25.450 DEG

     NI     NF     II     IF     YIELD     NORMALIZED YIELD

     10      8   10.0    8.0           0.000000758567664512053272974365439318411574731726432219147682        0.20889E-10
      9      7    8.0    6.0           0.001201394410245957373659098088580776675371453166007995605469        0.33083E-07
      8      6    8.0    6.0           0.000713838177226370357297824398301600012928247451782226562500        0.19657E-07
      7      4    6.0    4.0           0.415255046628249302465007986029377207159996032714843750000000        0.11435E-04
      7      5    6.0    4.0           0.010675370082917265066035916731834731763228774070739746093750        0.29397E-06
      6      4    6.0    4.0           0.539336345166993025301849229435902088880538940429687500000000        0.14852E-04
      5      2    4.0    2.0           0.988485151262691541518279336742125451564788818359375000000000        0.27220E-04
      5      3    4.0    2.0           5.636234271623746572288382594706490635871887207031250000000000        0.15521E-03
      5      4    4.0    4.0           1.538005676592395509771904471563175320625305175781250000000000        0.42352E-04
      4      2    4.0    2.0         689.020387101841720323136541992425918579101562500000000000000000        0.18974E-01
      3      1    2.0    0.0          26.963644347362571096482497523538768291473388671875000000000000        0.74250E-03
      3      2    2.0    2.0         241.836242347967811383568914607167243957519531250000000000000000        0.66594E-02
      2      1    2.0    0.0       36314.755993013022816739976406097412109375000000000000000000000000        0.10000E+01


                                                  CALCULATED YIELDS

     EXPERIMENT  2  DETECTOR  1
     ENERGY    410.300 MEV  THETA  34.280 DEG

     NI     NF     II     IF     YIELD     NORMALIZED YIELD

     10      8   10.0    8.0           0.000041044858494096641621847604275430398956814315170049667358        0.11363E-08
      9      7    8.0    6.0           0.028401508402207401721151214246674499008804559707641601562500        0.78625E-06
      8      6    8.0    6.0           0.013252968546340693559160150982734194258227944374084472656250        0.36689E-06
      7      4    6.0    4.0           3.472928826269726432229845158872194588184356689453125000000000        0.96143E-04
      7      5    6.0    4.0           0.089281998341229767968130204280896577984094619750976562500000        0.24716E-05
      6      4    6.0    4.0           3.546620200614128304295036286930553615093231201171875000000000        0.98183E-04
      5      2    4.0    2.0           4.191658246818572131076052755815908312797546386718750000000000        0.11604E-03
      5      3    4.0    2.0          23.900376969007286476198714808560907840728759765625000000000000        0.66165E-03
      5      4    4.0    4.0           6.503910942917991100387098413193598389625549316406250000000000        0.18005E-03
      4      2    4.0    2.0        1708.109628038361279322998598217964172363281250000000000000000000        0.47287E-01
      3      1    2.0    0.0          60.612798840534900080001534661278128623962402343750000000000000        0.16780E-02
      3      2    2.0    2.0         542.987928714220629444753285497426986694335937500000000000000000        0.15032E-01
      2      1    2.0    0.0       36122.548627256233885418623685836791992187500000000000000000000000        0.10000E+01


                                                  CALCULATED YIELDS

     EXPERIMENT  3  DETECTOR  1
     ENERGY    410.300 MEV  THETA  41.600 DEG

     NI     NF     II     IF     YIELD     NORMALIZED YIELD

     10      8   10.0    8.0           0.000338259744363661951031124752731216176471207290887832641602        0.10207E-07
      9      7    8.0    6.0           0.141751490554446135661237349268049001693725585937500000000000        0.42773E-05
      8      6    8.0    6.0           0.061153207523594592387450319392883102409541606903076171875000        0.18453E-05
      7      4    6.0    4.0           9.811700495008395250806643161922693252563476562500000000000000        0.29607E-03
      7      5    6.0    4.0           0.252239038922582425872320754933753050863742828369140625000000        0.76113E-05
      6      4    6.0    4.0           9.209017823216244735817781474906951189041137695312500000000000        0.27788E-03
      5      2    4.0    2.0           9.335591209959643421711916744243353605270385742187500000000000        0.28170E-03
      5      3    4.0    2.0          53.230520547681507537163270171731710433959960937500000000000000        0.16062E-02
      5      4    4.0    4.0          14.503409013705407915040268562734127044677734375000000000000000        0.43764E-03
      4      2    4.0    2.0        2593.246749446403555339202284812927246093750000000000000000000000        0.78251E-01
      3      1    2.0    0.0          92.968906447055687181091343518346548080444335937500000000000000        0.28053E-02
      3      2    2.0    2.0         832.518763038394126851926557719707489013671875000000000000000000        0.25121E-01
      2      1    2.0    0.0       33140.117472945858025923371315002441406250000000000000000000000000        0.10000E+01


                                                  CALCULATED YIELDS

     EXPERIMENT  4  DETECTOR  1
     ENERGY    410.300 MEV  THETA  47.590 DEG

     NI     NF     II     IF     YIELD     NORMALIZED YIELD

     10      8   10.0    8.0           0.001155050059911669506004794349962594424141570925712585449219        0.38859E-07
      9      7    8.0    6.0           0.349765166137692706804784847918199375271797180175781250000000        0.11767E-04
      8      6    8.0    6.0           0.146935034749620968552719091348990332335233688354492187500000        0.49433E-05
      7      4    6.0    4.0          17.076876628235176269754447275772690773010253906250000000000000        0.57451E-03
      7      5    6.0    4.0           0.439012072178160517310629984422121196985244750976562500000000        0.14770E-04
      6      4    6.0    4.0          15.477345766848289443373687390703707933425903320312500000000000        0.52070E-03
      5      2    4.0    2.0          14.974897328302326116045151138678193092346191406250000000000000        0.50380E-03
      5      3    4.0    2.0          85.385228192371940281191200483590364456176757812500000000000000        0.28726E-02
      5      4    4.0    4.0          23.311416051228242451998085016384720802307128906250000000000000        0.78426E-03
      4      2    4.0    2.0        3147.451967886582679057028144598007202148437500000000000000000000        0.10589E+00
      3      1    2.0    0.0         117.024499431087832590492325834929943084716796875000000000000000        0.39370E-02
      3      2    2.0    2.0        1048.244596253322242773720063269138336181640625000000000000000000        0.35266E-01
      2      1    2.0    0.0       29724.030759145603951765224337577819824218750000000000000000000000        0.10000E+01


                                                  CALCULATED YIELDS

     EXPERIMENT  5  DETECTOR  1
     ENERGY    410.300 MEV  THETA  24.941 DEG

     NI     NF     II     IF     YIELD     NORMALIZED YIELD

     10      8   10.0    8.0           0.027205268676138493616489810733582999091595411300659179687500        0.19735E-05
      9      7    8.0    6.0           2.708142517043402364151916117407381534576416015625000000000000        0.19646E-03
      8      6    8.0    6.0           1.205178560933040987634967677877284586429595947265625000000000        0.87427E-04
      7      4    6.0    4.0          45.505247496297357656658277846872806549072265625000000000000000        0.33011E-02
      7      5    6.0    4.0           1.169848211257161540999049975653178989887237548828125000000000        0.84864E-04
      6      4    6.0    4.0          36.748573966525604816979466704651713371276855468750000000000000        0.26658E-02
      5      2    4.0    2.0          54.545265159272581456662010168656706809997558593750000000000000        0.39569E-02
      5      3    4.0    2.0         311.011152940373790443118195980787277221679687500000000000000000        0.22562E-01
      5      4    4.0    4.0          87.385670967788087182270828634500503540039062500000000000000000        0.63392E-02
      4      2    4.0    2.0        3180.278449575363083567935973405838012695312500000000000000000000        0.23071E+00
      3      1    2.0    0.0         197.889817489732848798666964285075664520263671875000000000000000        0.14355E-01
      3      2    2.0    2.0        1784.107714577280376033741049468517303466796875000000000000000000        0.12942E+00
      2      1    2.0    0.0       13784.953701102211198303848505020141601562500000000000000000000000        0.10000E+01


                                                  CALCULATED YIELDS

     EXPERIMENT  6  DETECTOR  1
     ENERGY    410.300 MEV  THETA  34.051 DEG

     NI     NF     II     IF     YIELD     NORMALIZED YIELD

     10      8   10.0    8.0           0.023965881672043713723763147527279215864837169647216796875000        0.11139E-05
      9      7    8.0    6.0           2.888753756704874220417877950239926576614379882812500000000000        0.13426E-03
      8      6    8.0    6.0           1.243266430301622760268287493090610951185226440429687500000000        0.57783E-04
      7      4    6.0    4.0          56.968142464117839551818178733810782432556152343750000000000000        0.26477E-02
      7      5    6.0    4.0           1.464536132827409797840800820267759263515472412109375000000000        0.68067E-04
      6      4    6.0    4.0          48.277645853872435566245258087292313575744628906250000000000000        0.22438E-02
      5      2    4.0    2.0          57.456579499157975021716993069276213645935058593750000000000000        0.26704E-02
      5      3    4.0    2.0         327.611148495628128785028820857405662536621093750000000000000000        0.15226E-01
      5      4    4.0    4.0          91.011326566657373859925428405404090881347656250000000000000000        0.42299E-02
      4      2    4.0    2.0        4547.732587910277288756333291530609130859375000000000000000000000        0.21136E+00
      3      1    2.0    0.0         234.466662657746070408393279649317264556884765625000000000000000        0.10897E-01
      3      2    2.0    2.0        2110.250951403373619541525840759277343750000000000000000000000000        0.98078E-01
      2      1    2.0    0.0       21516.085934930710209300741553306579589843750000000000000000000000        0.10000E+01


                                                  CALCULATED YIELDS

     EXPERIMENT  7  DETECTOR  1
     ENERGY    410.300 MEV  THETA  41.498 DEG

     NI     NF     II     IF     YIELD     NORMALIZED YIELD

     10      8   10.0    8.0           0.013596375595431114957634122220042627304792404174804687500000        0.46836E-06
      9      7    8.0    6.0           2.124032845667362501274055830435827374458312988281250000000000        0.73168E-04
      8      6    8.0    6.0           0.893413059995888159114940663130255416035652160644531250000000        0.30776E-04
      7      4    6.0    4.0          53.305716581499346773398428922519087791442871093750000000000000        0.18363E-02
      7      5    6.0    4.0           1.370382533320368079188256160705350339412689208984375000000000        0.47206E-04
      6      4    6.0    4.0          46.267157074487798240625124890357255935668945312500000000000000        0.15938E-02
      5      2    4.0    2.0          48.117158469064705172968388069421052932739257812500000000000000        0.16575E-02
      5      3    4.0    2.0         274.358785901320004541048547253012657165527343750000000000000000        0.94510E-02
      5      4    4.0    4.0          75.602325703058099293230043258517980575561523437500000000000000        0.26043E-02
      4      2    4.0    2.0        5227.625120448507004766725003719329833984375000000000000000000000        0.18008E+00
      3      1    2.0    0.0         233.035521950076571329191210679709911346435546875000000000000000        0.80275E-02
      3      2    2.0    2.0        2093.321347706063079385785385966300964355468750000000000000000000        0.72110E-01
      2      1    2.0    0.0       29029.637471875743358395993709564208984375000000000000000000000000        0.10000E+01


                                                  CALCULATED YIELDS

     EXPERIMENT  8  DETECTOR  1
     ENERGY    410.300 MEV  THETA  47.537 DEG

     NI     NF     II     IF     YIELD     NORMALIZED YIELD

     10      8   10.0    8.0           0.005901699368605230373863168580328419920988380908966064453125        0.16624E-06
      9      7    8.0    6.0           1.227936263868579791491697505989577621221542358398437500000000        0.34588E-04
      8      6    8.0    6.0           0.511533207257200972506439029530156403779983520507812500000000        0.14409E-04
      7      4    6.0    4.0          40.799835999670065689315379131585359573364257812500000000000000        0.11492E-02
      7      5    6.0    4.0           1.048881541508224213288258397369645535945892333984375000000000        0.29545E-04
      6      4    6.0    4.0          36.009778300400824946336797438561916351318359375000000000000000        0.10143E-02
      5      2    4.0    2.0          35.099405318294536471057654125615954399108886718750000000000000        0.98868E-03
      5      3    4.0    2.0         200.132976031893605295408633537590503692626953125000000000000000        0.56373E-02
      5      4    4.0    4.0          54.859764009041612098371842876076698303222656250000000000000000        0.15453E-02
      4      2    4.0    2.0        5167.350636758247674151789397001266479492187500000000000000000000        0.14555E+00
      3      1    2.0    0.0         208.127489811119460227928357198834419250488281250000000000000000        0.58625E-02
      3      2    2.0    2.0        1866.546368820532507015741430222988128662109375000000000000000000        0.52577E-01
      2      1    2.0    0.0       35501.340860164295008871704339981079101562500000000000000000000000        0.10000E+01


                                                  CALCULATED YIELDS

     EXPERIMENT  9  DETECTOR  1
     ENERGY    410.300 MEV  THETA 146.370 DEG

     NI     NF     II     IF     YIELD     NORMALIZED YIELD

     10      8   10.0    8.0           0.001859182526864067369967714604683806101093068718910217285156        0.21562E-05
      9      7    8.0    6.0           0.178053413297946827587026064065867103636264801025390625000000        0.20650E-03
      8      6    8.0    6.0           0.083936283313795295724091261035937350243330001831054687500000        0.97346E-04
      7      4    6.0    4.0           3.018170719698589188340065447846427559852600097656250000000000        0.35003E-02
      7      5    6.0    4.0           0.077591086919196167182022350061743054538965225219726562500000        0.89987E-04
      6      4    6.0    4.0           2.137436548694520155322607024572789669036865234375000000000000        0.24789E-02
      5      2    4.0    2.0           4.819433169892961998925784428138285875320434570312500000000000        0.55894E-02
      5      3    4.0    2.0          27.479882111721831705608565243892371654510498046875000000000000        0.31870E-01
      5      4    4.0    4.0           7.857594150327992466031901130918413400650024414062500000000000        0.91129E-02
      4      2    4.0    2.0         201.787079430350900111079681664705276489257812500000000000000000        0.23402E+00
      3      1    2.0    0.0          16.416043300583908148837508633732795715332031250000000000000000        0.19039E-01
      3      2    2.0    2.0         148.214958533584564293050789274275302886962890625000000000000000        0.17189E+00
      2      1    2.0    0.0         862.248542398848712764447554945945739746093750000000000000000000        0.10000E+01


          E2/M1 MIXING RATIOS
          TRANSITION          EXP.DELTA          CALC.DELTA          SIGMA

           3---  2               -5.20              -3.72              2.97


                    CALCULATED LIFETIMES

     LEVEL     LIFETIME(PSEC)     EXP        ERROR

        2       0.5040E+02     0.4927E+02    -.2200E+00    0.2200E+00
        3       0.4228E+02     0.4880E+02    -.1000E+01    0.1000E+01
        4       0.4719E+01     0.5120E+01    -.7000E-01    0.7000E-01
        5       0.2918E+01     0.3800E+01    -.8000E+00    0.8000E+00
        6       0.1387E+02     0.1410E+01    -.1200E+00    0.1200E+00
        7       0.3637E+00     0.1100E+01    -.3000E+00    0.3000E+00
        8       0.2375E+01     0.6100E+00    -.6000E-01    0.6000E-01
        9       0.1245E+01
       10       0.1049E+01


CALCULATED AND EXPERIMENTAL MATRIX ELEMENTS


     NI NF  EXP. ME   CURRENT ME   SIGMA
      2   2    0.8300    1.4989    6.0813
      3   3   -0.5100   -0.0687    2.1012
      4   4    1.3700    0.3632   -6.2922
      6   6   -0.3000   -1.4424   -2.8560
               ********* END OF EXECUTION **********
