1
 *****************************************************************************************************************************
 *****************************************************************************************************************************
 **************************************************                         **************************************************
 **************************************************          GOSIA          **************************************************
 **************************************************                         **************************************************
 *****************************************************************************************************************************
 *****************************************************************************************************************************





                    ROCHESTER COULOMB EXCITATION DATA ANALYSIS CODE BY T.CZOSNYKA,D.CLINE AND C.Y.WU
                                                  VERSION: 20081208.18






               Coulomb excitation of 112Sn                                                
          ----------------------------------------------------------------------------------------------------

                                        LEVELS

     INDEX     PARITY         SPIN           ENERGY(MEV)
       1           +           0.0            0.0000
       2           +           2.0            1.2567
       3           +           2.0            2.1509
       4           +           4.0            2.2474
       5           -           3.0            2.3542
       6           +           6.0            2.5492
       7           +           4.0            2.9131
       8           +           4.0            2.5207

                                        MATRIX ELEMENTS


     MULTIPOLARITY=1
    INDEX   NF     NS          ME               LIMITS
       1      2      5        0.03558       -1.00000        1.00000
     MULTIPOLARITY=2
    INDEX   NF     NS          ME               LIMITS
       2      1      2        0.48884       -1.00000        1.00000
       3      1      3        0.12018       -1.00000        1.00000
       4      2      2        0.06806       -2.00000        2.00000
       5      2      3        0.81708       -2.00000        2.00000
       6      2      4        0.48016       -2.00000        2.00000
       7      2      7        0.48016       -2.00000        2.00000
       8      2      8        0.10000       -2.00000        2.00000
       9      3      3       -0.13657       -2.00000        2.00000
      10      4      4        0.45959       -2.00000        2.00000
      11      4      6        0.10000       -8.00000        8.00000
      12      5      5        1.49656       -8.00000        8.00000
      13      6      6        0.50010       -8.00000        8.00000
      14      7      7        0.10000       -4.00000        4.00000
      15      8      8        0.10000       -4.00000        4.00000
     MULTIPOLARITY=7
    INDEX   NF     NS          ME               LIMITS
      16      2      3        0.56635       -4.00000        4.00000
      17      4      7        0.10000       -4.00000        4.00000

                                               REPRINT OF EXPERIMENTAL DATA TO BE FITTED





     EXPERIMENT  1
  PROJECTILE ( 50.,112.) 410.300 MEV ---1 GE(LI) DETECTOR(S)  WEIGHT=0.10E+01
                    ** EXPERIMENTAL YIELDS **
    DECAY IS  IF         YIELD+/-ERROR

       9   2   1  0.268090E+05     0.668000E+03



     EXPERIMENT  2
  PROJECTILE ( 50.,112.) 410.300 MEV ---1 GE(LI) DETECTOR(S)  WEIGHT=0.10E+01
                    ** EXPERIMENTAL YIELDS **
    DECAY IS  IF         YIELD+/-ERROR

       9   2   1  0.386540E+05     0.926000E+03



     EXPERIMENT  3
  PROJECTILE ( 50.,112.) 410.300 MEV ---1 GE(LI) DETECTOR(S)  WEIGHT=0.10E+01
                    ** EXPERIMENTAL YIELDS **
    DECAY IS  IF         YIELD+/-ERROR

       9   2   1  0.358190E+05     0.831000E+03



     EXPERIMENT  4
  PROJECTILE ( 50.,112.) 410.300 MEV ---1 GE(LI) DETECTOR(S)  WEIGHT=0.10E+01
                    ** EXPERIMENTAL YIELDS **
    DECAY IS  IF         YIELD+/-ERROR

       9   2   1  0.286960E+05     0.700000E+03



     EXPERIMENT  5
  PROJECTILE ( 50.,112.) 410.300 MEV ---1 GE(LI) DETECTOR(S)  WEIGHT=0.10E+01
                    ** EXPERIMENTAL YIELDS **
    DECAY IS  IF         YIELD+/-ERROR

       9   2   1  0.284920E+05     0.159000E+04
       6   4   2  0.233000E+03     0.125000E+03



     EXPERIMENT  6
  PROJECTILE ( 50.,112.) 410.300 MEV ---1 GE(LI) DETECTOR(S)  WEIGHT=0.10E+01
                    ** EXPERIMENTAL YIELDS **
    DECAY IS  IF         YIELD+/-ERROR

       9   2   1  0.375920E+05     0.164800E+04
       6   4   2  0.152000E+03     0.120000E+03



     EXPERIMENT  7
  PROJECTILE ( 50.,112.) 410.300 MEV ---1 GE(LI) DETECTOR(S)  WEIGHT=0.10E+01
                    ** EXPERIMENTAL YIELDS **
    DECAY IS  IF         YIELD+/-ERROR

       9   2   1  0.381650E+05     0.135000E+04
       6   4   2  0.300000E+03     0.840000E+02



     EXPERIMENT  8
  PROJECTILE ( 50.,112.) 410.300 MEV ---1 GE(LI) DETECTOR(S)  WEIGHT=0.10E+01
                    ** EXPERIMENTAL YIELDS **
    DECAY IS  IF         YIELD+/-ERROR

       9   2   1  0.350950E+05     0.123300E+04
       6   4   2  0.433000E+03     0.191000E+03



     EXPERIMENT  9
  PROJECTILE ( 50.,112.) 410.300 MEV ---1 GE(LI) DETECTOR(S)  WEIGHT=0.10E+01
                    ** EXPERIMENTAL YIELDS **
    DECAY IS  IF         YIELD+/-ERROR

       9   2   1  0.112520E+05     0.430000E+03
       6   4   2  0.400000E+03     0.910000E+02


       14 EXPERIMENTAL YIELDS           17 MATRIX ELEMENTS TO BE VARIED






     *****  RESTART-MATRIX ELEMENTS OVERWRITTEN  *****




                                        MATRIX ELEMENTS


     MULTIPOLARITY=1
    INDEX   NF     NS          ME               LIMITS
       1      2      5        0.48378       -1.00000        1.00000
     MULTIPOLARITY=2
    INDEX   NF     NS          ME               LIMITS
       2      1      2       -0.41910       -1.00000        1.00000
       3      1      3        0.17343       -1.00000        1.00000
       4      2      2        0.04879       -2.00000        2.00000
       5      2      3       -0.14300       -2.00000        2.00000
       6      2      4        0.18226       -2.00000        2.00000
       7      2      7       -0.09856       -2.00000        2.00000
       8      2      8        0.45001       -2.00000        2.00000
       9      3      3       -0.96294       -2.00000        2.00000
      10      4      4        1.48485       -2.00000        2.00000
      11      4      6        0.23725       -8.00000        8.00000
      12      5      5       -0.47988       -8.00000        8.00000
      13      6      6        1.93287       -8.00000        8.00000
      14      7      7        0.23969       -4.00000        4.00000
      15      8      8        0.14393       -4.00000        4.00000
     MULTIPOLARITY=7
    INDEX   NF     NS          ME               LIMITS
      16      2      3        0.28652       -4.00000        4.00000
      17      4      7       -0.30526       -4.00000        4.00000


                                                  CALCULATED YIELDS

     EXPERIMENT  1  DETECTOR  1
     ENERGY    410.300 MEV  THETA  25.450 DEG

     NI     NF     II     IF     YIELD     NORMALIZED YIELD

      7      2    4.0    2.0           0.001796229075096346990830786793935658351983875036239624023438        0.17589E-05
      7      4    4.0    4.0           0.000584415817261075350337595768479559410479851067066192626953        0.57226E-06
      6      4    6.0    4.0           0.000064884767399795941671472587763958017603727057576179504395        0.63535E-07
      8      2    4.0    2.0           0.232069172461505296434225442681054119020700454711914062500000        0.22724E-03
      5      2    3.0    2.0           6.050990979789238721764377260114997625350952148437500000000000        0.59252E-02
      4      2    4.0    2.0           0.126572075692747559871875751014158595353364944458007812500000        0.12394E-03
      3      1    2.0    0.0           2.487613943709097608092406517243944108486175537109375000000000        0.24359E-02
      3      2    2.0    2.0           0.183741441850930886658943563816137611865997314453125000000000        0.17992E-03
      2      1    2.0    0.0        1021.237508490396294291713275015354156494140625000000000000000000        0.10000E+01


                                                  CALCULATED YIELDS

     EXPERIMENT  2  DETECTOR  1
     ENERGY    410.300 MEV  THETA  34.280 DEG

     NI     NF     II     IF     YIELD     NORMALIZED YIELD

      7      2    4.0    2.0           0.014713576471167591833144605573124863440170884132385253906250        0.84424E-05
      7      4    4.0    4.0           0.004787613023865972157466774916656504501588642597198486328125        0.27471E-05
      6      4    6.0    4.0           0.000783783279716590087007888065784300124505534768104553222656        0.44972E-06
      8      2    4.0    2.0           1.439255620630440768437097176501993089914321899414062500000000        0.82582E-03
      5      2    3.0    2.0          26.588688977360828147311622160486876964569091796875000000000000        0.15256E-01
      4      2    4.0    2.0           0.696540347528140313393407723197015002369880676269531250000000        0.39966E-03
      3      1    2.0    0.0           6.879078434980072209725676657399162650108337402343750000000000        0.39471E-02
      3      2    2.0    2.0           0.508533120756367917891793695162050426006317138671875000000000        0.29179E-03
      2      1    2.0    0.0        1742.815812145715199221740476787090301513671875000000000000000000        0.10000E+01


                                                  CALCULATED YIELDS

     EXPERIMENT  3  DETECTOR  1
     ENERGY    410.300 MEV  THETA  41.600 DEG

     NI     NF     II     IF     YIELD     NORMALIZED YIELD

      7      2    4.0    2.0           0.035489013182430209636386564397980691865086555480957031250000        0.17598E-04
      7      4    4.0    4.0           0.011547489572219099551730892017076257616281509399414062500000        0.57261E-05
      6      4    6.0    4.0           0.002648566123931166312044371835554557037539780139923095703125        0.13134E-05
      8      2    4.0    2.0           3.087568921370124730430006820824928581714630126953125000000000        0.15311E-02
      5      2    3.0    2.0          47.142034803077358162681775866076350212097167968750000000000000        0.23377E-01
      4      2    4.0    2.0           1.471118360418371961984007612045388668775558471679687500000000        0.72949E-03
      3      1    2.0    0.0           9.065079175417281476256903260946273803710937500000000000000000        0.44952E-02
      3      2    2.0    2.0           0.672284511410456864233253782003885135054588317871093750000000        0.33337E-03
      2      1    2.0    0.0        2016.633507134678438887931406497955322265625000000000000000000000        0.10000E+01


                                                  CALCULATED YIELDS

     EXPERIMENT  4  DETECTOR  1
     ENERGY    410.300 MEV  THETA  47.590 DEG

     NI     NF     II     IF     YIELD     NORMALIZED YIELD

      7      2    4.0    2.0           0.052811801811823558261416167169954860582947731018066406250000        0.25872E-04
      7      4    4.0    4.0           0.017182620643700373397333436287226504646241664886474609375000        0.84175E-05
      6      4    6.0    4.0           0.005154560073276369218386872006476551177911460399627685546875        0.25251E-05
      8      2    4.0    2.0           4.349788208671908407154660380911082029342651367187500000000000        0.21309E-02
      5      2    3.0    2.0          56.738373072888009573944145813584327697753906250000000000000000        0.27795E-01
      4      2    4.0    2.0           2.111616193561206333839663784601725637912750244140625000000000        0.10344E-02
      3      1    2.0    0.0           9.245032126604638023081861319951713085174560546875000000000000        0.45290E-02
      3      2    2.0    2.0           0.688005000429126933880752403638325631618499755859375000000000        0.33704E-03
      2      1    2.0    0.0        2041.305075735279615400941111147403717041015625000000000000000000        0.10000E+01


                                                  CALCULATED YIELDS

     EXPERIMENT  5  DETECTOR  1
     ENERGY    410.300 MEV  THETA  24.883 DEG

     NI     NF     II     IF     YIELD     NORMALIZED YIELD

      7      2    4.0    2.0           0.052652793277701413765523597021456225775182247161865234375000        0.37288E-04
      7      4    4.0    4.0           0.017049867275224908635955500812997343018651008605957031250000        0.12074E-04
      6      4    6.0    4.0           0.023323973295721462523077960327100299764424562454223632812500        0.16518E-04
      8      2    4.0    2.0           4.290603248316001483431136875879019498825073242187500000000000        0.30385E-02
      5      2    3.0    2.0          27.886099432024824551490382873453199863433837890625000000000000        0.19749E-01
