1
 *****************************************************************************************************************************
 *****************************************************************************************************************************
 **************************************************                         **************************************************
 **************************************************          GOSIA          **************************************************
 **************************************************                         **************************************************
 *****************************************************************************************************************************
 *****************************************************************************************************************************





                    ROCHESTER COULOMB EXCITATION DATA ANALYSIS CODE BY T.CZOSNYKA,D.CLINE AND C.Y.WU
                                                  VERSION: 20081208.18






               Coulomb excitation of 196Pt                                                
          ----------------------------------------------------------------------------------------------------

                                        LEVELS

     INDEX     PARITY         SPIN           ENERGY(MEV)
       1           +           0.0            0.0000
       2           +           2.0            0.3557
       3           +           2.0            0.6887
       4           +           4.0            0.8769
       5           +           4.0            1.2933
       6           +           6.0            1.5258
       7           +           6.0            2.0074
       8           +           8.0            2.2527
       9           +           8.0            2.7496
      10           +          10.0            3.0440

                                        MATRIX ELEMENTS


     MULTIPOLARITY=2
    INDEX   NF     NS          ME               LIMITS
       1      1      2        1.17177     FIXED
       2      1      3        0.01912     FIXED
       3      2      2        1.19517     FIXED
       4      2      3        1.34961     FIXED
       5      2      4        1.90501     FIXED
       6      2      5        0.16816     FIXED
       7      3      3       -0.48189     FIXED
       8      3      5        1.26852     FIXED
       9      4      4        0.52127     FIXED
      10      4      5        0.95041     FIXED
      11      4      6        2.48170     FIXED
      12      4      7        0.33729     FIXED
      13      5      5        1.44242     FIXED
      14      5      7        2.77532     FIXED
      15      6      6       -0.06218     FIXED
      16      6      8        3.38770     FIXED
      17      7      7       -1.75761     FIXED
      18      7      9       -3.24462     FIXED
      19      8      8       -3.86791     FIXED
      20      8     10       -4.00146     FIXED
      21      9      9        0.00000       -4.00000        4.00000
      22     10     10        0.00000       -4.00000        4.00000
     MULTIPOLARITY=7
    INDEX   NF     NS          ME               LIMITS
      23      2      3       -0.07236     FIXED
      24      4      5        0.30964     FIXED

                                               REPRINT OF EXPERIMENTAL DATA TO BE FITTED





     EXPERIMENT  1
  PROJECTILE ( 50.,116.) 421.100 MEV ---1 GE(LI) DETECTOR(S)  WEIGHT=0.10E+01
                    ** EXPERIMENTAL YIELDS **
    DECAY IS  IF         YIELD+/-ERROR

      12   3   2  0.217700E+04     0.543000E+03
      13   2   1  0.384290E+06     0.175500E+04
      10   4   2  0.806000E+04     0.304000E+03



     EXPERIMENT  2
  PROJECTILE ( 50.,116.) 421.100 MEV ---1 GE(LI) DETECTOR(S)  WEIGHT=0.10E+01
                    ** EXPERIMENTAL YIELDS **
    DECAY IS  IF         YIELD+/-ERROR

      12   3   2  0.514400E+04     0.703000E+03
      13   2   1  0.328216E+06     0.162700E+04
      10   4   2  0.169180E+05     0.437000E+03
       8   5   3  0.377000E+03     0.157000E+03
       6   6   4  0.559000E+03     0.164000E+03



     EXPERIMENT  3
  PROJECTILE ( 50.,116.) 421.100 MEV ---1 GE(LI) DETECTOR(S)  WEIGHT=0.10E+01
                    ** EXPERIMENTAL YIELDS **
    DECAY IS  IF         YIELD+/-ERROR

      12   3   2  0.655800E+04     0.676000E+03
      13   2   1  0.245557E+06     0.140100E+04
      10   4   2  0.209760E+05     0.475000E+03
       8   5   3  0.586000E+03     0.157000E+03
       6   6   4  0.954000E+03     0.164000E+03



     EXPERIMENT  4
  PROJECTILE ( 50.,116.) 421.100 MEV ---1 GE(LI) DETECTOR(S)  WEIGHT=0.10E+01
                    ** EXPERIMENTAL YIELDS **
    DECAY IS  IF         YIELD+/-ERROR

      12   3   2  0.709000E+04     0.695000E+03
      13   2   1  0.178891E+06     0.119800E+04
      10   4   2  0.197790E+05     0.475000E+03
       8   5   3  0.868000E+03     0.167000E+03
       6   6   4  0.119500E+04     0.186000E+03



     EXPERIMENT  5
  PROJECTILE ( 50.,116.) 421.100 MEV ---1 GE(LI) DETECTOR(S)  WEIGHT=0.10E+01
                    ** EXPERIMENTAL YIELDS **
    DECAY IS  IF         YIELD+/-ERROR

      12   3   2  0.194020E+05     0.529000E+03
      13   2   1  0.137038E+06     0.108500E+04
      10   4   2  0.398050E+05     0.694000E+03
       8   5   3  0.459200E+04     0.303000E+03
       6   6   4  0.537100E+04     0.296000E+03
       5   7   5  0.526000E+03     0.140000E+03
       3   8   6  0.390000E+03     0.166000E+03



     EXPERIMENT  6
  PROJECTILE ( 50.,116.) 421.100 MEV ---1 GE(LI) DETECTOR(S)  WEIGHT=0.10E+01
                    ** EXPERIMENTAL YIELDS **
    DECAY IS  IF         YIELD+/-ERROR

      12   3   2  0.206560E+05     0.558000E+03
      13   2   1  0.179946E+06     0.122800E+04
      10   4   2  0.448130E+05     0.703000E+03
       8   5   3  0.397500E+04     0.293000E+03
       6   6   4  0.505400E+04     0.307000E+03
       5   7   5  0.484000E+03     0.220000E+03
       3   8   6  0.361000E+03     0.185000E+03



     EXPERIMENT  7
  PROJECTILE ( 50.,116.) 421.100 MEV ---1 GE(LI) DETECTOR(S)  WEIGHT=0.10E+01
                    ** EXPERIMENTAL YIELDS **
    DECAY IS  IF         YIELD+/-ERROR

      12   3   2  0.171750E+05     0.580000E+03
      13   2   1  0.200465E+06     0.128100E+04
      10   4   2  0.412680E+05     0.694000E+03
       8   5   3  0.262500E+04     0.209000E+03
       6   6   4  0.395700E+04     0.252000E+03



     EXPERIMENT  8
  PROJECTILE ( 50.,116.) 421.100 MEV ---1 GE(LI) DETECTOR(S)  WEIGHT=0.10E+01
                    ** EXPERIMENTAL YIELDS **
    DECAY IS  IF         YIELD+/-ERROR

      12   3   2  0.121830E+05     0.963000E+03
      13   2   1  0.202929E+06     0.128100E+04
      10   4   2  0.310220E+05     0.570000E+03
       8   5   3  0.176800E+04     0.220000E+03
       6   6   4  0.263100E+04     0.252000E+03



     EXPERIMENT  9
  PROJECTILE ( 50.,116.) 421.100 MEV ---1 GE(LI) DETECTOR(S)  WEIGHT=0.10E+01
                    ** EXPERIMENTAL YIELDS **
    DECAY IS  IF         YIELD+/-ERROR

      12   3   2  0.462700E+04     0.283000E+03
      13   2   1  0.234500E+05     0.452000E+03
      10   4   2  0.795500E+04     0.304000E+03
       8   5   3  0.127600E+04     0.146000E+03
       6   6   4  0.116200E+04     0.143000E+03


       47 EXPERIMENTAL YIELDS            2 MATRIX ELEMENTS TO BE VARIED






                              LIFETIMES(PSEC)


     LEVEL         LIFETIME     ERROR

        2           49.27        -0.22         0.22
        3           48.80        -1.00         1.00
        4            5.12        -0.07         0.07
        5            3.80        -0.80         0.80
        6            1.41        -0.12         0.12
        7            1.10        -0.30         0.30
        8            0.61        -0.06         0.06

          LIFETIMES ARE TAKEN WITH WEIGHT    0.100000E+01


                    EXPERIMENTAL E2/M1 MIXING RATIOS


          TRANSITION            DELTA          ERROR

           3---  2               -5.2000          -0.5000      0.5000

          E2/M1 MIXING RATIOS ARE TAKEN WITH WEIGHT    0.100000E+01


                              EXPERIMENTAL MATRIX ELEMENT(S)


          TRANSITION          MAT.EL.          ERROR

           2---  2                0.8300          -0.1100      0.1100
           3---  3               -0.5100          -0.2100      0.2100
           4---  4                1.3700          -0.1600      0.1600
           6---  6               -0.3000          -0.4000      0.4000

           MATRIX ELEMENT(S) ARE TAKEN WITH WEIGHT    0.100000E+01



     *****  RESTART-MATRIX ELEMENTS OVERWRITTEN  *****




                                        MATRIX ELEMENTS


     MULTIPOLARITY=2
    INDEX   NF     NS          ME               LIMITS
       1      1      2        1.25820     FIXED
       2      1      3       -0.58725     FIXED
       3      2      2       -0.24076     FIXED
       4      2      3        1.33049     FIXED
       5      2      4        0.06723     FIXED
       6      2      5        1.59874     FIXED
