1
 *****************************************************************************************************************************
 *****************************************************************************************************************************
 **************************************************                         **************************************************
 **************************************************          GOSIA          **************************************************
 **************************************************                         **************************************************
 *****************************************************************************************************************************
 *****************************************************************************************************************************





                    ROCHESTER COULOMB EXCITATION DATA ANALYSIS CODE BY T.CZOSNYKA,D.CLINE AND C.Y.WU
                                                  VERSION: 20081208.18






               Coulomb excitation of 116Sn                                                
          ----------------------------------------------------------------------------------------------------

                                        LEVELS

     INDEX     PARITY         SPIN           ENERGY(MEV)
       1           +           0.0            0.0000
       2           +           2.0            1.2936
       3           +           0.0            2.0275
       4           +           2.0            2.1123
       5           +           4.0            2.3909
       6           +           4.0            2.5292

                                        MATRIX ELEMENTS


     MULTIPOLARITY=2
    INDEX   NF     NS          ME               LIMITS
       1      1      2        0.10000     FIXED
       2      1      4        0.10000       -4.00000        4.00000
       3      2      2        0.10000     FIXED
       4      2      3        0.10000       -4.00000        4.00000
       5      2      4        0.10000       -4.00000        4.00000
       6      2      5        0.10000     FIXED
       7      3      3        0.10000       -4.00000        4.00000
       8      4      4        0.10000       -4.00000        4.00000
       9      4      6        0.10000       -4.00000        4.00000
      10      5      5        0.10000     FIXED
      11      6      6        0.10000       -4.00000        4.00000
     MULTIPOLARITY=7
    INDEX   NF     NS          ME               LIMITS
      12      2      4        0.10000       -4.00000        4.00000
      13      5      6        0.10000       -4.00000        4.00000

                                               REPRINT OF EXPERIMENTAL DATA TO BE FITTED





     EXPERIMENT  1
  PROJECTILE ( 50.,116.) 421.100 MEV ---1 GE(LI) DETECTOR(S)  WEIGHT=0.10E+01
                    ** EXPERIMENTAL YIELDS **
    DECAY IS  IF         YIELD+/-ERROR

       7   2   1  0.112780E+05     0.429000E+03



     EXPERIMENT  2
  PROJECTILE ( 50.,116.) 421.100 MEV ---1 GE(LI) DETECTOR(S)  WEIGHT=0.10E+01
                    ** EXPERIMENTAL YIELDS **
    DECAY IS  IF         YIELD+/-ERROR

       7   2   1  0.149700E+05     0.525000E+03



     EXPERIMENT  3
  PROJECTILE ( 50.,116.) 421.100 MEV ---1 GE(LI) DETECTOR(S)  WEIGHT=0.10E+01
                    ** EXPERIMENTAL YIELDS **
    DECAY IS  IF         YIELD+/-ERROR

       7   2   1  0.143320E+05     0.496000E+03



     EXPERIMENT  4
  PROJECTILE ( 50.,116.) 421.100 MEV ---1 GE(LI) DETECTOR(S)  WEIGHT=0.10E+01
                    ** EXPERIMENTAL YIELDS **
    DECAY IS  IF         YIELD+/-ERROR

       7   2   1  0.123090E+05     0.448000E+03



     EXPERIMENT  5
  PROJECTILE ( 50.,116.) 421.100 MEV ---1 GE(LI) DETECTOR(S)  WEIGHT=0.10E+01
                    ** EXPERIMENTAL YIELDS **
    DECAY IS  IF         YIELD+/-ERROR

       3   5   2  0.332000E+03     0.213000E+03
       7   2   1  0.121370E+05     0.105700E+04



     EXPERIMENT  6
  PROJECTILE ( 50.,116.) 421.100 MEV ---1 GE(LI) DETECTOR(S)  WEIGHT=0.10E+01
                    ** EXPERIMENTAL YIELDS **
    DECAY IS  IF         YIELD+/-ERROR

       3   5   2  0.655000E+03     0.890000E+02
       7   2   1  0.157820E+05     0.105700E+04



     EXPERIMENT  7
  PROJECTILE ( 50.,116.) 421.100 MEV ---1 GE(LI) DETECTOR(S)  WEIGHT=0.10E+01
                    ** EXPERIMENTAL YIELDS **
    DECAY IS  IF         YIELD+/-ERROR

       3   5   2  0.506000E+03     0.990000E+02
       7   2   1  0.160900E+05     0.912000E+03



     EXPERIMENT  8
  PROJECTILE ( 50.,116.) 421.100 MEV ---1 GE(LI) DETECTOR(S)  WEIGHT=0.10E+01
                    ** EXPERIMENTAL YIELDS **
    DECAY IS  IF         YIELD+/-ERROR

       3   5   2  0.368000E+03     0.106000E+03
       7   2   1  0.152960E+05     0.901000E+03



     EXPERIMENT  9
  PROJECTILE ( 50.,116.) 421.100 MEV ---1 GE(LI) DETECTOR(S)  WEIGHT=0.10E+01
                    ** EXPERIMENTAL YIELDS **
    DECAY IS  IF         YIELD+/-ERROR

       3   5   2  0.920000E+02     0.530000E+02
       7   2   1  0.241500E+04     0.200000E+03


       14 EXPERIMENTAL YIELDS            9 MATRIX ELEMENTS TO BE VARIED





                    EXPERIMENTAL E2/M1 MIXING RATIOS


          TRANSITION            DELTA          ERROR

           4---  2               -1.8000          -0.2000      0.2000

          E2/M1 MIXING RATIOS ARE TAKEN WITH WEIGHT    0.100000E+01



     *****  RESTART-MATRIX ELEMENTS OVERWRITTEN  *****




                                        MATRIX ELEMENTS


     MULTIPOLARITY=2
    INDEX   NF     NS          ME               LIMITS
       1      1      2        0.90475     FIXED
       2      1      4        0.70356       -4.00000        4.00000
       3      2      2        0.26707     FIXED
       4      2      3        0.71904       -4.00000        4.00000
       5      2      4       -0.07561       -4.00000        4.00000
       6      2      5       -0.41667     FIXED
       7      3      3        0.86338       -4.00000        4.00000
       8      4      4       -0.22048       -4.00000        4.00000
       9      4      6       -1.55772       -4.00000        4.00000
      10      5      5       -1.90698     FIXED
      11      6      6       -0.64805       -4.00000        4.00000
     MULTIPOLARITY=7
    INDEX   NF     NS          ME               LIMITS
      12      2      4        0.53714       -4.00000        4.00000
      13      5      6       -0.84017       -4.00000        4.00000


                                                  CALCULATED YIELDS

     EXPERIMENT  1  DETECTOR  1
     ENERGY    421.100 MEV  THETA  25.540 DEG

     NI     NF     II     IF     YIELD     NORMALIZED YIELD

      6      4    4.0    2.0           6.516334276184874596538065816275775432586669921875000000000000        0.15263E-02
      6      5    4.0    4.0           0.571880477284635424517489354911958798766136169433593750000000        0.13395E-03
      5      2    4.0    2.0           2.412713121486152800798663520254194736480712890625000000000000        0.56511E-03
      4      1    2.0    0.0          77.544443432280871775219566188752651214599609375000000000000000        0.18163E-01
      4      2    2.0    2.0           0.879065135432714250818264645204180851578712463378906250000000        0.20590E-03
      3      2    0.0    2.0           0.825394481862733897514772252179682254791259765625000000000000        0.19333E-03
      2      1    2.0    0.0        4269.429758621253313322085887193679809570312500000000000000000000        0.10000E+01


                                                  CALCULATED YIELDS

     EXPERIMENT  2  DETECTOR  1
     ENERGY    421.100 MEV  THETA  34.360 DEG

     NI     NF     II     IF     YIELD     NORMALIZED YIELD

      6      4    4.0    2.0          36.323581757971098227244510781019926071166992187500000000000000        0.54558E-02
      6      5    4.0    4.0           3.188145346694974957557633388205431401729583740234375000000000        0.47886E-03
      5      2    4.0    2.0          12.185512505627237089811387704685330390930175781250000000000000        0.18303E-02
      4      1    2.0    0.0         209.408197543213987046328838914632797241210937500000000000000000        0.31453E-01
      4      2    2.0    2.0           2.373617450431466213700559819699265062808990478515625000000000        0.35652E-03
      3      2    0.0    2.0           7.790472097568722276150765537749975919723510742187500000000000        0.11701E-02
      2      1    2.0    0.0        6657.744105535764902015216648578643798828125000000000000000000000        0.10000E+01


                                                  CALCULATED YIELDS

     EXPERIMENT  3  DETECTOR  1
     ENERGY    421.100 MEV  THETA  41.670 DEG

     NI     NF     II     IF     YIELD     NORMALIZED YIELD

      6      4    4.0    2.0          70.224425938859454277007898781448602676391601562500000000000000        0.10030E-01
      6      5    4.0    4.0           6.163979978432095663265499752014875411987304687500000000000000        0.88035E-03
      5      2    4.0    2.0          22.392549939761792643366788979619741439819335937500000000000000        0.31981E-02
      4      1    2.0    0.0         275.294642944230474768119165673851966857910156250000000000000000        0.39318E-01
      4      2    2.0    2.0           3.124596481008773185550353446160443127155303955078125000000000        0.44626E-03
      3      2    0.0    2.0          22.717382374952642010157433105632662773132324218750000000000000        0.32445E-02
      2      1    2.0    0.0        7001.737783329012927424628287553787231445312500000000000000000000        0.10000E+01


                                                  CALCULATED YIELDS

     EXPERIMENT  4  DETECTOR  1
     ENERGY    421.100 MEV  THETA  47.650 DEG

     NI     NF     II     IF     YIELD     NORMALIZED YIELD

      6      4    4.0    2.0          89.307287340563647148883319459855556488037109375000000000000000        0.13797E-01
      6      5    4.0    4.0           7.839043670494562299211338540771976113319396972656250000000000        0.12111E-02
      5      2    4.0    2.0          27.577187566166401211376069113612174987792968750000000000000000        0.42604E-02
      4      1    2.0    0.0         281.774173433735427352075930684804916381835937500000000000000000        0.43531E-01
      4      2    2.0    2.0           3.199741974365754693110375228570774197578430175781250000000000        0.49433E-03
      3      2    0.0    2.0          39.879388030571121248613053467124700546264648437500000000000000        0.61610E-02
      2      1    2.0    0.0        6472.880347178114789130631834268569946289062500000000000000000000        0.10000E+01


                                                  CALCULATED YIELDS

     EXPERIMENT  5  DETECTOR  1
     ENERGY    421.100 MEV  THETA  25.085 DEG

     NI     NF     II     IF     YIELD     NORMALIZED YIELD

      6      4    4.0    2.0          34.462075797001681110032222932204604148864746093750000000000000        0.17027E-01
      6      5    4.0    4.0           3.015243565114721135955733188893646001815795898437500000000000        0.14898E-02
      5      2    4.0    2.0           7.519191253147218034769139194395393133163452148437500000000000        0.37151E-02
      4      1    2.0    0.0          81.710375133049637952353805303573608398437500000000000000000000        0.40372E-01
      4      2    2.0    2.0           0.885613390438831249440454485011287033557891845703125000000000        0.43757E-03
      3      2    0.0    2.0         133.892177437071666190604446455836296081542968750000000000000000        0.66154E-01
      2      1    2.0    0.0        2023.932855754094816802535206079483032226562500000000000000000000        0.10000E+01


                                                  CALCULATED YIELDS

     EXPERIMENT  6  DETECTOR  1
     ENERGY    421.100 MEV  THETA  34.115 DEG

     NI     NF     II     IF     YIELD     NORMALIZED YIELD

      6      4    4.0    2.0          76.223421955764592894411180168390274047851562500000000000000000        0.20239E-01
      6      5    4.0    4.0           6.682068744899120282809690252179279923439025878906250000000000        0.17743E-02
      5      2    4.0    2.0          19.769280302210454181022214470431208610534667968750000000000000        0.52493E-02
      4      1    2.0    0.0         172.409351409855872816478949971497058868408203125000000000000000        0.45779E-01
      4      2    2.0    2.0           1.910834836442440121118124807253479957580566406250000000000000        0.50738E-03
      3      2    0.0    2.0         144.449128910218149712818558327853679656982421875000000000000000        0.38355E-01
      2      1    2.0    0.0        3766.091046735436975723132491111755371093750000000000000000000000        0.10000E+01


                                                  CALCULATED YIELDS

     EXPERIMENT  7  DETECTOR  1
     ENERGY    421.100 MEV  THETA  41.518 DEG

     NI     NF     II     IF     YIELD     NORMALIZED YIELD

      6      4    4.0    2.0         117.157894488126132159777625929564237594604492187500000000000000        0.20240E-01
      6      5    4.0    4.0          10.279358875106691328937813523225486278533935546875000000000000        0.17759E-02
      5      2    4.0    2.0          33.105581096063090740244660992175340652465820312500000000000000        0.57193E-02
      4      1    2.0    0.0         274.441815115282793158257845789194107055664062500000000000000000        0.47413E-01
      4      2    2.0    2.0           3.089770251208515450258573764585889875888824462890625000000000        0.53379E-03
      3      2    0.0    2.0         124.330833968869427508252556435763835906982421875000000000000000        0.21479E-01
      2      1    2.0    0.0        5788.359105349004494200926274061203002929687500000000000000000000        0.10000E+01


                                                  CALCULATED YIELDS

     EXPERIMENT  8  DETECTOR  1
     ENERGY    421.100 MEV  THETA  47.523 DEG

     NI     NF     II     IF     YIELD     NORMALIZED YIELD

      6      4    4.0    2.0         135.303972799271548410615650936961174011230468750000000000000000        0.17798E-01
      6      5    4.0    4.0          11.875318106872049028766014089342206716537475585937500000000000        0.15621E-02
      5      2    4.0    2.0          40.155555644169005802268657134845852851867675781250000000000000        0.52821E-02
      4      1    2.0    0.0         353.988235247156239893229212611913681030273437500000000000000000        0.46564E-01
      4      2    2.0    2.0           4.012706901502765433065178513061255216598510742187500000000000        0.52784E-03
      3      2    0.0    2.0          91.132377476463290122410398907959461212158203125000000000000000        0.11988E-01
      2      1    2.0    0.0        7602.126537404074952064547687768936157226562500000000000000000000        0.10000E+01


                                                  CALCULATED YIELDS

     EXPERIMENT  9  DETECTOR  1
     ENERGY    421.100 MEV  THETA 146.130 DEG

     NI     NF     II     IF     YIELD     NORMALIZED YIELD

      6      4    4.0    2.0           0.975112862959117920880203200795222073793411254882812500000000        0.10607E-01
      6      5    4.0    4.0           0.084742300077557286552831783410510979592800140380859375000000        0.92183E-03
      5      2    4.0    2.0           0.127118176330001941831682188421837054193019866943359375000000        0.13828E-02
      4      1    2.0    0.0           2.554894928890961480760779522825032472610473632812500000000000        0.27792E-01
      4      2    2.0    2.0           0.027097566931995713257474989177353563718497753143310546875000        0.29477E-03
      3      2    0.0    2.0          10.819446143031518303700977412518113851547241210937500000000000        0.11769E+00
      2      1    2.0    0.0          91.928310157604300911771133542060852050781250000000000000000000        0.10000E+01


          E2/M1 MIXING RATIOS
          TRANSITION          EXP.DELTA          CALC.DELTA          SIGMA

           4---  2               -1.80              -0.10              8.52


                    CALCULATED LIFETIMES

     LEVEL     LIFETIME(PSEC)     EXP        ERROR

        2       0.1375E+00
        3       0.7394E+00
        4       0.1898E-01
        5       0.2657E+01
        6       0.2145E+02
               ********* END OF EXECUTION **********
